#
# There is insufficient memory for the Java Runtime Environment to continue.
# Native memory allocation (mmap) failed to map 187695104 bytes for G1 virtual space
# Possible reasons:
#   The system is out of physical RAM or swap space
#   The process is running with CompressedOops enabled, and the Java Heap may be blocking the growth of the native heap
# Possible solutions:
#   Reduce memory load on the system
#   Increase physical memory or swap space
#   Check if swap backing store is full
#   Decrease Java heap size (-Xmx/-Xms)
#   Decrease number of Java threads
#   Decrease Java thread stack sizes (-Xss)
#   Set larger code cache with -XX:ReservedCodeCacheSize=
#   JVM is running with Unscaled Compressed Oops mode in which the Java heap is
#     placed in the first 4GB address space. The Java Heap base address is the
#     maximum limit for the native heap growth. Please use -XX:HeapBaseMinAddress
#     to set the Java Heap base and to place the Java Heap above 4GB virtual address.
# This output file may be truncated or incomplete.
#
#  Out of Memory Error (os_windows.cpp:3548), pid=11476, tid=648
#
# JRE version: Java(TM) SE Runtime Environment (17.0.10+11) (build 17.0.10+11-LTS-240)
# Java VM: Java HotSpot(TM) 64-Bit Server VM (17.0.10+11-LTS-240, mixed mode, sharing, tiered, compressed oops, compressed class ptrs, g1 gc, windows-amd64)
# No core dump will be written. Minidumps are not enabled by default on client versions of Windows
#

---------------  S U M M A R Y ------------

Command Line: -XX:MaxMetaspaceSize=512m --add-opens=java.base/java.util=ALL-UNNAMED --add-opens=java.base/java.lang=ALL-UNNAMED --add-opens=java.base/java.lang.invoke=ALL-UNNAMED --add-opens=java.prefs/java.util.prefs=ALL-UNNAMED --add-opens=java.base/java.nio.charset=ALL-UNNAMED --add-opens=java.base/java.net=ALL-UNNAMED --add-opens=java.base/java.util.concurrent.atomic=ALL-UNNAMED -Xmx2048m -Dfile.encoding=windows-1252 -Duser.country=IN -Duser.language=en -Duser.variant -javaagent:C:\Users\Lenovo\.gradle\wrapper\dists\gradle-8.3-all\6en3ugtfdg5xnpx44z4qbwgas\gradle-8.3\lib\agents\gradle-instrumentation-agent-8.3.jar org.gradle.launcher.daemon.bootstrap.GradleDaemon 8.3

Host: Intel(R) Core(TM) i3-7020U CPU @ 2.30GHz, 4 cores, 3G,  Windows 10 , 64 bit Build 19041 (10.0.19041.5198)
Time: Thu Jan 23 16:57:31 2025 India Standard Time elapsed time: 137.357708 seconds (0d 0h 2m 17s)

---------------  T H R E A D  ---------------

Current thread (0x0000020c3ebbb8e0):  VMThread "VM Thread" [stack: 0x00000038dff00000,0x00000038e0000000] [id=648]

Stack: [0x00000038dff00000,0x00000038e0000000]
Native frames: (J=compiled Java code, j=interpreted, Vv=VM code, C=native code)
V  [jvm.dll+0x677a5a]
V  [jvm.dll+0x7d8b2d]
V  [jvm.dll+0x7da48e]
V  [jvm.dll+0x7daaf3]
V  [jvm.dll+0x2455ff]
V  [jvm.dll+0x6749b9]
V  [jvm.dll+0x669382]
V  [jvm.dll+0x302e96]
V  [jvm.dll+0x30a416]
V  [jvm.dll+0x359cbe]
V  [jvm.dll+0x359eef]
V  [jvm.dll+0x2d9e88]
V  [jvm.dll+0x2d8295]
V  [jvm.dll+0x2d789c]
V  [jvm.dll+0x31b18b]
V  [jvm.dll+0x7df30b]
V  [jvm.dll+0x7e0044]
V  [jvm.dll+0x7e055d]
V  [jvm.dll+0x7e0934]
V  [jvm.dll+0x7e0a00]
V  [jvm.dll+0x78888a]
V  [jvm.dll+0x676935]
C  [ucrtbase.dll+0x21bb2]
C  [KERNEL32.DLL+0x17374]
C  [ntdll.dll+0x4cc91]

VM_Operation (0x00000038e15f5ca0): G1CollectForAllocation, mode: safepoint, requested by thread 0x0000020c5eddbe00


---------------  P R O C E S S  ---------------

Threads class SMR info:
_java_thread_list=0x0000020c63766ef0, length=80, elements={
0x0000020c212ac670, 0x0000020c3ebc3560, 0x0000020c3ebc43e0, 0x0000020c3ebd5400,
0x0000020c3ebd7fd0, 0x0000020c3ebd9ba0, 0x0000020c3ebdc570, 0x0000020c3ebdd310,
0x0000020c3ebe0570, 0x0000020c3ec4d6a0, 0x0000020c5e0739e0, 0x0000020c5e147350,
0x0000020c5f9247f0, 0x0000020c5f73e970, 0x0000020c5fab5760, 0x0000020c3ec75210,
0x0000020c3ec756f0, 0x0000020c5eddb8f0, 0x0000020c5eddbe00, 0x0000020c5eddc820,
0x0000020c5eddc310, 0x0000020c5edd9070, 0x0000020c5edd9fa0, 0x0000020c5eddb3e0,
0x0000020c5edd9a90, 0x0000020c5edda4b0, 0x0000020c5edda9c0, 0x0000020c5eddaed0,
0x0000020c61184060, 0x0000020c61184f90, 0x0000020c61185ec0, 0x0000020c611863d0,
0x0000020c611854a0, 0x0000020c611859b0, 0x0000020c61187810, 0x0000020c61184570,
0x0000020c61187300, 0x0000020c61184a80, 0x0000020c5fb4aa30, 0x0000020c5fb47ca0,
0x0000020c5fb4f110, 0x0000020c5fb4d7c0, 0x0000020c5fb4b450, 0x0000020c5fb4c890,
0x0000020c5fb4af40, 0x0000020c5fb4b960, 0x0000020c5fb486c0, 0x0000020c5fb4c380,
0x0000020c5fb490e0, 0x0000020c5fb4e1e0, 0x0000020c5fb4e6f0, 0x0000020c5fb481b0,
0x0000020c5fb49b00, 0x0000020c5fb4a520, 0x0000020c5e30ce90, 0x0000020c5e30e2d0,
0x0000020c5e30ddc0, 0x0000020c5e309bf0, 0x0000020c5e30bf60, 0x0000020c5e30b540,
0x0000020c5e30f200, 0x0000020c5e30a610, 0x0000020c5e30c470, 0x0000020c5e3096e0,
0x0000020c5e310640, 0x0000020c5e30ba50, 0x0000020c5e30c980, 0x0000020c5e30e7e0,
0x0000020c5e30ecf0, 0x0000020c5e30fc20, 0x0000020c5fb4cda0, 0x0000020c5fb48bd0,
0x0000020c5fb4d2b0, 0x0000020c5fb4ec00, 0x0000020c695eb210, 0x0000020c695ea2e0,
0x0000020c695e98c0, 0x0000020c695e9dd0, 0x0000020c695e8990, 0x0000020c695ea7f0
}

Java Threads: ( => current thread )
  0x0000020c212ac670 JavaThread "main" [_thread_blocked, id=6748, stack(0x00000038df900000,0x00000038dfa00000)]
  0x0000020c3ebc3560 JavaThread "Reference Handler" daemon [_thread_blocked, id=7672, stack(0x00000038e0000000,0x00000038e0100000)]
  0x0000020c3ebc43e0 JavaThread "Finalizer" daemon [_thread_blocked, id=2128, stack(0x00000038e0100000,0x00000038e0200000)]
  0x0000020c3ebd5400 JavaThread "Signal Dispatcher" daemon [_thread_blocked, id=13660, stack(0x00000038e0200000,0x00000038e0300000)]
  0x0000020c3ebd7fd0 JavaThread "Attach Listener" daemon [_thread_blocked, id=9272, stack(0x00000038e0300000,0x00000038e0400000)]
  0x0000020c3ebd9ba0 JavaThread "Service Thread" daemon [_thread_blocked, id=7956, stack(0x00000038e0400000,0x00000038e0500000)]
  0x0000020c3ebdc570 JavaThread "Monitor Deflation Thread" daemon [_thread_blocked, id=3160, stack(0x00000038e0500000,0x00000038e0600000)]
  0x0000020c3ebdd310 JavaThread "C2 CompilerThread0" daemon [_thread_in_native, id=2124, stack(0x00000038e0600000,0x00000038e0700000)]
  0x0000020c3ebe0570 JavaThread "C1 CompilerThread0" daemon [_thread_blocked, id=2728, stack(0x00000038e0700000,0x00000038e0800000)]
  0x0000020c3ec4d6a0 JavaThread "Sweeper thread" daemon [_thread_blocked, id=15184, stack(0x00000038e0800000,0x00000038e0900000)]
  0x0000020c5e0739e0 JavaThread "Common-Cleaner" daemon [_thread_blocked, id=1976, stack(0x00000038e0900000,0x00000038e0a00000)]
  0x0000020c5e147350 JavaThread "Notification Thread" daemon [_thread_blocked, id=3008, stack(0x00000038e0a00000,0x00000038e0b00000)]
  0x0000020c5f9247f0 JavaThread "Daemon health stats" [_thread_blocked, id=13236, stack(0x00000038e0f00000,0x00000038e1000000)]
  0x0000020c5f73e970 JavaThread "Incoming local TCP Connector on port 53003" [_thread_in_native, id=1588, stack(0x00000038e1000000,0x00000038e1100000)]
  0x0000020c5fab5760 JavaThread "Daemon periodic checks" [_thread_blocked, id=13276, stack(0x00000038e1100000,0x00000038e1200000)]
  0x0000020c3ec75210 JavaThread "Daemon" [_thread_blocked, id=11816, stack(0x00000038e1200000,0x00000038e1300000)]
  0x0000020c3ec756f0 JavaThread "Handler for socket connection from /127.0.0.1:53003 to /127.0.0.1:53004" [_thread_in_native, id=12336, stack(0x00000038e1300000,0x00000038e1400000)]
  0x0000020c5eddb8f0 JavaThread "Cancel handler" [_thread_blocked, id=16956, stack(0x00000038e1400000,0x00000038e1500000)]
  0x0000020c5eddbe00 JavaThread "Daemon worker" [_thread_blocked, id=15620, stack(0x00000038e1500000,0x00000038e1600000)]
  0x0000020c5eddc820 JavaThread "Asynchronous log dispatcher for DefaultDaemonConnection: socket connection from /127.0.0.1:53003 to /127.0.0.1:53004" [_thread_blocked, id=7476, stack(0x00000038e1600000,0x00000038e1700000)]
  0x0000020c5eddc310 JavaThread "Stdin handler" [_thread_blocked, id=8200, stack(0x00000038e1700000,0x00000038e1800000)]
  0x0000020c5edd9070 JavaThread "Daemon client event forwarder" [_thread_blocked, id=15328, stack(0x00000038e1800000,0x00000038e1900000)]
  0x0000020c5edd9fa0 JavaThread "Cache worker for journal cache (C:\Users\Lenovo\.gradle\caches\journal-1)" [_thread_blocked, id=5208, stack(0x00000038e1900000,0x00000038e1a00000)]
  0x0000020c5eddb3e0 JavaThread "File lock request listener" [_thread_in_native, id=16432, stack(0x00000038e1a00000,0x00000038e1b00000)]
  0x0000020c5edd9a90 JavaThread "Cache worker for file hash cache (C:\Users\Lenovo\.gradle\caches\8.3\fileHashes)" [_thread_blocked, id=14716, stack(0x00000038e1b00000,0x00000038e1c00000)]
  0x0000020c5edda4b0 JavaThread "File watcher server" daemon [_thread_blocked, id=15500, stack(0x00000038e1c00000,0x00000038e1d00000)]
  0x0000020c5edda9c0 JavaThread "File watcher consumer" daemon [_thread_blocked, id=4968, stack(0x00000038e1d00000,0x00000038e1e00000)]
  0x0000020c5eddaed0 JavaThread "Cache worker for checksums cache (C:\Users\Lenovo\IoAlumniPortal\android\.gradle\8.3\checksums)" [_thread_blocked, id=5020, stack(0x00000038e1e00000,0x00000038e1f00000)]
  0x0000020c61184060 JavaThread "Cache worker for file hash cache (C:\Users\Lenovo\IoAlumniPortal\android\.gradle\8.3\fileHashes)" [_thread_blocked, id=12488, stack(0x00000038e1f00000,0x00000038e2000000)]
  0x0000020c61184f90 JavaThread "Cache worker for cache directory md-supplier (C:\Users\Lenovo\.gradle\caches\8.3\md-supplier)" [_thread_blocked, id=12864, stack(0x00000038e2000000,0x00000038e2100000)]
  0x0000020c61185ec0 JavaThread "Cache worker for file content cache (C:\Users\Lenovo\.gradle\caches\8.3\fileContent)" [_thread_blocked, id=13096, stack(0x00000038e2100000,0x00000038e2200000)]
  0x0000020c611863d0 JavaThread "Cache worker for cache directory md-rule (C:\Users\Lenovo\.gradle\caches\8.3\md-rule)" [_thread_blocked, id=15248, stack(0x00000038e2200000,0x00000038e2300000)]
  0x0000020c611854a0 JavaThread "Cache worker for execution history cache (C:\Users\Lenovo\.gradle\caches\8.3\executionHistory)" [_thread_blocked, id=11992, stack(0x00000038e2300000,0x00000038e2400000)]
  0x0000020c611859b0 JavaThread "jar transforms" [_thread_blocked, id=14664, stack(0x00000038e2400000,0x00000038e2500000)]
  0x0000020c61187810 JavaThread "jar transforms Thread 2" [_thread_blocked, id=8296, stack(0x00000038e2500000,0x00000038e2600000)]
  0x0000020c61184570 JavaThread "jar transforms Thread 3" [_thread_blocked, id=15300, stack(0x00000038e2600000,0x00000038e2700000)]
  0x0000020c61187300 JavaThread "jar transforms Thread 4" [_thread_blocked, id=9408, stack(0x00000038e2700000,0x00000038e2800000)]
  0x0000020c61184a80 JavaThread "Cache worker for kotlin-dsl (C:\Users\Lenovo\.gradle\caches\8.3\kotlin-dsl)" [_thread_blocked, id=2528, stack(0x00000038e2900000,0x00000038e2a00000)]
  0x0000020c5fb4aa30 JavaThread "Unconstrained build operations" [_thread_blocked, id=17192, stack(0x00000038e2b00000,0x00000038e2c00000)]
  0x0000020c5fb47ca0 JavaThread "Unconstrained build operations Thread 2" [_thread_blocked, id=6312, stack(0x00000038e2c00000,0x00000038e2d00000)]
  0x0000020c5fb4f110 JavaThread "Cache worker for dependencies-accessors (C:\Users\Lenovo\IoAlumniPortal\android\.gradle\8.3\dependencies-accessors)" [_thread_blocked, id=15464, stack(0x00000038e2d00000,0x00000038e2e00000)]
  0x0000020c5fb4d7c0 JavaThread "Cache worker for Build Output Cleanup Cache (C:\Users\Lenovo\IoAlumniPortal\node_modules\@react-native\gradle-plugin\.gradle\buildOutputCleanup)" [_thread_blocked, id=8644, stack(0x00000038e2e00000,0x00000038e2f00000)]
  0x0000020c5fb4b450 JavaThread "Unconstrained build operations Thread 3" [_thread_blocked, id=10152, stack(0x00000038e2f00000,0x00000038e3000000)]
  0x0000020c5fb4c890 JavaThread "Unconstrained build operations Thread 4" [_thread_blocked, id=15688, stack(0x00000038e3000000,0x00000038e3100000)]
  0x0000020c5fb4af40 JavaThread "Unconstrained build operations Thread 5" [_thread_blocked, id=10996, stack(0x00000038e3100000,0x00000038e3200000)]
  0x0000020c5fb4b960 JavaThread "Memory manager" [_thread_blocked, id=13136, stack(0x00000038e3200000,0x00000038e3300000)]
  0x0000020c5fb486c0 JavaThread "Cache worker for Build Output Cleanup Cache (C:\Users\Lenovo\IoAlumniPortal\android\.gradle\buildOutputCleanup)" [_thread_blocked, id=11836, stack(0x00000038e3300000,0x00000038e3400000)]
  0x0000020c5fb4c380 JavaThread "ForkJoinPool.commonPool-worker-1" daemon [_thread_blocked, id=14908, stack(0x00000038e3400000,0x00000038e3500000)]
  0x0000020c5fb490e0 JavaThread "ForkJoinPool.commonPool-worker-3" daemon [_thread_blocked, id=6288, stack(0x00000038e3600000,0x00000038e3700000)]
  0x0000020c5fb4e1e0 JavaThread "Execution worker" [_thread_blocked, id=1740, stack(0x00000038e3b00000,0x00000038e3c00000)]
  0x0000020c5fb4e6f0 JavaThread "Execution worker Thread 2" [_thread_blocked, id=13092, stack(0x00000038e3c00000,0x00000038e3d00000)]
  0x0000020c5fb481b0 JavaThread "Execution worker Thread 3" [_thread_blocked, id=2024, stack(0x00000038e3d00000,0x00000038e3e00000)]
  0x0000020c5fb49b00 JavaThread "Cache worker for execution history cache (C:\Users\Lenovo\IoAlumniPortal\node_modules\@react-native\gradle-plugin\.gradle\8.3\executionHistory)" [_thread_blocked, id=4356, stack(0x00000038e3e00000,0x00000038e3f00000)]
  0x0000020c5fb4a520 JavaThread "Unconstrained build operations Thread 6" [_thread_blocked, id=8012, stack(0x00000038e3f00000,0x00000038e4000000)]
  0x0000020c5e30ce90 JavaThread "Unconstrained build operations Thread 7" [_thread_blocked, id=2524, stack(0x00000038e4000000,0x00000038e4100000)]
  0x0000020c5e30e2d0 JavaThread "Unconstrained build operations Thread 8" [_thread_blocked, id=11344, stack(0x00000038e4100000,0x00000038e4200000)]
  0x0000020c5e30ddc0 JavaThread "Unconstrained build operations Thread 9" [_thread_blocked, id=1292, stack(0x00000038e4200000,0x00000038e4300000)]
  0x0000020c5e309bf0 JavaThread "Unconstrained build operations Thread 10" [_thread_blocked, id=11104, stack(0x00000038e4300000,0x00000038e4400000)]
  0x0000020c5e30bf60 JavaThread "Unconstrained build operations Thread 11" [_thread_blocked, id=16816, stack(0x00000038e4400000,0x00000038e4500000)]
  0x0000020c5e30b540 JavaThread "Unconstrained build operations Thread 12" [_thread_blocked, id=8640, stack(0x00000038e4500000,0x00000038e4600000)]
  0x0000020c5e30f200 JavaThread "Unconstrained build operations Thread 13" [_thread_blocked, id=9912, stack(0x00000038e4600000,0x00000038e4700000)]
  0x0000020c5e30a610 JavaThread "Unconstrained build operations Thread 14" [_thread_blocked, id=11940, stack(0x00000038df700000,0x00000038df800000)]
  0x0000020c5e30c470 JavaThread "Unconstrained build operations Thread 15" [_thread_blocked, id=14660, stack(0x00000038df800000,0x00000038df900000)]
  0x0000020c5e3096e0 JavaThread "Unconstrained build operations Thread 16" [_thread_blocked, id=17036, stack(0x00000038e4700000,0x00000038e4800000)]
  0x0000020c5e310640 JavaThread "Unconstrained build operations Thread 17" [_thread_blocked, id=12780, stack(0x00000038e4800000,0x00000038e4900000)]
  0x0000020c5e30ba50 JavaThread "Unconstrained build operations Thread 18" [_thread_blocked, id=868, stack(0x00000038e4900000,0x00000038e4a00000)]
  0x0000020c5e30c980 JavaThread "Unconstrained build operations Thread 19" [_thread_blocked, id=3220, stack(0x00000038e4a00000,0x00000038e4b00000)]
  0x0000020c5e30e7e0 JavaThread "Unconstrained build operations Thread 20" [_thread_blocked, id=16652, stack(0x00000038e4b00000,0x00000038e4c00000)]
  0x0000020c5e30ecf0 JavaThread "Unconstrained build operations Thread 21" [_thread_blocked, id=8964, stack(0x00000038e3500000,0x00000038e3600000)]
  0x0000020c5e30fc20 JavaThread "Unconstrained build operations Thread 22" [_thread_blocked, id=1500, stack(0x00000038e3700000,0x00000038e3800000)]
  0x0000020c5fb4cda0 JavaThread "Unconstrained build operations Thread 23" [_thread_blocked, id=3248, stack(0x00000038e3800000,0x00000038e3900000)]
  0x0000020c5fb48bd0 JavaThread "Unconstrained build operations Thread 24" [_thread_blocked, id=1960, stack(0x00000038e4d00000,0x00000038e4e00000)]
  0x0000020c5fb4d2b0 JavaThread "Unconstrained build operations Thread 25" [_thread_blocked, id=17112, stack(0x00000038e4e00000,0x00000038e4f00000)]
  0x0000020c5fb4ec00 JavaThread "Unconstrained build operations Thread 26" [_thread_blocked, id=8336, stack(0x00000038e4f00000,0x00000038e5000000)]
  0x0000020c695eb210 JavaThread "Unconstrained build operations Thread 27" [_thread_blocked, id=12896, stack(0x00000038e5000000,0x00000038e5100000)]
  0x0000020c695ea2e0 JavaThread "Unconstrained build operations Thread 28" [_thread_blocked, id=14724, stack(0x00000038e5100000,0x00000038e5200000)]
  0x0000020c695e98c0 JavaThread "Unconstrained build operations Thread 29" [_thread_blocked, id=6292, stack(0x00000038e5200000,0x00000038e5300000)]
  0x0000020c695e9dd0 JavaThread "Unconstrained build operations Thread 30" [_thread_blocked, id=14924, stack(0x00000038e5300000,0x00000038e5400000)]
  0x0000020c695e8990 JavaThread "Unconstrained build operations Thread 31" [_thread_blocked, id=8800, stack(0x00000038e5400000,0x00000038e5500000)]
  0x0000020c695ea7f0 JavaThread "Unconstrained build operations Thread 32" [_thread_blocked, id=12792, stack(0x00000038e5500000,0x00000038e5600000)]

Other Threads:
=>0x0000020c3ebbb8e0 VMThread "VM Thread" [stack: 0x00000038dff00000,0x00000038e0000000] [id=648]
  0x0000020c5e122f60 WatcherThread [stack: 0x00000038e0b00000,0x00000038e0c00000] [id=11580]
  0x0000020c21306980 GCTaskThread "GC Thread#0" [stack: 0x00000038dfa00000,0x00000038dfb00000] [id=8444]
  0x0000020c5e3d2800 GCTaskThread "GC Thread#1" [stack: 0x00000038e0c00000,0x00000038e0d00000] [id=8860]
  0x0000020c5e1f71b0 GCTaskThread "GC Thread#2" [stack: 0x00000038e0d00000,0x00000038e0e00000] [id=10448]
  0x0000020c5edc6040 GCTaskThread "GC Thread#3" [stack: 0x00000038e0e00000,0x00000038e0f00000] [id=9180]
  0x0000020c213178d0 ConcurrentGCThread "G1 Main Marker" [stack: 0x00000038dfb00000,0x00000038dfc00000] [id=16980]
  0x0000020c213182e0 ConcurrentGCThread "G1 Conc#0" [stack: 0x00000038dfc00000,0x00000038dfd00000] [id=14668]
  0x0000020c213620b0 ConcurrentGCThread "G1 Refine#0" [stack: 0x00000038dfd00000,0x00000038dfe00000] [id=12656]
  0x0000020c5e1a17e0 ConcurrentGCThread "G1 Refine#1" [stack: 0x00000038e3900000,0x00000038e3a00000] [id=13188]
  0x0000020c64228b30 ConcurrentGCThread "G1 Refine#2" [stack: 0x00000038e3a00000,0x00000038e3b00000] [id=15324]
  0x0000020c64228260 ConcurrentGCThread "G1 Refine#3" [stack: 0x00000038e4c00000,0x00000038e4d00000] [id=1360]
  0x0000020c21364af0 ConcurrentGCThread "G1 Service" [stack: 0x00000038dfe00000,0x00000038dff00000] [id=13240]

Threads with active compile tasks:
C2 CompilerThread0   137471 13631       4       org.gradle.internal.instantiation.generator.AbstractClassGenerator::inspectType (560 bytes)

VM state: at safepoint (normal execution)

VM Mutex/Monitor currently owned by a thread:  ([mutex/lock_event])
[0x0000020c212a8ee0] Threads_lock - owner thread: 0x0000020c3ebbb8e0
[0x0000020c212a83a0] Heap_lock - owner thread: 0x0000020c5eddbe00

Heap address: 0x0000000080000000, size: 2048 MB, Compressed Oops mode: 32-bit

CDS archive(s) mapped at: [0x0000020c3f000000-0x0000020c3fbd0000-0x0000020c3fbd0000), size 12386304, SharedBaseAddress: 0x0000020c3f000000, ArchiveRelocationMode: 1.
Compressed class space mapped at: 0x0000020c40000000-0x0000020c5a000000, reserved size: 436207616
Narrow klass base: 0x0000020c3f000000, Narrow klass shift: 0, Narrow klass range: 0x100000000

GC Precious Log:
 CPUs: 4 total, 4 available
 Memory: 4005M
 Large Page Support: Disabled
 NUMA Support: Disabled
 Compressed Oops: Enabled (32-bit)
 Heap Region Size: 1M
 Heap Min Capacity: 8M
 Heap Initial Capacity: 64M
 Heap Max Capacity: 2G
 Pre-touch: Disabled
 Parallel Workers: 4
 Concurrent Workers: 1
 Concurrent Refinement Workers: 4
 Periodic GC: Disabled

Heap:
 garbage-first heap   total 301056K, used 174715K [0x0000000080000000, 0x0000000100000000)
  region size 1024K, 8 young (8192K), 8 survivors (8192K)
 Metaspace       used 100674K, committed 101824K, reserved 557056K
  class space    used 14072K, committed 14592K, reserved 425984K

Heap Regions: E=young(eden), S=young(survivor), O=old, HS=humongous(starts), HC=humongous(continues), CS=collection set, F=free, OA=open archive, CA=closed archive, TAMS=top-at-mark-start (previous, next)
|   0|0x0000000080000000, 0x0000000080100000, 0x0000000080100000|100%| O|  |TAMS 0x0000000080100000, 0x0000000080000000| Untracked 
|   1|0x0000000080100000, 0x0000000080200000, 0x0000000080200000|100%| O|  |TAMS 0x0000000080200000, 0x0000000080100000| Untracked 
|   2|0x0000000080200000, 0x0000000080300000, 0x0000000080300000|100%|HS|  |TAMS 0x0000000080300000, 0x0000000080200000| Complete 
|   3|0x0000000080300000, 0x0000000080400000, 0x0000000080400000|100%|HC|  |TAMS 0x0000000080400000, 0x0000000080300000| Complete 
|   4|0x0000000080400000, 0x0000000080500000, 0x0000000080500000|100%|HC|  |TAMS 0x0000000080500000, 0x0000000080400000| Complete 
|   5|0x0000000080500000, 0x0000000080600000, 0x0000000080600000|100%|HC|  |TAMS 0x0000000080600000, 0x0000000080500000| Complete 
|   6|0x0000000080600000, 0x0000000080700000, 0x0000000080700000|100%|HS|  |TAMS 0x0000000080700000, 0x0000000080600000| Complete 
|   7|0x0000000080700000, 0x0000000080800000, 0x0000000080800000|100%| O|  |TAMS 0x0000000080800000, 0x0000000080700000| Untracked 
|   8|0x0000000080800000, 0x0000000080900000, 0x0000000080900000|100%| O|  |TAMS 0x0000000080900000, 0x0000000080800000| Untracked 
|   9|0x0000000080900000, 0x0000000080a00000, 0x0000000080a00000|100%| O|  |TAMS 0x0000000080a00000, 0x0000000080900000| Untracked 
|  10|0x0000000080a00000, 0x0000000080b00000, 0x0000000080b00000|100%| O|  |TAMS 0x0000000080b00000, 0x0000000080a00000| Untracked 
|  11|0x0000000080b00000, 0x0000000080c00000, 0x0000000080c00000|100%| O|  |TAMS 0x0000000080c00000, 0x0000000080b00000| Untracked 
|  12|0x0000000080c00000, 0x0000000080d00000, 0x0000000080d00000|100%| O|  |TAMS 0x0000000080d00000, 0x0000000080c00000| Untracked 
|  13|0x0000000080d00000, 0x0000000080e00000, 0x0000000080e00000|100%| O|  |TAMS 0x0000000080e00000, 0x0000000080d00000| Untracked 
|  14|0x0000000080e00000, 0x0000000080f00000, 0x0000000080f00000|100%| O|  |TAMS 0x0000000080f00000, 0x0000000080e00000| Untracked 
|  15|0x0000000080f00000, 0x0000000081000000, 0x0000000081000000|100%| O|  |TAMS 0x0000000081000000, 0x0000000080f00000| Untracked 
|  16|0x0000000081000000, 0x0000000081100000, 0x0000000081100000|100%| O|  |TAMS 0x0000000081100000, 0x0000000081000000| Untracked 
|  17|0x0000000081100000, 0x0000000081200000, 0x0000000081200000|100%| O|  |TAMS 0x0000000081200000, 0x0000000081100000| Untracked 
|  18|0x0000000081200000, 0x0000000081300000, 0x0000000081300000|100%| O|  |TAMS 0x0000000081300000, 0x0000000081200000| Untracked 
|  19|0x0000000081300000, 0x0000000081400000, 0x0000000081400000|100%| O|  |TAMS 0x0000000081400000, 0x0000000081300000| Untracked 
|  20|0x0000000081400000, 0x0000000081500000, 0x0000000081500000|100%| O|  |TAMS 0x0000000081500000, 0x0000000081400000| Untracked 
|  21|0x0000000081500000, 0x0000000081600000, 0x0000000081600000|100%| O|  |TAMS 0x0000000081600000, 0x0000000081500000| Untracked 
|  22|0x0000000081600000, 0x0000000081700000, 0x0000000081700000|100%| O|  |TAMS 0x0000000081700000, 0x0000000081600000| Untracked 
|  23|0x0000000081700000, 0x0000000081800000, 0x0000000081800000|100%| O|  |TAMS 0x0000000081800000, 0x0000000081700000| Untracked 
|  24|0x0000000081800000, 0x0000000081900000, 0x0000000081900000|100%| O|  |TAMS 0x0000000081900000, 0x0000000081800000| Untracked 
|  25|0x0000000081900000, 0x0000000081a00000, 0x0000000081a00000|100%| O|  |TAMS 0x0000000081a00000, 0x0000000081900000| Untracked 
|  26|0x0000000081a00000, 0x0000000081b00000, 0x0000000081b00000|100%| O|  |TAMS 0x0000000081b00000, 0x0000000081a00000| Untracked 
|  27|0x0000000081b00000, 0x0000000081c00000, 0x0000000081c00000|100%| O|  |TAMS 0x0000000081c00000, 0x0000000081b00000| Untracked 
|  28|0x0000000081c00000, 0x0000000081d00000, 0x0000000081d00000|100%| O|  |TAMS 0x0000000081d00000, 0x0000000081c00000| Untracked 
|  29|0x0000000081d00000, 0x0000000081e00000, 0x0000000081e00000|100%| O|  |TAMS 0x0000000081e00000, 0x0000000081d00000| Untracked 
|  30|0x0000000081e00000, 0x0000000081f00000, 0x0000000081f00000|100%| O|  |TAMS 0x0000000081f00000, 0x0000000081e00000| Untracked 
|  31|0x0000000081f00000, 0x0000000082000000, 0x0000000082000000|100%| O|  |TAMS 0x0000000082000000, 0x0000000081f00000| Untracked 
|  32|0x0000000082000000, 0x0000000082100000, 0x0000000082100000|100%| O|  |TAMS 0x0000000082100000, 0x0000000082000000| Untracked 
|  33|0x0000000082100000, 0x0000000082200000, 0x0000000082200000|100%| O|  |TAMS 0x0000000082200000, 0x0000000082100000| Untracked 
|  34|0x0000000082200000, 0x0000000082300000, 0x0000000082300000|100%| O|  |TAMS 0x0000000082300000, 0x0000000082200000| Untracked 
|  35|0x0000000082300000, 0x0000000082400000, 0x0000000082400000|100%| O|  |TAMS 0x0000000082400000, 0x0000000082300000| Untracked 
|  36|0x0000000082400000, 0x0000000082500000, 0x0000000082500000|100%| O|  |TAMS 0x0000000082500000, 0x0000000082400000| Untracked 
|  37|0x0000000082500000, 0x0000000082600000, 0x0000000082600000|100%| O|  |TAMS 0x0000000082600000, 0x0000000082500000| Untracked 
|  38|0x0000000082600000, 0x0000000082700000, 0x0000000082700000|100%| O|  |TAMS 0x0000000082700000, 0x0000000082600000| Untracked 
|  39|0x0000000082700000, 0x0000000082800000, 0x0000000082800000|100%| O|  |TAMS 0x0000000082800000, 0x0000000082700000| Untracked 
|  40|0x0000000082800000, 0x0000000082900000, 0x0000000082900000|100%| O|  |TAMS 0x0000000082900000, 0x0000000082800000| Untracked 
|  41|0x0000000082900000, 0x0000000082a00000, 0x0000000082a00000|100%|HS|  |TAMS 0x0000000082a00000, 0x0000000082900000| Complete 
|  42|0x0000000082a00000, 0x0000000082b00000, 0x0000000082b00000|100%|HC|  |TAMS 0x0000000082b00000, 0x0000000082a00000| Complete 
|  43|0x0000000082b00000, 0x0000000082c00000, 0x0000000082c00000|100%|HS|  |TAMS 0x0000000082c00000, 0x0000000082b00000| Complete 
|  44|0x0000000082c00000, 0x0000000082d00000, 0x0000000082d00000|100%|HC|  |TAMS 0x0000000082d00000, 0x0000000082c00000| Complete 
|  45|0x0000000082d00000, 0x0000000082e00000, 0x0000000082e00000|100%|HS|  |TAMS 0x0000000082e00000, 0x0000000082d00000| Complete 
|  46|0x0000000082e00000, 0x0000000082f00000, 0x0000000082f00000|100%|HC|  |TAMS 0x0000000082f00000, 0x0000000082e00000| Complete 
|  47|0x0000000082f00000, 0x0000000083000000, 0x0000000083000000|100%|HC|  |TAMS 0x0000000083000000, 0x0000000082f00000| Complete 
|  48|0x0000000083000000, 0x0000000083100000, 0x0000000083100000|100%|HC|  |TAMS 0x0000000083100000, 0x0000000083000000| Complete 
|  49|0x0000000083100000, 0x0000000083200000, 0x0000000083200000|100%| O|  |TAMS 0x0000000083200000, 0x0000000083100000| Untracked 
|  50|0x0000000083200000, 0x0000000083300000, 0x0000000083300000|100%| O|  |TAMS 0x0000000083300000, 0x0000000083200000| Untracked 
|  51|0x0000000083300000, 0x0000000083400000, 0x0000000083400000|100%| O|  |TAMS 0x0000000083400000, 0x0000000083300000| Untracked 
|  52|0x0000000083400000, 0x0000000083500000, 0x0000000083500000|100%| O|  |TAMS 0x0000000083500000, 0x0000000083400000| Untracked 
|  53|0x0000000083500000, 0x0000000083600000, 0x0000000083600000|100%| O|  |TAMS 0x0000000083600000, 0x0000000083500000| Untracked 
|  54|0x0000000083600000, 0x0000000083700000, 0x0000000083700000|100%|HS|  |TAMS 0x0000000083700000, 0x0000000083600000| Complete 
|  55|0x0000000083700000, 0x0000000083800000, 0x0000000083800000|100%|HC|  |TAMS 0x0000000083800000, 0x0000000083700000| Complete 
|  56|0x0000000083800000, 0x0000000083900000, 0x0000000083900000|100%|HC|  |TAMS 0x0000000083900000, 0x0000000083800000| Complete 
|  57|0x0000000083900000, 0x0000000083a00000, 0x0000000083a00000|100%|HC|  |TAMS 0x0000000083a00000, 0x0000000083900000| Complete 
|  58|0x0000000083a00000, 0x0000000083b00000, 0x0000000083b00000|100%| O|  |TAMS 0x0000000083b00000, 0x0000000083a00000| Untracked 
|  59|0x0000000083b00000, 0x0000000083c00000, 0x0000000083c00000|100%| O|  |TAMS 0x0000000083c00000, 0x0000000083b00000| Untracked 
|  60|0x0000000083c00000, 0x0000000083d00000, 0x0000000083d00000|100%| O|  |TAMS 0x0000000083d00000, 0x0000000083c00000| Untracked 
|  61|0x0000000083d00000, 0x0000000083e00000, 0x0000000083e00000|100%| O|  |TAMS 0x0000000083e00000, 0x0000000083d00000| Untracked 
|  62|0x0000000083e00000, 0x0000000083f00000, 0x0000000083f00000|100%| O|  |TAMS 0x0000000083f00000, 0x0000000083e00000| Untracked 
|  63|0x0000000083f00000, 0x0000000084000000, 0x0000000084000000|100%| O|  |TAMS 0x0000000084000000, 0x0000000083f00000| Untracked 
|  64|0x0000000084000000, 0x0000000084100000, 0x0000000084100000|100%| O|  |TAMS 0x0000000084100000, 0x0000000084000000| Untracked 
|  65|0x0000000084100000, 0x0000000084200000, 0x0000000084200000|100%| O|  |TAMS 0x0000000084200000, 0x0000000084100000| Untracked 
|  66|0x0000000084200000, 0x0000000084300000, 0x0000000084300000|100%| O|  |TAMS 0x0000000084300000, 0x0000000084200000| Untracked 
|  67|0x0000000084300000, 0x0000000084400000, 0x0000000084400000|100%| O|  |TAMS 0x0000000084400000, 0x0000000084300000| Untracked 
|  68|0x0000000084400000, 0x0000000084500000, 0x0000000084500000|100%| O|  |TAMS 0x0000000084500000, 0x0000000084400000| Untracked 
|  69|0x0000000084500000, 0x0000000084600000, 0x0000000084600000|100%| O|  |TAMS 0x0000000084600000, 0x0000000084500000| Untracked 
|  70|0x0000000084600000, 0x0000000084700000, 0x0000000084700000|100%| O|  |TAMS 0x0000000084700000, 0x0000000084600000| Untracked 
|  71|0x0000000084700000, 0x0000000084800000, 0x0000000084800000|100%| O|  |TAMS 0x0000000084800000, 0x0000000084700000| Untracked 
|  72|0x0000000084800000, 0x0000000084900000, 0x0000000084900000|100%|HS|  |TAMS 0x0000000084900000, 0x0000000084800000| Complete 
|  73|0x0000000084900000, 0x0000000084a00000, 0x0000000084a00000|100%|HS|  |TAMS 0x0000000084a00000, 0x0000000084900000| Complete 
|  74|0x0000000084a00000, 0x0000000084b00000, 0x0000000084b00000|100%|HS|  |TAMS 0x0000000084b00000, 0x0000000084a00000| Complete 
|  75|0x0000000084b00000, 0x0000000084c00000, 0x0000000084c00000|100%| O|  |TAMS 0x0000000084c00000, 0x0000000084b00000| Untracked 
|  76|0x0000000084c00000, 0x0000000084d00000, 0x0000000084d00000|100%| O|  |TAMS 0x0000000084d00000, 0x0000000084c00000| Untracked 
|  77|0x0000000084d00000, 0x0000000084e00000, 0x0000000084e00000|100%|HS|  |TAMS 0x0000000084e00000, 0x0000000084d00000| Complete 
|  78|0x0000000084e00000, 0x0000000084f00000, 0x0000000084f00000|100%| O|  |TAMS 0x0000000084f00000, 0x0000000084e00000| Untracked 
|  79|0x0000000084f00000, 0x0000000085000000, 0x0000000085000000|100%| O|  |TAMS 0x0000000085000000, 0x0000000084f00000| Untracked 
|  80|0x0000000085000000, 0x0000000085100000, 0x0000000085100000|100%| O|  |TAMS 0x0000000085100000, 0x0000000085000000| Untracked 
|  81|0x0000000085100000, 0x0000000085200000, 0x0000000085200000|100%| O|  |TAMS 0x0000000085200000, 0x0000000085100000| Untracked 
|  82|0x0000000085200000, 0x0000000085300000, 0x0000000085300000|100%| O|  |TAMS 0x0000000085300000, 0x0000000085200000| Untracked 
|  83|0x0000000085300000, 0x0000000085400000, 0x0000000085400000|100%| O|  |TAMS 0x0000000085400000, 0x0000000085300000| Untracked 
|  84|0x0000000085400000, 0x0000000085500000, 0x0000000085500000|100%| O|  |TAMS 0x0000000085500000, 0x0000000085400000| Untracked 
|  85|0x0000000085500000, 0x0000000085600000, 0x0000000085600000|100%| O|  |TAMS 0x0000000085600000, 0x0000000085500000| Untracked 
|  86|0x0000000085600000, 0x0000000085700000, 0x0000000085700000|100%| O|  |TAMS 0x0000000085700000, 0x0000000085600000| Untracked 
|  87|0x0000000085700000, 0x0000000085800000, 0x0000000085800000|100%| O|  |TAMS 0x0000000085800000, 0x0000000085700000| Untracked 
|  88|0x0000000085800000, 0x0000000085900000, 0x0000000085900000|100%| O|  |TAMS 0x0000000085900000, 0x0000000085800000| Untracked 
|  89|0x0000000085900000, 0x0000000085a00000, 0x0000000085a00000|100%| O|  |TAMS 0x0000000085a00000, 0x0000000085900000| Untracked 
|  90|0x0000000085a00000, 0x0000000085b00000, 0x0000000085b00000|100%| O|  |TAMS 0x0000000085b00000, 0x0000000085a00000| Untracked 
|  91|0x0000000085b00000, 0x0000000085c00000, 0x0000000085c00000|100%| O|  |TAMS 0x0000000085c00000, 0x0000000085b00000| Untracked 
|  92|0x0000000085c00000, 0x0000000085d00000, 0x0000000085d00000|100%| O|  |TAMS 0x0000000085d00000, 0x0000000085c00000| Untracked 
|  93|0x0000000085d00000, 0x0000000085e00000, 0x0000000085e00000|100%| O|  |TAMS 0x0000000085e00000, 0x0000000085d00000| Untracked 
|  94|0x0000000085e00000, 0x0000000085f00000, 0x0000000085f00000|100%| O|  |TAMS 0x0000000085f00000, 0x0000000085e00000| Untracked 
|  95|0x0000000085f00000, 0x0000000086000000, 0x0000000086000000|100%| O|  |TAMS 0x0000000086000000, 0x0000000085f00000| Untracked 
|  96|0x0000000086000000, 0x0000000086100000, 0x0000000086100000|100%| O|  |TAMS 0x0000000086100000, 0x0000000086000000| Untracked 
|  97|0x0000000086100000, 0x0000000086200000, 0x0000000086200000|100%|HS|  |TAMS 0x0000000086200000, 0x0000000086100000| Complete 
|  98|0x0000000086200000, 0x0000000086300000, 0x0000000086300000|100%|HC|  |TAMS 0x0000000086300000, 0x0000000086200000| Complete 
|  99|0x0000000086300000, 0x0000000086400000, 0x0000000086400000|100%|HC|  |TAMS 0x0000000086400000, 0x0000000086300000| Complete 
| 100|0x0000000086400000, 0x0000000086500000, 0x0000000086500000|100%|HS|  |TAMS 0x0000000086500000, 0x0000000086400000| Complete 
| 101|0x0000000086500000, 0x0000000086600000, 0x0000000086600000|100%|HC|  |TAMS 0x0000000086600000, 0x0000000086500000| Complete 
| 102|0x0000000086600000, 0x0000000086700000, 0x0000000086700000|100%|HS|  |TAMS 0x0000000086700000, 0x0000000086600000| Complete 
| 103|0x0000000086700000, 0x0000000086800000, 0x0000000086800000|100%|HS|  |TAMS 0x0000000086800000, 0x0000000086700000| Complete 
| 104|0x0000000086800000, 0x0000000086900000, 0x0000000086900000|100%|HC|  |TAMS 0x0000000086900000, 0x0000000086800000| Complete 
| 105|0x0000000086900000, 0x0000000086a00000, 0x0000000086a00000|100%| O|  |TAMS 0x0000000086a00000, 0x0000000086900000| Untracked 
| 106|0x0000000086a00000, 0x0000000086b00000, 0x0000000086b00000|100%| O|  |TAMS 0x0000000086b00000, 0x0000000086a00000| Untracked 
| 107|0x0000000086b00000, 0x0000000086c00000, 0x0000000086c00000|100%| O|  |TAMS 0x0000000086c00000, 0x0000000086b00000| Untracked 
| 108|0x0000000086c00000, 0x0000000086d00000, 0x0000000086d00000|100%| O|  |TAMS 0x0000000086d00000, 0x0000000086c00000| Untracked 
| 109|0x0000000086d00000, 0x0000000086e00000, 0x0000000086e00000|100%| O|  |TAMS 0x0000000086e00000, 0x0000000086d00000| Untracked 
| 110|0x0000000086e00000, 0x0000000086f00000, 0x0000000086f00000|100%| O|  |TAMS 0x0000000086f00000, 0x0000000086e00000| Untracked 
| 111|0x0000000086f00000, 0x0000000087000000, 0x0000000087000000|100%| O|  |TAMS 0x0000000087000000, 0x0000000086f00000| Untracked 
| 112|0x0000000087000000, 0x0000000087100000, 0x0000000087100000|100%| O|  |TAMS 0x0000000087100000, 0x0000000087000000| Untracked 
| 113|0x0000000087100000, 0x0000000087200000, 0x0000000087200000|100%| O|  |TAMS 0x0000000087200000, 0x0000000087100000| Untracked 
| 114|0x0000000087200000, 0x0000000087300000, 0x0000000087300000|100%| O|  |TAMS 0x0000000087300000, 0x0000000087200000| Untracked 
| 115|0x0000000087300000, 0x0000000087400000, 0x0000000087400000|100%| O|  |TAMS 0x0000000087400000, 0x0000000087300000| Untracked 
| 116|0x0000000087400000, 0x0000000087500000, 0x0000000087500000|100%| O|  |TAMS 0x0000000087500000, 0x0000000087400000| Untracked 
| 117|0x0000000087500000, 0x0000000087500000, 0x0000000087600000|  0%| F|  |TAMS 0x0000000087500000, 0x0000000087500000| Untracked 
| 118|0x0000000087600000, 0x0000000087700000, 0x0000000087700000|100%| O|  |TAMS 0x0000000087700000, 0x0000000087600000| Untracked 
| 119|0x0000000087700000, 0x0000000087800000, 0x0000000087800000|100%| O|  |TAMS 0x0000000087800000, 0x0000000087700000| Untracked 
| 120|0x0000000087800000, 0x0000000087900000, 0x0000000087900000|100%| O|  |TAMS 0x0000000087900000, 0x0000000087800000| Untracked 
| 121|0x0000000087900000, 0x0000000087a00000, 0x0000000087a00000|100%| O|  |TAMS 0x0000000087a00000, 0x0000000087900000| Untracked 
| 122|0x0000000087a00000, 0x0000000087b00000, 0x0000000087b00000|100%| O|  |TAMS 0x0000000087b00000, 0x0000000087a00000| Untracked 
| 123|0x0000000087b00000, 0x0000000087c00000, 0x0000000087c00000|100%| O|  |TAMS 0x0000000087ba7c00, 0x0000000087b00000| Untracked 
| 124|0x0000000087c00000, 0x0000000087d00000, 0x0000000087d00000|100%|HS|  |TAMS 0x0000000087d00000, 0x0000000087c00000| Complete 
| 125|0x0000000087d00000, 0x0000000087e00000, 0x0000000087e00000|100%| O|  |TAMS 0x0000000087d00000, 0x0000000087d00000| Untracked 
| 126|0x0000000087e00000, 0x0000000087f00000, 0x0000000087f00000|100%| O|  |TAMS 0x0000000087e00000, 0x0000000087e00000| Untracked 
| 127|0x0000000087f00000, 0x0000000088000000, 0x0000000088000000|100%| O|  |TAMS 0x0000000087f00000, 0x0000000087f00000| Untracked 
| 128|0x0000000088000000, 0x0000000088100000, 0x0000000088100000|100%| O|  |TAMS 0x0000000088000000, 0x0000000088000000| Untracked 
| 129|0x0000000088100000, 0x0000000088200000, 0x0000000088200000|100%| O|  |TAMS 0x0000000088100000, 0x0000000088100000| Untracked 
| 130|0x0000000088200000, 0x0000000088300000, 0x0000000088300000|100%| O|  |TAMS 0x0000000088200000, 0x0000000088200000| Untracked 
| 131|0x0000000088300000, 0x0000000088400000, 0x0000000088400000|100%| O|  |TAMS 0x0000000088300000, 0x0000000088300000| Untracked 
| 132|0x0000000088400000, 0x0000000088500000, 0x0000000088500000|100%| O|  |TAMS 0x0000000088400000, 0x0000000088400000| Untracked 
| 133|0x0000000088500000, 0x0000000088600000, 0x0000000088600000|100%| O|  |TAMS 0x0000000088500000, 0x0000000088500000| Untracked 
| 134|0x0000000088600000, 0x0000000088700000, 0x0000000088700000|100%|HS|  |TAMS 0x0000000088600000, 0x0000000088600000| Complete 
| 135|0x0000000088700000, 0x0000000088800000, 0x0000000088800000|100%| O|  |TAMS 0x0000000088700000, 0x0000000088700000| Untracked 
| 136|0x0000000088800000, 0x0000000088900000, 0x0000000088900000|100%| O|  |TAMS 0x0000000088800000, 0x0000000088800000| Untracked 
| 137|0x0000000088900000, 0x0000000088a00000, 0x0000000088a00000|100%| O|  |TAMS 0x0000000088900000, 0x0000000088900000| Untracked 
| 138|0x0000000088a00000, 0x0000000088b00000, 0x0000000088b00000|100%| O|  |TAMS 0x0000000088a00000, 0x0000000088a00000| Untracked 
| 139|0x0000000088b00000, 0x0000000088c00000, 0x0000000088c00000|100%| O|  |TAMS 0x0000000088b00000, 0x0000000088b00000| Untracked 
| 140|0x0000000088c00000, 0x0000000088d00000, 0x0000000088d00000|100%| O|  |TAMS 0x0000000088c00000, 0x0000000088c00000| Untracked 
| 141|0x0000000088d00000, 0x0000000088e00000, 0x0000000088e00000|100%| O|  |TAMS 0x0000000088d00000, 0x0000000088d00000| Untracked 
| 142|0x0000000088e00000, 0x0000000088f00000, 0x0000000088f00000|100%| O|  |TAMS 0x0000000088e00000, 0x0000000088e00000| Untracked 
| 143|0x0000000088f00000, 0x0000000089000000, 0x0000000089000000|100%|HS|  |TAMS 0x0000000088f00000, 0x0000000088f00000| Complete 
| 144|0x0000000089000000, 0x0000000089100000, 0x0000000089100000|100%|HS|  |TAMS 0x0000000089000000, 0x0000000089000000| Complete 
| 145|0x0000000089100000, 0x0000000089100000, 0x0000000089200000|  0%| F|  |TAMS 0x0000000089100000, 0x0000000089100000| Untracked 
| 146|0x0000000089200000, 0x0000000089300000, 0x0000000089300000|100%| O|  |TAMS 0x0000000089200000, 0x0000000089200000| Untracked 
| 147|0x0000000089300000, 0x0000000089400000, 0x0000000089400000|100%| O|  |TAMS 0x0000000089300000, 0x0000000089300000| Untracked 
| 148|0x0000000089400000, 0x0000000089500000, 0x0000000089500000|100%| O|  |TAMS 0x0000000089400000, 0x0000000089400000| Untracked 
| 149|0x0000000089500000, 0x0000000089600000, 0x0000000089600000|100%| O|  |TAMS 0x0000000089500000, 0x0000000089500000| Untracked 
| 150|0x0000000089600000, 0x0000000089700000, 0x0000000089700000|100%| O|  |TAMS 0x0000000089600000, 0x0000000089600000| Untracked 
| 151|0x0000000089700000, 0x0000000089800000, 0x0000000089800000|100%| O|  |TAMS 0x0000000089700000, 0x0000000089700000| Untracked 
| 152|0x0000000089800000, 0x0000000089900000, 0x0000000089900000|100%| O|  |TAMS 0x0000000089800000, 0x0000000089800000| Untracked 
| 153|0x0000000089900000, 0x0000000089a00000, 0x0000000089a00000|100%| O|  |TAMS 0x0000000089900000, 0x0000000089900000| Untracked 
| 154|0x0000000089a00000, 0x0000000089b00000, 0x0000000089b00000|100%| O|  |TAMS 0x0000000089a00000, 0x0000000089a00000| Untracked 
| 155|0x0000000089b00000, 0x0000000089c00000, 0x0000000089c00000|100%| O|  |TAMS 0x0000000089b00000, 0x0000000089b00000| Untracked 
| 156|0x0000000089c00000, 0x0000000089d00000, 0x0000000089d00000|100%| O|  |TAMS 0x0000000089c00000, 0x0000000089c00000| Untracked 
| 157|0x0000000089d00000, 0x0000000089e00000, 0x0000000089e00000|100%| O|  |TAMS 0x0000000089d00000, 0x0000000089d00000| Untracked 
| 158|0x0000000089e00000, 0x0000000089f00000, 0x0000000089f00000|100%| O|  |TAMS 0x0000000089e00000, 0x0000000089e00000| Untracked 
| 159|0x0000000089f00000, 0x000000008a000000, 0x000000008a000000|100%| O|  |TAMS 0x0000000089f00000, 0x0000000089f00000| Untracked 
| 160|0x000000008a000000, 0x000000008a100000, 0x000000008a100000|100%| O|  |TAMS 0x000000008a000000, 0x000000008a000000| Untracked 
| 161|0x000000008a100000, 0x000000008a200000, 0x000000008a200000|100%| O|  |TAMS 0x000000008a100000, 0x000000008a100000| Untracked 
| 162|0x000000008a200000, 0x000000008a300000, 0x000000008a300000|100%| O|  |TAMS 0x000000008a200000, 0x000000008a200000| Untracked 
| 163|0x000000008a300000, 0x000000008a400000, 0x000000008a400000|100%| O|  |TAMS 0x000000008a300000, 0x000000008a300000| Untracked 
| 164|0x000000008a400000, 0x000000008a500000, 0x000000008a500000|100%| O|  |TAMS 0x000000008a400000, 0x000000008a400000| Untracked 
| 165|0x000000008a500000, 0x000000008a56c800, 0x000000008a600000| 42%| O|  |TAMS 0x000000008a500000, 0x000000008a500000| Untracked 
| 166|0x000000008a600000, 0x000000008a600000, 0x000000008a700000|  0%| F|  |TAMS 0x000000008a600000, 0x000000008a600000| Untracked 
| 167|0x000000008a700000, 0x000000008a700000, 0x000000008a800000|  0%| F|  |TAMS 0x000000008a700000, 0x000000008a700000| Untracked 
| 168|0x000000008a800000, 0x000000008a800000, 0x000000008a900000|  0%| F|  |TAMS 0x000000008a800000, 0x000000008a800000| Untracked 
| 169|0x000000008a900000, 0x000000008a900000, 0x000000008aa00000|  0%| F|  |TAMS 0x000000008a900000, 0x000000008a900000| Untracked 
| 170|0x000000008aa00000, 0x000000008aa00000, 0x000000008ab00000|  0%| F|  |TAMS 0x000000008aa00000, 0x000000008aa00000| Untracked 
| 171|0x000000008ab00000, 0x000000008ab00000, 0x000000008ac00000|  0%| F|  |TAMS 0x000000008ab00000, 0x000000008ab00000| Untracked 
| 172|0x000000008ac00000, 0x000000008ac00000, 0x000000008ad00000|  0%| F|  |TAMS 0x000000008ac00000, 0x000000008ac00000| Untracked 
| 173|0x000000008ad00000, 0x000000008ad00000, 0x000000008ae00000|  0%| F|  |TAMS 0x000000008ad00000, 0x000000008ad00000| Untracked 
| 174|0x000000008ae00000, 0x000000008ae00000, 0x000000008af00000|  0%| F|  |TAMS 0x000000008ae00000, 0x000000008ae00000| Untracked 
| 175|0x000000008af00000, 0x000000008af00000, 0x000000008b000000|  0%| F|  |TAMS 0x000000008af00000, 0x000000008af00000| Untracked 
| 176|0x000000008b000000, 0x000000008b000000, 0x000000008b100000|  0%| F|  |TAMS 0x000000008b000000, 0x000000008b000000| Untracked 
| 177|0x000000008b100000, 0x000000008b100000, 0x000000008b200000|  0%| F|  |TAMS 0x000000008b100000, 0x000000008b100000| Untracked 
| 178|0x000000008b200000, 0x000000008b200000, 0x000000008b300000|  0%| F|  |TAMS 0x000000008b200000, 0x000000008b200000| Untracked 
| 179|0x000000008b300000, 0x000000008b300000, 0x000000008b400000|  0%| F|  |TAMS 0x000000008b300000, 0x000000008b300000| Untracked 
| 180|0x000000008b400000, 0x000000008b400000, 0x000000008b500000|  0%| F|  |TAMS 0x000000008b400000, 0x000000008b400000| Untracked 
| 181|0x000000008b500000, 0x000000008b500000, 0x000000008b600000|  0%| F|  |TAMS 0x000000008b500000, 0x000000008b500000| Untracked 
| 182|0x000000008b600000, 0x000000008b600000, 0x000000008b700000|  0%| F|  |TAMS 0x000000008b600000, 0x000000008b600000| Untracked 
| 183|0x000000008b700000, 0x000000008b700000, 0x000000008b800000|  0%| F|  |TAMS 0x000000008b700000, 0x000000008b700000| Untracked 
| 184|0x000000008b800000, 0x000000008b800000, 0x000000008b900000|  0%| F|  |TAMS 0x000000008b800000, 0x000000008b800000| Untracked 
| 185|0x000000008b900000, 0x000000008b900000, 0x000000008ba00000|  0%| F|  |TAMS 0x000000008b900000, 0x000000008b900000| Untracked 
| 186|0x000000008ba00000, 0x000000008ba00000, 0x000000008bb00000|  0%| F|  |TAMS 0x000000008ba00000, 0x000000008ba00000| Untracked 
| 187|0x000000008bb00000, 0x000000008bb00000, 0x000000008bc00000|  0%| F|  |TAMS 0x000000008bb00000, 0x000000008bb00000| Untracked 
| 188|0x000000008bc00000, 0x000000008bc00000, 0x000000008bd00000|  0%| F|  |TAMS 0x000000008bc00000, 0x000000008bc00000| Untracked 
| 189|0x000000008bd00000, 0x000000008bd00000, 0x000000008be00000|  0%| F|  |TAMS 0x000000008bd00000, 0x000000008bd00000| Untracked 
| 190|0x000000008be00000, 0x000000008be00000, 0x000000008bf00000|  0%| F|  |TAMS 0x000000008be00000, 0x000000008be00000| Untracked 
| 191|0x000000008bf00000, 0x000000008bf00000, 0x000000008c000000|  0%| F|  |TAMS 0x000000008bf00000, 0x000000008bf00000| Untracked 
| 192|0x000000008c000000, 0x000000008c000000, 0x000000008c100000|  0%| F|  |TAMS 0x000000008c000000, 0x000000008c000000| Untracked 
| 193|0x000000008c100000, 0x000000008c100000, 0x000000008c200000|  0%| F|  |TAMS 0x000000008c100000, 0x000000008c100000| Untracked 
| 194|0x000000008c200000, 0x000000008c200000, 0x000000008c300000|  0%| F|  |TAMS 0x000000008c200000, 0x000000008c200000| Untracked 
| 195|0x000000008c300000, 0x000000008c300000, 0x000000008c400000|  0%| F|  |TAMS 0x000000008c300000, 0x000000008c300000| Untracked 
| 196|0x000000008c400000, 0x000000008c400000, 0x000000008c500000|  0%| F|  |TAMS 0x000000008c400000, 0x000000008c400000| Untracked 
| 197|0x000000008c500000, 0x000000008c500000, 0x000000008c600000|  0%| F|  |TAMS 0x000000008c500000, 0x000000008c500000| Untracked 
| 198|0x000000008c600000, 0x000000008c600000, 0x000000008c700000|  0%| F|  |TAMS 0x000000008c600000, 0x000000008c600000| Untracked 
| 199|0x000000008c700000, 0x000000008c700000, 0x000000008c800000|  0%| F|  |TAMS 0x000000008c700000, 0x000000008c700000| Untracked 
| 200|0x000000008c800000, 0x000000008c800000, 0x000000008c900000|  0%| F|  |TAMS 0x000000008c800000, 0x000000008c800000| Untracked 
| 201|0x000000008c900000, 0x000000008c900000, 0x000000008ca00000|  0%| F|  |TAMS 0x000000008c900000, 0x000000008c900000| Untracked 
| 202|0x000000008ca00000, 0x000000008ca00000, 0x000000008cb00000|  0%| F|  |TAMS 0x000000008ca00000, 0x000000008ca00000| Untracked 
| 203|0x000000008cb00000, 0x000000008cb00000, 0x000000008cc00000|  0%| F|  |TAMS 0x000000008cb00000, 0x000000008cb00000| Untracked 
| 204|0x000000008cc00000, 0x000000008cc00000, 0x000000008cd00000|  0%| F|  |TAMS 0x000000008cc00000, 0x000000008cc00000| Untracked 
| 205|0x000000008cd00000, 0x000000008cd00000, 0x000000008ce00000|  0%| F|  |TAMS 0x000000008cd00000, 0x000000008cd00000| Untracked 
| 206|0x000000008ce00000, 0x000000008ce00000, 0x000000008cf00000|  0%| F|  |TAMS 0x000000008ce00000, 0x000000008ce00000| Untracked 
| 207|0x000000008cf00000, 0x000000008cf00000, 0x000000008d000000|  0%| F|  |TAMS 0x000000008cf00000, 0x000000008cf00000| Untracked 
| 208|0x000000008d000000, 0x000000008d000000, 0x000000008d100000|  0%| F|  |TAMS 0x000000008d000000, 0x000000008d000000| Untracked 
| 209|0x000000008d100000, 0x000000008d100000, 0x000000008d200000|  0%| F|  |TAMS 0x000000008d100000, 0x000000008d100000| Untracked 
| 210|0x000000008d200000, 0x000000008d200000, 0x000000008d300000|  0%| F|  |TAMS 0x000000008d200000, 0x000000008d200000| Untracked 
| 211|0x000000008d300000, 0x000000008d300000, 0x000000008d400000|  0%| F|  |TAMS 0x000000008d300000, 0x000000008d300000| Untracked 
| 212|0x000000008d400000, 0x000000008d400000, 0x000000008d500000|  0%| F|  |TAMS 0x000000008d400000, 0x000000008d400000| Untracked 
| 213|0x000000008d500000, 0x000000008d500000, 0x000000008d600000|  0%| F|  |TAMS 0x000000008d500000, 0x000000008d500000| Untracked 
| 214|0x000000008d600000, 0x000000008d600000, 0x000000008d700000|  0%| F|  |TAMS 0x000000008d600000, 0x000000008d600000| Untracked 
| 215|0x000000008d700000, 0x000000008d700000, 0x000000008d800000|  0%| F|  |TAMS 0x000000008d700000, 0x000000008d700000| Untracked 
| 216|0x000000008d800000, 0x000000008d800000, 0x000000008d900000|  0%| F|  |TAMS 0x000000008d800000, 0x000000008d800000| Untracked 
| 217|0x000000008d900000, 0x000000008d900000, 0x000000008da00000|  0%| F|  |TAMS 0x000000008d900000, 0x000000008d900000| Untracked 
| 218|0x000000008da00000, 0x000000008da00000, 0x000000008db00000|  0%| F|  |TAMS 0x000000008da00000, 0x000000008da00000| Untracked 
| 219|0x000000008db00000, 0x000000008db32630, 0x000000008dc00000| 19%| S|CS|TAMS 0x000000008db00000, 0x000000008db00000| Complete 
| 220|0x000000008dc00000, 0x000000008dd00000, 0x000000008dd00000|100%| S|CS|TAMS 0x000000008dc00000, 0x000000008dc00000| Complete 
| 221|0x000000008dd00000, 0x000000008de00000, 0x000000008de00000|100%| S|CS|TAMS 0x000000008dd00000, 0x000000008dd00000| Complete 
| 222|0x000000008de00000, 0x000000008df00000, 0x000000008df00000|100%| S|CS|TAMS 0x000000008de00000, 0x000000008de00000| Complete 
| 223|0x000000008df00000, 0x000000008e000000, 0x000000008e000000|100%| S|CS|TAMS 0x000000008df00000, 0x000000008df00000| Complete 
| 224|0x000000008e000000, 0x000000008e100000, 0x000000008e100000|100%| S|CS|TAMS 0x000000008e000000, 0x000000008e000000| Complete 
| 225|0x000000008e100000, 0x000000008e200000, 0x000000008e200000|100%| S|CS|TAMS 0x000000008e100000, 0x000000008e100000| Complete 
| 226|0x000000008e200000, 0x000000008e300000, 0x000000008e300000|100%| S|CS|TAMS 0x000000008e200000, 0x000000008e200000| Complete 
| 227|0x000000008e300000, 0x000000008e300000, 0x000000008e400000|  0%| F|  |TAMS 0x000000008e300000, 0x000000008e300000| Untracked 
| 228|0x000000008e400000, 0x000000008e400000, 0x000000008e500000|  0%| F|  |TAMS 0x000000008e400000, 0x000000008e400000| Untracked 
| 229|0x000000008e500000, 0x000000008e500000, 0x000000008e600000|  0%| F|  |TAMS 0x000000008e500000, 0x000000008e500000| Untracked 
| 230|0x000000008e600000, 0x000000008e600000, 0x000000008e700000|  0%| F|  |TAMS 0x000000008e600000, 0x000000008e600000| Untracked 
| 231|0x000000008e700000, 0x000000008e700000, 0x000000008e800000|  0%| F|  |TAMS 0x000000008e700000, 0x000000008e700000| Untracked 
| 232|0x000000008e800000, 0x000000008e800000, 0x000000008e900000|  0%| F|  |TAMS 0x000000008e800000, 0x000000008e800000| Untracked 
| 233|0x000000008e900000, 0x000000008e900000, 0x000000008ea00000|  0%| F|  |TAMS 0x000000008e900000, 0x000000008e900000| Untracked 
| 234|0x000000008ea00000, 0x000000008ea00000, 0x000000008eb00000|  0%| F|  |TAMS 0x000000008ea00000, 0x000000008ea00000| Untracked 
| 235|0x000000008eb00000, 0x000000008eb00000, 0x000000008ec00000|  0%| F|  |TAMS 0x000000008eb00000, 0x000000008eb00000| Untracked 
| 236|0x000000008ec00000, 0x000000008ec00000, 0x000000008ed00000|  0%| F|  |TAMS 0x000000008ec00000, 0x000000008ec00000| Untracked 
| 237|0x000000008ed00000, 0x000000008ed00000, 0x000000008ee00000|  0%| F|  |TAMS 0x000000008ed00000, 0x000000008ed00000| Untracked 
| 238|0x000000008ee00000, 0x000000008ee00000, 0x000000008ef00000|  0%| F|  |TAMS 0x000000008ee00000, 0x000000008ee00000| Untracked 
| 239|0x000000008ef00000, 0x000000008ef00000, 0x000000008f000000|  0%| F|  |TAMS 0x000000008ef00000, 0x000000008ef00000| Untracked 
| 240|0x000000008f000000, 0x000000008f000000, 0x000000008f100000|  0%| F|  |TAMS 0x000000008f000000, 0x000000008f000000| Untracked 
| 241|0x000000008f100000, 0x000000008f100000, 0x000000008f200000|  0%| F|  |TAMS 0x000000008f100000, 0x000000008f100000| Untracked 
| 242|0x000000008f200000, 0x000000008f200000, 0x000000008f300000|  0%| F|  |TAMS 0x000000008f200000, 0x000000008f200000| Untracked 
| 243|0x000000008f300000, 0x000000008f300000, 0x000000008f400000|  0%| F|  |TAMS 0x000000008f300000, 0x000000008f300000| Untracked 
| 244|0x000000008f400000, 0x000000008f400000, 0x000000008f500000|  0%| F|  |TAMS 0x000000008f400000, 0x000000008f400000| Untracked 
| 245|0x000000008f500000, 0x000000008f500000, 0x000000008f600000|  0%| F|  |TAMS 0x000000008f500000, 0x000000008f500000| Untracked 
| 246|0x000000008f600000, 0x000000008f600000, 0x000000008f700000|  0%| F|  |TAMS 0x000000008f600000, 0x000000008f600000| Untracked 
| 247|0x000000008f700000, 0x000000008f700000, 0x000000008f800000|  0%| F|  |TAMS 0x000000008f700000, 0x000000008f700000| Untracked 
| 248|0x000000008f800000, 0x000000008f800000, 0x000000008f900000|  0%| F|  |TAMS 0x000000008f800000, 0x000000008f800000| Untracked 
| 249|0x000000008f900000, 0x000000008f900000, 0x000000008fa00000|  0%| F|  |TAMS 0x000000008f900000, 0x000000008f900000| Untracked 
| 250|0x000000008fa00000, 0x000000008fa00000, 0x000000008fb00000|  0%| F|  |TAMS 0x000000008fa00000, 0x000000008fa00000| Untracked 
| 251|0x000000008fb00000, 0x000000008fb00000, 0x000000008fc00000|  0%| F|  |TAMS 0x000000008fb00000, 0x000000008fb00000| Untracked 
| 252|0x000000008fc00000, 0x000000008fc00000, 0x000000008fd00000|  0%| F|  |TAMS 0x000000008fc00000, 0x000000008fc00000| Untracked 
| 253|0x000000008fd00000, 0x000000008fd00000, 0x000000008fe00000|  0%| F|  |TAMS 0x000000008fd00000, 0x000000008fd00000| Untracked 
| 254|0x000000008fe00000, 0x000000008fe00000, 0x000000008ff00000|  0%| F|  |TAMS 0x000000008fe00000, 0x000000008fe00000| Untracked 
| 255|0x000000008ff00000, 0x000000008ff00000, 0x0000000090000000|  0%| F|  |TAMS 0x000000008ff00000, 0x000000008ff00000| Untracked 
| 256|0x0000000090000000, 0x0000000090000000, 0x0000000090100000|  0%| F|  |TAMS 0x0000000090000000, 0x0000000090000000| Untracked 
| 257|0x0000000090100000, 0x0000000090100000, 0x0000000090200000|  0%| F|  |TAMS 0x0000000090100000, 0x0000000090100000| Untracked 
| 258|0x0000000090200000, 0x0000000090200000, 0x0000000090300000|  0%| F|  |TAMS 0x0000000090200000, 0x0000000090200000| Untracked 
| 259|0x0000000090300000, 0x0000000090300000, 0x0000000090400000|  0%| F|  |TAMS 0x0000000090300000, 0x0000000090300000| Untracked 
| 260|0x0000000090400000, 0x0000000090400000, 0x0000000090500000|  0%| F|  |TAMS 0x0000000090400000, 0x0000000090400000| Untracked 
| 261|0x0000000090500000, 0x0000000090500000, 0x0000000090600000|  0%| F|  |TAMS 0x0000000090500000, 0x0000000090500000| Untracked 
| 262|0x0000000090600000, 0x0000000090600000, 0x0000000090700000|  0%| F|  |TAMS 0x0000000090600000, 0x0000000090600000| Untracked 
| 263|0x0000000090700000, 0x0000000090700000, 0x0000000090800000|  0%| F|  |TAMS 0x0000000090700000, 0x0000000090700000| Untracked 
| 264|0x0000000090800000, 0x0000000090800000, 0x0000000090900000|  0%| F|  |TAMS 0x0000000090800000, 0x0000000090800000| Untracked 
| 265|0x0000000090900000, 0x0000000090900000, 0x0000000090a00000|  0%| F|  |TAMS 0x0000000090900000, 0x0000000090900000| Untracked 
| 266|0x0000000090a00000, 0x0000000090a00000, 0x0000000090b00000|  0%| F|  |TAMS 0x0000000090a00000, 0x0000000090a00000| Untracked 
| 267|0x0000000090b00000, 0x0000000090b00000, 0x0000000090c00000|  0%| F|  |TAMS 0x0000000090b00000, 0x0000000090b00000| Untracked 
| 268|0x0000000090c00000, 0x0000000090c00000, 0x0000000090d00000|  0%| F|  |TAMS 0x0000000090c00000, 0x0000000090c00000| Untracked 
| 269|0x0000000090d00000, 0x0000000090d00000, 0x0000000090e00000|  0%| F|  |TAMS 0x0000000090d00000, 0x0000000090d00000| Untracked 
| 270|0x0000000090e00000, 0x0000000090e00000, 0x0000000090f00000|  0%| F|  |TAMS 0x0000000090e00000, 0x0000000090e00000| Untracked 
| 271|0x0000000090f00000, 0x0000000090f00000, 0x0000000091000000|  0%| F|  |TAMS 0x0000000090f00000, 0x0000000090f00000| Untracked 
| 272|0x0000000091000000, 0x0000000091000000, 0x0000000091100000|  0%| F|  |TAMS 0x0000000091000000, 0x0000000091000000| Untracked 
| 273|0x0000000091100000, 0x0000000091100000, 0x0000000091200000|  0%| F|  |TAMS 0x0000000091100000, 0x0000000091100000| Untracked 
| 274|0x0000000091200000, 0x0000000091200000, 0x0000000091300000|  0%| F|  |TAMS 0x0000000091200000, 0x0000000091200000| Untracked 
| 275|0x0000000091300000, 0x0000000091300000, 0x0000000091400000|  0%| F|  |TAMS 0x0000000091300000, 0x0000000091300000| Untracked 
| 276|0x0000000091400000, 0x0000000091400000, 0x0000000091500000|  0%| F|  |TAMS 0x0000000091400000, 0x0000000091400000| Untracked 
| 277|0x0000000091500000, 0x0000000091500000, 0x0000000091600000|  0%| F|  |TAMS 0x0000000091500000, 0x0000000091500000| Untracked 
| 278|0x0000000091600000, 0x0000000091600000, 0x0000000091700000|  0%| F|  |TAMS 0x0000000091600000, 0x0000000091600000| Untracked 
| 279|0x0000000091700000, 0x0000000091700000, 0x0000000091800000|  0%| F|  |TAMS 0x0000000091700000, 0x0000000091700000| Untracked 
| 280|0x0000000091800000, 0x0000000091800000, 0x0000000091900000|  0%| F|  |TAMS 0x0000000091800000, 0x0000000091800000| Untracked 
| 281|0x0000000091900000, 0x0000000091900000, 0x0000000091a00000|  0%| F|  |TAMS 0x0000000091900000, 0x0000000091900000| Untracked 
| 282|0x0000000091a00000, 0x0000000091a00000, 0x0000000091b00000|  0%| F|  |TAMS 0x0000000091a00000, 0x0000000091a00000| Untracked 
| 283|0x0000000091b00000, 0x0000000091b00000, 0x0000000091c00000|  0%| F|  |TAMS 0x0000000091b00000, 0x0000000091b00000| Untracked 
| 284|0x0000000091c00000, 0x0000000091c00000, 0x0000000091d00000|  0%| F|  |TAMS 0x0000000091c00000, 0x0000000091c00000| Untracked 
| 285|0x0000000091d00000, 0x0000000091d00000, 0x0000000091e00000|  0%| F|  |TAMS 0x0000000091d00000, 0x0000000091d00000| Untracked 
| 286|0x0000000091e00000, 0x0000000091e00000, 0x0000000091f00000|  0%| F|  |TAMS 0x0000000091e00000, 0x0000000091e00000| Untracked 
| 287|0x0000000091f00000, 0x0000000091f00000, 0x0000000092000000|  0%| F|  |TAMS 0x0000000091f00000, 0x0000000091f00000| Untracked 
| 288|0x0000000092000000, 0x0000000092000000, 0x0000000092100000|  0%| F|  |TAMS 0x0000000092000000, 0x0000000092000000| Untracked 
| 289|0x0000000092100000, 0x0000000092100000, 0x0000000092200000|  0%| F|  |TAMS 0x0000000092100000, 0x0000000092100000| Untracked 
| 290|0x0000000092200000, 0x0000000092200000, 0x0000000092300000|  0%| F|  |TAMS 0x0000000092200000, 0x0000000092200000| Untracked 
| 291|0x0000000092300000, 0x0000000092300000, 0x0000000092400000|  0%| F|  |TAMS 0x0000000092300000, 0x0000000092300000| Untracked 
| 292|0x0000000092400000, 0x0000000092400000, 0x0000000092500000|  0%| F|  |TAMS 0x0000000092400000, 0x0000000092400000| Untracked 
| 293|0x0000000092500000, 0x0000000092500000, 0x0000000092600000|  0%| F|  |TAMS 0x0000000092500000, 0x0000000092500000| Untracked 

Card table byte_map: [0x0000020c37f60000,0x0000020c38360000] _byte_map_base: 0x0000020c37b60000

Marking Bits (Prev, Next): (CMBitMap*) 0x0000020c21306fa0, (CMBitMap*) 0x0000020c21306fe0
 Prev Bits: [0x0000020c38760000, 0x0000020c3a760000)
 Next Bits: [0x0000020c3a760000, 0x0000020c3c760000)

Polling page: 0x0000020c1f1f0000

Metaspace:

Usage:
  Non-class:     84.57 MB used.
      Class:     13.74 MB used.
       Both:     98.32 MB used.

Virtual space:
  Non-class space:      128.00 MB reserved,      85.19 MB ( 67%) committed,  2 nodes.
      Class space:      416.00 MB reserved,      14.25 MB (  3%) committed,  1 nodes.
             Both:      544.00 MB reserved,      99.44 MB ( 18%) committed. 

Chunk freelists:
   Non-Class:  10.83 MB
       Class:  1.78 MB
        Both:  12.61 MB

MaxMetaspaceSize: 512.00 MB
CompressedClassSpaceSize: 416.00 MB
Initial GC threshold: 21.00 MB
Current GC threshold: 159.19 MB
CDS: on
MetaspaceReclaimPolicy: balanced
 - commit_granule_bytes: 65536.
 - commit_granule_words: 8192.
 - virtual_space_node_default_size: 8388608.
 - enlarge_chunks_in_place: 1.
 - new_chunks_are_fully_committed: 0.
 - uncommit_free_chunks: 1.
 - use_allocation_guard: 0.
 - handle_deallocations: 1.


Internal statistics:

num_allocs_failed_limit: 3.
num_arena_births: 1404.
num_arena_deaths: 0.
num_vsnodes_births: 3.
num_vsnodes_deaths: 0.
num_space_committed: 1591.
num_space_uncommitted: 0.
num_chunks_returned_to_freelist: 3.
num_chunks_taken_from_freelist: 5763.
num_chunk_merges: 3.
num_chunk_splits: 3699.
num_chunks_enlarged: 2302.
num_inconsistent_stats: 0.

CodeHeap 'non-profiled nmethods': size=120000Kb used=6863Kb max_used=7312Kb free=113136Kb
 bounds [0x0000020c30630000, 0x0000020c30d60000, 0x0000020c37b60000]
CodeHeap 'profiled nmethods': size=120000Kb used=21981Kb max_used=24451Kb free=98018Kb
 bounds [0x0000020c28b60000, 0x0000020c2a350000, 0x0000020c30090000]
CodeHeap 'non-nmethods': size=5760Kb used=2450Kb max_used=2531Kb free=3309Kb
 bounds [0x0000020c30090000, 0x0000020c30310000, 0x0000020c30630000]
 total_blobs=12235 nmethods=11244 adapters=900
 compilation: enabled
              stopped_count=0, restarted_count=0
 full_count=0

Compilation events (20 events):
Event: 137.001 Thread 0x0000020c3ebe0570 13676       3       org.gradle.internal.instantiation.generator.AsmBackedClassGenerator::getBuildServiceName (23 bytes)
Event: 137.003 Thread 0x0000020c3ebe0570 nmethod 13676 0x0000020c28b76210 code [0x0000020c28b76520, 0x0000020c28b77848]
Event: 137.036 Thread 0x0000020c3ebe0570 13677       3       org.gradle.api.services.internal.RegisteredBuildServiceProvider::getType (8 bytes)
Event: 137.036 Thread 0x0000020c3ebe0570 nmethod 13677 0x0000020c28b7e490 code [0x0000020c28b7e620, 0x0000020c28b7e758]
Event: 137.040 Thread 0x0000020c3ebe0570 13678   !   3       jdk.proxy1.$Proxy74::annotationType (29 bytes)
Event: 137.040 Thread 0x0000020c3ebe0570 nmethod 13678 0x0000020c28f90f10 code [0x0000020c28f910e0, 0x0000020c28f914d8]
Event: 137.081 Thread 0x0000020c3ebe0570 13679       3       jdk.internal.reflect.Label::bind (74 bytes)
Event: 137.082 Thread 0x0000020c3ebe0570 nmethod 13679 0x0000020c28c4c290 code [0x0000020c28c4c4a0, 0x0000020c28c4cbf8]
Event: 137.090 Thread 0x0000020c3ebe0570 13680       3       org.objectweb.asm.ClassWriter::visitAnnotation (40 bytes)
Event: 137.090 Thread 0x0000020c3ebe0570 nmethod 13680 0x0000020c28c2d090 code [0x0000020c28c2d240, 0x0000020c28c2d4f8]
Event: 137.092 Thread 0x0000020c3ebe0570 13681       3       org.gradle.model.internal.asm.AsmClassGeneratorUtils::visitExceptions (40 bytes)
Event: 137.093 Thread 0x0000020c3ebe0570 nmethod 13681 0x0000020c28c74210 code [0x0000020c28c743e0, 0x0000020c28c74698]
Event: 137.165 Thread 0x0000020c3ebe0570 13682       1       org.gradle.internal.reflect.MutableClassDetails::getAllMethods (5 bytes)
Event: 137.177 Thread 0x0000020c3ebe0570 nmethod 13682 0x0000020c30a1f910 code [0x0000020c30a1faa0, 0x0000020c30a1fb78]
Event: 137.210 Thread 0x0000020c3ebe0570 13683       3       org.gradle.api.internal.tasks.DefaultTaskDependency::getMutableValues (24 bytes)
Event: 137.215 Thread 0x0000020c3ebe0570 nmethod 13683 0x0000020c28f79290 code [0x0000020c28f794a0, 0x0000020c28f79c38]
Event: 137.221 Thread 0x0000020c3ebe0570 13684       3       jdk.proxy1.$Proxy71::<init> (6 bytes)
Event: 137.222 Thread 0x0000020c3ebe0570 nmethod 13684 0x0000020c28bac790 code [0x0000020c28bac960, 0x0000020c28bacce8]
Event: 137.244 Thread 0x0000020c3ebe0570 13685       3       java.lang.reflect.Constructor::getDeclaredAnnotations (5 bytes)
Event: 137.245 Thread 0x0000020c3ebe0570 nmethod 13685 0x0000020c28c14590 code [0x0000020c28c14780, 0x0000020c28c14c28]

GC Heap History (20 events):
Event: 72.216 GC heap after
{Heap after GC invocations=56 (full 0):
 garbage-first heap   total 179200K, used 93058K [0x0000000080000000, 0x0000000100000000)
  region size 1024K, 4 young (4096K), 4 survivors (4096K)
 Metaspace       used 81906K, committed 82624K, reserved 557056K
  class space    used 11296K, committed 11648K, reserved 425984K
}
Event: 73.278 GC heap before
{Heap before GC invocations=56 (full 0):
 garbage-first heap   total 179200K, used 97154K [0x0000000080000000, 0x0000000100000000)
  region size 1024K, 8 young (8192K), 4 survivors (4096K)
 Metaspace       used 82114K, committed 82880K, reserved 557056K
  class space    used 11324K, committed 11648K, reserved 425984K
}
Event: 73.321 GC heap after
{Heap after GC invocations=57 (full 0):
 garbage-first heap   total 179200K, used 92879K [0x0000000080000000, 0x0000000100000000)
  region size 1024K, 1 young (1024K), 1 survivors (1024K)
 Metaspace       used 82114K, committed 82880K, reserved 557056K
  class space    used 11324K, committed 11648K, reserved 425984K
}
Event: 104.061 GC heap before
{Heap before GC invocations=57 (full 0):
 garbage-first heap   total 179200K, used 137935K [0x0000000080000000, 0x0000000100000000)
  region size 1024K, 45 young (46080K), 1 survivors (1024K)
 Metaspace       used 82690K, committed 83520K, reserved 557056K
  class space    used 11418K, committed 11776K, reserved 425984K
}
Event: 104.165 GC heap after
{Heap after GC invocations=58 (full 0):
 garbage-first heap   total 179200K, used 95780K [0x0000000080000000, 0x0000000100000000)
  region size 1024K, 4 young (4096K), 4 survivors (4096K)
 Metaspace       used 82690K, committed 83520K, reserved 557056K
  class space    used 11418K, committed 11776K, reserved 425984K
}
Event: 107.101 GC heap before
{Heap before GC invocations=59 (full 0):
 garbage-first heap   total 179200K, used 141860K [0x0000000080000000, 0x0000000100000000)
  region size 1024K, 48 young (49152K), 4 survivors (4096K)
 Metaspace       used 85331K, committed 86080K, reserved 557056K
  class space    used 11806K, committed 12160K, reserved 425984K
}
Event: 107.150 GC heap after
{Heap after GC invocations=60 (full 0):
 garbage-first heap   total 179200K, used 98695K [0x0000000080000000, 0x0000000100000000)
  region size 1024K, 3 young (3072K), 3 survivors (3072K)
 Metaspace       used 85331K, committed 86080K, reserved 557056K
  class space    used 11806K, committed 12160K, reserved 425984K
}
Event: 107.328 GC heap before
{Heap before GC invocations=60 (full 0):
 garbage-first heap   total 179200K, used 103815K [0x0000000080000000, 0x0000000100000000)
  region size 1024K, 8 young (8192K), 3 survivors (3072K)
 Metaspace       used 85658K, committed 86464K, reserved 557056K
  class space    used 11842K, committed 12224K, reserved 425984K
}
Event: 107.349 GC heap after
{Heap after GC invocations=61 (full 0):
 garbage-first heap   total 286720K, used 99136K [0x0000000080000000, 0x0000000100000000)
  region size 1024K, 1 young (1024K), 1 survivors (1024K)
 Metaspace       used 85658K, committed 86464K, reserved 557056K
  class space    used 11842K, committed 12224K, reserved 425984K
}
Event: 112.976 GC heap before
{Heap before GC invocations=61 (full 0):
 garbage-first heap   total 286720K, used 217920K [0x0000000080000000, 0x0000000100000000)
  region size 1024K, 117 young (119808K), 1 survivors (1024K)
 Metaspace       used 92108K, committed 92928K, reserved 557056K
  class space    used 12906K, committed 13312K, reserved 425984K
}
Event: 113.064 GC heap after
{Heap after GC invocations=62 (full 0):
 garbage-first heap   total 286720K, used 106142K [0x0000000080000000, 0x0000000100000000)
  region size 1024K, 8 young (8192K), 8 survivors (8192K)
 Metaspace       used 92108K, committed 92928K, reserved 557056K
  class space    used 12906K, committed 13312K, reserved 425984K
}
Event: 126.154 GC heap before
{Heap before GC invocations=62 (full 0):
 garbage-first heap   total 286720K, used 238238K [0x0000000080000000, 0x0000000100000000)
  region size 1024K, 129 young (132096K), 8 survivors (8192K)
 Metaspace       used 95891K, committed 96896K, reserved 557056K
  class space    used 13384K, committed 13824K, reserved 425984K
}
Event: 126.742 GC heap after
{Heap after GC invocations=63 (full 0):
 garbage-first heap   total 286720K, used 144031K [0x0000000080000000, 0x0000000100000000)
  region size 1024K, 17 young (17408K), 17 survivors (17408K)
 Metaspace       used 95891K, committed 96896K, reserved 557056K
  class space    used 13384K, committed 13824K, reserved 425984K
}
Event: 130.841 GC heap before
{Heap before GC invocations=63 (full 0):
 garbage-first heap   total 286720K, used 179871K [0x0000000080000000, 0x0000000100000000)
  region size 1024K, 52 young (53248K), 17 survivors (17408K)
 Metaspace       used 96519K, committed 97600K, reserved 557056K
  class space    used 13464K, committed 13952K, reserved 425984K
}
Event: 130.963 GC heap after
{Heap after GC invocations=64 (full 0):
 garbage-first heap   total 286720K, used 155136K [0x0000000080000000, 0x0000000100000000)
  region size 1024K, 7 young (7168K), 7 survivors (7168K)
 Metaspace       used 96519K, committed 97600K, reserved 557056K
  class space    used 13464K, committed 13952K, reserved 425984K
}
Event: 134.304 GC heap before
{Heap before GC invocations=65 (full 0):
 garbage-first heap   total 301056K, used 195072K [0x0000000080000000, 0x0000000100000000)
  region size 1024K, 46 young (47104K), 7 survivors (7168K)
 Metaspace       used 96971K, committed 98048K, reserved 557056K
  class space    used 13534K, committed 14016K, reserved 425984K
}
Event: 134.390 GC heap after
{Heap after GC invocations=66 (full 0):
 garbage-first heap   total 301056K, used 163749K [0x0000000080000000, 0x0000000100000000)
  region size 1024K, 6 young (6144K), 6 survivors (6144K)
 Metaspace       used 96971K, committed 98048K, reserved 557056K
  class space    used 13534K, committed 14016K, reserved 425984K
}
Event: 134.780 GC heap before
{Heap before GC invocations=66 (full 0):
 garbage-first heap   total 301056K, used 173989K [0x0000000080000000, 0x0000000100000000)
  region size 1024K, 14 young (14336K), 6 survivors (6144K)
 Metaspace       used 97142K, committed 98304K, reserved 557056K
  class space    used 13571K, committed 14080K, reserved 425984K
}
Event: 134.812 GC heap after
{Heap after GC invocations=67 (full 0):
 garbage-first heap   total 301056K, used 169394K [0x0000000080000000, 0x0000000100000000)
  region size 1024K, 2 young (2048K), 2 survivors (2048K)
 Metaspace       used 97142K, committed 98304K, reserved 557056K
  class space    used 13571K, committed 14080K, reserved 425984K
}
Event: 137.260 GC heap before
{Heap before GC invocations=67 (full 0):
 garbage-first heap   total 301056K, used 235954K [0x0000000080000000, 0x0000000100000000)
  region size 1024K, 67 young (68608K), 2 survivors (2048K)
 Metaspace       used 100674K, committed 101824K, reserved 557056K
  class space    used 14072K, committed 14592K, reserved 425984K
}

Deoptimization events (20 events):
Event: 136.542 Thread 0x0000020c5eddbe00 DEOPT PACKING pc=0x0000020c30bc203c sp=0x00000038e15f8480
Event: 136.542 Thread 0x0000020c5eddbe00 DEOPT UNPACKING pc=0x0000020c300e23a3 sp=0x00000038e15f83c0 mode 2
Event: 136.593 Thread 0x0000020c5eddbe00 Uncommon trap: trap_request=0xffffffc6 fr.pc=0x0000020c30bddae0 relative=0x0000000000003260
Event: 136.593 Thread 0x0000020c5eddbe00 Uncommon trap: reason=bimorphic_or_optimized_type_check action=maybe_recompile pc=0x0000020c30bddae0 method=org.gradle.internal.ImmutableActionSet.add(Lorg/gradle/api/Action;)Lorg/gradle/internal/ImmutableActionSet; @ 83 c2
Event: 136.593 Thread 0x0000020c5eddbe00 DEOPT PACKING pc=0x0000020c30bddae0 sp=0x00000038e15f6c00
Event: 136.593 Thread 0x0000020c5eddbe00 DEOPT UNPACKING pc=0x0000020c300e23a3 sp=0x00000038e15f6bd0 mode 2
Event: 136.613 Thread 0x0000020c5eddbe00 Uncommon trap: trap_request=0xffffffc6 fr.pc=0x0000020c30bddae0 relative=0x0000000000003260
Event: 136.613 Thread 0x0000020c5eddbe00 Uncommon trap: reason=bimorphic_or_optimized_type_check action=maybe_recompile pc=0x0000020c30bddae0 method=org.gradle.internal.ImmutableActionSet.add(Lorg/gradle/api/Action;)Lorg/gradle/internal/ImmutableActionSet; @ 83 c2
Event: 136.613 Thread 0x0000020c5eddbe00 DEOPT PACKING pc=0x0000020c30bddae0 sp=0x00000038e15f6c00
Event: 136.613 Thread 0x0000020c5eddbe00 DEOPT UNPACKING pc=0x0000020c300e23a3 sp=0x00000038e15f6bd0 mode 2
Event: 136.655 Thread 0x0000020c5eddbe00 Uncommon trap: trap_request=0xffffffc6 fr.pc=0x0000020c30bddae0 relative=0x0000000000003260
Event: 136.655 Thread 0x0000020c5eddbe00 Uncommon trap: reason=bimorphic_or_optimized_type_check action=maybe_recompile pc=0x0000020c30bddae0 method=org.gradle.internal.ImmutableActionSet.add(Lorg/gradle/api/Action;)Lorg/gradle/internal/ImmutableActionSet; @ 83 c2
Event: 136.655 Thread 0x0000020c5eddbe00 DEOPT PACKING pc=0x0000020c30bddae0 sp=0x00000038e15f6c00
Event: 136.655 Thread 0x0000020c5eddbe00 DEOPT UNPACKING pc=0x0000020c300e23a3 sp=0x00000038e15f6bd0 mode 2
Event: 136.690 Thread 0x0000020c5eddbe00 Uncommon trap: trap_request=0xffffffc6 fr.pc=0x0000020c30bddae0 relative=0x0000000000003260
Event: 136.690 Thread 0x0000020c5eddbe00 Uncommon trap: reason=bimorphic_or_optimized_type_check action=maybe_recompile pc=0x0000020c30bddae0 method=org.gradle.internal.ImmutableActionSet.add(Lorg/gradle/api/Action;)Lorg/gradle/internal/ImmutableActionSet; @ 83 c2
Event: 136.690 Thread 0x0000020c5eddbe00 DEOPT PACKING pc=0x0000020c30bddae0 sp=0x00000038e15f6c00
Event: 136.690 Thread 0x0000020c5eddbe00 DEOPT UNPACKING pc=0x0000020c300e23a3 sp=0x00000038e15f6bd0 mode 2
Event: 137.035 Thread 0x0000020c5eddbe00 DEOPT PACKING pc=0x0000020c2a2a31e0 sp=0x00000038e15f63a0
Event: 137.035 Thread 0x0000020c5eddbe00 DEOPT UNPACKING pc=0x0000020c300e2b43 sp=0x00000038e15f58a8 mode 0

Classes unloaded (0 events):
No events

Classes redefined (0 events):
No events

Internal exceptions (20 events):
Event: 135.213 Thread 0x0000020c5eddbe00 Exception <a 'java/lang/ClassNotFoundException'{0x00000000916890d8}: org/gradle/api/tasks/compile/JavaCompileBeanInfo> (0x00000000916890d8) 
thrown [s\open\src\hotspot\share\classfile\systemDictionary.cpp, line 256]
Event: 135.214 Thread 0x0000020c5eddbe00 Exception <a 'java/lang/ClassNotFoundException'{0x0000000091699d28}: org/gradle/api/tasks/compile/AbstractCompileBeanInfo> (0x0000000091699d28) 
thrown [s\open\src\hotspot\share\classfile\systemDictionary.cpp, line 256]
Event: 135.215 Thread 0x0000020c5eddbe00 Exception <a 'java/lang/ClassNotFoundException'{0x00000000916a7c00}: org/gradle/api/tasks/SourceTaskBeanInfo> (0x00000000916a7c00) 
thrown [s\open\src\hotspot\share\classfile\systemDictionary.cpp, line 256]
Event: 135.215 Thread 0x0000020c5eddbe00 Exception <a 'java/lang/ClassNotFoundException'{0x00000000916b5af8}: org/gradle/api/tasks/SourceTaskCustomizer> (0x00000000916b5af8) 
thrown [s\open\src\hotspot\share\classfile\systemDictionary.cpp, line 256]
Event: 135.220 Thread 0x0000020c5eddbe00 Exception <a 'java/lang/ClassNotFoundException'{0x00000000916e9cb8}: org/gradle/api/tasks/compile/AbstractCompileCustomizer> (0x00000000916e9cb8) 
thrown [s\open\src\hotspot\share\classfile\systemDictionary.cpp, line 256]
Event: 135.222 Thread 0x0000020c5eddbe00 Exception <a 'java/lang/ClassNotFoundException'{0x0000000091512f28}: org/gradle/api/tasks/compile/JavaCompileCustomizer> (0x0000000091512f28) 
thrown [s\open\src\hotspot\share\classfile\systemDictionary.cpp, line 256]
Event: 135.223 Thread 0x0000020c5eddbe00 Exception <a 'java/lang/ClassNotFoundException'{0x000000009153c790}: org/gradle/api/tasks/compile/JavaCompile_DecoratedCustomizer> (0x000000009153c790) 
thrown [s\open\src\hotspot\share\classfile\systemDictionary.cpp, line 256]
Event: 135.410 Thread 0x0000020c5eddbe00 Exception <a 'sun/nio/fs/WindowsException'{0x00000000911e3310}> (0x00000000911e3310) 
thrown [s\open\src\hotspot\share\prims\jni.cpp, line 516]
Event: 135.513 Thread 0x0000020c5eddbe00 Exception <a 'java/lang/NoSuchMethodError'{0x0000000090e4eb28}: 'java.lang.Object java.lang.invoke.Invokers$Holder.invoker(java.lang.Object, java.lang.Object, java.lang.Object, java.lang.Object, java.lang.Object, java.lang.Object)'> (0x0000000090e4eb28) 
thrown [s\open\src\hotspot\share\interpreter\linkResolver.cpp, line 759]
Event: 135.517 Thread 0x0000020c5eddbe00 Implicit null exception at 0x0000020c30a67653 to 0x0000020c30a67890
Event: 135.521 Thread 0x0000020c5eddbe00 Exception <a 'java/lang/NoSuchMethodError'{0x0000000090e59a78}: 'int java.lang.invoke.DirectMethodHandle$Holder.invokeStatic(java.lang.Object, java.lang.Object, int)'> (0x0000000090e59a78) 
thrown [s\open\src\hotspot\share\interpreter\linkResolver.cpp, line 759]
Event: 135.522 Thread 0x0000020c5eddbe00 Exception <a 'java/lang/NoSuchMethodError'{0x0000000090e5e828}: 'int java.lang.invoke.DirectMethodHandle$Holder.invokeSpecial(java.lang.Object, java.lang.Object, java.lang.Object, int)'> (0x0000000090e5e828) 
thrown [s\open\src\hotspot\share\interpreter\linkResolver.cpp, line 759]
Event: 135.528 Thread 0x0000020c5eddbe00 Exception <a 'java/lang/NoSuchMethodError'{0x0000000090e73d10}: 'java.lang.Object java.lang.invoke.DirectMethodHandle$Holder.invokeSpecial(java.lang.Object, java.lang.Object, java.lang.Object, java.lang.Object, int, java.lang.Object)'> (0x0000000090e73d10) 
thrown [s\open\src\hotspot\share\interpreter\linkResolver.cpp, line 759]
Event: 135.637 Thread 0x0000020c5eddbe00 Exception <a 'sun/nio/fs/WindowsException'{0x0000000090d88588}> (0x0000000090d88588) 
thrown [s\open\src\hotspot\share\prims\jni.cpp, line 516]
Event: 136.072 Thread 0x0000020c5eddbe00 Exception <a 'java/lang/NoSuchMethodError'{0x000000009089f358}: 'java.lang.Object java.lang.invoke.DirectMethodHandle$Holder.invokeSpecial(java.lang.Object, java.lang.Object, java.lang.Object, java.lang.Object, long)'> (0x000000009089f358) 
thrown [s\open\src\hotspot\share\interpreter\linkResolver.cpp, line 759]
Event: 136.074 Thread 0x0000020c5eddbe00 Exception <a 'java/lang/NoSuchMethodError'{0x00000000908a3c28}: 'java.lang.Object java.lang.invoke.Invokers$Holder.linkToTargetMethod(java.lang.Object, java.lang.Object, long, java.lang.Object)'> (0x00000000908a3c28) 
thrown [s\open\src\hotspot\share\interpreter\linkResolver.cpp, line 759]
Event: 136.127 Thread 0x0000020c5eddbe00 Exception <a 'sun/nio/fs/WindowsException'{0x00000000907446a0}> (0x00000000907446a0) 
thrown [s\open\src\hotspot\share\prims\jni.cpp, line 516]
Event: 136.361 Thread 0x0000020c5eddbe00 Exception <a 'sun/nio/fs/WindowsException'{0x00000000901fa928}> (0x00000000901fa928) 
thrown [s\open\src\hotspot\share\prims\jni.cpp, line 516]
Event: 136.497 Thread 0x0000020c5eddbe00 Exception <a 'java/lang/NoSuchMethodError'{0x000000008fcdec08}: 'java.lang.Object java.lang.invoke.Invokers$Holder.invokeExact_MT(java.lang.Object, java.lang.Object, java.lang.Object, int, java.lang.Object, java.lang.Object)'> (0x000000008fcdec08) 
thrown [s\open\src\hotspot\share\interpreter\linkResolver.cpp, line 759]
Event: 136.542 Thread 0x0000020c5eddbe00 Implicit null exception at 0x0000020c30bb8d48 to 0x0000020c30bc1fb0

VM Operations (20 events):
Event: 133.896 Executing VM operation: Cleanup done
Event: 134.274 Executing VM operation: G1CollectForAllocation
Event: 134.390 Executing VM operation: G1CollectForAllocation done
Event: 134.390 Executing VM operation: HandshakeAllThreads
Event: 134.391 Executing VM operation: HandshakeAllThreads done
Event: 134.780 Executing VM operation: G1CollectForAllocation
Event: 134.812 Executing VM operation: G1CollectForAllocation done
Event: 135.696 Executing VM operation: HandshakeAllThreads
Event: 135.701 Executing VM operation: HandshakeAllThreads done
Event: 136.397 Executing VM operation: ICBufferFull
Event: 136.397 Executing VM operation: ICBufferFull done
Event: 136.519 Executing VM operation: HandshakeAllThreads
Event: 136.525 Executing VM operation: HandshakeAllThreads done
Event: 136.542 Executing VM operation: HandshakeAllThreads
Event: 136.543 Executing VM operation: HandshakeAllThreads done
Event: 136.721 Executing VM operation: HandshakeAllThreads
Event: 136.728 Executing VM operation: HandshakeAllThreads done
Event: 136.786 Executing VM operation: HandshakeAllThreads
Event: 136.786 Executing VM operation: HandshakeAllThreads done
Event: 137.257 Executing VM operation: G1CollectForAllocation

Events (20 events):
Event: 136.810 Thread 0x0000020c3ec4d6a0 flushing nmethod 0x0000020c29dc7310
Event: 136.810 Thread 0x0000020c3ec4d6a0 flushing nmethod 0x0000020c29dcc490
Event: 136.810 Thread 0x0000020c3ec4d6a0 flushing nmethod 0x0000020c29dcd290
Event: 136.810 Thread 0x0000020c3ec4d6a0 flushing nmethod 0x0000020c29ddc410
Event: 136.810 Thread 0x0000020c3ec4d6a0 flushing nmethod 0x0000020c29ddca90
Event: 136.810 Thread 0x0000020c3ec4d6a0 flushing nmethod 0x0000020c29ddf710
Event: 136.810 Thread 0x0000020c3ec4d6a0 flushing nmethod 0x0000020c29df8690
Event: 136.811 Thread 0x0000020c3ec4d6a0 flushing nmethod 0x0000020c29ec8010
Event: 136.811 Thread 0x0000020c3ec4d6a0 flushing nmethod 0x0000020c29ec8b90
Event: 136.811 Thread 0x0000020c3ec4d6a0 flushing nmethod 0x0000020c29ee0d90
Event: 136.811 Thread 0x0000020c3ec4d6a0 flushing nmethod 0x0000020c29f06310
Event: 136.811 Thread 0x0000020c3ec4d6a0 flushing nmethod 0x0000020c29f12390
Event: 136.811 Thread 0x0000020c3ec4d6a0 flushing nmethod 0x0000020c29f17290
Event: 136.812 Thread 0x0000020c3ec4d6a0 flushing nmethod 0x0000020c29f85090
Event: 136.812 Thread 0x0000020c3ec4d6a0 flushing nmethod 0x0000020c29fbeb90
Event: 136.812 Thread 0x0000020c3ec4d6a0 flushing nmethod 0x0000020c29fc0b10
Event: 136.812 Thread 0x0000020c3ec4d6a0 flushing nmethod 0x0000020c29fc4290
Event: 136.812 Thread 0x0000020c3ec4d6a0 flushing nmethod 0x0000020c2a02a190
Event: 136.812 Thread 0x0000020c3ec4d6a0 flushing nmethod 0x0000020c2a049590
Event: 136.814 Thread 0x0000020c3ec4d6a0 flushing nmethod 0x0000020c2a294e90


Dynamic libraries:
0x00007ff719300000 - 0x00007ff719310000 	C:\Program Files\Java\jdk-17\bin\java.exe
0x00007fff1d710000 - 0x00007fff1d908000 	C:\WINDOWS\SYSTEM32\ntdll.dll
0x00007fff1d2f0000 - 0x00007fff1d3b2000 	C:\WINDOWS\System32\KERNEL32.DLL
0x00007fff1b000000 - 0x00007fff1b2ff000 	C:\WINDOWS\System32\KERNELBASE.dll
0x00007fff1af00000 - 0x00007fff1b000000 	C:\WINDOWS\System32\ucrtbase.dll
0x00007fff12120000 - 0x00007fff12139000 	C:\Program Files\Java\jdk-17\bin\jli.dll
0x00007fff1d050000 - 0x00007fff1d101000 	C:\WINDOWS\System32\ADVAPI32.dll
0x00007fff1cca0000 - 0x00007fff1cd3e000 	C:\WINDOWS\System32\msvcrt.dll
0x00007fff1bfe0000 - 0x00007fff1c07f000 	C:\WINDOWS\System32\sechost.dll
0x00007fff1d110000 - 0x00007fff1d233000 	C:\WINDOWS\System32\RPCRT4.dll
0x00007fff1ada0000 - 0x00007fff1adc7000 	C:\WINDOWS\System32\bcrypt.dll
0x00007fff1d4f0000 - 0x00007fff1d68d000 	C:\WINDOWS\System32\USER32.dll
0x00007fff1b3b0000 - 0x00007fff1b3d2000 	C:\WINDOWS\System32\win32u.dll
0x00007fff1d690000 - 0x00007fff1d6bb000 	C:\WINDOWS\System32\GDI32.dll
0x00007fff1b600000 - 0x00007fff1b717000 	C:\WINDOWS\System32\gdi32full.dll
0x00007fff1ae60000 - 0x00007fff1aefd000 	C:\WINDOWS\System32\msvcp_win.dll
0x00007fff10980000 - 0x00007fff1099b000 	C:\Program Files\Java\jdk-17\bin\VCRUNTIME140.dll
0x00007fff0b5b0000 - 0x00007fff0b84a000 	C:\WINDOWS\WinSxS\amd64_microsoft.windows.common-controls_6595b64144ccf1df_6.0.19041.4355_none_60b8b9eb71f62e16\COMCTL32.dll
0x00007fff0d8d0000 - 0x00007fff0d8da000 	C:\WINDOWS\SYSTEM32\VERSION.dll
0x00007fff1bb30000 - 0x00007fff1bb5f000 	C:\WINDOWS\System32\IMM32.DLL
0x00007fff12ab0000 - 0x00007fff12abc000 	C:\Program Files\Java\jdk-17\bin\vcruntime140_1.dll
0x00007ffee9ea0000 - 0x00007ffee9f2e000 	C:\Program Files\Java\jdk-17\bin\msvcp140.dll
0x00007ffeca7d0000 - 0x00007ffecb3af000 	C:\Program Files\Java\jdk-17\bin\server\jvm.dll
0x00007fff1d6c0000 - 0x00007fff1d6c8000 	C:\WINDOWS\System32\PSAPI.DLL
0x00007fff128f0000 - 0x00007fff128f9000 	C:\WINDOWS\SYSTEM32\WSOCK32.dll
0x00007fff1cfe0000 - 0x00007fff1d04b000 	C:\WINDOWS\System32\WS2_32.dll
0x00007ffef8e20000 - 0x00007ffef8e47000 	C:\WINDOWS\SYSTEM32\WINMM.dll
0x00007fff195c0000 - 0x00007fff195d2000 	C:\WINDOWS\SYSTEM32\kernel.appcore.dll
0x00007fff126e0000 - 0x00007fff126ea000 	C:\Program Files\Java\jdk-17\bin\jimage.dll
0x00007fff192f0000 - 0x00007fff194d4000 	C:\WINDOWS\SYSTEM32\DBGHELP.DLL
0x00007ffefce30000 - 0x00007ffefce64000 	C:\WINDOWS\SYSTEM32\dbgcore.DLL
0x00007fff1add0000 - 0x00007fff1ae52000 	C:\WINDOWS\System32\bcryptPrimitives.dll
0x00007fff0ab50000 - 0x00007fff0ab5e000 	C:\Program Files\Java\jdk-17\bin\instrument.dll
0x00007fff09960000 - 0x00007fff09985000 	C:\Program Files\Java\jdk-17\bin\java.dll
0x00007ffee7070000 - 0x00007ffee7147000 	C:\Program Files\Java\jdk-17\bin\jsvml.dll
0x00007fff1c500000 - 0x00007fff1cc6e000 	C:\WINDOWS\System32\SHELL32.dll
0x00007fff18a70000 - 0x00007fff19214000 	C:\WINDOWS\SYSTEM32\windows.storage.dll
0x00007fff1b720000 - 0x00007fff1ba75000 	C:\WINDOWS\System32\combase.dll
0x00007fff1a700000 - 0x00007fff1a72f000 	C:\WINDOWS\SYSTEM32\Wldp.dll
0x00007fff1bde0000 - 0x00007fff1bead000 	C:\WINDOWS\System32\OLEAUT32.dll
0x00007fff1ba80000 - 0x00007fff1bb2d000 	C:\WINDOWS\System32\SHCORE.dll
0x00007fff1d3d0000 - 0x00007fff1d425000 	C:\WINDOWS\System32\shlwapi.dll
0x00007fff1acd0000 - 0x00007fff1acf4000 	C:\WINDOWS\SYSTEM32\profapi.dll
0x00007fff0acd0000 - 0x00007fff0ace8000 	C:\Program Files\Java\jdk-17\bin\zip.dll
0x00007fff0cf80000 - 0x00007fff0cf99000 	C:\Program Files\Java\jdk-17\bin\net.dll
0x00007fff0db50000 - 0x00007fff0dc5d000 	C:\WINDOWS\SYSTEM32\WINHTTP.dll
0x00007fff1a460000 - 0x00007fff1a4ca000 	C:\WINDOWS\system32\mswsock.dll
0x00007fff0c0b0000 - 0x00007fff0c0c6000 	C:\Program Files\Java\jdk-17\bin\nio.dll
0x00007fff0d240000 - 0x00007fff0d250000 	C:\Program Files\Java\jdk-17\bin\verify.dll
0x00007ffef9230000 - 0x00007ffef9257000 	C:\Users\Lenovo\.gradle\native\68d5fa5c4cc2d200863cafc0d521ce42e7d3e7ee720ec0a83991735586a16f82\windows-amd64\native-platform.dll
0x00007ffee4930000 - 0x00007ffee4a74000 	C:\Users\Lenovo\.gradle\native\e376f236ea51e6404a007f0833ffe2c6e607c4080706a723a18a27aeea778392\windows-amd64\native-platform-file-events.dll
0x00007fff0bc30000 - 0x00007fff0bc3a000 	C:\Program Files\Java\jdk-17\bin\management.dll
0x00007fff0b850000 - 0x00007fff0b85b000 	C:\Program Files\Java\jdk-17\bin\management_ext.dll
0x00007fff1a660000 - 0x00007fff1a678000 	C:\WINDOWS\SYSTEM32\CRYPTSP.dll
0x00007fff19d80000 - 0x00007fff19db4000 	C:\WINDOWS\system32\rsaenh.dll
0x00007fff1ac90000 - 0x00007fff1acbe000 	C:\WINDOWS\SYSTEM32\USERENV.dll
0x00007fff1a650000 - 0x00007fff1a65c000 	C:\WINDOWS\SYSTEM32\CRYPTBASE.dll
0x00007fff1a140000 - 0x00007fff1a17b000 	C:\WINDOWS\SYSTEM32\IPHLPAPI.DLL
0x00007fff1d3c0000 - 0x00007fff1d3c8000 	C:\WINDOWS\System32\NSI.dll
0x00007fff109f0000 - 0x00007fff10a07000 	C:\WINDOWS\SYSTEM32\dhcpcsvc6.DLL
0x00007fff13be0000 - 0x00007fff13bfd000 	C:\WINDOWS\SYSTEM32\dhcpcsvc.DLL
0x00007fff1a180000 - 0x00007fff1a24a000 	C:\WINDOWS\SYSTEM32\DNSAPI.dll
0x00007fff0a670000 - 0x00007fff0a67e000 	C:\Program Files\Java\jdk-17\bin\sunmscapi.dll
0x00007fff1b3e0000 - 0x00007fff1b53c000 	C:\WINDOWS\System32\CRYPT32.dll
0x00007fff1a770000 - 0x00007fff1a797000 	C:\WINDOWS\SYSTEM32\ncrypt.dll
0x00007fff1a730000 - 0x00007fff1a76b000 	C:\WINDOWS\SYSTEM32\NTASN1.dll
0x00007fff08390000 - 0x00007fff08397000 	C:\WINDOWS\system32\wshunix.dll
0x00007fff08aa0000 - 0x00007fff08aaa000 	C:\Windows\System32\rasadhlp.dll
0x00007fff08e90000 - 0x00007fff08f10000 	C:\WINDOWS\System32\fwpuclnt.dll
0x00007ffefe260000 - 0x00007ffefe277000 	C:\WINDOWS\system32\napinsp.dll
0x00007ffefe240000 - 0x00007ffefe25b000 	C:\WINDOWS\system32\pnrpnsp.dll
0x00007ffefe220000 - 0x00007ffefe235000 	C:\WINDOWS\system32\wshbth.dll
0x00007fff15e50000 - 0x00007fff15e6d000 	C:\WINDOWS\system32\NLAapi.dll
0x00007ffefe200000 - 0x00007ffefe212000 	C:\WINDOWS\System32\winrnr.dll

dbghelp: loaded successfully - version: 4.0.5 - missing functions: none
symbol engine: initialized successfully - sym options: 0x614 - pdb path: .;C:\Program Files\Java\jdk-17\bin;C:\WINDOWS\SYSTEM32;C:\WINDOWS\WinSxS\amd64_microsoft.windows.common-controls_6595b64144ccf1df_6.0.19041.4355_none_60b8b9eb71f62e16;C:\Program Files\Java\jdk-17\bin\server;C:\Users\Lenovo\.gradle\native\68d5fa5c4cc2d200863cafc0d521ce42e7d3e7ee720ec0a83991735586a16f82\windows-amd64;C:\Users\Lenovo\.gradle\native\e376f236ea51e6404a007f0833ffe2c6e607c4080706a723a18a27aeea778392\windows-amd64

VM Arguments:
jvm_args: -XX:MaxMetaspaceSize=512m --add-opens=java.base/java.util=ALL-UNNAMED --add-opens=java.base/java.lang=ALL-UNNAMED --add-opens=java.base/java.lang.invoke=ALL-UNNAMED --add-opens=java.prefs/java.util.prefs=ALL-UNNAMED --add-opens=java.base/java.nio.charset=ALL-UNNAMED --add-opens=java.base/java.net=ALL-UNNAMED --add-opens=java.base/java.util.concurrent.atomic=ALL-UNNAMED -Xmx2048m -Dfile.encoding=windows-1252 -Duser.country=IN -Duser.language=en -Duser.variant -javaagent:C:\Users\Lenovo\.gradle\wrapper\dists\gradle-8.3-all\6en3ugtfdg5xnpx44z4qbwgas\gradle-8.3\lib\agents\gradle-instrumentation-agent-8.3.jar 
java_command: org.gradle.launcher.daemon.bootstrap.GradleDaemon 8.3
java_class_path (initial): C:\Users\Lenovo\.gradle\wrapper\dists\gradle-8.3-all\6en3ugtfdg5xnpx44z4qbwgas\gradle-8.3\lib\gradle-launcher-8.3.jar
Launcher Type: SUN_STANDARD

[Global flags]
     intx CICompilerCount                          = 3                                         {product} {ergonomic}
   size_t CompressedClassSpaceSize                 = 436207616                                 {product} {ergonomic}
     uint ConcGCThreads                            = 1                                         {product} {ergonomic}
     uint G1ConcRefinementThreads                  = 4                                         {product} {ergonomic}
   size_t G1HeapRegionSize                         = 1048576                                   {product} {ergonomic}
    uintx GCDrainStackTargetSize                   = 64                                        {product} {ergonomic}
   size_t InitialHeapSize                          = 67108864                                  {product} {ergonomic}
   size_t MarkStackSize                            = 4194304                                   {product} {ergonomic}
   size_t MaxHeapSize                              = 2147483648                                {product} {command line}
   size_t MaxMetaspaceSize                         = 536870912                                 {product} {command line}
   size_t MaxNewSize                               = 1287651328                                {product} {ergonomic}
   size_t MinHeapDeltaBytes                        = 1048576                                   {product} {ergonomic}
   size_t MinHeapSize                              = 8388608                                   {product} {ergonomic}
    uintx NonNMethodCodeHeapSize                   = 5832780                                {pd product} {ergonomic}
    uintx NonProfiledCodeHeapSize                  = 122912730                              {pd product} {ergonomic}
    uintx ProfiledCodeHeapSize                     = 122912730                              {pd product} {ergonomic}
    uintx ReservedCodeCacheSize                    = 251658240                              {pd product} {ergonomic}
     bool SegmentedCodeCache                       = true                                      {product} {ergonomic}
   size_t SoftMaxHeapSize                          = 2147483648                             {manageable} {ergonomic}
     bool UseCompressedClassPointers               = true                           {product lp64_product} {ergonomic}
     bool UseCompressedOops                        = true                           {product lp64_product} {ergonomic}
     bool UseG1GC                                  = true                                      {product} {ergonomic}
     bool UseLargePagesIndividualAllocation        = false                                  {pd product} {ergonomic}

Logging:
Log output configuration:
 #0: stdout all=warning uptime,level,tags
 #1: stderr all=off uptime,level,tags

Environment Variables:
JAVA_HOME=C:\Program Files\Java\jdk-17
CLASSPATH=C:\Users\Lenovo\IoAlumniPortal\android\\gradle\wrapper\gradle-wrapper.jar
PATH=C:\Users\Lenovo\IoAlumniPortal\node_modules\.bin;C:\Users\Lenovo\node_modules\.bin;C:\Users\node_modules\.bin;C:\node_modules\.bin;C:\Program Files\nodejs\node_modules\npm\node_modules\@npmcli\run-script\lib\node-gyp-bin;C:\Program Files\Common Files\Oracle\Java\javapath;C:\Program Files\Microsoft\jdk-11.0.18.10-hotspot\bin;C:\WINDOWS\system32;C:\WINDOWS;C:\WINDOWS\System32\Wbem;C:\WINDOWS\System32\WindowsPowerShell\v1.0\;C:\WINDOWS\System32\OpenSSH\;C:\Program Files\nodejs\;C:\Users\Lenovo\AppData\Local\Android\Sdk\platform-tools;C:\ProgramData\chocolatey\bin;C:\Users\Lenovo\AppData\Local\Android\Sdk;C:\Users\Lenovo\AppData\Roaming\npm;C:\Program Files\Git\cmd;C:\Program Files\Git\bin;C:\Program Files\PuTTY\;C:\Program Files\Java\jdk-17\bin;C:\Program Files\Common Files\Oracle\Java\javapath;C:\Program Files\Microsoft\jdk-11.0.18.10-hotspot\bin;C:\WINDOWS\system32;C:\WINDOWS;C:\WINDOWS\System32\Wbem;C:\WINDOWS\System32\WindowsPowerShell\v1.0\;C:\WINDOWS\System32\OpenSSH\;C:\Program Files\nodejs\;C:\Users\Lenovo\AppData\Local\Android\Sdk\platform-tools;C:\ProgramData\chocolatey\bin;C:\Users\Lenovo\AppData\Local\Android\Sdk;C:\Users\Lenovo\AppData\Roaming\npm;C:\Program Files\Git\cmd;C:\Program Files\Git\bin;C:\Program Files\PuTTY\;C:\Program Files\Java\jdk-17\bin;;C:\Users\Lenovo\AppData\Roaming\npm;C:\Users\Lenovo\AppData\Local\Programs\Microsoft VS Code\bin;C:\Program Files\Git\bin;C:\Users\Lenovo\AppData\Local\GitHubDesktop\bin
USERNAME=Lenovo
LANG=en_US.UTF-8
OS=Windows_NT
PROCESSOR_IDENTIFIER=Intel64 Family 6 Model 142 Stepping 10, GenuineIntel



---------------  S Y S T E M  ---------------

OS:
 Windows 10 , 64 bit Build 19041 (10.0.19041.5198)
OS uptime: 2 days 6:40 hours

CPU: total 4 (initial active 4) (2 cores per cpu, 2 threads per core) family 6 model 142 stepping 10 microcode 0xb4, cx8, cmov, fxsr, ht, mmx, 3dnowpref, sse, sse2, sse3, ssse3, sse4.1, sse4.2, popcnt, lzcnt, tsc, tscinvbit, avx, avx2, aes, erms, clmul, bmi1, bmi2, adx, fma, vzeroupper, clflush, clflushopt

Memory: 4k page, system-wide physical 4005M (93M free)
TotalPageFile size 16293M (AvailPageFile size 121M)
current process WorkingSet (physical memory assigned to process): 281M, peak: 340M
current process commit charge ("private bytes"): 631M, peak: 809M

vm_info: Java HotSpot(TM) 64-Bit Server VM (17.0.10+11-LTS-240) for windows-amd64 JRE (17.0.10+11-LTS-240), built on Dec 19 2023 21:47:25 by "mach5one" with MS VC++ 17.1 (VS2022)

END.
