#
# There is insufficient memory for the Java Runtime Environment to continue.
# Native memory allocation (mmap) failed to map 559939584 bytes for G1 virtual space
# Possible reasons:
#   The system is out of physical RAM or swap space
#   The process is running with CompressedOops enabled, and the Java Heap may be blocking the growth of the native heap
# Possible solutions:
#   Reduce memory load on the system
#   Increase physical memory or swap space
#   Check if swap backing store is full
#   Decrease Java heap size (-Xmx/-Xms)
#   Decrease number of Java threads
#   Decrease Java thread stack sizes (-Xss)
#   Set larger code cache with -XX:ReservedCodeCacheSize=
#   JVM is running with Unscaled Compressed Oops mode in which the Java heap is
#     placed in the first 4GB address space. The Java Heap base address is the
#     maximum limit for the native heap growth. Please use -XX:HeapBaseMinAddress
#     to set the Java Heap base and to place the Java Heap above 4GB virtual address.
# This output file may be truncated or incomplete.
#
#  Out of Memory Error (os_windows.cpp:3548), pid=11796, tid=7956
#
# JRE version: Java(TM) SE Runtime Environment (17.0.10+11) (build 17.0.10+11-LTS-240)
# Java VM: Java HotSpot(TM) 64-Bit Server VM (17.0.10+11-LTS-240, mixed mode, sharing, tiered, compressed oops, compressed class ptrs, g1 gc, windows-amd64)
# No core dump will be written. Minidumps are not enabled by default on client versions of Windows
#

---------------  S U M M A R Y ------------

Command Line: -XX:MaxMetaspaceSize=512m --add-opens=java.base/java.util=ALL-UNNAMED --add-opens=java.base/java.lang=ALL-UNNAMED --add-opens=java.base/java.lang.invoke=ALL-UNNAMED --add-opens=java.prefs/java.util.prefs=ALL-UNNAMED --add-opens=java.base/java.nio.charset=ALL-UNNAMED --add-opens=java.base/java.net=ALL-UNNAMED --add-opens=java.base/java.util.concurrent.atomic=ALL-UNNAMED -Xmx2048m -Dfile.encoding=windows-1252 -Duser.country=IN -Duser.language=en -Duser.variant -javaagent:C:\Users\Lenovo\.gradle\wrapper\dists\gradle-8.3-all\6en3ugtfdg5xnpx44z4qbwgas\gradle-8.3\lib\agents\gradle-instrumentation-agent-8.3.jar org.gradle.launcher.daemon.bootstrap.GradleDaemon 8.3

Host: Intel(R) Core(TM) i3-7020U CPU @ 2.30GHz, 4 cores, 3G,  Windows 10 , 64 bit Build 19041 (10.0.19041.5198)
Time: Thu Jan 23 17:19:06 2025 India Standard Time elapsed time: 239.573928 seconds (0d 0h 3m 59s)

---------------  T H R E A D  ---------------

Current thread (0x00000292c966cf80):  VMThread "VM Thread" [stack: 0x000000a236b00000,0x000000a236c00000] [id=7956]

Stack: [0x000000a236b00000,0x000000a236c00000]
Native frames: (J=compiled Java code, j=interpreted, Vv=VM code, C=native code)
V  [jvm.dll+0x677a5a]
V  [jvm.dll+0x7d8b2d]
V  [jvm.dll+0x7da48e]
V  [jvm.dll+0x7daaf3]
V  [jvm.dll+0x2455ff]
V  [jvm.dll+0x6749b9]
V  [jvm.dll+0x669382]
V  [jvm.dll+0x302e96]
V  [jvm.dll+0x30a416]
V  [jvm.dll+0x359cbe]
V  [jvm.dll+0x359eef]
V  [jvm.dll+0x2d9e88]
V  [jvm.dll+0x2d8295]
V  [jvm.dll+0x2d789c]
V  [jvm.dll+0x31b18b]
V  [jvm.dll+0x7df30b]
V  [jvm.dll+0x7e0044]
V  [jvm.dll+0x7e055d]
V  [jvm.dll+0x7e0934]
V  [jvm.dll+0x7e0a00]
V  [jvm.dll+0x78888a]
V  [jvm.dll+0x676935]
C  [ucrtbase.dll+0x21bb2]
C  [KERNEL32.DLL+0x17374]
C  [ntdll.dll+0x4cc91]

VM_Operation (0x000000a237ff6b30): G1CollectForAllocation, mode: safepoint, requested by thread 0x00000292eac3d990


---------------  P R O C E S S  ---------------

Threads class SMR info:
_java_thread_list=0x00000292f351ca50, length=76, elements={
0x00000292abd5bdf0, 0x00000292c9674b10, 0x00000292c96758a0, 0x00000292c9688780,
0x00000292c968ba70, 0x00000292c968e450, 0x00000292c968ed20, 0x00000292c96901e0,
0x00000292c96f1290, 0x00000292c96f5240, 0x00000292c965f220, 0x00000292c99e7380,
0x00000292e9de6e30, 0x00000292ea110820, 0x00000292ea1299b0, 0x00000292c9966a40,
0x00000292e9d399e0, 0x00000292ea5e24f0, 0x00000292ea5e0ba0, 0x00000292ea5e0180,
0x00000292ea5df250, 0x00000292ea5dcee0, 0x00000292ea5e3e40, 0x00000292ea5dfc70,
0x00000292ea5dc9d0, 0x00000292ea5de320, 0x00000292ea5e2a00, 0x00000292ea5e10b0,
0x00000292ea5dde10, 0x00000292ec0e0f90, 0x00000292ec0e14a0, 0x00000292eac3cf70,
0x00000292eac3d480, 0x00000292eac3d990, 0x00000292eac3f2e0, 0x00000292eac40720,
0x00000292eac40c30, 0x00000292eac3f7f0, 0x00000292eac3ca60, 0x00000292eac3b620,
0x00000292eac3dea0, 0x00000292eac3c040, 0x00000292eac40210, 0x00000292eac3e3b0,
0x00000292eac3edd0, 0x00000292eac41140, 0x00000292eac3ac00, 0x00000292eac41650,
0x00000292eac42070, 0x00000292eac42580, 0x00000292eac3b110, 0x00000292ec0de710,
0x00000292ec0e19b0, 0x00000292ec0dfb50, 0x00000292ec0df130, 0x00000292ec0e6090,
0x00000292ec0df640, 0x00000292ec0e1ec0, 0x00000292ec0e28e0, 0x00000292ec0e2df0,
0x00000292ec0e3300, 0x00000292ec0e3d20, 0x00000292ec0dec20, 0x00000292ec0e4c50,
0x00000292ec0e5160, 0x00000292ec0e5670, 0x00000292ea5df760, 0x00000292ea5e1fe0,
0x00000292ea5e3420, 0x00000292ea5e4350, 0x00000292ea5e3930, 0x00000292ea5e0690,
0x00000292ea5dd3f0, 0x00000292e9d38ab0, 0x00000292e9d394d0, 0x00000292e9d38090
}

Java Threads: ( => current thread )
  0x00000292abd5bdf0 JavaThread "main" [_thread_blocked, id=12276, stack(0x000000a236500000,0x000000a236600000)]
  0x00000292c9674b10 JavaThread "Reference Handler" daemon [_thread_blocked, id=15336, stack(0x000000a236c00000,0x000000a236d00000)]
  0x00000292c96758a0 JavaThread "Finalizer" daemon [_thread_blocked, id=14984, stack(0x000000a236d00000,0x000000a236e00000)]
  0x00000292c9688780 JavaThread "Signal Dispatcher" daemon [_thread_blocked, id=4616, stack(0x000000a236e00000,0x000000a236f00000)]
  0x00000292c968ba70 JavaThread "Attach Listener" daemon [_thread_blocked, id=16468, stack(0x000000a236f00000,0x000000a237000000)]
  0x00000292c968e450 JavaThread "Service Thread" daemon [_thread_blocked, id=9248, stack(0x000000a237000000,0x000000a237100000)]
  0x00000292c968ed20 JavaThread "Monitor Deflation Thread" daemon [_thread_blocked, id=15400, stack(0x000000a237100000,0x000000a237200000)]
  0x00000292c96901e0 JavaThread "C2 CompilerThread0" daemon [_thread_in_native, id=14624, stack(0x000000a237200000,0x000000a237300000)]
  0x00000292c96f1290 JavaThread "C1 CompilerThread0" daemon [_thread_blocked, id=17368, stack(0x000000a237300000,0x000000a237400000)]
  0x00000292c96f5240 JavaThread "Sweeper thread" daemon [_thread_blocked, id=14988, stack(0x000000a237400000,0x000000a237500000)]
  0x00000292c965f220 JavaThread "Common-Cleaner" daemon [_thread_blocked, id=15292, stack(0x000000a237500000,0x000000a237600000)]
  0x00000292c99e7380 JavaThread "Notification Thread" daemon [_thread_blocked, id=11944, stack(0x000000a237600000,0x000000a237700000)]
  0x00000292e9de6e30 JavaThread "Daemon health stats" [_thread_blocked, id=2732, stack(0x000000a237b00000,0x000000a237c00000)]
  0x00000292ea110820 JavaThread "Incoming local TCP Connector on port 53394" [_thread_in_native, id=6572, stack(0x000000a237c00000,0x000000a237d00000)]
  0x00000292ea1299b0 JavaThread "Daemon periodic checks" [_thread_blocked, id=3636, stack(0x000000a237d00000,0x000000a237e00000)]
  0x00000292c9966a40 JavaThread "Daemon" [_thread_blocked, id=1964, stack(0x000000a237e00000,0x000000a237f00000)]
  0x00000292e9d399e0 JavaThread "Cache worker for journal cache (C:\Users\Lenovo\.gradle\caches\journal-1)" [_thread_blocked, id=7580, stack(0x000000a238500000,0x000000a238600000)]
  0x00000292ea5e24f0 JavaThread "File lock request listener" [_thread_in_native, id=3020, stack(0x000000a238600000,0x000000a238700000)]
  0x00000292ea5e0ba0 JavaThread "Cache worker for file hash cache (C:\Users\Lenovo\.gradle\caches\8.3\fileHashes)" [_thread_blocked, id=10392, stack(0x000000a238700000,0x000000a238800000)]
  0x00000292ea5e0180 JavaThread "File watcher server" daemon [_thread_blocked, id=9744, stack(0x000000a238800000,0x000000a238900000)]
  0x00000292ea5df250 JavaThread "File watcher consumer" daemon [_thread_blocked, id=3116, stack(0x000000a238900000,0x000000a238a00000)]
  0x00000292ea5dcee0 JavaThread "Cache worker for file content cache (C:\Users\Lenovo\.gradle\caches\8.3\fileContent)" [_thread_blocked, id=11700, stack(0x000000a238d00000,0x000000a238e00000)]
  0x00000292ea5e3e40 JavaThread "Cache worker for execution history cache (C:\Users\Lenovo\.gradle\caches\8.3\executionHistory)" [_thread_blocked, id=3436, stack(0x000000a238f00000,0x000000a239000000)]
  0x00000292ea5dfc70 JavaThread "jar transforms" [_thread_blocked, id=14356, stack(0x000000a239000000,0x000000a239100000)]
  0x00000292ea5dc9d0 JavaThread "jar transforms Thread 2" [_thread_blocked, id=11236, stack(0x000000a239100000,0x000000a239200000)]
  0x00000292ea5de320 JavaThread "jar transforms Thread 3" [_thread_blocked, id=12780, stack(0x000000a239200000,0x000000a239300000)]
  0x00000292ea5e2a00 JavaThread "jar transforms Thread 4" [_thread_blocked, id=16596, stack(0x000000a239300000,0x000000a239400000)]
  0x00000292ea5e10b0 JavaThread "Cache worker for kotlin-dsl (C:\Users\Lenovo\.gradle\caches\8.3\kotlin-dsl)" [_thread_blocked, id=12776, stack(0x000000a239600000,0x000000a239700000)]
  0x00000292ea5dde10 JavaThread "Memory manager" [_thread_blocked, id=800, stack(0x000000a239c00000,0x000000a239d00000)]
  0x00000292ec0e0f90 JavaThread "ForkJoinPool.commonPool-worker-2" daemon [_thread_blocked, id=16856, stack(0x000000a239f00000,0x000000a23a000000)]
  0x00000292ec0e14a0 JavaThread "ForkJoinPool.commonPool-worker-3" daemon [_thread_blocked, id=14384, stack(0x000000a23a000000,0x000000a23a100000)]
  0x00000292eac3cf70 JavaThread "Handler for socket connection from /127.0.0.1:53394 to /127.0.0.1:53452" [_thread_in_native, id=8564, stack(0x000000a236300000,0x000000a236400000)]
  0x00000292eac3d480 JavaThread "Cancel handler" [_thread_blocked, id=14460, stack(0x000000a236400000,0x000000a236500000)]
  0x00000292eac3d990 JavaThread "Daemon worker Thread 2" [_thread_blocked, id=8932, stack(0x000000a237f00000,0x000000a238000000)]
  0x00000292eac3f2e0 JavaThread "Asynchronous log dispatcher for DefaultDaemonConnection: socket connection from /127.0.0.1:53394 to /127.0.0.1:53452" [_thread_blocked, id=11448, stack(0x000000a238000000,0x000000a238100000)]
  0x00000292eac40720 JavaThread "Stdin handler" [_thread_blocked, id=17380, stack(0x000000a238100000,0x000000a238200000)]
  0x00000292eac40c30 JavaThread "Daemon client event forwarder" [_thread_blocked, id=14928, stack(0x000000a238200000,0x000000a238300000)]
  0x00000292eac3f7f0 JavaThread "Cache worker for checksums cache (C:\Users\Lenovo\IoAlumniPortal\android\.gradle\8.3\checksums)" [_thread_blocked, id=9268, stack(0x000000a238300000,0x000000a238400000)]
  0x00000292eac3ca60 JavaThread "Cache worker for file hash cache (C:\Users\Lenovo\IoAlumniPortal\android\.gradle\8.3\fileHashes)" [_thread_blocked, id=15940, stack(0x000000a238400000,0x000000a238500000)]
  0x00000292eac3b620 JavaThread "Cache worker for cache directory md-supplier (C:\Users\Lenovo\.gradle\caches\8.3\md-supplier)" [_thread_blocked, id=15212, stack(0x000000a238a00000,0x000000a238b00000)]
  0x00000292eac3dea0 JavaThread "Cache worker for cache directory md-rule (C:\Users\Lenovo\.gradle\caches\8.3\md-rule)" [_thread_blocked, id=3128, stack(0x000000a238b00000,0x000000a238c00000)]
  0x00000292eac3c040 JavaThread "Unconstrained build operations" [_thread_blocked, id=12828, stack(0x000000a238c00000,0x000000a238d00000)]
  0x00000292eac40210 JavaThread "Unconstrained build operations Thread 2" [_thread_blocked, id=13120, stack(0x000000a238e00000,0x000000a238f00000)]
  0x00000292eac3e3b0 JavaThread "Cache worker for dependencies-accessors (C:\Users\Lenovo\IoAlumniPortal\android\.gradle\8.3\dependencies-accessors)" [_thread_blocked, id=14556, stack(0x000000a239500000,0x000000a239600000)]
  0x00000292eac3edd0 JavaThread "Cache worker for Build Output Cleanup Cache (C:\Users\Lenovo\IoAlumniPortal\node_modules\@react-native\gradle-plugin\.gradle\buildOutputCleanup)" [_thread_blocked, id=7140, stack(0x000000a239700000,0x000000a239800000)]
  0x00000292eac41140 JavaThread "Unconstrained build operations Thread 3" [_thread_blocked, id=10068, stack(0x000000a239800000,0x000000a239900000)]
  0x00000292eac3ac00 JavaThread "Unconstrained build operations Thread 4" [_thread_blocked, id=15488, stack(0x000000a239900000,0x000000a239a00000)]
  0x00000292eac41650 JavaThread "Unconstrained build operations Thread 5" [_thread_blocked, id=16196, stack(0x000000a239a00000,0x000000a239b00000)]
  0x00000292eac42070 JavaThread "Cache worker for Build Output Cleanup Cache (C:\Users\Lenovo\IoAlumniPortal\android\.gradle\buildOutputCleanup)" [_thread_blocked, id=13576, stack(0x000000a239b00000,0x000000a239c00000)]
  0x00000292eac42580 JavaThread "ForkJoinPool.commonPool-worker-4" daemon [_thread_blocked, id=2872, stack(0x000000a239d00000,0x000000a239e00000)]
  0x00000292eac3b110 JavaThread "included builds" [_thread_blocked, id=11932, stack(0x000000a239e00000,0x000000a239f00000)]
  0x00000292ec0de710 JavaThread "Execution worker" [_thread_blocked, id=888, stack(0x000000a23a100000,0x000000a23a200000)]
  0x00000292ec0e19b0 JavaThread "Execution worker Thread 2" [_thread_blocked, id=12284, stack(0x000000a23a200000,0x000000a23a300000)]
  0x00000292ec0dfb50 JavaThread "Execution worker Thread 3" [_thread_blocked, id=14876, stack(0x000000a23a300000,0x000000a23a400000)]
  0x00000292ec0df130 JavaThread "Cache worker for execution history cache (C:\Users\Lenovo\IoAlumniPortal\node_modules\@react-native\gradle-plugin\.gradle\8.3\executionHistory)" [_thread_blocked, id=1588, stack(0x000000a23a400000,0x000000a23a500000)]
  0x00000292ec0e6090 JavaThread "Unconstrained build operations Thread 6" [_thread_blocked, id=17080, stack(0x000000a23a500000,0x000000a23a600000)]
  0x00000292ec0df640 JavaThread "Unconstrained build operations Thread 7" [_thread_blocked, id=12120, stack(0x000000a23a600000,0x000000a23a700000)]
  0x00000292ec0e1ec0 JavaThread "Unconstrained build operations Thread 8" [_thread_blocked, id=2576, stack(0x000000a23a700000,0x000000a23a800000)]
  0x00000292ec0e28e0 JavaThread "Unconstrained build operations Thread 9" [_thread_blocked, id=7496, stack(0x000000a23a800000,0x000000a23a900000)]
  0x00000292ec0e2df0 JavaThread "Unconstrained build operations Thread 10" [_thread_blocked, id=216, stack(0x000000a23a900000,0x000000a23aa00000)]
  0x00000292ec0e3300 JavaThread "Unconstrained build operations Thread 11" [_thread_blocked, id=15988, stack(0x000000a23aa00000,0x000000a23ab00000)]
  0x00000292ec0e3d20 JavaThread "Unconstrained build operations Thread 12" [_thread_blocked, id=8692, stack(0x000000a23ab00000,0x000000a23ac00000)]
  0x00000292ec0dec20 JavaThread "Unconstrained build operations Thread 13" [_thread_blocked, id=15836, stack(0x000000a23ad00000,0x000000a23ae00000)]
  0x00000292ec0e4c50 JavaThread "Unconstrained build operations Thread 14" [_thread_blocked, id=9628, stack(0x000000a239400000,0x000000a239500000)]
  0x00000292ec0e5160 JavaThread "Unconstrained build operations Thread 15" [_thread_blocked, id=11128, stack(0x000000a23ae00000,0x000000a23af00000)]
  0x00000292ec0e5670 JavaThread "Unconstrained build operations Thread 16" [_thread_blocked, id=6052, stack(0x000000a23af00000,0x000000a23b000000)]
  0x00000292ea5df760 JavaThread "Unconstrained build operations Thread 17" [_thread_blocked, id=11336, stack(0x000000a23b000000,0x000000a23b100000)]
  0x00000292ea5e1fe0 JavaThread "Unconstrained build operations Thread 18" [_thread_blocked, id=6136, stack(0x000000a23b100000,0x000000a23b200000)]
  0x00000292ea5e3420 JavaThread "Unconstrained build operations Thread 19" [_thread_blocked, id=8388, stack(0x000000a23b200000,0x000000a23b300000)]
  0x00000292ea5e4350 JavaThread "Unconstrained build operations Thread 20" [_thread_blocked, id=11488, stack(0x000000a23b300000,0x000000a23b400000)]
  0x00000292ea5e3930 JavaThread "Unconstrained build operations Thread 21" [_thread_blocked, id=2736, stack(0x000000a23b400000,0x000000a23b500000)]
  0x00000292ea5e0690 JavaThread "Unconstrained build operations Thread 22" [_thread_blocked, id=17236, stack(0x000000a23b500000,0x000000a23b600000)]
  0x00000292ea5dd3f0 JavaThread "Unconstrained build operations Thread 23" [_thread_blocked, id=14908, stack(0x000000a23b600000,0x000000a23b700000)]
  0x00000292e9d38ab0 JavaThread "Unconstrained build operations Thread 24" [_thread_blocked, id=10032, stack(0x000000a23b700000,0x000000a23b800000)]
  0x00000292e9d394d0 JavaThread "Unconstrained build operations Thread 25" [_thread_blocked, id=3156, stack(0x000000a23b800000,0x000000a23b900000)]
  0x00000292e9d38090 JavaThread "Unconstrained build operations Thread 26" [_thread_blocked, id=1616, stack(0x000000a23b900000,0x000000a23ba00000)]

Other Threads:
=>0x00000292c966cf80 VMThread "VM Thread" [stack: 0x000000a236b00000,0x000000a236c00000] [id=7956]
  0x00000292c99e7860 WatcherThread [stack: 0x000000a237700000,0x000000a237800000] [id=4636]
  0x00000292abdb6820 GCTaskThread "GC Thread#0" [stack: 0x000000a236600000,0x000000a236700000] [id=2916]
  0x00000292c9a055c0 GCTaskThread "GC Thread#1" [stack: 0x000000a237800000,0x000000a237900000] [id=9516]
  0x00000292c9c3ead0 GCTaskThread "GC Thread#2" [stack: 0x000000a237900000,0x000000a237a00000] [id=6428]
  0x00000292e99ff850 GCTaskThread "GC Thread#3" [stack: 0x000000a237a00000,0x000000a237b00000] [id=17228]
  0x00000292abdc7680 ConcurrentGCThread "G1 Main Marker" [stack: 0x000000a236700000,0x000000a236800000] [id=9460]
  0x00000292abdc7fa0 ConcurrentGCThread "G1 Conc#0" [stack: 0x000000a236800000,0x000000a236900000] [id=11992]
  0x00000292abe12e70 ConcurrentGCThread "G1 Refine#0" [stack: 0x000000a236900000,0x000000a236a00000] [id=6224]
  0x00000292abe12b80 ConcurrentGCThread "G1 Refine#1" [stack: 0x000000a23ac00000,0x000000a23ad00000] [id=6844]
  0x00000292abe166f0 ConcurrentGCThread "G1 Service" [stack: 0x000000a236a00000,0x000000a236b00000] [id=17120]

Threads with active compile tasks:
C2 CompilerThread0   239651 13068       4       org.gradle.internal.component.model.DefaultComponentGraphResolveState$DefaultConfigurationGraphResolveState::getAttributes (5 bytes)

VM state: at safepoint (normal execution)

VM Mutex/Monitor currently owned by a thread:  ([mutex/lock_event])
[0x00000292abd580c0] Threads_lock - owner thread: 0x00000292c966cf80
[0x00000292abd588a0] Heap_lock - owner thread: 0x00000292eac3d990

Heap address: 0x0000000080000000, size: 2048 MB, Compressed Oops mode: 32-bit

CDS archive(s) mapped at: [0x00000292ca000000-0x00000292cabd0000-0x00000292cabd0000), size 12386304, SharedBaseAddress: 0x00000292ca000000, ArchiveRelocationMode: 1.
Compressed class space mapped at: 0x00000292cb000000-0x00000292e5000000, reserved size: 436207616
Narrow klass base: 0x00000292ca000000, Narrow klass shift: 0, Narrow klass range: 0x100000000

GC Precious Log:
 CPUs: 4 total, 4 available
 Memory: 4005M
 Large Page Support: Disabled
 NUMA Support: Disabled
 Compressed Oops: Enabled (32-bit)
 Heap Region Size: 1M
 Heap Min Capacity: 8M
 Heap Initial Capacity: 64M
 Heap Max Capacity: 2G
 Pre-touch: Disabled
 Parallel Workers: 4
 Concurrent Workers: 1
 Concurrent Refinement Workers: 4
 Periodic GC: Disabled

Heap:
 garbage-first heap   total 288768K, used 154624K [0x0000000080000000, 0x0000000100000000)
  region size 1024K, 2 young (2048K), 2 survivors (2048K)
 Metaspace       used 92479K, committed 93696K, reserved 557056K
  class space    used 12951K, committed 13504K, reserved 425984K

Heap Regions: E=young(eden), S=young(survivor), O=old, HS=humongous(starts), HC=humongous(continues), CS=collection set, F=free, OA=open archive, CA=closed archive, TAMS=top-at-mark-start (previous, next)
|   0|0x0000000080000000, 0x0000000080100000, 0x0000000080100000|100%| O|  |TAMS 0x0000000080100000, 0x0000000080000000| Untracked 
|   1|0x0000000080100000, 0x0000000080200000, 0x0000000080200000|100%| O|  |TAMS 0x0000000080200000, 0x0000000080100000| Untracked 
|   2|0x0000000080200000, 0x0000000080300000, 0x0000000080300000|100%|HS|  |TAMS 0x0000000080300000, 0x0000000080200000| Complete 
|   3|0x0000000080300000, 0x0000000080400000, 0x0000000080400000|100%|HC|  |TAMS 0x0000000080400000, 0x0000000080300000| Complete 
|   4|0x0000000080400000, 0x0000000080500000, 0x0000000080500000|100%|HC|  |TAMS 0x0000000080500000, 0x0000000080400000| Complete 
|   5|0x0000000080500000, 0x0000000080600000, 0x0000000080600000|100%|HC|  |TAMS 0x0000000080600000, 0x0000000080500000| Complete 
|   6|0x0000000080600000, 0x0000000080700000, 0x0000000080700000|100%| O|  |TAMS 0x0000000080700000, 0x0000000080600000| Untracked 
|   7|0x0000000080700000, 0x0000000080800000, 0x0000000080800000|100%| O|  |TAMS 0x0000000080800000, 0x0000000080700000| Untracked 
|   8|0x0000000080800000, 0x0000000080900000, 0x0000000080900000|100%| O|  |TAMS 0x0000000080900000, 0x0000000080800000| Untracked 
|   9|0x0000000080900000, 0x0000000080a00000, 0x0000000080a00000|100%| O|  |TAMS 0x0000000080a00000, 0x0000000080900000| Untracked 
|  10|0x0000000080a00000, 0x0000000080b00000, 0x0000000080b00000|100%| O|  |TAMS 0x0000000080b00000, 0x0000000080a00000| Untracked 
|  11|0x0000000080b00000, 0x0000000080c00000, 0x0000000080c00000|100%| O|  |TAMS 0x0000000080c00000, 0x0000000080b00000| Untracked 
|  12|0x0000000080c00000, 0x0000000080d00000, 0x0000000080d00000|100%| O|  |TAMS 0x0000000080d00000, 0x0000000080c00000| Untracked 
|  13|0x0000000080d00000, 0x0000000080e00000, 0x0000000080e00000|100%| O|  |TAMS 0x0000000080e00000, 0x0000000080d00000| Untracked 
|  14|0x0000000080e00000, 0x0000000080f00000, 0x0000000080f00000|100%| O|  |TAMS 0x0000000080f00000, 0x0000000080e00000| Untracked 
|  15|0x0000000080f00000, 0x0000000081000000, 0x0000000081000000|100%| O|  |TAMS 0x0000000081000000, 0x0000000080f00000| Untracked 
|  16|0x0000000081000000, 0x0000000081100000, 0x0000000081100000|100%| O|  |TAMS 0x0000000081100000, 0x0000000081000000| Untracked 
|  17|0x0000000081100000, 0x0000000081200000, 0x0000000081200000|100%| O|  |TAMS 0x0000000081200000, 0x0000000081100000| Untracked 
|  18|0x0000000081200000, 0x0000000081300000, 0x0000000081300000|100%| O|  |TAMS 0x0000000081300000, 0x0000000081200000| Untracked 
|  19|0x0000000081300000, 0x0000000081400000, 0x0000000081400000|100%| O|  |TAMS 0x0000000081400000, 0x0000000081300000| Untracked 
|  20|0x0000000081400000, 0x0000000081500000, 0x0000000081500000|100%| O|  |TAMS 0x0000000081500000, 0x0000000081400000| Untracked 
|  21|0x0000000081500000, 0x0000000081600000, 0x0000000081600000|100%| O|  |TAMS 0x0000000081600000, 0x0000000081500000| Untracked 
|  22|0x0000000081600000, 0x0000000081700000, 0x0000000081700000|100%| O|  |TAMS 0x0000000081700000, 0x0000000081600000| Untracked 
|  23|0x0000000081700000, 0x0000000081800000, 0x0000000081800000|100%| O|  |TAMS 0x0000000081800000, 0x0000000081700000| Untracked 
|  24|0x0000000081800000, 0x0000000081900000, 0x0000000081900000|100%| O|  |TAMS 0x0000000081900000, 0x0000000081800000| Untracked 
|  25|0x0000000081900000, 0x0000000081a00000, 0x0000000081a00000|100%| O|  |TAMS 0x0000000081a00000, 0x0000000081900000| Untracked 
|  26|0x0000000081a00000, 0x0000000081b00000, 0x0000000081b00000|100%| O|  |TAMS 0x0000000081b00000, 0x0000000081a00000| Untracked 
|  27|0x0000000081b00000, 0x0000000081c00000, 0x0000000081c00000|100%| O|  |TAMS 0x0000000081c00000, 0x0000000081b00000| Untracked 
|  28|0x0000000081c00000, 0x0000000081d00000, 0x0000000081d00000|100%| O|  |TAMS 0x0000000081d00000, 0x0000000081c00000| Untracked 
|  29|0x0000000081d00000, 0x0000000081e00000, 0x0000000081e00000|100%| O|  |TAMS 0x0000000081e00000, 0x0000000081d00000| Untracked 
|  30|0x0000000081e00000, 0x0000000081f00000, 0x0000000081f00000|100%| O|  |TAMS 0x0000000081f00000, 0x0000000081e00000| Untracked 
|  31|0x0000000081f00000, 0x0000000082000000, 0x0000000082000000|100%| O|  |TAMS 0x0000000082000000, 0x0000000081f00000| Untracked 
|  32|0x0000000082000000, 0x0000000082100000, 0x0000000082100000|100%| O|  |TAMS 0x0000000082100000, 0x0000000082000000| Untracked 
|  33|0x0000000082100000, 0x0000000082200000, 0x0000000082200000|100%| O|  |TAMS 0x0000000082200000, 0x0000000082100000| Untracked 
|  34|0x0000000082200000, 0x0000000082300000, 0x0000000082300000|100%| O|  |TAMS 0x0000000082300000, 0x0000000082200000| Untracked 
|  35|0x0000000082300000, 0x0000000082400000, 0x0000000082400000|100%| O|  |TAMS 0x0000000082400000, 0x0000000082300000| Untracked 
|  36|0x0000000082400000, 0x0000000082500000, 0x0000000082500000|100%| O|  |TAMS 0x0000000082500000, 0x0000000082400000| Untracked 
|  37|0x0000000082500000, 0x0000000082600000, 0x0000000082600000|100%| O|  |TAMS 0x0000000082600000, 0x0000000082500000| Untracked 
|  38|0x0000000082600000, 0x0000000082700000, 0x0000000082700000|100%|HS|  |TAMS 0x0000000082700000, 0x0000000082600000| Complete 
|  39|0x0000000082700000, 0x0000000082800000, 0x0000000082800000|100%|HC|  |TAMS 0x0000000082800000, 0x0000000082700000| Complete 
|  40|0x0000000082800000, 0x0000000082900000, 0x0000000082900000|100%| O|  |TAMS 0x0000000082900000, 0x0000000082800000| Untracked 
|  41|0x0000000082900000, 0x0000000082a00000, 0x0000000082a00000|100%|HS|  |TAMS 0x0000000082a00000, 0x0000000082900000| Complete 
|  42|0x0000000082a00000, 0x0000000082b00000, 0x0000000082b00000|100%|HC|  |TAMS 0x0000000082b00000, 0x0000000082a00000| Complete 
|  43|0x0000000082b00000, 0x0000000082c00000, 0x0000000082c00000|100%|HS|  |TAMS 0x0000000082c00000, 0x0000000082b00000| Complete 
|  44|0x0000000082c00000, 0x0000000082d00000, 0x0000000082d00000|100%|HC|  |TAMS 0x0000000082d00000, 0x0000000082c00000| Complete 
|  45|0x0000000082d00000, 0x0000000082e00000, 0x0000000082e00000|100%|HC|  |TAMS 0x0000000082e00000, 0x0000000082d00000| Complete 
|  46|0x0000000082e00000, 0x0000000082f00000, 0x0000000082f00000|100%|HC|  |TAMS 0x0000000082f00000, 0x0000000082e00000| Complete 
|  47|0x0000000082f00000, 0x0000000083000000, 0x0000000083000000|100%| O|  |TAMS 0x0000000083000000, 0x0000000082f00000| Untracked 
|  48|0x0000000083000000, 0x0000000083100000, 0x0000000083100000|100%| O|  |TAMS 0x0000000083100000, 0x0000000083000000| Untracked 
|  49|0x0000000083100000, 0x0000000083200000, 0x0000000083200000|100%| O|  |TAMS 0x0000000083200000, 0x0000000083100000| Untracked 
|  50|0x0000000083200000, 0x0000000083300000, 0x0000000083300000|100%| O|  |TAMS 0x0000000083300000, 0x0000000083200000| Untracked 
|  51|0x0000000083300000, 0x0000000083400000, 0x0000000083400000|100%|HS|  |TAMS 0x0000000083400000, 0x0000000083300000| Complete 
|  52|0x0000000083400000, 0x0000000083500000, 0x0000000083500000|100%|HC|  |TAMS 0x0000000083500000, 0x0000000083400000| Complete 
|  53|0x0000000083500000, 0x0000000083600000, 0x0000000083600000|100%|HC|  |TAMS 0x0000000083600000, 0x0000000083500000| Complete 
|  54|0x0000000083600000, 0x0000000083700000, 0x0000000083700000|100%|HC|  |TAMS 0x0000000083700000, 0x0000000083600000| Complete 
|  55|0x0000000083700000, 0x0000000083800000, 0x0000000083800000|100%|HS|  |TAMS 0x0000000083700000, 0x0000000083700000| Complete 
|  56|0x0000000083800000, 0x0000000083900000, 0x0000000083900000|100%|HS|  |TAMS 0x0000000083800000, 0x0000000083800000| Complete 
|  57|0x0000000083900000, 0x0000000083a00000, 0x0000000083a00000|100%|HS|  |TAMS 0x0000000083a00000, 0x0000000083900000| Complete 
|  58|0x0000000083a00000, 0x0000000083b00000, 0x0000000083b00000|100%|HS|  |TAMS 0x0000000083b00000, 0x0000000083a00000| Complete 
|  59|0x0000000083b00000, 0x0000000083c00000, 0x0000000083c00000|100%|HS|  |TAMS 0x0000000083c00000, 0x0000000083b00000| Complete 
|  60|0x0000000083c00000, 0x0000000083d00000, 0x0000000083d00000|100%| O|  |TAMS 0x0000000083d00000, 0x0000000083c00000| Untracked 
|  61|0x0000000083d00000, 0x0000000083e00000, 0x0000000083e00000|100%|HS|  |TAMS 0x0000000083e00000, 0x0000000083d00000| Complete 
|  62|0x0000000083e00000, 0x0000000083f00000, 0x0000000083f00000|100%| O|  |TAMS 0x0000000083f00000, 0x0000000083e00000| Untracked 
|  63|0x0000000083f00000, 0x0000000084000000, 0x0000000084000000|100%| O|  |TAMS 0x0000000084000000, 0x0000000083f00000| Untracked 
|  64|0x0000000084000000, 0x0000000084100000, 0x0000000084100000|100%| O|  |TAMS 0x0000000084100000, 0x0000000084000000| Untracked 
|  65|0x0000000084100000, 0x0000000084200000, 0x0000000084200000|100%| O|  |TAMS 0x0000000084200000, 0x0000000084100000| Untracked 
|  66|0x0000000084200000, 0x0000000084300000, 0x0000000084300000|100%| O|  |TAMS 0x0000000084300000, 0x0000000084200000| Untracked 
|  67|0x0000000084300000, 0x0000000084400000, 0x0000000084400000|100%| O|  |TAMS 0x0000000084400000, 0x0000000084300000| Untracked 
|  68|0x0000000084400000, 0x0000000084400000, 0x0000000084500000|  0%| F|  |TAMS 0x0000000084400000, 0x0000000084400000| Untracked 
|  69|0x0000000084500000, 0x0000000084600000, 0x0000000084600000|100%| O|  |TAMS 0x0000000084500000, 0x0000000084500000| Untracked 
|  70|0x0000000084600000, 0x0000000084700000, 0x0000000084700000|100%| O|  |TAMS 0x0000000084700000, 0x0000000084600000| Untracked 
|  71|0x0000000084700000, 0x0000000084800000, 0x0000000084800000|100%| O|  |TAMS 0x0000000084800000, 0x0000000084700000| Untracked 
|  72|0x0000000084800000, 0x0000000084900000, 0x0000000084900000|100%| O|  |TAMS 0x0000000084900000, 0x0000000084800000| Untracked 
|  73|0x0000000084900000, 0x0000000084a00000, 0x0000000084a00000|100%| O|  |TAMS 0x0000000084a00000, 0x0000000084900000| Untracked 
|  74|0x0000000084a00000, 0x0000000084b00000, 0x0000000084b00000|100%| O|  |TAMS 0x0000000084b00000, 0x0000000084a00000| Untracked 
|  75|0x0000000084b00000, 0x0000000084c00000, 0x0000000084c00000|100%| O|  |TAMS 0x0000000084c00000, 0x0000000084b00000| Untracked 
|  76|0x0000000084c00000, 0x0000000084d00000, 0x0000000084d00000|100%| O|  |TAMS 0x0000000084d00000, 0x0000000084c00000| Untracked 
|  77|0x0000000084d00000, 0x0000000084e00000, 0x0000000084e00000|100%| O|  |TAMS 0x0000000084e00000, 0x0000000084d00000| Untracked 
|  78|0x0000000084e00000, 0x0000000084f00000, 0x0000000084f00000|100%| O|  |TAMS 0x0000000084f00000, 0x0000000084e00000| Untracked 
|  79|0x0000000084f00000, 0x0000000085000000, 0x0000000085000000|100%| O|  |TAMS 0x0000000085000000, 0x0000000084f00000| Untracked 
|  80|0x0000000085000000, 0x0000000085100000, 0x0000000085100000|100%| O|  |TAMS 0x0000000085100000, 0x0000000085000000| Untracked 
|  81|0x0000000085100000, 0x0000000085200000, 0x0000000085200000|100%| O|  |TAMS 0x0000000085200000, 0x0000000085100000| Untracked 
|  82|0x0000000085200000, 0x0000000085300000, 0x0000000085300000|100%| O|  |TAMS 0x0000000085300000, 0x0000000085200000| Untracked 
|  83|0x0000000085300000, 0x0000000085400000, 0x0000000085400000|100%| O|  |TAMS 0x0000000085400000, 0x0000000085300000| Untracked 
|  84|0x0000000085400000, 0x0000000085500000, 0x0000000085500000|100%| O|  |TAMS 0x0000000085500000, 0x0000000085400000| Untracked 
|  85|0x0000000085500000, 0x0000000085500000, 0x0000000085600000|  0%| F|  |TAMS 0x0000000085500000, 0x0000000085500000| Untracked 
|  86|0x0000000085600000, 0x0000000085700000, 0x0000000085700000|100%| O|  |TAMS 0x0000000085700000, 0x0000000085600000| Untracked 
|  87|0x0000000085700000, 0x0000000085800000, 0x0000000085800000|100%| O|  |TAMS 0x0000000085800000, 0x0000000085700000| Untracked 
|  88|0x0000000085800000, 0x0000000085900000, 0x0000000085900000|100%| O|  |TAMS 0x0000000085800000, 0x0000000085800000| Untracked 
|  89|0x0000000085900000, 0x0000000085a00000, 0x0000000085a00000|100%| O|  |TAMS 0x0000000085a00000, 0x0000000085900000| Untracked 
|  90|0x0000000085a00000, 0x0000000085b00000, 0x0000000085b00000|100%| O|  |TAMS 0x0000000085b00000, 0x0000000085a00000| Untracked 
|  91|0x0000000085b00000, 0x0000000085c00000, 0x0000000085c00000|100%| O|  |TAMS 0x0000000085c00000, 0x0000000085b00000| Untracked 
|  92|0x0000000085c00000, 0x0000000085d00000, 0x0000000085d00000|100%| O|  |TAMS 0x0000000085d00000, 0x0000000085c00000| Untracked 
|  93|0x0000000085d00000, 0x0000000085e00000, 0x0000000085e00000|100%| O|  |TAMS 0x0000000085e00000, 0x0000000085d00000| Untracked 
|  94|0x0000000085e00000, 0x0000000085e00000, 0x0000000085f00000|  0%| F|  |TAMS 0x0000000085e00000, 0x0000000085e00000| Untracked 
|  95|0x0000000085f00000, 0x0000000086000000, 0x0000000086000000|100%| O|  |TAMS 0x0000000086000000, 0x0000000085f00000| Untracked 
|  96|0x0000000086000000, 0x0000000086100000, 0x0000000086100000|100%| O|  |TAMS 0x0000000086100000, 0x0000000086000000| Untracked 
|  97|0x0000000086100000, 0x0000000086200000, 0x0000000086200000|100%| O|  |TAMS 0x0000000086200000, 0x0000000086100000| Untracked 
|  98|0x0000000086200000, 0x0000000086300000, 0x0000000086300000|100%| O|  |TAMS 0x0000000086300000, 0x0000000086200000| Untracked 
|  99|0x0000000086300000, 0x0000000086400000, 0x0000000086400000|100%| O|  |TAMS 0x0000000086400000, 0x0000000086300000| Untracked 
| 100|0x0000000086400000, 0x0000000086500000, 0x0000000086500000|100%| O|  |TAMS 0x0000000086500000, 0x0000000086400000| Untracked 
| 101|0x0000000086500000, 0x0000000086600000, 0x0000000086600000|100%| O|  |TAMS 0x0000000086600000, 0x0000000086500000| Untracked 
| 102|0x0000000086600000, 0x0000000086700000, 0x0000000086700000|100%|HS|  |TAMS 0x0000000086700000, 0x0000000086600000| Complete 
| 103|0x0000000086700000, 0x0000000086800000, 0x0000000086800000|100%|HC|  |TAMS 0x0000000086800000, 0x0000000086700000| Complete 
| 104|0x0000000086800000, 0x0000000086900000, 0x0000000086900000|100%|HC|  |TAMS 0x0000000086900000, 0x0000000086800000| Complete 
| 105|0x0000000086900000, 0x0000000086a00000, 0x0000000086a00000|100%|HS|  |TAMS 0x0000000086a00000, 0x0000000086900000| Complete 
| 106|0x0000000086a00000, 0x0000000086b00000, 0x0000000086b00000|100%|HC|  |TAMS 0x0000000086b00000, 0x0000000086a00000| Complete 
| 107|0x0000000086b00000, 0x0000000086c00000, 0x0000000086c00000|100%| O|  |TAMS 0x0000000086c00000, 0x0000000086b00000| Untracked 
| 108|0x0000000086c00000, 0x0000000086d00000, 0x0000000086d00000|100%| O|  |TAMS 0x0000000086d00000, 0x0000000086c00000| Untracked 
| 109|0x0000000086d00000, 0x0000000086e00000, 0x0000000086e00000|100%| O|  |TAMS 0x0000000086e00000, 0x0000000086d00000| Untracked 
| 110|0x0000000086e00000, 0x0000000086f00000, 0x0000000086f00000|100%| O|  |TAMS 0x0000000086f00000, 0x0000000086e00000| Untracked 
| 111|0x0000000086f00000, 0x0000000087000000, 0x0000000087000000|100%| O|  |TAMS 0x0000000087000000, 0x0000000086f00000| Untracked 
| 112|0x0000000087000000, 0x0000000087100000, 0x0000000087100000|100%| O|  |TAMS 0x0000000087100000, 0x0000000087000000| Untracked 
| 113|0x0000000087100000, 0x0000000087200000, 0x0000000087200000|100%| O|  |TAMS 0x0000000087200000, 0x0000000087100000| Untracked 
| 114|0x0000000087200000, 0x0000000087300000, 0x0000000087300000|100%| O|  |TAMS 0x0000000087300000, 0x0000000087200000| Untracked 
| 115|0x0000000087300000, 0x0000000087400000, 0x0000000087400000|100%| O|  |TAMS 0x0000000087400000, 0x0000000087300000| Untracked 
| 116|0x0000000087400000, 0x0000000087500000, 0x0000000087500000|100%| O|  |TAMS 0x0000000087500000, 0x0000000087400000| Untracked 
| 117|0x0000000087500000, 0x0000000087600000, 0x0000000087600000|100%| O|  |TAMS 0x0000000087600000, 0x0000000087500000| Untracked 
| 118|0x0000000087600000, 0x0000000087700000, 0x0000000087700000|100%| O|  |TAMS 0x0000000087700000, 0x0000000087600000| Untracked 
| 119|0x0000000087700000, 0x0000000087800000, 0x0000000087800000|100%| O|  |TAMS 0x0000000087800000, 0x0000000087700000| Untracked 
| 120|0x0000000087800000, 0x0000000087900000, 0x0000000087900000|100%| O|  |TAMS 0x0000000087900000, 0x0000000087800000| Untracked 
| 121|0x0000000087900000, 0x0000000087a00000, 0x0000000087a00000|100%| O|  |TAMS 0x0000000087a00000, 0x0000000087900000| Untracked 
| 122|0x0000000087a00000, 0x0000000087b00000, 0x0000000087b00000|100%| O|  |TAMS 0x0000000087b00000, 0x0000000087a00000| Untracked 
| 123|0x0000000087b00000, 0x0000000087c00000, 0x0000000087c00000|100%| O|  |TAMS 0x0000000087c00000, 0x0000000087b00000| Untracked 
| 124|0x0000000087c00000, 0x0000000087d00000, 0x0000000087d00000|100%| O|  |TAMS 0x0000000087d00000, 0x0000000087c00000| Untracked 
| 125|0x0000000087d00000, 0x0000000087e00000, 0x0000000087e00000|100%| O|  |TAMS 0x0000000087e00000, 0x0000000087d00000| Untracked 
| 126|0x0000000087e00000, 0x0000000087f00000, 0x0000000087f00000|100%| O|  |TAMS 0x0000000087f00000, 0x0000000087e00000| Untracked 
| 127|0x0000000087f00000, 0x0000000088000000, 0x0000000088000000|100%| O|  |TAMS 0x0000000088000000, 0x0000000087f00000| Untracked 
| 128|0x0000000088000000, 0x0000000088000000, 0x0000000088100000|  0%| F|  |TAMS 0x0000000088000000, 0x0000000088000000| Untracked 
| 129|0x0000000088100000, 0x0000000088200000, 0x0000000088200000|100%|HS|  |TAMS 0x0000000088100000, 0x0000000088100000| Complete 
| 130|0x0000000088200000, 0x0000000088300000, 0x0000000088300000|100%|HC|  |TAMS 0x0000000088200000, 0x0000000088200000| Complete 
| 131|0x0000000088300000, 0x0000000088400000, 0x0000000088400000|100%| O|  |TAMS 0x0000000088300000, 0x0000000088300000| Untracked 
| 132|0x0000000088400000, 0x0000000088500000, 0x0000000088500000|100%| O|  |TAMS 0x0000000088400000, 0x0000000088400000| Untracked 
| 133|0x0000000088500000, 0x0000000088600000, 0x0000000088600000|100%| O|  |TAMS 0x0000000088500000, 0x0000000088500000| Untracked 
| 134|0x0000000088600000, 0x0000000088700000, 0x0000000088700000|100%| O|  |TAMS 0x0000000088600000, 0x0000000088600000| Untracked 
| 135|0x0000000088700000, 0x0000000088800000, 0x0000000088800000|100%| O|  |TAMS 0x0000000088700000, 0x0000000088700000| Untracked 
| 136|0x0000000088800000, 0x0000000088900000, 0x0000000088900000|100%| O|  |TAMS 0x0000000088800000, 0x0000000088800000| Untracked 
| 137|0x0000000088900000, 0x0000000088a00000, 0x0000000088a00000|100%| O|  |TAMS 0x0000000088900000, 0x0000000088900000| Untracked 
| 138|0x0000000088a00000, 0x0000000088b00000, 0x0000000088b00000|100%| O|  |TAMS 0x0000000088a00000, 0x0000000088a00000| Untracked 
| 139|0x0000000088b00000, 0x0000000088c00000, 0x0000000088c00000|100%| O|  |TAMS 0x0000000088b00000, 0x0000000088b00000| Untracked 
| 140|0x0000000088c00000, 0x0000000088d00000, 0x0000000088d00000|100%| O|  |TAMS 0x0000000088c00000, 0x0000000088c00000| Untracked 
| 141|0x0000000088d00000, 0x0000000088e00000, 0x0000000088e00000|100%| O|  |TAMS 0x0000000088d00000, 0x0000000088d00000| Untracked 
| 142|0x0000000088e00000, 0x0000000088f00000, 0x0000000088f00000|100%|HS|  |TAMS 0x0000000088e00000, 0x0000000088e00000| Complete 
| 143|0x0000000088f00000, 0x0000000089000000, 0x0000000089000000|100%| O|  |TAMS 0x0000000088f00000, 0x0000000088f00000| Untracked 
| 144|0x0000000089000000, 0x0000000089100000, 0x0000000089100000|100%| O|  |TAMS 0x0000000089000000, 0x0000000089000000| Untracked 
| 145|0x0000000089100000, 0x0000000089200000, 0x0000000089200000|100%| O|  |TAMS 0x0000000089100000, 0x0000000089100000| Untracked 
| 146|0x0000000089200000, 0x0000000089300000, 0x0000000089300000|100%| O|  |TAMS 0x0000000089200000, 0x0000000089200000| Untracked 
| 147|0x0000000089300000, 0x0000000089400000, 0x0000000089400000|100%| O|  |TAMS 0x0000000089300000, 0x0000000089300000| Untracked 
| 148|0x0000000089400000, 0x0000000089500000, 0x0000000089500000|100%| O|  |TAMS 0x0000000089400000, 0x0000000089400000| Untracked 
| 149|0x0000000089500000, 0x0000000089600000, 0x0000000089600000|100%| O|  |TAMS 0x0000000089500000, 0x0000000089500000| Untracked 
| 150|0x0000000089600000, 0x0000000089700000, 0x0000000089700000|100%| O|  |TAMS 0x0000000089600000, 0x0000000089600000| Untracked 
| 151|0x0000000089700000, 0x0000000089800000, 0x0000000089800000|100%| O|  |TAMS 0x0000000089700000, 0x0000000089700000| Untracked 
| 152|0x0000000089800000, 0x0000000089900000, 0x0000000089900000|100%| O|  |TAMS 0x0000000089800000, 0x0000000089800000| Untracked 
| 153|0x0000000089900000, 0x0000000089900000, 0x0000000089a00000|  0%| F|  |TAMS 0x0000000089900000, 0x0000000089900000| Untracked 
| 154|0x0000000089a00000, 0x0000000089a00000, 0x0000000089b00000|  0%| F|  |TAMS 0x0000000089a00000, 0x0000000089a00000| Untracked 
| 155|0x0000000089b00000, 0x0000000089b00000, 0x0000000089c00000|  0%| F|  |TAMS 0x0000000089b00000, 0x0000000089b00000| Untracked 
| 156|0x0000000089c00000, 0x0000000089c00000, 0x0000000089d00000|  0%| F|  |TAMS 0x0000000089c00000, 0x0000000089c00000| Untracked 
| 157|0x0000000089d00000, 0x0000000089d00000, 0x0000000089e00000|  0%| F|  |TAMS 0x0000000089d00000, 0x0000000089d00000| Untracked 
| 158|0x0000000089e00000, 0x0000000089e00000, 0x0000000089f00000|  0%| F|  |TAMS 0x0000000089e00000, 0x0000000089e00000| Untracked 
| 159|0x0000000089f00000, 0x0000000089f00000, 0x000000008a000000|  0%| F|  |TAMS 0x0000000089f00000, 0x0000000089f00000| Untracked 
| 160|0x000000008a000000, 0x000000008a000000, 0x000000008a100000|  0%| F|  |TAMS 0x000000008a000000, 0x000000008a000000| Untracked 
| 161|0x000000008a100000, 0x000000008a100000, 0x000000008a200000|  0%| F|  |TAMS 0x000000008a100000, 0x000000008a100000| Untracked 
| 162|0x000000008a200000, 0x000000008a200000, 0x000000008a300000|  0%| F|  |TAMS 0x000000008a200000, 0x000000008a200000| Untracked 
| 163|0x000000008a300000, 0x000000008a300000, 0x000000008a400000|  0%| F|  |TAMS 0x000000008a300000, 0x000000008a300000| Untracked 
| 164|0x000000008a400000, 0x000000008a400000, 0x000000008a500000|  0%| F|  |TAMS 0x000000008a400000, 0x000000008a400000| Untracked 
| 165|0x000000008a500000, 0x000000008a500000, 0x000000008a600000|  0%| F|  |TAMS 0x000000008a500000, 0x000000008a500000| Untracked 
| 166|0x000000008a600000, 0x000000008a600000, 0x000000008a700000|  0%| F|  |TAMS 0x000000008a600000, 0x000000008a600000| Untracked 
| 167|0x000000008a700000, 0x000000008a700000, 0x000000008a800000|  0%| F|  |TAMS 0x000000008a700000, 0x000000008a700000| Untracked 
| 168|0x000000008a800000, 0x000000008a800000, 0x000000008a900000|  0%| F|  |TAMS 0x000000008a800000, 0x000000008a800000| Untracked 
| 169|0x000000008a900000, 0x000000008a900000, 0x000000008aa00000|  0%| F|  |TAMS 0x000000008a900000, 0x000000008a900000| Untracked 
| 170|0x000000008aa00000, 0x000000008aa00000, 0x000000008ab00000|  0%| F|  |TAMS 0x000000008aa00000, 0x000000008aa00000| Untracked 
| 171|0x000000008ab00000, 0x000000008ab00000, 0x000000008ac00000|  0%| F|  |TAMS 0x000000008ab00000, 0x000000008ab00000| Untracked 
| 172|0x000000008ac00000, 0x000000008ac00000, 0x000000008ad00000|  0%| F|  |TAMS 0x000000008ac00000, 0x000000008ac00000| Untracked 
| 173|0x000000008ad00000, 0x000000008ad00000, 0x000000008ae00000|  0%| F|  |TAMS 0x000000008ad00000, 0x000000008ad00000| Untracked 
| 174|0x000000008ae00000, 0x000000008ae00000, 0x000000008af00000|  0%| F|  |TAMS 0x000000008ae00000, 0x000000008ae00000| Untracked 
| 175|0x000000008af00000, 0x000000008af00000, 0x000000008b000000|  0%| F|  |TAMS 0x000000008af00000, 0x000000008af00000| Untracked 
| 176|0x000000008b000000, 0x000000008b000000, 0x000000008b100000|  0%| F|  |TAMS 0x000000008b000000, 0x000000008b000000| Untracked 
| 177|0x000000008b100000, 0x000000008b100000, 0x000000008b200000|  0%| F|  |TAMS 0x000000008b100000, 0x000000008b100000| Untracked 
| 178|0x000000008b200000, 0x000000008b200000, 0x000000008b300000|  0%| F|  |TAMS 0x000000008b200000, 0x000000008b200000| Untracked 
| 179|0x000000008b300000, 0x000000008b300000, 0x000000008b400000|  0%| F|  |TAMS 0x000000008b300000, 0x000000008b300000| Untracked 
| 180|0x000000008b400000, 0x000000008b400000, 0x000000008b500000|  0%| F|  |TAMS 0x000000008b400000, 0x000000008b400000| Untracked 
| 181|0x000000008b500000, 0x000000008b500000, 0x000000008b600000|  0%| F|  |TAMS 0x000000008b500000, 0x000000008b500000| Untracked 
| 182|0x000000008b600000, 0x000000008b600000, 0x000000008b700000|  0%| F|  |TAMS 0x000000008b600000, 0x000000008b600000| Untracked 
| 183|0x000000008b700000, 0x000000008b700000, 0x000000008b800000|  0%| F|  |TAMS 0x000000008b700000, 0x000000008b700000| Untracked 
| 184|0x000000008b800000, 0x000000008b800000, 0x000000008b900000|  0%| F|  |TAMS 0x000000008b800000, 0x000000008b800000| Untracked 
| 185|0x000000008b900000, 0x000000008b900000, 0x000000008ba00000|  0%| F|  |TAMS 0x000000008b900000, 0x000000008b900000| Untracked 
| 186|0x000000008ba00000, 0x000000008ba00000, 0x000000008bb00000|  0%| F|  |TAMS 0x000000008ba00000, 0x000000008ba00000| Untracked 
| 187|0x000000008bb00000, 0x000000008bb00000, 0x000000008bc00000|  0%| F|  |TAMS 0x000000008bb00000, 0x000000008bb00000| Untracked 
| 188|0x000000008bc00000, 0x000000008bc00000, 0x000000008bd00000|  0%| F|  |TAMS 0x000000008bc00000, 0x000000008bc00000| Untracked 
| 189|0x000000008bd00000, 0x000000008bd00000, 0x000000008be00000|  0%| F|  |TAMS 0x000000008bd00000, 0x000000008bd00000| Untracked 
| 190|0x000000008be00000, 0x000000008be00000, 0x000000008bf00000|  0%| F|  |TAMS 0x000000008be00000, 0x000000008be00000| Untracked 
| 191|0x000000008bf00000, 0x000000008bf00000, 0x000000008c000000|  0%| F|  |TAMS 0x000000008bf00000, 0x000000008bf00000| Untracked 
| 192|0x000000008c000000, 0x000000008c000000, 0x000000008c100000|  0%| F|  |TAMS 0x000000008c000000, 0x000000008c000000| Untracked 
| 193|0x000000008c100000, 0x000000008c100000, 0x000000008c200000|  0%| F|  |TAMS 0x000000008c100000, 0x000000008c100000| Untracked 
| 194|0x000000008c200000, 0x000000008c200000, 0x000000008c300000|  0%| F|  |TAMS 0x000000008c200000, 0x000000008c200000| Untracked 
| 195|0x000000008c300000, 0x000000008c300000, 0x000000008c400000|  0%| F|  |TAMS 0x000000008c300000, 0x000000008c300000| Untracked 
| 196|0x000000008c400000, 0x000000008c400000, 0x000000008c500000|  0%| F|  |TAMS 0x000000008c400000, 0x000000008c400000| Untracked 
| 197|0x000000008c500000, 0x000000008c500000, 0x000000008c600000|  0%| F|  |TAMS 0x000000008c500000, 0x000000008c500000| Untracked 
| 198|0x000000008c600000, 0x000000008c600000, 0x000000008c700000|  0%| F|  |TAMS 0x000000008c600000, 0x000000008c600000| Untracked 
| 199|0x000000008c700000, 0x000000008c700000, 0x000000008c800000|  0%| F|  |TAMS 0x000000008c700000, 0x000000008c700000| Untracked 
| 200|0x000000008c800000, 0x000000008c800000, 0x000000008c900000|  0%| F|  |TAMS 0x000000008c800000, 0x000000008c800000| Untracked 
| 201|0x000000008c900000, 0x000000008c900000, 0x000000008ca00000|  0%| F|  |TAMS 0x000000008c900000, 0x000000008c900000| Untracked 
| 202|0x000000008ca00000, 0x000000008ca00000, 0x000000008cb00000|  0%| F|  |TAMS 0x000000008ca00000, 0x000000008ca00000| Untracked 
| 203|0x000000008cb00000, 0x000000008cb00000, 0x000000008cc00000|  0%| F|  |TAMS 0x000000008cb00000, 0x000000008cb00000| Untracked 
| 204|0x000000008cc00000, 0x000000008cc00000, 0x000000008cd00000|  0%| F|  |TAMS 0x000000008cc00000, 0x000000008cc00000| Untracked 
| 205|0x000000008cd00000, 0x000000008cd00000, 0x000000008ce00000|  0%| F|  |TAMS 0x000000008cd00000, 0x000000008cd00000| Untracked 
| 206|0x000000008ce00000, 0x000000008ce00000, 0x000000008cf00000|  0%| F|  |TAMS 0x000000008ce00000, 0x000000008ce00000| Untracked 
| 207|0x000000008cf00000, 0x000000008cf00000, 0x000000008d000000|  0%| F|  |TAMS 0x000000008cf00000, 0x000000008cf00000| Untracked 
| 208|0x000000008d000000, 0x000000008d000000, 0x000000008d100000|  0%| F|  |TAMS 0x000000008d000000, 0x000000008d000000| Untracked 
| 209|0x000000008d100000, 0x000000008d100000, 0x000000008d200000|  0%| F|  |TAMS 0x000000008d100000, 0x000000008d100000| Untracked 
| 210|0x000000008d200000, 0x000000008d200000, 0x000000008d300000|  0%| F|  |TAMS 0x000000008d200000, 0x000000008d200000| Untracked 
| 211|0x000000008d300000, 0x000000008d300000, 0x000000008d400000|  0%| F|  |TAMS 0x000000008d300000, 0x000000008d300000| Untracked 
| 212|0x000000008d400000, 0x000000008d400000, 0x000000008d500000|  0%| F|  |TAMS 0x000000008d400000, 0x000000008d400000| Untracked 
| 213|0x000000008d500000, 0x000000008d500000, 0x000000008d600000|  0%| F|  |TAMS 0x000000008d500000, 0x000000008d500000| Untracked 
| 214|0x000000008d600000, 0x000000008d600000, 0x000000008d700000|  0%| F|  |TAMS 0x000000008d600000, 0x000000008d600000| Untracked 
| 215|0x000000008d700000, 0x000000008d700000, 0x000000008d800000|  0%| F|  |TAMS 0x000000008d700000, 0x000000008d700000| Untracked 
| 216|0x000000008d800000, 0x000000008d800000, 0x000000008d900000|  0%| F|  |TAMS 0x000000008d800000, 0x000000008d800000| Untracked 
| 217|0x000000008d900000, 0x000000008d900000, 0x000000008da00000|  0%| F|  |TAMS 0x000000008d900000, 0x000000008d900000| Untracked 
| 218|0x000000008da00000, 0x000000008da00000, 0x000000008db00000|  0%| F|  |TAMS 0x000000008da00000, 0x000000008da00000| Untracked 
| 219|0x000000008db00000, 0x000000008db00000, 0x000000008dc00000|  0%| F|  |TAMS 0x000000008db00000, 0x000000008db00000| Untracked 
| 220|0x000000008dc00000, 0x000000008dc00000, 0x000000008dd00000|  0%| F|  |TAMS 0x000000008dc00000, 0x000000008dc00000| Untracked 
| 221|0x000000008dd00000, 0x000000008dd00000, 0x000000008de00000|  0%| F|  |TAMS 0x000000008dd00000, 0x000000008dd00000| Untracked 
| 222|0x000000008de00000, 0x000000008de00000, 0x000000008df00000|  0%| F|  |TAMS 0x000000008de00000, 0x000000008de00000| Untracked 
| 223|0x000000008df00000, 0x000000008df00000, 0x000000008e000000|  0%| F|  |TAMS 0x000000008df00000, 0x000000008df00000| Untracked 
| 224|0x000000008e000000, 0x000000008e000000, 0x000000008e100000|  0%| F|  |TAMS 0x000000008e000000, 0x000000008e000000| Untracked 
| 225|0x000000008e100000, 0x000000008e100000, 0x000000008e200000|  0%| F|  |TAMS 0x000000008e100000, 0x000000008e100000| Untracked 
| 226|0x000000008e200000, 0x000000008e200000, 0x000000008e300000|  0%| F|  |TAMS 0x000000008e200000, 0x000000008e200000| Untracked 
| 227|0x000000008e300000, 0x000000008e300000, 0x000000008e400000|  0%| F|  |TAMS 0x000000008e300000, 0x000000008e300000| Untracked 
| 228|0x000000008e400000, 0x000000008e400000, 0x000000008e500000|  0%| F|  |TAMS 0x000000008e400000, 0x000000008e400000| Untracked 
| 229|0x000000008e500000, 0x000000008e500000, 0x000000008e600000|  0%| F|  |TAMS 0x000000008e500000, 0x000000008e500000| Untracked 
| 230|0x000000008e600000, 0x000000008e600000, 0x000000008e700000|  0%| F|  |TAMS 0x000000008e600000, 0x000000008e600000| Untracked 
| 231|0x000000008e700000, 0x000000008e700000, 0x000000008e800000|  0%| F|  |TAMS 0x000000008e700000, 0x000000008e700000| Untracked 
| 232|0x000000008e800000, 0x000000008e800000, 0x000000008e900000|  0%| F|  |TAMS 0x000000008e800000, 0x000000008e800000| Untracked 
| 233|0x000000008e900000, 0x000000008e900000, 0x000000008ea00000|  0%| F|  |TAMS 0x000000008e900000, 0x000000008e900000| Untracked 
| 234|0x000000008ea00000, 0x000000008ea00000, 0x000000008eb00000|  0%| F|  |TAMS 0x000000008ea00000, 0x000000008ea00000| Untracked 
| 235|0x000000008eb00000, 0x000000008eb00000, 0x000000008ec00000|  0%| F|  |TAMS 0x000000008eb00000, 0x000000008eb00000| Untracked 
| 236|0x000000008ec00000, 0x000000008ec00000, 0x000000008ed00000|  0%| F|  |TAMS 0x000000008ec00000, 0x000000008ec00000| Untracked 
| 237|0x000000008ed00000, 0x000000008ed00000, 0x000000008ee00000|  0%| F|  |TAMS 0x000000008ed00000, 0x000000008ed00000| Untracked 
| 238|0x000000008ee00000, 0x000000008ee00000, 0x000000008ef00000|  0%| F|  |TAMS 0x000000008ee00000, 0x000000008ee00000| Untracked 
| 239|0x000000008ef00000, 0x000000008ef00000, 0x000000008f000000|  0%| F|  |TAMS 0x000000008ef00000, 0x000000008ef00000| Untracked 
| 240|0x000000008f000000, 0x000000008f000000, 0x000000008f100000|  0%| F|  |TAMS 0x000000008f000000, 0x000000008f000000| Untracked 
| 241|0x000000008f100000, 0x000000008f100000, 0x000000008f200000|  0%| F|  |TAMS 0x000000008f100000, 0x000000008f100000| Untracked 
| 242|0x000000008f200000, 0x000000008f200000, 0x000000008f300000|  0%| F|  |TAMS 0x000000008f200000, 0x000000008f200000| Untracked 
| 243|0x000000008f300000, 0x000000008f300000, 0x000000008f400000|  0%| F|  |TAMS 0x000000008f300000, 0x000000008f300000| Untracked 
| 244|0x000000008f400000, 0x000000008f400000, 0x000000008f500000|  0%| F|  |TAMS 0x000000008f400000, 0x000000008f400000| Untracked 
| 245|0x000000008f500000, 0x000000008f500000, 0x000000008f600000|  0%| F|  |TAMS 0x000000008f500000, 0x000000008f500000| Untracked 
| 246|0x000000008f600000, 0x000000008f600000, 0x000000008f700000|  0%| F|  |TAMS 0x000000008f600000, 0x000000008f600000| Untracked 
| 247|0x000000008f700000, 0x000000008f700000, 0x000000008f800000|  0%| F|  |TAMS 0x000000008f700000, 0x000000008f700000| Untracked 
| 248|0x000000008f800000, 0x000000008f800000, 0x000000008f900000|  0%| F|  |TAMS 0x000000008f800000, 0x000000008f800000| Untracked 
| 249|0x000000008f900000, 0x000000008f900000, 0x000000008fa00000|  0%| F|  |TAMS 0x000000008f900000, 0x000000008f900000| Untracked 
| 250|0x000000008fa00000, 0x000000008fa00000, 0x000000008fb00000|  0%| F|  |TAMS 0x000000008fa00000, 0x000000008fa00000| Untracked 
| 251|0x000000008fb00000, 0x000000008fb00000, 0x000000008fc00000|  0%| F|  |TAMS 0x000000008fb00000, 0x000000008fb00000| Untracked 
| 252|0x000000008fc00000, 0x000000008fc00000, 0x000000008fd00000|  0%| F|  |TAMS 0x000000008fc00000, 0x000000008fc00000| Untracked 
| 253|0x000000008fd00000, 0x000000008fd00000, 0x000000008fe00000|  0%| F|  |TAMS 0x000000008fd00000, 0x000000008fd00000| Untracked 
| 254|0x000000008fe00000, 0x000000008fe00000, 0x000000008ff00000|  0%| F|  |TAMS 0x000000008fe00000, 0x000000008fe00000| Untracked 
| 255|0x000000008ff00000, 0x000000008ff00000, 0x0000000090000000|  0%| F|  |TAMS 0x000000008ff00000, 0x000000008ff00000| Untracked 
| 256|0x0000000090000000, 0x0000000090000000, 0x0000000090100000|  0%| F|  |TAMS 0x0000000090000000, 0x0000000090000000| Untracked 
| 257|0x0000000090100000, 0x0000000090100000, 0x0000000090200000|  0%| F|  |TAMS 0x0000000090100000, 0x0000000090100000| Untracked 
| 258|0x0000000090200000, 0x0000000090200000, 0x0000000090300000|  0%| F|  |TAMS 0x0000000090200000, 0x0000000090200000| Untracked 
| 259|0x0000000090300000, 0x0000000090300000, 0x0000000090400000|  0%| F|  |TAMS 0x0000000090300000, 0x0000000090300000| Untracked 
| 260|0x0000000090400000, 0x0000000090400000, 0x0000000090500000|  0%| F|  |TAMS 0x0000000090400000, 0x0000000090400000| Untracked 
| 261|0x0000000090500000, 0x0000000090500000, 0x0000000090600000|  0%| F|  |TAMS 0x0000000090500000, 0x0000000090500000| Untracked 
| 262|0x0000000090600000, 0x0000000090600000, 0x0000000090700000|  0%| F|  |TAMS 0x0000000090600000, 0x0000000090600000| Untracked 
| 263|0x0000000090700000, 0x0000000090700000, 0x0000000090800000|  0%| F|  |TAMS 0x0000000090700000, 0x0000000090700000| Untracked 
| 264|0x0000000090800000, 0x0000000090800000, 0x0000000090900000|  0%| F|  |TAMS 0x0000000090800000, 0x0000000090800000| Untracked 
| 265|0x0000000090900000, 0x0000000090900000, 0x0000000090a00000|  0%| F|  |TAMS 0x0000000090900000, 0x0000000090900000| Untracked 
| 266|0x0000000090a00000, 0x0000000090a00000, 0x0000000090b00000|  0%| F|  |TAMS 0x0000000090a00000, 0x0000000090a00000| Untracked 
| 267|0x0000000090b00000, 0x0000000090b00000, 0x0000000090c00000|  0%| F|  |TAMS 0x0000000090b00000, 0x0000000090b00000| Untracked 
| 268|0x0000000090c00000, 0x0000000090c00000, 0x0000000090d00000|  0%| F|  |TAMS 0x0000000090c00000, 0x0000000090c00000| Untracked 
| 269|0x0000000090d00000, 0x0000000090d00000, 0x0000000090e00000|  0%| F|  |TAMS 0x0000000090d00000, 0x0000000090d00000| Untracked 
| 270|0x0000000090e00000, 0x0000000090e00000, 0x0000000090f00000|  0%| F|  |TAMS 0x0000000090e00000, 0x0000000090e00000| Untracked 
| 271|0x0000000090f00000, 0x0000000090f00000, 0x0000000091000000|  0%| F|  |TAMS 0x0000000090f00000, 0x0000000090f00000| Untracked 
| 272|0x0000000091000000, 0x0000000091000000, 0x0000000091100000|  0%| F|  |TAMS 0x0000000091000000, 0x0000000091000000| Untracked 
| 273|0x0000000091100000, 0x0000000091200000, 0x0000000091200000|100%| S|CS|TAMS 0x0000000091100000, 0x0000000091100000| Complete 
| 274|0x0000000091200000, 0x0000000091300000, 0x0000000091300000|100%| S|CS|TAMS 0x0000000091200000, 0x0000000091200000| Complete 
| 275|0x0000000091300000, 0x0000000091300000, 0x0000000091400000|  0%| F|  |TAMS 0x0000000091300000, 0x0000000091300000| Untracked 
| 276|0x0000000091400000, 0x0000000091400000, 0x0000000091500000|  0%| F|  |TAMS 0x0000000091400000, 0x0000000091400000| Untracked 
| 277|0x0000000091500000, 0x0000000091500000, 0x0000000091600000|  0%| F|  |TAMS 0x0000000091500000, 0x0000000091500000| Untracked 
| 278|0x0000000091600000, 0x0000000091600000, 0x0000000091700000|  0%| F|  |TAMS 0x0000000091600000, 0x0000000091600000| Untracked 
| 279|0x0000000091700000, 0x0000000091700000, 0x0000000091800000|  0%| F|  |TAMS 0x0000000091700000, 0x0000000091700000| Untracked 
| 280|0x0000000091800000, 0x0000000091800000, 0x0000000091900000|  0%| F|  |TAMS 0x0000000091800000, 0x0000000091800000| Untracked 
| 281|0x0000000091900000, 0x0000000091900000, 0x0000000091a00000|  0%| F|  |TAMS 0x0000000091900000, 0x0000000091900000| Untracked 

Card table byte_map: [0x00000292c2a10000,0x00000292c2e10000] _byte_map_base: 0x00000292c2610000

Marking Bits (Prev, Next): (CMBitMap*) 0x00000292abdb6d90, (CMBitMap*) 0x00000292abdb6d50
 Prev Bits: [0x00000292c5210000, 0x00000292c7210000)
 Next Bits: [0x00000292c3210000, 0x00000292c5210000)

Polling page: 0x00000292ab530000

Metaspace:

Usage:
  Non-class:     77.66 MB used.
      Class:     12.65 MB used.
       Both:     90.31 MB used.

Virtual space:
  Non-class space:      128.00 MB reserved,      78.31 MB ( 61%) committed,  2 nodes.
      Class space:      416.00 MB reserved,      13.19 MB (  3%) committed,  1 nodes.
             Both:      544.00 MB reserved,      91.50 MB ( 17%) committed. 

Chunk freelists:
   Non-Class:  1.20 MB
       Class:  2.73 MB
        Both:  3.93 MB

MaxMetaspaceSize: 512.00 MB
CompressedClassSpaceSize: 416.00 MB
Initial GC threshold: 21.00 MB
Current GC threshold: 151.06 MB
CDS: on
MetaspaceReclaimPolicy: balanced
 - commit_granule_bytes: 65536.
 - commit_granule_words: 8192.
 - virtual_space_node_default_size: 8388608.
 - enlarge_chunks_in_place: 1.
 - new_chunks_are_fully_committed: 0.
 - uncommit_free_chunks: 1.
 - use_allocation_guard: 0.
 - handle_deallocations: 1.


Internal statistics:

num_allocs_failed_limit: 3.
num_arena_births: 1384.
num_arena_deaths: 0.
num_vsnodes_births: 3.
num_vsnodes_deaths: 0.
num_space_committed: 1464.
num_space_uncommitted: 0.
num_chunks_returned_to_freelist: 3.
num_chunks_taken_from_freelist: 5516.
num_chunk_merges: 3.
num_chunk_splits: 3514.
num_chunks_enlarged: 2165.
num_inconsistent_stats: 0.

CodeHeap 'non-profiled nmethods': size=120000Kb used=6737Kb max_used=6737Kb free=113262Kb
 bounds [0x00000292bb0e0000, 0x00000292bb780000, 0x00000292c2610000]
CodeHeap 'profiled nmethods': size=120000Kb used=23024Kb max_used=23024Kb free=96975Kb
 bounds [0x00000292b3610000, 0x00000292b4c90000, 0x00000292bab40000]
CodeHeap 'non-nmethods': size=5760Kb used=2393Kb max_used=2485Kb free=3366Kb
 bounds [0x00000292bab40000, 0x00000292badc0000, 0x00000292bb0e0000]
 total_blobs=12537 nmethods=11610 adapters=839
 compilation: enabled
              stopped_count=0, restarted_count=0
 full_count=0

Compilation events (20 events):
Event: 239.417 Thread 0x00000292c96f1290 13155   !   2       org.codehaus.groovy.runtime.callsite.AbstractCallSite::callGroovyObjectGetProperty (33 bytes)
Event: 239.419 Thread 0x00000292c96f1290 nmethod 13155 0x00000292b4c88390 code [0x00000292b4c88560, 0x00000292b4c88758]
Event: 239.419 Thread 0x00000292c96f1290 13157       2       org.codehaus.groovy.classgen.asm.BytecodeHelper::doCast (58 bytes)
Event: 239.419 Thread 0x00000292c96901e0 nmethod 12765 0x00000292bb762510 code [0x00000292bb762dc0, 0x00000292bb76dcf8]
Event: 239.420 Thread 0x00000292c96901e0 13073       4       org.gradle.internal.component.model.AttributeConfigurationSelector::containsImplicitCapability (119 bytes)
Event: 239.421 Thread 0x00000292c96f1290 nmethod 13157 0x00000292b4c88890 code [0x00000292b4c88ae0, 0x00000292b4c88f78]
Event: 239.421 Thread 0x00000292c96f1290 13156       1       groovyjarjarasm.asm.SymbolTable::getClassName (5 bytes)
Event: 239.421 Thread 0x00000292c96f1290 nmethod 13156 0x00000292bb772b10 code [0x00000292bb772ca0, 0x00000292bb772d78]
Event: 239.438 Thread 0x00000292c96901e0 nmethod 13073 0x00000292bb772e10 code [0x00000292bb772fe0, 0x00000292bb7735f8]
Event: 239.438 Thread 0x00000292c96901e0 13078       4       org.gradle.internal.logging.slf4j.OutputEventListenerBackedLogger::isDebugEnabled (5 bytes)
Event: 239.441 Thread 0x00000292c96901e0 nmethod 13078 0x00000292bb773b90 code [0x00000292bb773d20, 0x00000292bb773df8]
Event: 239.441 Thread 0x00000292c96901e0 13072       4       org.gradle.internal.component.model.DefaultComponentGraphResolveState$DefaultConfigurationGraphResolveState::getCapabilities (10 bytes)
Event: 239.448 Thread 0x00000292c96901e0 nmethod 13072 0x00000292bb773f90 code [0x00000292bb774120, 0x00000292bb7744d8]
Event: 239.448 Thread 0x00000292c96901e0 13068       4       org.gradle.internal.component.model.DefaultComponentGraphResolveState$DefaultConfigurationGraphResolveState::getAttributes (5 bytes)
Event: 239.451 Thread 0x00000292c96f1290 13158       3       org.codehaus.groovy.runtime.callsite.AbstractCallSite::callGetProperty (12 bytes)
Event: 239.451 Thread 0x00000292c96f1290 nmethod 13158 0x00000292b4c89290 code [0x00000292b4c89440, 0x00000292b4c896d8]
Event: 239.489 Thread 0x00000292c96f1290 13159       3       java.util.zip.ZipFile$Source$Key::hashCode (46 bytes)
Event: 239.490 Thread 0x00000292c96f1290 nmethod 13159 0x00000292b4c89810 code [0x00000292b4c89a00, 0x00000292b4c89f18]
Event: 239.491 Thread 0x00000292c96f1290 13160       3       java.io.RandomAccessFile::<init> (262 bytes)
Event: 239.494 Thread 0x00000292c96f1290 nmethod 13160 0x00000292b4c8a110 code [0x00000292b4c8a4c0, 0x00000292b4c8bb28]

GC Heap History (20 events):
Event: 81.790 GC heap after
{Heap after GC invocations=44 (full 0):
 garbage-first heap   total 176128K, used 89884K [0x0000000080000000, 0x0000000100000000)
  region size 1024K, 1 young (1024K), 1 survivors (1024K)
 Metaspace       used 74598K, committed 75328K, reserved 491520K
  class space    used 10370K, committed 10688K, reserved 425984K
}
Event: 82.776 GC heap before
{Heap before GC invocations=44 (full 0):
 garbage-first heap   total 176128K, used 142108K [0x0000000080000000, 0x0000000100000000)
  region size 1024K, 52 young (53248K), 1 survivors (1024K)
 Metaspace       used 77222K, committed 77952K, reserved 557056K
  class space    used 10755K, committed 11072K, reserved 425984K
}
Event: 82.787 GC heap after
{Heap after GC invocations=45 (full 0):
 garbage-first heap   total 288768K, used 92382K [0x0000000080000000, 0x0000000100000000)
  region size 1024K, 4 young (4096K), 4 survivors (4096K)
 Metaspace       used 77222K, committed 77952K, reserved 557056K
  class space    used 10755K, committed 11072K, reserved 425984K
}
Event: 226.913 GC heap before
{Heap before GC invocations=46 (full 0):
 garbage-first heap   total 288768K, used 220382K [0x0000000080000000, 0x0000000100000000)
  region size 1024K, 130 young (133120K), 4 survivors (4096K)
 Metaspace       used 81290K, committed 82176K, reserved 557056K
  class space    used 11234K, committed 11648K, reserved 425984K
}
Event: 227.465 GC heap after
{Heap after GC invocations=47 (full 0):
 garbage-first heap   total 288768K, used 103596K [0x0000000080000000, 0x0000000100000000)
  region size 1024K, 14 young (14336K), 14 survivors (14336K)
 Metaspace       used 81290K, committed 82176K, reserved 557056K
  class space    used 11234K, committed 11648K, reserved 425984K
}
Event: 227.669 GC heap before
{Heap before GC invocations=47 (full 0):
 garbage-first heap   total 288768K, used 104620K [0x0000000080000000, 0x0000000100000000)
  region size 1024K, 15 young (15360K), 14 survivors (14336K)
 Metaspace       used 81362K, committed 82240K, reserved 557056K
  class space    used 11245K, committed 11648K, reserved 425984K
}
Event: 228.015 GC heap after
{Heap after GC invocations=48 (full 0):
 garbage-first heap   total 288768K, used 104536K [0x0000000080000000, 0x0000000100000000)
  region size 1024K, 2 young (2048K), 2 survivors (2048K)
 Metaspace       used 81362K, committed 82240K, reserved 557056K
  class space    used 11245K, committed 11648K, reserved 425984K
}
Event: 230.102 GC heap before
{Heap before GC invocations=48 (full 0):
 garbage-first heap   total 288768K, used 175192K [0x0000000080000000, 0x0000000100000000)
  region size 1024K, 70 young (71680K), 2 survivors (2048K)
 Metaspace       used 86029K, committed 86912K, reserved 557056K
  class space    used 12049K, committed 12480K, reserved 425984K
}
Event: 230.111 GC heap after
{Heap after GC invocations=49 (full 0):
 garbage-first heap   total 288768K, used 104947K [0x0000000080000000, 0x0000000100000000)
  region size 1024K, 3 young (3072K), 3 survivors (3072K)
 Metaspace       used 86029K, committed 86912K, reserved 557056K
  class space    used 12049K, committed 12480K, reserved 425984K
}
Event: 232.767 GC heap before
{Heap before GC invocations=49 (full 0):
 garbage-first heap   total 288768K, used 205299K [0x0000000080000000, 0x0000000100000000)
  region size 1024K, 102 young (104448K), 3 survivors (3072K)
 Metaspace       used 89624K, committed 90496K, reserved 557056K
  class space    used 12597K, committed 12992K, reserved 425984K
}
Event: 232.811 GC heap after
{Heap after GC invocations=50 (full 0):
 garbage-first heap   total 288768K, used 115589K [0x0000000080000000, 0x0000000100000000)
  region size 1024K, 13 young (13312K), 13 survivors (13312K)
 Metaspace       used 89624K, committed 90496K, reserved 557056K
  class space    used 12597K, committed 12992K, reserved 425984K
}
Event: 233.712 GC heap before
{Heap before GC invocations=51 (full 0):
 garbage-first heap   total 288768K, used 143237K [0x0000000080000000, 0x0000000100000000)
  region size 1024K, 36 young (36864K), 13 survivors (13312K)
 Metaspace       used 91160K, committed 92160K, reserved 557056K
  class space    used 12763K, committed 13248K, reserved 425984K
}
Event: 233.880 GC heap after
{Heap after GC invocations=52 (full 0):
 garbage-first heap   total 288768K, used 129980K [0x0000000080000000, 0x0000000100000000)
  region size 1024K, 5 young (5120K), 5 survivors (5120K)
 Metaspace       used 91160K, committed 92160K, reserved 557056K
  class space    used 12763K, committed 13248K, reserved 425984K
}
Event: 234.535 GC heap before
{Heap before GC invocations=52 (full 0):
 garbage-first heap   total 288768K, used 138172K [0x0000000080000000, 0x0000000100000000)
  region size 1024K, 14 young (14336K), 5 survivors (5120K)
 Metaspace       used 91214K, committed 92224K, reserved 557056K
  class space    used 12770K, committed 13248K, reserved 425984K
}
Event: 234.582 GC heap after
{Heap after GC invocations=53 (full 0):
 garbage-first heap   total 288768K, used 129801K [0x0000000080000000, 0x0000000100000000)
  region size 1024K, 2 young (2048K), 2 survivors (2048K)
 Metaspace       used 91214K, committed 92224K, reserved 557056K
  class space    used 12770K, committed 13248K, reserved 425984K
}
Event: 236.337 GC heap before
{Heap before GC invocations=53 (full 0):
 garbage-first heap   total 288768K, used 159497K [0x0000000080000000, 0x0000000100000000)
  region size 1024K, 32 young (32768K), 2 survivors (2048K)
 Metaspace       used 91413K, committed 92416K, reserved 557056K
  class space    used 12788K, committed 13248K, reserved 425984K
}
Event: 236.383 GC heap after
{Heap after GC invocations=54 (full 0):
 garbage-first heap   total 288768K, used 135141K [0x0000000080000000, 0x0000000100000000)
  region size 1024K, 7 young (7168K), 7 survivors (7168K)
 Metaspace       used 91413K, committed 92416K, reserved 557056K
  class space    used 12788K, committed 13248K, reserved 425984K
}
Event: 239.076 GC heap before
{Heap before GC invocations=55 (full 0):
 garbage-first heap   total 288768K, used 183269K [0x0000000080000000, 0x0000000100000000)
  region size 1024K, 51 young (52224K), 7 survivors (7168K)
 Metaspace       used 92410K, committed 93632K, reserved 557056K
  class space    used 12941K, committed 13504K, reserved 425984K
}
Event: 239.158 GC heap after
{Heap after GC invocations=56 (full 0):
 garbage-first heap   total 288768K, used 151727K [0x0000000080000000, 0x0000000100000000)
  region size 1024K, 7 young (7168K), 7 survivors (7168K)
 Metaspace       used 92410K, committed 93632K, reserved 557056K
  class space    used 12941K, committed 13504K, reserved 425984K
}
Event: 239.523 GC heap before
{Heap before GC invocations=56 (full 0):
 garbage-first heap   total 288768K, used 158895K [0x0000000080000000, 0x0000000100000000)
  region size 1024K, 14 young (14336K), 7 survivors (7168K)
 Metaspace       used 92479K, committed 93696K, reserved 557056K
  class space    used 12951K, committed 13504K, reserved 425984K
}

Deoptimization events (20 events):
Event: 237.567 Thread 0x00000292eac3d990 DEOPT PACKING pc=0x00000292bb4026ac sp=0x000000a237ff5e90
Event: 237.567 Thread 0x00000292eac3d990 DEOPT UNPACKING pc=0x00000292bab923a3 sp=0x000000a237ff5de8 mode 2
Event: 237.665 Thread 0x00000292eac3d990 Uncommon trap: trap_request=0xffffffde fr.pc=0x00000292bb725adc relative=0x000000000000005c
Event: 237.665 Thread 0x00000292eac3d990 Uncommon trap: reason=class_check action=maybe_recompile pc=0x00000292bb725adc method=groovy.lang.MetaMethod.isStatic()Z @ 1 c2
Event: 237.665 Thread 0x00000292eac3d990 DEOPT PACKING pc=0x00000292bb725adc sp=0x000000a237ff5de0
Event: 237.665 Thread 0x00000292eac3d990 DEOPT UNPACKING pc=0x00000292bab923a3 sp=0x000000a237ff5d68 mode 2
Event: 237.677 Thread 0x00000292eac3d990 Uncommon trap: trap_request=0xffffffde fr.pc=0x00000292bb725adc relative=0x000000000000005c
Event: 237.677 Thread 0x00000292eac3d990 Uncommon trap: reason=class_check action=maybe_recompile pc=0x00000292bb725adc method=groovy.lang.MetaMethod.isStatic()Z @ 1 c2
Event: 237.677 Thread 0x00000292eac3d990 DEOPT PACKING pc=0x00000292bb725adc sp=0x000000a237ff5de0
Event: 237.677 Thread 0x00000292eac3d990 DEOPT UNPACKING pc=0x00000292bab923a3 sp=0x000000a237ff5d68 mode 2
Event: 237.748 Thread 0x00000292eac3d990 Uncommon trap: trap_request=0xffffff45 fr.pc=0x00000292bb212b04 relative=0x0000000000005104
Event: 237.748 Thread 0x00000292eac3d990 Uncommon trap: reason=unstable_if action=reinterpret pc=0x00000292bb212b04 method=java.lang.PublicMethods$MethodList.getMostSpecific()Ljava/lang/reflect/Method; @ 35 c2
Event: 237.748 Thread 0x00000292eac3d990 DEOPT PACKING pc=0x00000292bb212b04 sp=0x000000a237ff4870
Event: 237.748 Thread 0x00000292eac3d990 DEOPT UNPACKING pc=0x00000292bab923a3 sp=0x000000a237ff4720 mode 2
Event: 237.832 Thread 0x00000292eac3d990 DEOPT PACKING pc=0x00000292b41ef66e sp=0x000000a237ff2e20
Event: 237.832 Thread 0x00000292eac3d990 DEOPT UNPACKING pc=0x00000292bab92b43 sp=0x000000a237ff22d0 mode 0
Event: 237.930 Thread 0x00000292eac3d990 Uncommon trap: trap_request=0xfffffff4 fr.pc=0x00000292bb4c8f28 relative=0x0000000000000508
Event: 237.930 Thread 0x00000292eac3d990 Uncommon trap: reason=null_check action=make_not_entrant pc=0x00000292bb4c8f28 method=java.lang.ThreadLocal$ThreadLocalMap.expungeStaleEntry(I)I @ 51 c2
Event: 237.930 Thread 0x00000292eac3d990 DEOPT PACKING pc=0x00000292bb4c8f28 sp=0x000000a237ff9810
Event: 237.930 Thread 0x00000292eac3d990 DEOPT UNPACKING pc=0x00000292bab923a3 sp=0x000000a237ff97b0 mode 2

Classes unloaded (0 events):
No events

Classes redefined (0 events):
No events

Internal exceptions (20 events):
Event: 237.904 Thread 0x00000292eac3d990 Exception <a 'java/lang/ClassNotFoundException'{0x000000009082b3c0}: org/gradle/api/internal/artifacts/dependencies/DefaultProjectDependencyBeanInfo> (0x000000009082b3c0) 
thrown [s\open\src\hotspot\share\classfile\systemDictionary.cpp, line 256]
Event: 237.908 Thread 0x00000292eac3d990 Exception <a 'java/lang/ClassNotFoundException'{0x00000000908445e0}: org/gradle/api/internal/artifacts/dependencies/AbstractModuleDependencyBeanInfo> (0x00000000908445e0) 
thrown [s\open\src\hotspot\share\classfile\systemDictionary.cpp, line 256]
Event: 237.910 Thread 0x00000292eac3d990 Exception <a 'java/lang/ClassNotFoundException'{0x000000009085d650}: org/gradle/api/internal/artifacts/dependencies/AbstractDependencyBeanInfo> (0x000000009085d650) 
thrown [s\open\src\hotspot\share\classfile\systemDictionary.cpp, line 256]
Event: 237.912 Thread 0x00000292eac3d990 Exception <a 'java/lang/ClassNotFoundException'{0x00000000908766c8}: org/gradle/api/internal/artifacts/dependencies/AbstractDependencyCustomizer> (0x00000000908766c8) 
thrown [s\open\src\hotspot\share\classfile\systemDictionary.cpp, line 256]
Event: 237.915 Thread 0x00000292eac3d990 Exception <a 'java/lang/ClassNotFoundException'{0x00000000908932a0}: org/gradle/api/internal/artifacts/dependencies/AbstractModuleDependencyCustomizer> (0x00000000908932a0) 
thrown [s\open\src\hotspot\share\classfile\systemDictionary.cpp, line 256]
Event: 237.919 Thread 0x00000292eac3d990 Exception <a 'java/lang/ClassNotFoundException'{0x00000000908c8730}: org/gradle/api/internal/artifacts/dependencies/DefaultProjectDependencyCustomizer> (0x00000000908c8730) 
thrown [s\open\src\hotspot\share\classfile\systemDictionary.cpp, line 256]
Event: 237.922 Thread 0x00000292eac3d990 Exception <a 'java/lang/ClassNotFoundException'{0x00000000908f4248}: org/gradle/api/internal/artifacts/dependencies/DefaultProjectDependency_DecoratedCustomizer> (0x00000000908f4248) 
thrown [s\open\src\hotspot\share\classfile\systemDictionary.cpp, line 256]
Event: 237.929 Thread 0x00000292eac3d990 Implicit null exception at 0x00000292bb4c8b00 to 0x00000292bb4c8f05
Event: 238.356 Thread 0x00000292eac3d990 Exception <a 'java/lang/ClassNotFoundException'{0x00000000901c9a80}: build_awve6w8mic7mjok1px0onrngsBeanInfo> (0x00000000901c9a80) 
thrown [s\open\src\hotspot\share\classfile\systemDictionary.cpp, line 256]
Event: 238.357 Thread 0x00000292eac3d990 Exception <a 'java/lang/ClassNotFoundException'{0x00000000901d04c0}: build_awve6w8mic7mjok1px0onrngsCustomizer> (0x00000000901d04c0) 
thrown [s\open\src\hotspot\share\classfile\systemDictionary.cpp, line 256]
Event: 238.471 Thread 0x00000292eac3d990 Exception <a 'java/lang/ClassNotFoundException'{0x000000008fdeb6a0}: build_b6ptbijvklmyf1nuo5mg1uxo5BeanInfo> (0x000000008fdeb6a0) 
thrown [s\open\src\hotspot\share\classfile\systemDictionary.cpp, line 256]
Event: 238.472 Thread 0x00000292eac3d990 Exception <a 'java/lang/ClassNotFoundException'{0x000000008fdf20e0}: build_b6ptbijvklmyf1nuo5mg1uxo5Customizer> (0x000000008fdf20e0) 
thrown [s\open\src\hotspot\share\classfile\systemDictionary.cpp, line 256]
Event: 238.491 Thread 0x00000292eac3d990 Exception <a 'java/lang/ClassNotFoundException'{0x000000008fc99fa8}: build_b6ptbijvklmyf1nuo5mg1uxo5BeanInfo> (0x000000008fc99fa8) 
thrown [s\open\src\hotspot\share\classfile\systemDictionary.cpp, line 256]
Event: 238.492 Thread 0x00000292eac3d990 Exception <a 'java/lang/ClassNotFoundException'{0x000000008fca0988}: build_b6ptbijvklmyf1nuo5mg1uxo5Customizer> (0x000000008fca0988) 
thrown [s\open\src\hotspot\share\classfile\systemDictionary.cpp, line 256]
Event: 238.526 Thread 0x00000292eac3d990 Exception <a 'java/lang/ClassNotFoundException'{0x000000008fa24280}: build_b6ptbijvklmyf1nuo5mg1uxo5$_run_closure1BeanInfo> (0x000000008fa24280) 
thrown [s\open\src\hotspot\share\classfile\systemDictionary.cpp, line 256]
Event: 238.527 Thread 0x00000292eac3d990 Exception <a 'java/lang/ClassNotFoundException'{0x000000008fa2df60}: build_b6ptbijvklmyf1nuo5mg1uxo5$_run_closure1Customizer> (0x000000008fa2df60) 
thrown [s\open\src\hotspot\share\classfile\systemDictionary.cpp, line 256]
Event: 238.655 Thread 0x00000292eac3d990 Exception <a 'java/lang/ClassNotFoundException'{0x000000008f04ba10}: build_b8696iuygdhr3i66pcec5l6zeBeanInfo> (0x000000008f04ba10) 
thrown [s\open\src\hotspot\share\classfile\systemDictionary.cpp, line 256]
Event: 238.657 Thread 0x00000292eac3d990 Exception <a 'java/lang/ClassNotFoundException'{0x000000008f052450}: build_b8696iuygdhr3i66pcec5l6zeCustomizer> (0x000000008f052450) 
thrown [s\open\src\hotspot\share\classfile\systemDictionary.cpp, line 256]
Event: 239.310 Thread 0x00000292eac3d990 Exception <a 'java/lang/ClassNotFoundException'{0x0000000091838868}: build_b8696iuygdhr3i66pcec5l6zeBeanInfo> (0x0000000091838868) 
thrown [s\open\src\hotspot\share\classfile\systemDictionary.cpp, line 256]
Event: 239.314 Thread 0x00000292eac3d990 Exception <a 'java/lang/ClassNotFoundException'{0x000000009183f4c0}: build_b8696iuygdhr3i66pcec5l6zeCustomizer> (0x000000009183f4c0) 
thrown [s\open\src\hotspot\share\classfile\systemDictionary.cpp, line 256]

VM Operations (20 events):
Event: 235.597 Executing VM operation: Cleanup done
Event: 236.336 Executing VM operation: G1TryInitiateConcMark
Event: 236.387 Executing VM operation: G1TryInitiateConcMark done
Event: 237.290 Executing VM operation: HandshakeAllThreads
Event: 237.291 Executing VM operation: HandshakeAllThreads done
Event: 237.291 Executing VM operation: HandshakeAllThreads
Event: 237.303 Executing VM operation: HandshakeAllThreads done
Event: 237.309 Executing VM operation: HandshakeAllThreads
Event: 237.310 Executing VM operation: HandshakeAllThreads done
Event: 237.749 Executing VM operation: G1Concurrent
Event: 237.758 Executing VM operation: G1Concurrent done
Event: 237.850 Executing VM operation: HandshakeAllThreads
Event: 237.851 Executing VM operation: HandshakeAllThreads done
Event: 237.954 Executing VM operation: G1Concurrent
Event: 237.955 Executing VM operation: G1Concurrent done
Event: 238.972 Executing VM operation: Cleanup
Event: 238.972 Executing VM operation: Cleanup done
Event: 239.054 Executing VM operation: G1CollectForAllocation
Event: 239.160 Executing VM operation: G1CollectForAllocation done
Event: 239.523 Executing VM operation: G1CollectForAllocation

Events (20 events):
Event: 237.834 loading class java/util/TreeSetBeanInfo done
Event: 237.835 loading class java/util/TreeSetBeanInfo
Event: 237.835 loading class java/util/TreeSetBeanInfo done
Event: 237.835 loading class java/util/AbstractSetBeanInfo
Event: 237.835 loading class java/util/AbstractSetBeanInfo done
Event: 237.836 loading class java/util/AbstractSetBeanInfo
Event: 237.836 loading class java/util/AbstractSetBeanInfo done
Event: 237.836 loading class java/util/AbstractSetCustomizer
Event: 237.836 loading class java/util/AbstractSetCustomizer done
Event: 237.837 loading class java/util/AbstractSetCustomizer
Event: 237.837 loading class java/util/AbstractSetCustomizer done
Event: 237.838 loading class java/util/TreeSetCustomizer
Event: 237.838 loading class java/util/TreeSetCustomizer done
Event: 237.839 loading class java/util/TreeSetCustomizer
Event: 237.839 loading class java/util/TreeSetCustomizer done
Event: 237.848 loading class java/io/LineNumberReader
Event: 237.849 loading class java/io/LineNumberReader done
Event: 238.850 Thread 0x00000292e9d38ab0 Thread added: 0x00000292e9d38ab0
Event: 238.851 Thread 0x00000292e9d394d0 Thread added: 0x00000292e9d394d0
Event: 238.852 Thread 0x00000292e9d38090 Thread added: 0x00000292e9d38090


Dynamic libraries:
0x00007ff67df00000 - 0x00007ff67df10000 	C:\Program Files\Java\jdk-17\bin\java.exe
0x00007fff1d710000 - 0x00007fff1d908000 	C:\WINDOWS\SYSTEM32\ntdll.dll
0x00007fff1d2f0000 - 0x00007fff1d3b2000 	C:\WINDOWS\System32\KERNEL32.DLL
0x00007fff1b000000 - 0x00007fff1b2ff000 	C:\WINDOWS\System32\KERNELBASE.dll
0x00007fff1af00000 - 0x00007fff1b000000 	C:\WINDOWS\System32\ucrtbase.dll
0x00007fff12120000 - 0x00007fff12139000 	C:\Program Files\Java\jdk-17\bin\jli.dll
0x00007fff1d050000 - 0x00007fff1d101000 	C:\WINDOWS\System32\ADVAPI32.dll
0x00007fff1cca0000 - 0x00007fff1cd3e000 	C:\WINDOWS\System32\msvcrt.dll
0x00007fff1bfe0000 - 0x00007fff1c07f000 	C:\WINDOWS\System32\sechost.dll
0x00007fff1d110000 - 0x00007fff1d233000 	C:\WINDOWS\System32\RPCRT4.dll
0x00007fff1ada0000 - 0x00007fff1adc7000 	C:\WINDOWS\System32\bcrypt.dll
0x00007fff1d4f0000 - 0x00007fff1d68d000 	C:\WINDOWS\System32\USER32.dll
0x00007fff1b3b0000 - 0x00007fff1b3d2000 	C:\WINDOWS\System32\win32u.dll
0x00007fff1d690000 - 0x00007fff1d6bb000 	C:\WINDOWS\System32\GDI32.dll
0x00007fff1b600000 - 0x00007fff1b717000 	C:\WINDOWS\System32\gdi32full.dll
0x00007fff1ae60000 - 0x00007fff1aefd000 	C:\WINDOWS\System32\msvcp_win.dll
0x00007fff10980000 - 0x00007fff1099b000 	C:\Program Files\Java\jdk-17\bin\VCRUNTIME140.dll
0x00007fff0b5b0000 - 0x00007fff0b84a000 	C:\WINDOWS\WinSxS\amd64_microsoft.windows.common-controls_6595b64144ccf1df_6.0.19041.4355_none_60b8b9eb71f62e16\COMCTL32.dll
0x00007fff0d8d0000 - 0x00007fff0d8da000 	C:\WINDOWS\SYSTEM32\VERSION.dll
0x00007fff1bb30000 - 0x00007fff1bb5f000 	C:\WINDOWS\System32\IMM32.DLL
0x00007fff128f0000 - 0x00007fff128fc000 	C:\Program Files\Java\jdk-17\bin\vcruntime140_1.dll
0x00007fff0a8e0000 - 0x00007fff0a96e000 	C:\Program Files\Java\jdk-17\bin\msvcp140.dll
0x00007ffeca7d0000 - 0x00007ffecb3af000 	C:\Program Files\Java\jdk-17\bin\server\jvm.dll
0x00007fff1d6c0000 - 0x00007fff1d6c8000 	C:\WINDOWS\System32\PSAPI.DLL
0x00007fff126e0000 - 0x00007fff126e9000 	C:\WINDOWS\SYSTEM32\WSOCK32.dll
0x00007fff1cfe0000 - 0x00007fff1d04b000 	C:\WINDOWS\System32\WS2_32.dll
0x00007ffef8e20000 - 0x00007ffef8e47000 	C:\WINDOWS\SYSTEM32\WINMM.dll
0x00007fff195c0000 - 0x00007fff195d2000 	C:\WINDOWS\SYSTEM32\kernel.appcore.dll
0x00007fff0d240000 - 0x00007fff0d24a000 	C:\Program Files\Java\jdk-17\bin\jimage.dll
0x00007fff192f0000 - 0x00007fff194d4000 	C:\WINDOWS\SYSTEM32\DBGHELP.DLL
0x00007ffefce30000 - 0x00007ffefce64000 	C:\WINDOWS\SYSTEM32\dbgcore.DLL
0x00007fff1add0000 - 0x00007fff1ae52000 	C:\WINDOWS\System32\bcryptPrimitives.dll
0x00007fff13f40000 - 0x00007fff13f4e000 	C:\Program Files\Java\jdk-17\bin\instrument.dll
0x00007fff0ad00000 - 0x00007fff0ad25000 	C:\Program Files\Java\jdk-17\bin\java.dll
0x00007ffee9e50000 - 0x00007ffee9f27000 	C:\Program Files\Java\jdk-17\bin\jsvml.dll
0x00007fff1c500000 - 0x00007fff1cc6e000 	C:\WINDOWS\System32\SHELL32.dll
0x00007fff18a70000 - 0x00007fff19214000 	C:\WINDOWS\SYSTEM32\windows.storage.dll
0x00007fff1b720000 - 0x00007fff1ba75000 	C:\WINDOWS\System32\combase.dll
0x00007fff1a700000 - 0x00007fff1a72f000 	C:\WINDOWS\SYSTEM32\Wldp.dll
0x00007fff1bde0000 - 0x00007fff1bead000 	C:\WINDOWS\System32\OLEAUT32.dll
0x00007fff1ba80000 - 0x00007fff1bb2d000 	C:\WINDOWS\System32\SHCORE.dll
0x00007fff1d3d0000 - 0x00007fff1d425000 	C:\WINDOWS\System32\shlwapi.dll
0x00007fff1acd0000 - 0x00007fff1acf4000 	C:\WINDOWS\SYSTEM32\profapi.dll
0x00007fff0b850000 - 0x00007fff0b868000 	C:\Program Files\Java\jdk-17\bin\zip.dll
0x00007fff0cf80000 - 0x00007fff0cf99000 	C:\Program Files\Java\jdk-17\bin\net.dll
0x00007fff0db50000 - 0x00007fff0dc5d000 	C:\WINDOWS\SYSTEM32\WINHTTP.dll
0x00007fff1a460000 - 0x00007fff1a4ca000 	C:\WINDOWS\system32\mswsock.dll
0x00007fff0c0b0000 - 0x00007fff0c0c6000 	C:\Program Files\Java\jdk-17\bin\nio.dll
0x00007fff0ca90000 - 0x00007fff0caa0000 	C:\Program Files\Java\jdk-17\bin\verify.dll
0x00007fff0acd0000 - 0x00007fff0acf7000 	C:\Users\Lenovo\.gradle\native\68d5fa5c4cc2d200863cafc0d521ce42e7d3e7ee720ec0a83991735586a16f82\windows-amd64\native-platform.dll
0x00007ffee4a40000 - 0x00007ffee4b84000 	C:\Users\Lenovo\.gradle\native\e376f236ea51e6404a007f0833ffe2c6e607c4080706a723a18a27aeea778392\windows-amd64\native-platform-file-events.dll
0x00007fff0ab50000 - 0x00007fff0ab5a000 	C:\Program Files\Java\jdk-17\bin\management.dll
0x00007fff0a8d0000 - 0x00007fff0a8db000 	C:\Program Files\Java\jdk-17\bin\management_ext.dll
0x00007fff1a660000 - 0x00007fff1a678000 	C:\WINDOWS\SYSTEM32\CRYPTSP.dll
0x00007fff19d80000 - 0x00007fff19db4000 	C:\WINDOWS\system32\rsaenh.dll
0x00007fff1ac90000 - 0x00007fff1acbe000 	C:\WINDOWS\SYSTEM32\USERENV.dll
0x00007fff1a650000 - 0x00007fff1a65c000 	C:\WINDOWS\SYSTEM32\CRYPTBASE.dll
0x00007fff1a140000 - 0x00007fff1a17b000 	C:\WINDOWS\SYSTEM32\IPHLPAPI.DLL
0x00007fff1d3c0000 - 0x00007fff1d3c8000 	C:\WINDOWS\System32\NSI.dll
0x00007fff109f0000 - 0x00007fff10a07000 	C:\WINDOWS\SYSTEM32\dhcpcsvc6.DLL
0x00007fff13be0000 - 0x00007fff13bfd000 	C:\WINDOWS\SYSTEM32\dhcpcsvc.DLL
0x00007fff1a180000 - 0x00007fff1a24a000 	C:\WINDOWS\SYSTEM32\DNSAPI.dll
0x00007fff13f30000 - 0x00007fff13f3e000 	C:\Program Files\Java\jdk-17\bin\sunmscapi.dll
0x00007fff1b3e0000 - 0x00007fff1b53c000 	C:\WINDOWS\System32\CRYPT32.dll
0x00007fff1a770000 - 0x00007fff1a797000 	C:\WINDOWS\SYSTEM32\ncrypt.dll
0x00007fff1a730000 - 0x00007fff1a76b000 	C:\WINDOWS\SYSTEM32\NTASN1.dll
0x00007fff13590000 - 0x00007fff13597000 	C:\WINDOWS\system32\wshunix.dll
0x00007ffefe260000 - 0x00007ffefe277000 	C:\WINDOWS\system32\napinsp.dll
0x00007ffefe240000 - 0x00007ffefe25b000 	C:\WINDOWS\system32\pnrpnsp.dll
0x00007ffefe220000 - 0x00007ffefe235000 	C:\WINDOWS\system32\wshbth.dll
0x00007fff15e50000 - 0x00007fff15e6d000 	C:\WINDOWS\system32\NLAapi.dll
0x00007ffefe200000 - 0x00007ffefe212000 	C:\WINDOWS\System32\winrnr.dll
0x00007fff08aa0000 - 0x00007fff08aaa000 	C:\Windows\System32\rasadhlp.dll
0x00007fff08e90000 - 0x00007fff08f10000 	C:\WINDOWS\System32\fwpuclnt.dll

dbghelp: loaded successfully - version: 4.0.5 - missing functions: none
symbol engine: initialized successfully - sym options: 0x614 - pdb path: .;C:\Program Files\Java\jdk-17\bin;C:\WINDOWS\SYSTEM32;C:\WINDOWS\WinSxS\amd64_microsoft.windows.common-controls_6595b64144ccf1df_6.0.19041.4355_none_60b8b9eb71f62e16;C:\Program Files\Java\jdk-17\bin\server;C:\Users\Lenovo\.gradle\native\68d5fa5c4cc2d200863cafc0d521ce42e7d3e7ee720ec0a83991735586a16f82\windows-amd64;C:\Users\Lenovo\.gradle\native\e376f236ea51e6404a007f0833ffe2c6e607c4080706a723a18a27aeea778392\windows-amd64

VM Arguments:
jvm_args: -XX:MaxMetaspaceSize=512m --add-opens=java.base/java.util=ALL-UNNAMED --add-opens=java.base/java.lang=ALL-UNNAMED --add-opens=java.base/java.lang.invoke=ALL-UNNAMED --add-opens=java.prefs/java.util.prefs=ALL-UNNAMED --add-opens=java.base/java.nio.charset=ALL-UNNAMED --add-opens=java.base/java.net=ALL-UNNAMED --add-opens=java.base/java.util.concurrent.atomic=ALL-UNNAMED -Xmx2048m -Dfile.encoding=windows-1252 -Duser.country=IN -Duser.language=en -Duser.variant -javaagent:C:\Users\Lenovo\.gradle\wrapper\dists\gradle-8.3-all\6en3ugtfdg5xnpx44z4qbwgas\gradle-8.3\lib\agents\gradle-instrumentation-agent-8.3.jar 
java_command: org.gradle.launcher.daemon.bootstrap.GradleDaemon 8.3
java_class_path (initial): C:\Users\Lenovo\.gradle\wrapper\dists\gradle-8.3-all\6en3ugtfdg5xnpx44z4qbwgas\gradle-8.3\lib\gradle-launcher-8.3.jar
Launcher Type: SUN_STANDARD

[Global flags]
     intx CICompilerCount                          = 3                                         {product} {ergonomic}
   size_t CompressedClassSpaceSize                 = 436207616                                 {product} {ergonomic}
     uint ConcGCThreads                            = 1                                         {product} {ergonomic}
     uint G1ConcRefinementThreads                  = 4                                         {product} {ergonomic}
   size_t G1HeapRegionSize                         = 1048576                                   {product} {ergonomic}
    uintx GCDrainStackTargetSize                   = 64                                        {product} {ergonomic}
   size_t InitialHeapSize                          = 67108864                                  {product} {ergonomic}
   size_t MarkStackSize                            = 4194304                                   {product} {ergonomic}
   size_t MaxHeapSize                              = 2147483648                                {product} {command line}
   size_t MaxMetaspaceSize                         = 536870912                                 {product} {command line}
   size_t MaxNewSize                               = 1287651328                                {product} {ergonomic}
   size_t MinHeapDeltaBytes                        = 1048576                                   {product} {ergonomic}
   size_t MinHeapSize                              = 8388608                                   {product} {ergonomic}
    uintx NonNMethodCodeHeapSize                   = 5832780                                {pd product} {ergonomic}
    uintx NonProfiledCodeHeapSize                  = 122912730                              {pd product} {ergonomic}
    uintx ProfiledCodeHeapSize                     = 122912730                              {pd product} {ergonomic}
    uintx ReservedCodeCacheSize                    = 251658240                              {pd product} {ergonomic}
     bool SegmentedCodeCache                       = true                                      {product} {ergonomic}
   size_t SoftMaxHeapSize                          = 2147483648                             {manageable} {ergonomic}
     bool UseCompressedClassPointers               = true                           {product lp64_product} {ergonomic}
     bool UseCompressedOops                        = true                           {product lp64_product} {ergonomic}
     bool UseG1GC                                  = true                                      {product} {ergonomic}
     bool UseLargePagesIndividualAllocation        = false                                  {pd product} {ergonomic}

Logging:
Log output configuration:
 #0: stdout all=warning uptime,level,tags
 #1: stderr all=off uptime,level,tags

Environment Variables:
JAVA_HOME=C:\Program Files\Java\jdk-17
CLASSPATH=C:\Users\Lenovo\IoAlumniPortal\android\\gradle\wrapper\gradle-wrapper.jar
PATH=C:\Users\Lenovo\IoAlumniPortal\node_modules\.bin;C:\Users\Lenovo\node_modules\.bin;C:\Users\node_modules\.bin;C:\node_modules\.bin;C:\Program Files\nodejs\node_modules\npm\node_modules\@npmcli\run-script\lib\node-gyp-bin;C:\Program Files\Common Files\Oracle\Java\javapath;C:\Program Files\Microsoft\jdk-11.0.18.10-hotspot\bin;C:\WINDOWS\system32;C:\WINDOWS;C:\WINDOWS\System32\Wbem;C:\WINDOWS\System32\WindowsPowerShell\v1.0\;C:\WINDOWS\System32\OpenSSH\;C:\Program Files\nodejs\;C:\Users\Lenovo\AppData\Local\Android\Sdk\platform-tools;C:\ProgramData\chocolatey\bin;C:\Users\Lenovo\AppData\Local\Android\Sdk;C:\Users\Lenovo\AppData\Roaming\npm;C:\Program Files\Git\cmd;C:\Program Files\Git\bin;C:\Program Files\PuTTY\;C:\Program Files\Java\jdk-17\bin;C:\Program Files\Common Files\Oracle\Java\javapath;C:\Program Files\Microsoft\jdk-11.0.18.10-hotspot\bin;C:\WINDOWS\system32;C:\WINDOWS;C:\WINDOWS\System32\Wbem;C:\WINDOWS\System32\WindowsPowerShell\v1.0\;C:\WINDOWS\System32\OpenSSH\;C:\Program Files\nodejs\;C:\Users\Lenovo\AppData\Local\Android\Sdk\platform-tools;C:\ProgramData\chocolatey\bin;C:\Users\Lenovo\AppData\Local\Android\Sdk;C:\Users\Lenovo\AppData\Roaming\npm;C:\Program Files\Git\cmd;C:\Program Files\Git\bin;C:\Program Files\PuTTY\;C:\Program Files\Java\jdk-17\bin;;C:\Users\Lenovo\AppData\Roaming\npm;C:\Users\Lenovo\AppData\Local\Programs\Microsoft VS Code\bin;C:\Program Files\Git\bin;C:\Users\Lenovo\AppData\Local\GitHubDesktop\bin
USERNAME=Lenovo
LANG=en_US.UTF-8
OS=Windows_NT
PROCESSOR_IDENTIFIER=Intel64 Family 6 Model 142 Stepping 10, GenuineIntel



---------------  S Y S T E M  ---------------

OS:
 Windows 10 , 64 bit Build 19041 (10.0.19041.5198)
OS uptime: 2 days 7:01 hours

CPU: total 4 (initial active 4) (2 cores per cpu, 2 threads per core) family 6 model 142 stepping 10 microcode 0xb4, cx8, cmov, fxsr, ht, mmx, 3dnowpref, sse, sse2, sse3, ssse3, sse4.1, sse4.2, popcnt, lzcnt, tsc, tscinvbit, avx, avx2, aes, erms, clmul, bmi1, bmi2, adx, fma, vzeroupper, clflush, clflushopt

Memory: 4k page, system-wide physical 4005M (73M free)
TotalPageFile size 16293M (AvailPageFile size 484M)
current process WorkingSet (physical memory assigned to process): 329M, peak: 370M
current process commit charge ("private bytes"): 588M, peak: 1123M

vm_info: Java HotSpot(TM) 64-Bit Server VM (17.0.10+11-LTS-240) for windows-amd64 JRE (17.0.10+11-LTS-240), built on Dec 19 2023 21:47:25 by "mach5one" with MS VC++ 17.1 (VS2022)

END.
