#
# There is insufficient memory for the Java Runtime Environment to continue.
# Native memory allocation (malloc) failed to allocate 32744 bytes for ChunkPool::allocate
# Possible reasons:
#   The system is out of physical RAM or swap space
#   The process is running with CompressedOops enabled, and the Java Heap may be blocking the growth of the native heap
# Possible solutions:
#   Reduce memory load on the system
#   Increase physical memory or swap space
#   Check if swap backing store is full
#   Decrease Java heap size (-Xmx/-Xms)
#   Decrease number of Java threads
#   Decrease Java thread stack sizes (-Xss)
#   Set larger code cache with -XX:ReservedCodeCacheSize=
#   JVM is running with Unscaled Compressed Oops mode in which the Java heap is
#     placed in the first 4GB address space. The Java Heap base address is the
#     maximum limit for the native heap growth. Please use -XX:HeapBaseMinAddress
#     to set the Java Heap base and to place the Java Heap above 4GB virtual address.
# This output file may be truncated or incomplete.
#
#  Out of Memory Error (arena.cpp:78), pid=7596, tid=11792
#
# JRE version: Java(TM) SE Runtime Environment (17.0.10+11) (build 17.0.10+11-LTS-240)
# Java VM: Java HotSpot(TM) 64-Bit Server VM (17.0.10+11-LTS-240, mixed mode, sharing, tiered, compressed oops, compressed class ptrs, g1 gc, windows-amd64)
# No core dump will be written. Minidumps are not enabled by default on client versions of Windows
#

---------------  S U M M A R Y ------------

Command Line: -XX:MaxMetaspaceSize=512m --add-opens=java.base/java.util=ALL-UNNAMED --add-opens=java.base/java.lang=ALL-UNNAMED --add-opens=java.base/java.lang.invoke=ALL-UNNAMED --add-opens=java.prefs/java.util.prefs=ALL-UNNAMED --add-opens=java.base/java.nio.charset=ALL-UNNAMED --add-opens=java.base/java.net=ALL-UNNAMED --add-opens=java.base/java.util.concurrent.atomic=ALL-UNNAMED -Xmx2048m -Dfile.encoding=windows-1252 -Duser.country=IN -Duser.language=en -Duser.variant -javaagent:C:\Users\Lenovo\.gradle\wrapper\dists\gradle-8.3-all\6en3ugtfdg5xnpx44z4qbwgas\gradle-8.3\lib\agents\gradle-instrumentation-agent-8.3.jar org.gradle.launcher.daemon.bootstrap.GradleDaemon 8.3

Host: Intel(R) Core(TM) i3-7020U CPU @ 2.30GHz, 4 cores, 3G,  Windows 10 , 64 bit Build 19041 (10.0.19041.5198)
Time: Thu Jan 23 17:30:28 2025 India Standard Time elapsed time: 66.767122 seconds (0d 0h 1m 6s)

---------------  T H R E A D  ---------------

Current thread (0x00000161ca659d10):  JavaThread "C1 CompilerThread0" daemon [_thread_in_native, id=11792, stack(0x0000002191f00000,0x0000002192000000)]


Current CompileTask:
C1:  66767 8728       3       sun.security.util.SignatureFileVerifier::matches (93 bytes)

Stack: [0x0000002191f00000,0x0000002192000000]
Native frames: (J=compiled Java code, j=interpreted, Vv=VM code, C=native code)
V  [jvm.dll+0x677a5a]
V  [jvm.dll+0x7d8b2d]
V  [jvm.dll+0x7da48e]
V  [jvm.dll+0x7daaf3]
V  [jvm.dll+0x2455ff]
V  [jvm.dll+0xaad50]
V  [jvm.dll+0xab09c]
V  [jvm.dll+0x13d0f8]
V  [jvm.dll+0x1401d5]
V  [jvm.dll+0x13eb05]
V  [jvm.dll+0x138bc8]
V  [jvm.dll+0x1481a6]
V  [jvm.dll+0x134360]
V  [jvm.dll+0x1346c0]
V  [jvm.dll+0x134988]
V  [jvm.dll+0x133e21]
V  [jvm.dll+0x135abd]
V  [jvm.dll+0x226aeb]
V  [jvm.dll+0x224cab]
V  [jvm.dll+0x78e45c]
V  [jvm.dll+0x78888a]
V  [jvm.dll+0x676935]
C  [ucrtbase.dll+0x21bb2]
C  [KERNEL32.DLL+0x17374]
C  [ntdll.dll+0x4cc91]


---------------  P R O C E S S  ---------------

Threads class SMR info:
_java_thread_list=0x00000161ecf227c0, length=66, elements={
0x00000161acd2e4f0, 0x00000161ca63b7f0, 0x00000161ca63cd90, 0x00000161ca650350,
0x00000161ca652d30, 0x00000161ca654610, 0x00000161ca654ee0, 0x00000161ca655b90,
0x00000161ca659d10, 0x00000161ca6c1900, 0x00000161ca8634a0, 0x00000161ca8dfc50,
0x00000161eb40eea0, 0x00000161ea7f0890, 0x00000161eb110940, 0x00000161eb591950,
0x00000161eb522df0, 0x00000161cab26c10, 0x00000161cab28560, 0x00000161cab261f0,
0x00000161cab27b40, 0x00000161cab28050, 0x00000161cab25ce0, 0x00000161cab27120,
0x00000161cab27630, 0x00000161cab28a70, 0x00000161cab28f80, 0x00000161cab29490,
0x00000161ca82a3b0, 0x00000161ca82c210, 0x00000161ca82d140, 0x00000161ca82bd00,
0x00000161ca82c720, 0x00000161ca829480, 0x00000161ca82ea90, 0x00000161ca82e580,
0x00000161ca82d650, 0x00000161ca82efa0, 0x00000161ca82db60, 0x00000161ca82f4b0,
0x00000161ca82e070, 0x00000161ca828040, 0x00000161ca82f9c0, 0x00000161ca828550,
0x00000161ca828a60, 0x00000161ca82add0, 0x00000161ca82b2e0, 0x00000161ca829ea0,
0x00000161ca82b7f0, 0x00000161ecc29000, 0x00000161ecc24920, 0x00000161ecc29510,
0x00000161ecc26780, 0x00000161ecc27bc0, 0x00000161ecc234e0, 0x00000161ecc22fd0,
0x00000161ecc23f00, 0x00000161ecc220a0, 0x00000161ecc26270, 0x00000161ecc280d0,
0x00000161ecc25340, 0x00000161ecc24e30, 0x00000161ecc26c90, 0x00000161ecc28af0,
0x00000161ecc285e0, 0x00000161ecc25850
}

Java Threads: ( => current thread )
  0x00000161acd2e4f0 JavaThread "main" [_thread_blocked, id=13756, stack(0x0000002191100000,0x0000002191200000)]
  0x00000161ca63b7f0 JavaThread "Reference Handler" daemon [_thread_blocked, id=9572, stack(0x0000002191800000,0x0000002191900000)]
  0x00000161ca63cd90 JavaThread "Finalizer" daemon [_thread_blocked, id=4728, stack(0x0000002191900000,0x0000002191a00000)]
  0x00000161ca650350 JavaThread "Signal Dispatcher" daemon [_thread_blocked, id=10872, stack(0x0000002191a00000,0x0000002191b00000)]
  0x00000161ca652d30 JavaThread "Attach Listener" daemon [_thread_blocked, id=3388, stack(0x0000002191b00000,0x0000002191c00000)]
  0x00000161ca654610 JavaThread "Service Thread" daemon [_thread_blocked, id=12368, stack(0x0000002191c00000,0x0000002191d00000)]
  0x00000161ca654ee0 JavaThread "Monitor Deflation Thread" daemon [_thread_blocked, id=6344, stack(0x0000002191d00000,0x0000002191e00000)]
  0x00000161ca655b90 JavaThread "C2 CompilerThread0" daemon [_thread_in_native, id=2384, stack(0x0000002191e00000,0x0000002191f00000)]
=>0x00000161ca659d10 JavaThread "C1 CompilerThread0" daemon [_thread_in_native, id=11792, stack(0x0000002191f00000,0x0000002192000000)]
  0x00000161ca6c1900 JavaThread "Sweeper thread" daemon [_thread_blocked, id=7988, stack(0x0000002192000000,0x0000002192100000)]
  0x00000161ca8634a0 JavaThread "Common-Cleaner" daemon [_thread_blocked, id=1416, stack(0x0000002192100000,0x0000002192200000)]
  0x00000161ca8dfc50 JavaThread "Notification Thread" daemon [_thread_blocked, id=9700, stack(0x0000002192200000,0x0000002192300000)]
  0x00000161eb40eea0 JavaThread "Daemon health stats" [_thread_blocked, id=800, stack(0x0000002192700000,0x0000002192800000)]
  0x00000161ea7f0890 JavaThread "Incoming local TCP Connector on port 53620" [_thread_in_native, id=14164, stack(0x0000002192800000,0x0000002192900000)]
  0x00000161eb110940 JavaThread "Daemon periodic checks" [_thread_blocked, id=12532, stack(0x0000002192900000,0x0000002192a00000)]
  0x00000161eb591950 JavaThread "Daemon" [_thread_blocked, id=4996, stack(0x0000002192a00000,0x0000002192b00000)]
  0x00000161eb522df0 JavaThread "Handler for socket connection from /127.0.0.1:53620 to /127.0.0.1:53621" [_thread_in_native, id=13840, stack(0x0000002192b00000,0x0000002192c00000)]
  0x00000161cab26c10 JavaThread "Cancel handler" [_thread_blocked, id=13812, stack(0x0000002192c00000,0x0000002192d00000)]
  0x00000161cab28560 JavaThread "Daemon worker" [_thread_in_vm, id=10056, stack(0x0000002192d00000,0x0000002192e00000)]
  0x00000161cab261f0 JavaThread "Asynchronous log dispatcher for DefaultDaemonConnection: socket connection from /127.0.0.1:53620 to /127.0.0.1:53621" [_thread_blocked, id=8784, stack(0x0000002192e00000,0x0000002192f00000)]
  0x00000161cab27b40 JavaThread "Stdin handler" [_thread_blocked, id=12732, stack(0x0000002192f00000,0x0000002193000000)]
  0x00000161cab28050 JavaThread "Daemon client event forwarder" [_thread_blocked, id=9652, stack(0x0000002193000000,0x0000002193100000)]
  0x00000161cab25ce0 JavaThread "Cache worker for journal cache (C:\Users\Lenovo\.gradle\caches\journal-1)" [_thread_blocked, id=16992, stack(0x0000002193100000,0x0000002193200000)]
  0x00000161cab27120 JavaThread "File lock request listener" [_thread_in_native, id=3164, stack(0x0000002193200000,0x0000002193300000)]
  0x00000161cab27630 JavaThread "Cache worker for file hash cache (C:\Users\Lenovo\.gradle\caches\8.3\fileHashes)" [_thread_blocked, id=2316, stack(0x0000002193300000,0x0000002193400000)]
  0x00000161cab28a70 JavaThread "File watcher server" daemon [_thread_in_native, id=14396, stack(0x0000002193400000,0x0000002193500000)]
  0x00000161cab28f80 JavaThread "File watcher consumer" daemon [_thread_blocked, id=8392, stack(0x0000002193500000,0x0000002193600000)]
  0x00000161cab29490 JavaThread "Cache worker for checksums cache (C:\Users\Lenovo\IoAlumniPortal\android\.gradle\8.3\checksums)" [_thread_blocked, id=13996, stack(0x0000002193600000,0x0000002193700000)]
  0x00000161ca82a3b0 JavaThread "Cache worker for file hash cache (C:\Users\Lenovo\IoAlumniPortal\android\.gradle\8.3\fileHashes)" [_thread_blocked, id=14720, stack(0x0000002193700000,0x0000002193800000)]
  0x00000161ca82c210 JavaThread "Cache worker for cache directory md-supplier (C:\Users\Lenovo\.gradle\caches\8.3\md-supplier)" [_thread_blocked, id=8476, stack(0x0000002193800000,0x0000002193900000)]
  0x00000161ca82d140 JavaThread "Cache worker for file content cache (C:\Users\Lenovo\.gradle\caches\8.3\fileContent)" [_thread_blocked, id=860, stack(0x0000002193900000,0x0000002193a00000)]
  0x00000161ca82bd00 JavaThread "Cache worker for cache directory md-rule (C:\Users\Lenovo\.gradle\caches\8.3\md-rule)" [_thread_blocked, id=11448, stack(0x0000002193a00000,0x0000002193b00000)]
  0x00000161ca82c720 JavaThread "Cache worker for execution history cache (C:\Users\Lenovo\.gradle\caches\8.3\executionHistory)" [_thread_blocked, id=14080, stack(0x0000002193b00000,0x0000002193c00000)]
  0x00000161ca829480 JavaThread "jar transforms" [_thread_blocked, id=13880, stack(0x0000002193c00000,0x0000002193d00000)]
  0x00000161ca82ea90 JavaThread "jar transforms Thread 2" [_thread_blocked, id=1052, stack(0x0000002193d00000,0x0000002193e00000)]
  0x00000161ca82e580 JavaThread "jar transforms Thread 3" [_thread_blocked, id=13436, stack(0x0000002193e00000,0x0000002193f00000)]
  0x00000161ca82d650 JavaThread "jar transforms Thread 4" [_thread_blocked, id=10384, stack(0x0000002193f00000,0x0000002194000000)]
  0x00000161ca82efa0 JavaThread "Cache worker for kotlin-dsl (C:\Users\Lenovo\.gradle\caches\8.3\kotlin-dsl)" [_thread_blocked, id=3468, stack(0x0000002194100000,0x0000002194200000)]
  0x00000161ca82db60 JavaThread "Unconstrained build operations" [_thread_blocked, id=10108, stack(0x0000002194200000,0x0000002194300000)]
  0x00000161ca82f4b0 JavaThread "Unconstrained build operations Thread 2" [_thread_blocked, id=14068, stack(0x0000002194300000,0x0000002194400000)]
  0x00000161ca82e070 JavaThread "Cache worker for dependencies-accessors (C:\Users\Lenovo\IoAlumniPortal\android\.gradle\8.3\dependencies-accessors)" [_thread_blocked, id=7944, stack(0x0000002194400000,0x0000002194500000)]
  0x00000161ca828040 JavaThread "Cache worker for Build Output Cleanup Cache (C:\Users\Lenovo\IoAlumniPortal\node_modules\@react-native\gradle-plugin\.gradle\buildOutputCleanup)" [_thread_blocked, id=11860, stack(0x0000002194500000,0x0000002194600000)]
  0x00000161ca82f9c0 JavaThread "Unconstrained build operations Thread 3" [_thread_blocked, id=9196, stack(0x0000002194600000,0x0000002194700000)]
  0x00000161ca828550 JavaThread "Unconstrained build operations Thread 4" [_thread_blocked, id=11976, stack(0x0000002194700000,0x0000002194800000)]
  0x00000161ca828a60 JavaThread "Unconstrained build operations Thread 5" [_thread_blocked, id=3180, stack(0x0000002194800000,0x0000002194900000)]
  0x00000161ca82add0 JavaThread "Memory manager" [_thread_blocked, id=2572, stack(0x0000002194900000,0x0000002194a00000)]
  0x00000161ca82b2e0 JavaThread "Cache worker for Build Output Cleanup Cache (C:\Users\Lenovo\IoAlumniPortal\android\.gradle\buildOutputCleanup)" [_thread_blocked, id=16708, stack(0x0000002194a00000,0x0000002194b00000)]
  0x00000161ca829ea0 JavaThread "ForkJoinPool.commonPool-worker-1" daemon [_thread_blocked, id=15144, stack(0x0000002190e00000,0x0000002190f00000)]
  0x00000161ca82b7f0 JavaThread "ForkJoinPool.commonPool-worker-2" daemon [_thread_blocked, id=12284, stack(0x0000002191000000,0x0000002191100000)]
  0x00000161ecc29000 JavaThread "ForkJoinPool.commonPool-worker-3" daemon [_thread_blocked, id=15136, stack(0x0000002194b00000,0x0000002194c00000)]
  0x00000161ecc24920 JavaThread "Exec process" [_thread_blocked, id=7680, stack(0x0000002194c00000,0x0000002194d00000)]
  0x00000161ecc29510 JavaThread "Exec process Thread 2" [_thread_blocked, id=14076, stack(0x0000002194d00000,0x0000002194e00000)]
  0x00000161ecc26780 JavaThread "Exec process Thread 3" [_thread_blocked, id=9460, stack(0x0000002194e00000,0x0000002194f00000)]
  0x00000161ecc27bc0 JavaThread "included builds" [_thread_blocked, id=8796, stack(0x0000002194f00000,0x0000002195000000)]
  0x00000161ecc234e0 JavaThread "Execution worker" [_thread_blocked, id=11340, stack(0x0000002195000000,0x0000002195100000)]
  0x00000161ecc22fd0 JavaThread "Execution worker Thread 2" [_thread_blocked, id=8596, stack(0x0000002195100000,0x0000002195200000)]
  0x00000161ecc23f00 JavaThread "Execution worker Thread 3" [_thread_blocked, id=1900, stack(0x0000002195200000,0x0000002195300000)]
  0x00000161ecc220a0 JavaThread "Cache worker for execution history cache (C:\Users\Lenovo\IoAlumniPortal\node_modules\@react-native\gradle-plugin\.gradle\8.3\executionHistory)" [_thread_blocked, id=232, stack(0x0000002195300000,0x0000002195400000)]
  0x00000161ecc26270 JavaThread "Unconstrained build operations Thread 6" [_thread_blocked, id=10672, stack(0x0000002195400000,0x0000002195500000)]
  0x00000161ecc280d0 JavaThread "Unconstrained build operations Thread 7" [_thread_blocked, id=13988, stack(0x0000002195500000,0x0000002195600000)]
  0x00000161ecc25340 JavaThread "Unconstrained build operations Thread 8" [_thread_blocked, id=2380, stack(0x0000002195600000,0x0000002195700000)]
  0x00000161ecc24e30 JavaThread "Unconstrained build operations Thread 9" [_thread_blocked, id=2728, stack(0x0000002195700000,0x0000002195800000)]
  0x00000161ecc26c90 JavaThread "Unconstrained build operations Thread 10" [_thread_blocked, id=13184, stack(0x0000002195800000,0x0000002195900000)]
  0x00000161ecc28af0 JavaThread "Unconstrained build operations Thread 11" [_thread_blocked, id=3852, stack(0x0000002195900000,0x0000002195a00000)]
  0x00000161ecc285e0 JavaThread "Unconstrained build operations Thread 12" [_thread_blocked, id=12972, stack(0x0000002195a00000,0x0000002195b00000)]
  0x00000161ecc25850 JavaThread "Unconstrained build operations Thread 13" [_thread_blocked, id=14244, stack(0x0000002195b00000,0x0000002195c00000)]

Other Threads:
  0x00000161ca634c60 VMThread "VM Thread" [stack: 0x0000002191700000,0x0000002191800000] [id=6884]
  0x00000161ca9586c0 WatcherThread [stack: 0x0000002192300000,0x0000002192400000] [id=3696]
  0x00000161acd88f30 GCTaskThread "GC Thread#0" [stack: 0x0000002191200000,0x0000002191300000] [id=15936]
  0x00000161caa43880 GCTaskThread "GC Thread#1" [stack: 0x0000002192400000,0x0000002192500000] [id=2708]
  0x00000161ca9be820 GCTaskThread "GC Thread#2" [stack: 0x0000002192500000,0x0000002192600000] [id=8444]
  0x00000161ea4ce6a0 GCTaskThread "GC Thread#3" [stack: 0x0000002192600000,0x0000002192700000] [id=8276]
  0x00000161acd99d90 ConcurrentGCThread "G1 Main Marker" [stack: 0x0000002191300000,0x0000002191400000] [id=9100]
  0x00000161acd9a6b0 ConcurrentGCThread "G1 Conc#0" [stack: 0x0000002191400000,0x0000002191500000] [id=14252]
  0x00000161acde3550 ConcurrentGCThread "G1 Refine#0" [stack: 0x0000002191500000,0x0000002191600000] [id=15184]
  0x00000161acde3e90 ConcurrentGCThread "G1 Service" [stack: 0x0000002191600000,0x0000002191700000] [id=14788]

Threads with active compile tasks:
C2 CompilerThread0    66841 8650       4       java.math.BigInteger::implMulAdd (81 bytes)
C1 CompilerThread0    66841 8728       3       sun.security.util.SignatureFileVerifier::matches (93 bytes)

VM state: not at safepoint (normal execution)

VM Mutex/Monitor currently owned by a thread: None

Heap address: 0x0000000080000000, size: 2048 MB, Compressed Oops mode: 32-bit

CDS archive(s) mapped at: [0x00000161cb000000-0x00000161cbbd0000-0x00000161cbbd0000), size 12386304, SharedBaseAddress: 0x00000161cb000000, ArchiveRelocationMode: 1.
Compressed class space mapped at: 0x00000161cc000000-0x00000161e6000000, reserved size: 436207616
Narrow klass base: 0x00000161cb000000, Narrow klass shift: 0, Narrow klass range: 0x100000000

GC Precious Log:
 CPUs: 4 total, 4 available
 Memory: 4005M
 Large Page Support: Disabled
 NUMA Support: Disabled
 Compressed Oops: Enabled (32-bit)
 Heap Region Size: 1M
 Heap Min Capacity: 8M
 Heap Initial Capacity: 64M
 Heap Max Capacity: 2G
 Pre-touch: Disabled
 Parallel Workers: 4
 Concurrent Workers: 1
 Concurrent Refinement Workers: 4
 Periodic GC: Disabled

Heap:
 garbage-first heap   total 197632K, used 103776K [0x0000000080000000, 0x0000000100000000)
  region size 1024K, 18 young (18432K), 3 survivors (3072K)
 Metaspace       used 70936K, committed 71616K, reserved 491520K
  class space    used 9920K, committed 10240K, reserved 425984K

Heap Regions: E=young(eden), S=young(survivor), O=old, HS=humongous(starts), HC=humongous(continues), CS=collection set, F=free, OA=open archive, CA=closed archive, TAMS=top-at-mark-start (previous, next)
|   0|0x0000000080000000, 0x0000000080100000, 0x0000000080100000|100%| O|  |TAMS 0x0000000080100000, 0x0000000080100000| Untracked 
|   1|0x0000000080100000, 0x0000000080200000, 0x0000000080200000|100%| O|  |TAMS 0x0000000080200000, 0x0000000080200000| Untracked 
|   2|0x0000000080200000, 0x0000000080300000, 0x0000000080300000|100%|HS|  |TAMS 0x0000000080300000, 0x0000000080300000| Complete 
|   3|0x0000000080300000, 0x0000000080400000, 0x0000000080400000|100%|HC|  |TAMS 0x0000000080400000, 0x0000000080400000| Complete 
|   4|0x0000000080400000, 0x0000000080500000, 0x0000000080500000|100%|HC|  |TAMS 0x0000000080500000, 0x0000000080500000| Complete 
|   5|0x0000000080500000, 0x0000000080600000, 0x0000000080600000|100%|HC|  |TAMS 0x0000000080600000, 0x0000000080600000| Complete 
|   6|0x0000000080600000, 0x0000000080700000, 0x0000000080700000|100%| O|  |TAMS 0x0000000080700000, 0x0000000080700000| Untracked 
|   7|0x0000000080700000, 0x0000000080800000, 0x0000000080800000|100%| O|  |TAMS 0x0000000080800000, 0x0000000080800000| Untracked 
|   8|0x0000000080800000, 0x0000000080900000, 0x0000000080900000|100%| O|  |TAMS 0x0000000080900000, 0x0000000080900000| Untracked 
|   9|0x0000000080900000, 0x0000000080a00000, 0x0000000080a00000|100%| O|  |TAMS 0x0000000080a00000, 0x0000000080a00000| Untracked 
|  10|0x0000000080a00000, 0x0000000080b00000, 0x0000000080b00000|100%| O|  |TAMS 0x0000000080b00000, 0x0000000080b00000| Untracked 
|  11|0x0000000080b00000, 0x0000000080c00000, 0x0000000080c00000|100%| O|  |TAMS 0x0000000080c00000, 0x0000000080c00000| Untracked 
|  12|0x0000000080c00000, 0x0000000080d00000, 0x0000000080d00000|100%| O|  |TAMS 0x0000000080d00000, 0x0000000080d00000| Untracked 
|  13|0x0000000080d00000, 0x0000000080e00000, 0x0000000080e00000|100%| O|  |TAMS 0x0000000080e00000, 0x0000000080e00000| Untracked 
|  14|0x0000000080e00000, 0x0000000080f00000, 0x0000000080f00000|100%| O|  |TAMS 0x0000000080f00000, 0x0000000080f00000| Untracked 
|  15|0x0000000080f00000, 0x0000000081000000, 0x0000000081000000|100%| O|  |TAMS 0x0000000081000000, 0x0000000081000000| Untracked 
|  16|0x0000000081000000, 0x0000000081100000, 0x0000000081100000|100%| O|  |TAMS 0x0000000081100000, 0x0000000081100000| Untracked 
|  17|0x0000000081100000, 0x0000000081200000, 0x0000000081200000|100%| O|  |TAMS 0x0000000081200000, 0x0000000081200000| Untracked 
|  18|0x0000000081200000, 0x0000000081300000, 0x0000000081300000|100%| O|  |TAMS 0x0000000081300000, 0x0000000081300000| Untracked 
|  19|0x0000000081300000, 0x0000000081400000, 0x0000000081400000|100%| O|  |TAMS 0x0000000081400000, 0x0000000081400000| Untracked 
|  20|0x0000000081400000, 0x0000000081500000, 0x0000000081500000|100%| O|  |TAMS 0x0000000081500000, 0x0000000081500000| Untracked 
|  21|0x0000000081500000, 0x0000000081600000, 0x0000000081600000|100%| O|  |TAMS 0x0000000081600000, 0x0000000081600000| Untracked 
|  22|0x0000000081600000, 0x0000000081700000, 0x0000000081700000|100%| O|  |TAMS 0x0000000081700000, 0x0000000081700000| Untracked 
|  23|0x0000000081700000, 0x0000000081800000, 0x0000000081800000|100%| O|  |TAMS 0x0000000081800000, 0x0000000081800000| Untracked 
|  24|0x0000000081800000, 0x0000000081900000, 0x0000000081900000|100%| O|  |TAMS 0x0000000081900000, 0x0000000081900000| Untracked 
|  25|0x0000000081900000, 0x0000000081a00000, 0x0000000081a00000|100%| O|  |TAMS 0x0000000081a00000, 0x0000000081a00000| Untracked 
|  26|0x0000000081a00000, 0x0000000081b00000, 0x0000000081b00000|100%| O|  |TAMS 0x0000000081b00000, 0x0000000081b00000| Untracked 
|  27|0x0000000081b00000, 0x0000000081c00000, 0x0000000081c00000|100%| O|  |TAMS 0x0000000081c00000, 0x0000000081c00000| Untracked 
|  28|0x0000000081c00000, 0x0000000081d00000, 0x0000000081d00000|100%| O|  |TAMS 0x0000000081d00000, 0x0000000081d00000| Untracked 
|  29|0x0000000081d00000, 0x0000000081e00000, 0x0000000081e00000|100%| O|  |TAMS 0x0000000081e00000, 0x0000000081e00000| Untracked 
|  30|0x0000000081e00000, 0x0000000081f00000, 0x0000000081f00000|100%| O|  |TAMS 0x0000000081f00000, 0x0000000081f00000| Untracked 
|  31|0x0000000081f00000, 0x0000000082000000, 0x0000000082000000|100%| O|  |TAMS 0x0000000082000000, 0x0000000082000000| Untracked 
|  32|0x0000000082000000, 0x0000000082100000, 0x0000000082100000|100%| O|  |TAMS 0x0000000082100000, 0x0000000082100000| Untracked 
|  33|0x0000000082100000, 0x0000000082200000, 0x0000000082200000|100%| O|  |TAMS 0x0000000082200000, 0x0000000082200000| Untracked 
|  34|0x0000000082200000, 0x0000000082300000, 0x0000000082300000|100%| O|  |TAMS 0x0000000082300000, 0x0000000082300000| Untracked 
|  35|0x0000000082300000, 0x0000000082400000, 0x0000000082400000|100%| O|  |TAMS 0x0000000082400000, 0x0000000082400000| Untracked 
|  36|0x0000000082400000, 0x0000000082500000, 0x0000000082500000|100%| O|  |TAMS 0x0000000082500000, 0x0000000082500000| Untracked 
|  37|0x0000000082500000, 0x0000000082600000, 0x0000000082600000|100%|HS|  |TAMS 0x0000000082600000, 0x0000000082600000| Complete 
|  38|0x0000000082600000, 0x0000000082700000, 0x0000000082700000|100%|HC|  |TAMS 0x0000000082700000, 0x0000000082700000| Complete 
|  39|0x0000000082700000, 0x0000000082800000, 0x0000000082800000|100%|HS|  |TAMS 0x0000000082800000, 0x0000000082800000| Complete 
|  40|0x0000000082800000, 0x0000000082900000, 0x0000000082900000|100%|HC|  |TAMS 0x0000000082900000, 0x0000000082900000| Complete 
|  41|0x0000000082900000, 0x0000000082a00000, 0x0000000082a00000|100%|HS|  |TAMS 0x0000000082a00000, 0x0000000082a00000| Complete 
|  42|0x0000000082a00000, 0x0000000082b00000, 0x0000000082b00000|100%|HC|  |TAMS 0x0000000082b00000, 0x0000000082b00000| Complete 
|  43|0x0000000082b00000, 0x0000000082c00000, 0x0000000082c00000|100%|HC|  |TAMS 0x0000000082c00000, 0x0000000082c00000| Complete 
|  44|0x0000000082c00000, 0x0000000082d00000, 0x0000000082d00000|100%|HC|  |TAMS 0x0000000082d00000, 0x0000000082d00000| Complete 
|  45|0x0000000082d00000, 0x0000000082e00000, 0x0000000082e00000|100%| O|  |TAMS 0x0000000082e00000, 0x0000000082e00000| Untracked 
|  46|0x0000000082e00000, 0x0000000082f00000, 0x0000000082f00000|100%| O|  |TAMS 0x0000000082f00000, 0x0000000082f00000| Untracked 
|  47|0x0000000082f00000, 0x0000000083000000, 0x0000000083000000|100%| O|  |TAMS 0x0000000083000000, 0x0000000083000000| Untracked 
|  48|0x0000000083000000, 0x0000000083100000, 0x0000000083100000|100%| O|  |TAMS 0x0000000083100000, 0x0000000083100000| Untracked 
|  49|0x0000000083100000, 0x0000000083200000, 0x0000000083200000|100%| O|  |TAMS 0x0000000083200000, 0x0000000083200000| Untracked 
|  50|0x0000000083200000, 0x0000000083300000, 0x0000000083300000|100%|HS|  |TAMS 0x0000000083300000, 0x0000000083300000| Complete 
|  51|0x0000000083300000, 0x0000000083400000, 0x0000000083400000|100%|HC|  |TAMS 0x0000000083400000, 0x0000000083400000| Complete 
|  52|0x0000000083400000, 0x0000000083500000, 0x0000000083500000|100%|HC|  |TAMS 0x0000000083500000, 0x0000000083500000| Complete 
|  53|0x0000000083500000, 0x0000000083600000, 0x0000000083600000|100%|HC|  |TAMS 0x0000000083600000, 0x0000000083600000| Complete 
|  54|0x0000000083600000, 0x0000000083700000, 0x0000000083700000|100%| O|  |TAMS 0x0000000083700000, 0x0000000083700000| Untracked 
|  55|0x0000000083700000, 0x0000000083800000, 0x0000000083800000|100%| O|  |TAMS 0x0000000083800000, 0x0000000083800000| Untracked 
|  56|0x0000000083800000, 0x0000000083900000, 0x0000000083900000|100%| O|  |TAMS 0x0000000083900000, 0x0000000083900000| Untracked 
|  57|0x0000000083900000, 0x0000000083a00000, 0x0000000083a00000|100%| O|  |TAMS 0x0000000083a00000, 0x0000000083a00000| Untracked 
|  58|0x0000000083a00000, 0x0000000083b00000, 0x0000000083b00000|100%| O|  |TAMS 0x0000000083b00000, 0x0000000083b00000| Untracked 
|  59|0x0000000083b00000, 0x0000000083c00000, 0x0000000083c00000|100%| O|  |TAMS 0x0000000083c00000, 0x0000000083c00000| Untracked 
|  60|0x0000000083c00000, 0x0000000083d00000, 0x0000000083d00000|100%| O|  |TAMS 0x0000000083d00000, 0x0000000083d00000| Untracked 
|  61|0x0000000083d00000, 0x0000000083e00000, 0x0000000083e00000|100%| O|  |TAMS 0x0000000083e00000, 0x0000000083e00000| Untracked 
|  62|0x0000000083e00000, 0x0000000083f00000, 0x0000000083f00000|100%| O|  |TAMS 0x0000000083f00000, 0x0000000083f00000| Untracked 
|  63|0x0000000083f00000, 0x0000000084000000, 0x0000000084000000|100%| O|  |TAMS 0x0000000084000000, 0x0000000084000000| Untracked 
|  64|0x0000000084000000, 0x0000000084100000, 0x0000000084100000|100%| O|  |TAMS 0x0000000084100000, 0x0000000084100000| Untracked 
|  65|0x0000000084100000, 0x0000000084200000, 0x0000000084200000|100%| O|  |TAMS 0x0000000084200000, 0x0000000084200000| Untracked 
|  66|0x0000000084200000, 0x0000000084300000, 0x0000000084300000|100%| O|  |TAMS 0x0000000084300000, 0x0000000084300000| Untracked 
|  67|0x0000000084300000, 0x0000000084400000, 0x0000000084400000|100%|HS|  |TAMS 0x0000000084400000, 0x0000000084400000| Complete 
|  68|0x0000000084400000, 0x0000000084500000, 0x0000000084500000|100%|HS|  |TAMS 0x0000000084500000, 0x0000000084500000| Complete 
|  69|0x0000000084500000, 0x0000000084600000, 0x0000000084600000|100%|HS|  |TAMS 0x0000000084600000, 0x0000000084600000| Complete 
|  70|0x0000000084600000, 0x0000000084700000, 0x0000000084700000|100%| O|  |TAMS 0x0000000084700000, 0x0000000084700000| Untracked 
|  71|0x0000000084700000, 0x0000000084800000, 0x0000000084800000|100%| O|  |TAMS 0x0000000084700000, 0x0000000084800000| Untracked 
|  72|0x0000000084800000, 0x0000000084900000, 0x0000000084900000|100%|HS|  |TAMS 0x0000000084900000, 0x0000000084900000| Complete 
|  73|0x0000000084900000, 0x0000000084a00000, 0x0000000084a00000|100%| O|  |TAMS 0x0000000084a00000, 0x0000000084a00000| Untracked 
|  74|0x0000000084a00000, 0x0000000084b00000, 0x0000000084b00000|100%| O|  |TAMS 0x0000000084b00000, 0x0000000084b00000| Untracked 
|  75|0x0000000084b00000, 0x0000000084c00000, 0x0000000084c00000|100%| O|  |TAMS 0x0000000084c00000, 0x0000000084c00000| Untracked 
|  76|0x0000000084c00000, 0x0000000084d00000, 0x0000000084d00000|100%| O|  |TAMS 0x0000000084cfb000, 0x0000000084d00000| Untracked 
|  77|0x0000000084d00000, 0x0000000084e00000, 0x0000000084e00000|100%| O|  |TAMS 0x0000000084d00000, 0x0000000084e00000| Untracked 
|  78|0x0000000084e00000, 0x0000000084ec2400, 0x0000000084f00000| 75%| O|  |TAMS 0x0000000084e00000, 0x0000000084ec2400| Untracked 
|  79|0x0000000084f00000, 0x0000000085000000, 0x0000000085000000|100%|HS|  |TAMS 0x0000000084f00000, 0x0000000084f00000| Complete 
|  80|0x0000000085000000, 0x0000000085100000, 0x0000000085100000|100%|HS|  |TAMS 0x0000000085000000, 0x0000000085000000| Complete 
|  81|0x0000000085100000, 0x0000000085200000, 0x0000000085200000|100%|HS|  |TAMS 0x0000000085100000, 0x0000000085100000| Complete 
|  82|0x0000000085200000, 0x0000000085300000, 0x0000000085300000|100%|HS|  |TAMS 0x0000000085200000, 0x0000000085200000| Complete 
|  83|0x0000000085300000, 0x0000000085400000, 0x0000000085400000|100%|HS|  |TAMS 0x0000000085300000, 0x0000000085300000| Complete 
|  84|0x0000000085400000, 0x0000000085500000, 0x0000000085500000|100%|HS|  |TAMS 0x0000000085400000, 0x0000000085400000| Complete 
|  85|0x0000000085500000, 0x0000000085500000, 0x0000000085600000|  0%| F|  |TAMS 0x0000000085500000, 0x0000000085500000| Untracked 
|  86|0x0000000085600000, 0x0000000085600000, 0x0000000085700000|  0%| F|  |TAMS 0x0000000085600000, 0x0000000085600000| Untracked 
|  87|0x0000000085700000, 0x0000000085700000, 0x0000000085800000|  0%| F|  |TAMS 0x0000000085700000, 0x0000000085700000| Untracked 
|  88|0x0000000085800000, 0x0000000085800000, 0x0000000085900000|  0%| F|  |TAMS 0x0000000085800000, 0x0000000085800000| Untracked 
|  89|0x0000000085900000, 0x0000000085900000, 0x0000000085a00000|  0%| F|  |TAMS 0x0000000085900000, 0x0000000085900000| Untracked 
|  90|0x0000000085a00000, 0x0000000085a00000, 0x0000000085b00000|  0%| F|  |TAMS 0x0000000085a00000, 0x0000000085a00000| Untracked 
|  91|0x0000000085b00000, 0x0000000085b00000, 0x0000000085c00000|  0%| F|  |TAMS 0x0000000085b00000, 0x0000000085b00000| Untracked 
|  92|0x0000000085c00000, 0x0000000085c00000, 0x0000000085d00000|  0%| F|  |TAMS 0x0000000085c00000, 0x0000000085c00000| Untracked 
|  93|0x0000000085d00000, 0x0000000085d00000, 0x0000000085e00000|  0%| F|  |TAMS 0x0000000085d00000, 0x0000000085d00000| Untracked 
|  94|0x0000000085e00000, 0x0000000085e00000, 0x0000000085f00000|  0%| F|  |TAMS 0x0000000085e00000, 0x0000000085e00000| Untracked 
|  95|0x0000000085f00000, 0x0000000085f00000, 0x0000000086000000|  0%| F|  |TAMS 0x0000000085f00000, 0x0000000085f00000| Untracked 
|  96|0x0000000086000000, 0x0000000086000000, 0x0000000086100000|  0%| F|  |TAMS 0x0000000086000000, 0x0000000086000000| Untracked 
|  97|0x0000000086100000, 0x0000000086100000, 0x0000000086200000|  0%| F|  |TAMS 0x0000000086100000, 0x0000000086100000| Untracked 
|  98|0x0000000086200000, 0x0000000086200000, 0x0000000086300000|  0%| F|  |TAMS 0x0000000086200000, 0x0000000086200000| Untracked 
|  99|0x0000000086300000, 0x0000000086300000, 0x0000000086400000|  0%| F|  |TAMS 0x0000000086300000, 0x0000000086300000| Untracked 
| 100|0x0000000086400000, 0x0000000086400000, 0x0000000086500000|  0%| F|  |TAMS 0x0000000086400000, 0x0000000086400000| Untracked 
| 101|0x0000000086500000, 0x0000000086500000, 0x0000000086600000|  0%| F|  |TAMS 0x0000000086500000, 0x0000000086500000| Untracked 
| 102|0x0000000086600000, 0x0000000086600000, 0x0000000086700000|  0%| F|  |TAMS 0x0000000086600000, 0x0000000086600000| Untracked 
| 103|0x0000000086700000, 0x0000000086700000, 0x0000000086800000|  0%| F|  |TAMS 0x0000000086700000, 0x0000000086700000| Untracked 
| 104|0x0000000086800000, 0x0000000086800000, 0x0000000086900000|  0%| F|  |TAMS 0x0000000086800000, 0x0000000086800000| Untracked 
| 105|0x0000000086900000, 0x0000000086900000, 0x0000000086a00000|  0%| F|  |TAMS 0x0000000086900000, 0x0000000086900000| Untracked 
| 106|0x0000000086a00000, 0x0000000086a00000, 0x0000000086b00000|  0%| F|  |TAMS 0x0000000086a00000, 0x0000000086a00000| Untracked 
| 107|0x0000000086b00000, 0x0000000086b00000, 0x0000000086c00000|  0%| F|  |TAMS 0x0000000086b00000, 0x0000000086b00000| Untracked 
| 108|0x0000000086c00000, 0x0000000086c00000, 0x0000000086d00000|  0%| F|  |TAMS 0x0000000086c00000, 0x0000000086c00000| Untracked 
| 109|0x0000000086d00000, 0x0000000086d00000, 0x0000000086e00000|  0%| F|  |TAMS 0x0000000086d00000, 0x0000000086d00000| Untracked 
| 110|0x0000000086e00000, 0x0000000086e00000, 0x0000000086f00000|  0%| F|  |TAMS 0x0000000086e00000, 0x0000000086e00000| Untracked 
| 111|0x0000000086f00000, 0x0000000086f00000, 0x0000000087000000|  0%| F|  |TAMS 0x0000000086f00000, 0x0000000086f00000| Untracked 
| 112|0x0000000087000000, 0x0000000087000000, 0x0000000087100000|  0%| F|  |TAMS 0x0000000087000000, 0x0000000087000000| Untracked 
| 113|0x0000000087100000, 0x0000000087100000, 0x0000000087200000|  0%| F|  |TAMS 0x0000000087100000, 0x0000000087100000| Untracked 
| 114|0x0000000087200000, 0x0000000087200000, 0x0000000087300000|  0%| F|  |TAMS 0x0000000087200000, 0x0000000087200000| Untracked 
| 115|0x0000000087300000, 0x0000000087300000, 0x0000000087400000|  0%| F|  |TAMS 0x0000000087300000, 0x0000000087300000| Untracked 
| 116|0x0000000087400000, 0x0000000087400000, 0x0000000087500000|  0%| F|  |TAMS 0x0000000087400000, 0x0000000087400000| Untracked 
| 117|0x0000000087500000, 0x0000000087500000, 0x0000000087600000|  0%| F|  |TAMS 0x0000000087500000, 0x0000000087500000| Untracked 
| 118|0x0000000087600000, 0x0000000087600000, 0x0000000087700000|  0%| F|  |TAMS 0x0000000087600000, 0x0000000087600000| Untracked 
| 119|0x0000000087700000, 0x0000000087700000, 0x0000000087800000|  0%| F|  |TAMS 0x0000000087700000, 0x0000000087700000| Untracked 
| 120|0x0000000087800000, 0x0000000087800000, 0x0000000087900000|  0%| F|  |TAMS 0x0000000087800000, 0x0000000087800000| Untracked 
| 121|0x0000000087900000, 0x0000000087900000, 0x0000000087a00000|  0%| F|  |TAMS 0x0000000087900000, 0x0000000087900000| Untracked 
| 122|0x0000000087a00000, 0x0000000087a00000, 0x0000000087b00000|  0%| F|  |TAMS 0x0000000087a00000, 0x0000000087a00000| Untracked 
| 123|0x0000000087b00000, 0x0000000087b00000, 0x0000000087c00000|  0%| F|  |TAMS 0x0000000087b00000, 0x0000000087b00000| Untracked 
| 124|0x0000000087c00000, 0x0000000087c00000, 0x0000000087d00000|  0%| F|  |TAMS 0x0000000087c00000, 0x0000000087c00000| Untracked 
| 125|0x0000000087d00000, 0x0000000087d00000, 0x0000000087e00000|  0%| F|  |TAMS 0x0000000087d00000, 0x0000000087d00000| Untracked 
| 126|0x0000000087e00000, 0x0000000087e00000, 0x0000000087f00000|  0%| F|  |TAMS 0x0000000087e00000, 0x0000000087e00000| Untracked 
| 127|0x0000000087f00000, 0x0000000087f00000, 0x0000000088000000|  0%| F|  |TAMS 0x0000000087f00000, 0x0000000087f00000| Untracked 
| 128|0x0000000088000000, 0x0000000088000000, 0x0000000088100000|  0%| F|  |TAMS 0x0000000088000000, 0x0000000088000000| Untracked 
| 129|0x0000000088100000, 0x0000000088100000, 0x0000000088200000|  0%| F|  |TAMS 0x0000000088100000, 0x0000000088100000| Untracked 
| 130|0x0000000088200000, 0x0000000088200000, 0x0000000088300000|  0%| F|  |TAMS 0x0000000088200000, 0x0000000088200000| Untracked 
| 131|0x0000000088300000, 0x0000000088300000, 0x0000000088400000|  0%| F|  |TAMS 0x0000000088300000, 0x0000000088300000| Untracked 
| 132|0x0000000088400000, 0x0000000088400000, 0x0000000088500000|  0%| F|  |TAMS 0x0000000088400000, 0x0000000088400000| Untracked 
| 133|0x0000000088500000, 0x0000000088500000, 0x0000000088600000|  0%| F|  |TAMS 0x0000000088500000, 0x0000000088500000| Untracked 
| 134|0x0000000088600000, 0x0000000088600000, 0x0000000088700000|  0%| F|  |TAMS 0x0000000088600000, 0x0000000088600000| Untracked 
| 135|0x0000000088700000, 0x0000000088700000, 0x0000000088800000|  0%| F|  |TAMS 0x0000000088700000, 0x0000000088700000| Untracked 
| 136|0x0000000088800000, 0x0000000088800000, 0x0000000088900000|  0%| F|  |TAMS 0x0000000088800000, 0x0000000088800000| Untracked 
| 137|0x0000000088900000, 0x0000000088900000, 0x0000000088a00000|  0%| F|  |TAMS 0x0000000088900000, 0x0000000088900000| Untracked 
| 138|0x0000000088a00000, 0x0000000088a95c58, 0x0000000088b00000| 58%| S|CS|TAMS 0x0000000088a00000, 0x0000000088a00000| Complete 
| 139|0x0000000088b00000, 0x0000000088c00000, 0x0000000088c00000|100%| S|CS|TAMS 0x0000000088b00000, 0x0000000088b00000| Complete 
| 140|0x0000000088c00000, 0x0000000088d00000, 0x0000000088d00000|100%| S|CS|TAMS 0x0000000088c00000, 0x0000000088c00000| Complete 
| 141|0x0000000088d00000, 0x0000000088d00000, 0x0000000088e00000|  0%| F|  |TAMS 0x0000000088d00000, 0x0000000088d00000| Untracked 
| 142|0x0000000088e00000, 0x0000000088e00000, 0x0000000088f00000|  0%| F|  |TAMS 0x0000000088e00000, 0x0000000088e00000| Untracked 
| 143|0x0000000088f00000, 0x0000000088f00000, 0x0000000089000000|  0%| F|  |TAMS 0x0000000088f00000, 0x0000000088f00000| Untracked 
| 144|0x0000000089000000, 0x0000000089000000, 0x0000000089100000|  0%| F|  |TAMS 0x0000000089000000, 0x0000000089000000| Untracked 
| 145|0x0000000089100000, 0x0000000089100000, 0x0000000089200000|  0%| F|  |TAMS 0x0000000089100000, 0x0000000089100000| Untracked 
| 146|0x0000000089200000, 0x0000000089200000, 0x0000000089300000|  0%| F|  |TAMS 0x0000000089200000, 0x0000000089200000| Untracked 
| 147|0x0000000089300000, 0x0000000089300000, 0x0000000089400000|  0%| F|  |TAMS 0x0000000089300000, 0x0000000089300000| Untracked 
| 148|0x0000000089400000, 0x0000000089400000, 0x0000000089500000|  0%| F|  |TAMS 0x0000000089400000, 0x0000000089400000| Untracked 
| 149|0x0000000089500000, 0x0000000089500000, 0x0000000089600000|  0%| F|  |TAMS 0x0000000089500000, 0x0000000089500000| Untracked 
| 150|0x0000000089600000, 0x0000000089600000, 0x0000000089700000|  0%| F|  |TAMS 0x0000000089600000, 0x0000000089600000| Untracked 
| 151|0x0000000089700000, 0x0000000089700000, 0x0000000089800000|  0%| F|  |TAMS 0x0000000089700000, 0x0000000089700000| Untracked 
| 152|0x0000000089800000, 0x0000000089800000, 0x0000000089900000|  0%| F|  |TAMS 0x0000000089800000, 0x0000000089800000| Untracked 
| 153|0x0000000089900000, 0x0000000089900000, 0x0000000089a00000|  0%| F|  |TAMS 0x0000000089900000, 0x0000000089900000| Untracked 
| 154|0x0000000089a00000, 0x0000000089a00000, 0x0000000089b00000|  0%| F|  |TAMS 0x0000000089a00000, 0x0000000089a00000| Untracked 
| 155|0x0000000089b00000, 0x0000000089b00000, 0x0000000089c00000|  0%| F|  |TAMS 0x0000000089b00000, 0x0000000089b00000| Untracked 
| 156|0x0000000089c00000, 0x0000000089c00000, 0x0000000089d00000|  0%| F|  |TAMS 0x0000000089c00000, 0x0000000089c00000| Untracked 
| 157|0x0000000089d00000, 0x0000000089d00000, 0x0000000089e00000|  0%| F|  |TAMS 0x0000000089d00000, 0x0000000089d00000| Untracked 
| 158|0x0000000089e00000, 0x0000000089e00000, 0x0000000089f00000|  0%| F|  |TAMS 0x0000000089e00000, 0x0000000089e00000| Untracked 
| 159|0x0000000089f00000, 0x0000000089f00000, 0x000000008a000000|  0%| F|  |TAMS 0x0000000089f00000, 0x0000000089f00000| Untracked 
| 160|0x000000008a000000, 0x000000008a000000, 0x000000008a100000|  0%| F|  |TAMS 0x000000008a000000, 0x000000008a000000| Untracked 
| 161|0x000000008a100000, 0x000000008a100000, 0x000000008a200000|  0%| F|  |TAMS 0x000000008a100000, 0x000000008a100000| Untracked 
| 162|0x000000008a200000, 0x000000008a200000, 0x000000008a300000|  0%| F|  |TAMS 0x000000008a200000, 0x000000008a200000| Untracked 
| 163|0x000000008a300000, 0x000000008a300000, 0x000000008a400000|  0%| F|  |TAMS 0x000000008a300000, 0x000000008a300000| Untracked 
| 164|0x000000008a400000, 0x000000008a400000, 0x000000008a500000|  0%| F|  |TAMS 0x000000008a400000, 0x000000008a400000| Untracked 
| 165|0x000000008a500000, 0x000000008a500000, 0x000000008a600000|  0%| F|  |TAMS 0x000000008a500000, 0x000000008a500000| Untracked 
| 166|0x000000008a600000, 0x000000008a600000, 0x000000008a700000|  0%| F|  |TAMS 0x000000008a600000, 0x000000008a600000| Untracked 
| 167|0x000000008a700000, 0x000000008a700000, 0x000000008a800000|  0%| F|  |TAMS 0x000000008a700000, 0x000000008a700000| Untracked 
| 168|0x000000008a800000, 0x000000008a800000, 0x000000008a900000|  0%| F|  |TAMS 0x000000008a800000, 0x000000008a800000| Untracked 
| 169|0x000000008a900000, 0x000000008a900000, 0x000000008aa00000|  0%| F|  |TAMS 0x000000008a900000, 0x000000008a900000| Untracked 
| 170|0x000000008aa00000, 0x000000008aa00000, 0x000000008ab00000|  0%| F|  |TAMS 0x000000008aa00000, 0x000000008aa00000| Untracked 
| 171|0x000000008ab00000, 0x000000008ab00000, 0x000000008ac00000|  0%| F|  |TAMS 0x000000008ab00000, 0x000000008ab00000| Untracked 
| 172|0x000000008ac00000, 0x000000008ac00000, 0x000000008ad00000|  0%| F|  |TAMS 0x000000008ac00000, 0x000000008ac00000| Untracked 
| 173|0x000000008ad00000, 0x000000008ad00000, 0x000000008ae00000|  0%| F|  |TAMS 0x000000008ad00000, 0x000000008ad00000| Untracked 
| 174|0x000000008ae00000, 0x000000008ae00000, 0x000000008af00000|  0%| F|  |TAMS 0x000000008ae00000, 0x000000008ae00000| Untracked 
| 175|0x000000008af00000, 0x000000008af00000, 0x000000008b000000|  0%| F|  |TAMS 0x000000008af00000, 0x000000008af00000| Untracked 
| 176|0x000000008b000000, 0x000000008b000000, 0x000000008b100000|  0%| F|  |TAMS 0x000000008b000000, 0x000000008b000000| Untracked 
| 177|0x000000008b100000, 0x000000008b100000, 0x000000008b200000|  0%| F|  |TAMS 0x000000008b100000, 0x000000008b100000| Untracked 
| 178|0x000000008b200000, 0x000000008b2808c0, 0x000000008b300000| 50%| E|  |TAMS 0x000000008b200000, 0x000000008b200000| Complete 
| 179|0x000000008b300000, 0x000000008b400000, 0x000000008b400000|100%| E|CS|TAMS 0x000000008b300000, 0x000000008b300000| Complete 
| 180|0x000000008b400000, 0x000000008b500000, 0x000000008b500000|100%| E|CS|TAMS 0x000000008b400000, 0x000000008b400000| Complete 
| 181|0x000000008b500000, 0x000000008b600000, 0x000000008b600000|100%| E|CS|TAMS 0x000000008b500000, 0x000000008b500000| Complete 
| 182|0x000000008b600000, 0x000000008b700000, 0x000000008b700000|100%| E|CS|TAMS 0x000000008b600000, 0x000000008b600000| Complete 
| 183|0x000000008b700000, 0x000000008b800000, 0x000000008b800000|100%| E|CS|TAMS 0x000000008b700000, 0x000000008b700000| Complete 
| 184|0x000000008b800000, 0x000000008b900000, 0x000000008b900000|100%| E|CS|TAMS 0x000000008b800000, 0x000000008b800000| Complete 
| 185|0x000000008b900000, 0x000000008ba00000, 0x000000008ba00000|100%| E|CS|TAMS 0x000000008b900000, 0x000000008b900000| Complete 
| 186|0x000000008ba00000, 0x000000008bb00000, 0x000000008bb00000|100%| E|CS|TAMS 0x000000008ba00000, 0x000000008ba00000| Complete 
| 187|0x000000008bb00000, 0x000000008bc00000, 0x000000008bc00000|100%| E|CS|TAMS 0x000000008bb00000, 0x000000008bb00000| Complete 
| 188|0x000000008bc00000, 0x000000008bd00000, 0x000000008bd00000|100%| E|CS|TAMS 0x000000008bc00000, 0x000000008bc00000| Complete 
| 189|0x000000008bd00000, 0x000000008be00000, 0x000000008be00000|100%| E|CS|TAMS 0x000000008bd00000, 0x000000008bd00000| Complete 
| 190|0x000000008be00000, 0x000000008bf00000, 0x000000008bf00000|100%| E|CS|TAMS 0x000000008be00000, 0x000000008be00000| Complete 
| 191|0x000000008bf00000, 0x000000008c000000, 0x000000008c000000|100%| E|CS|TAMS 0x000000008bf00000, 0x000000008bf00000| Complete 
| 192|0x000000008c000000, 0x000000008c100000, 0x000000008c100000|100%| E|CS|TAMS 0x000000008c000000, 0x000000008c000000| Complete 

Card table byte_map: [0x00000161c39e0000,0x00000161c3de0000] _byte_map_base: 0x00000161c35e0000

Marking Bits (Prev, Next): (CMBitMap*) 0x00000161acd894a0, (CMBitMap*) 0x00000161acd89460
 Prev Bits: [0x00000161c61e0000, 0x00000161c81e0000)
 Next Bits: [0x00000161c41e0000, 0x00000161c61e0000)

Polling page: 0x00000161ac500000

Metaspace:

Usage:
  Non-class:     59.61 MB used.
      Class:      9.69 MB used.
       Both:     69.30 MB used.

Virtual space:
  Non-class space:       64.00 MB reserved,      60.00 MB ( 94%) committed,  1 nodes.
      Class space:      416.00 MB reserved,      10.00 MB (  2%) committed,  1 nodes.
             Both:      480.00 MB reserved,      70.00 MB ( 15%) committed. 

Chunk freelists:
   Non-Class:  3.97 MB
       Class:  6.00 MB
        Both:  9.97 MB

MaxMetaspaceSize: 512.00 MB
CompressedClassSpaceSize: 416.00 MB
Initial GC threshold: 21.00 MB
Current GC threshold: 112.50 MB
CDS: on
MetaspaceReclaimPolicy: balanced
 - commit_granule_bytes: 65536.
 - commit_granule_words: 8192.
 - virtual_space_node_default_size: 8388608.
 - enlarge_chunks_in_place: 1.
 - new_chunks_are_fully_committed: 0.
 - uncommit_free_chunks: 1.
 - use_allocation_guard: 0.
 - handle_deallocations: 1.


Internal statistics:

num_allocs_failed_limit: 3.
num_arena_births: 896.
num_arena_deaths: 0.
num_vsnodes_births: 2.
num_vsnodes_deaths: 0.
num_space_committed: 1120.
num_space_uncommitted: 0.
num_chunks_returned_to_freelist: 3.
num_chunks_taken_from_freelist: 3785.
num_chunk_merges: 3.
num_chunk_splits: 2514.
num_chunks_enlarged: 1652.
num_inconsistent_stats: 0.

CodeHeap 'non-profiled nmethods': size=120000Kb used=3913Kb max_used=3913Kb free=116086Kb
 bounds [0x00000161bc0b0000, 0x00000161bc490000, 0x00000161c35e0000]
CodeHeap 'profiled nmethods': size=120000Kb used=15662Kb max_used=15662Kb free=104337Kb
 bounds [0x00000161b45e0000, 0x00000161b5530000, 0x00000161bbb10000]
CodeHeap 'non-nmethods': size=5760Kb used=2371Kb max_used=2451Kb free=3388Kb
 bounds [0x00000161bbb10000, 0x00000161bbda0000, 0x00000161bc0b0000]
 total_blobs=8811 nmethods=7913 adapters=810
 compilation: enabled
              stopped_count=0, restarted_count=0
 full_count=0

Compilation events (20 events):
Event: 66.694 Thread 0x00000161ca659d10 nmethod 8718 0x00000161bc46fb90 code [0x00000161bc46fd20, 0x00000161bc46fdf8]
Event: 66.698 Thread 0x00000161ca659d10 8719       2       java.math.MutableBigInteger::isZero (13 bytes)
Event: 66.698 Thread 0x00000161ca659d10 nmethod 8719 0x00000161b5527410 code [0x00000161b55275a0, 0x00000161b55276b8]
Event: 66.698 Thread 0x00000161ca659d10 8722       2       java.math.MutableBigInteger::primitiveRightShift (80 bytes)
Event: 66.699 Thread 0x00000161ca659d10 nmethod 8722 0x00000161b5527790 code [0x00000161b5527940, 0x00000161b5527b78]
Event: 66.699 Thread 0x00000161ca659d10 8721       2       java.math.MutableBigInteger::leftShift (293 bytes)
Event: 66.700 Thread 0x00000161ca659d10 nmethod 8721 0x00000161b5527d10 code [0x00000161b5527f20, 0x00000161b55285b8]
Event: 66.700 Thread 0x00000161ca659d10 8723       2       java.math.MutableBigInteger::divWord (108 bytes)
Event: 66.700 Thread 0x00000161ca659d10 nmethod 8723 0x00000161b5528910 code [0x00000161b5528ac0, 0x00000161b5528d78]
Event: 66.700 Thread 0x00000161ca659d10 8720       2       java.math.MutableBigInteger::isOne (27 bytes)
Event: 66.700 Thread 0x00000161ca659d10 nmethod 8720 0x00000161b5528e90 code [0x00000161b5529020, 0x00000161b5529178]
Event: 66.718 Thread 0x00000161ca659d10 8724 %     3       java.math.BigInteger::subN @ 2 (46 bytes)
Event: 66.718 Thread 0x00000161ca659d10 nmethod 8724% 0x00000161b5529290 code [0x00000161b5529440, 0x00000161b55296f8]
Event: 66.730 Thread 0x00000161ca659d10 8725       3       java.math.BigInteger::intArrayCmpToLen (55 bytes)
Event: 66.730 Thread 0x00000161ca659d10 nmethod 8725 0x00000161b5529890 code [0x00000161b5529a40, 0x00000161b5529d38]
Event: 66.748 Thread 0x00000161ca659d10 8726       3       java.math.BigInteger::implMontgomeryMultiplyChecks (126 bytes)
Event: 66.750 Thread 0x00000161ca659d10 nmethod 8726 0x00000161b5529e90 code [0x00000161b552a200, 0x00000161b552b3f8]
Event: 66.753 Thread 0x00000161ca659d10 8727       1       sun.security.util.KnownOIDs::stdName (5 bytes)
Event: 66.753 Thread 0x00000161ca659d10 nmethod 8727 0x00000161bc46fe90 code [0x00000161bc470020, 0x00000161bc4700f8]
Event: 66.759 Thread 0x00000161ca659d10 8728       3       sun.security.util.SignatureFileVerifier::matches (93 bytes)

GC Heap History (20 events):
Event: 59.174 GC heap before
{Heap before GC invocations=36 (full 0):
 garbage-first heap   total 119808K, used 90663K [0x0000000080000000, 0x0000000100000000)
  region size 1024K, 36 young (36864K), 3 survivors (3072K)
 Metaspace       used 58524K, committed 59200K, reserved 491520K
  class space    used 8233K, committed 8576K, reserved 425984K
}
Event: 59.182 GC heap after
{Heap after GC invocations=37 (full 0):
 garbage-first heap   total 119808K, used 59565K [0x0000000080000000, 0x0000000100000000)
  region size 1024K, 4 young (4096K), 4 survivors (4096K)
 Metaspace       used 58524K, committed 59200K, reserved 491520K
  class space    used 8233K, committed 8576K, reserved 425984K
}
Event: 59.834 GC heap before
{Heap before GC invocations=37 (full 0):
 garbage-first heap   total 119808K, used 93357K [0x0000000080000000, 0x0000000100000000)
  region size 1024K, 37 young (37888K), 4 survivors (4096K)
 Metaspace       used 60441K, committed 61120K, reserved 491520K
  class space    used 8529K, committed 8832K, reserved 425984K
}
Event: 59.849 GC heap after
{Heap after GC invocations=38 (full 0):
 garbage-first heap   total 119808K, used 61827K [0x0000000080000000, 0x0000000100000000)
  region size 1024K, 4 young (4096K), 4 survivors (4096K)
 Metaspace       used 60441K, committed 61120K, reserved 491520K
  class space    used 8529K, committed 8832K, reserved 425984K
}
Event: 60.738 GC heap before
{Heap before GC invocations=39 (full 0):
 garbage-first heap   total 119808K, used 95619K [0x0000000080000000, 0x0000000100000000)
  region size 1024K, 37 young (37888K), 4 survivors (4096K)
 Metaspace       used 62483K, committed 63168K, reserved 491520K
  class space    used 8821K, committed 9152K, reserved 425984K
}
Event: 60.753 GC heap after
{Heap after GC invocations=40 (full 0):
 garbage-first heap   total 119808K, used 64321K [0x0000000080000000, 0x0000000100000000)
  region size 1024K, 5 young (5120K), 5 survivors (5120K)
 Metaspace       used 62483K, committed 63168K, reserved 491520K
  class space    used 8821K, committed 9152K, reserved 425984K
}
Event: 62.717 GC heap before
{Heap before GC invocations=40 (full 0):
 garbage-first heap   total 119808K, used 95041K [0x0000000080000000, 0x0000000100000000)
  region size 1024K, 36 young (36864K), 5 survivors (5120K)
 Metaspace       used 64801K, committed 65472K, reserved 491520K
  class space    used 9208K, committed 9536K, reserved 425984K
}
Event: 62.743 GC heap after
{Heap after GC invocations=41 (full 0):
 garbage-first heap   total 119808K, used 67973K [0x0000000080000000, 0x0000000100000000)
  region size 1024K, 5 young (5120K), 5 survivors (5120K)
 Metaspace       used 64801K, committed 65472K, reserved 491520K
  class space    used 9208K, committed 9536K, reserved 425984K
}
Event: 63.560 GC heap before
{Heap before GC invocations=42 (full 0):
 garbage-first heap   total 119808K, used 77189K [0x0000000080000000, 0x0000000100000000)
  region size 1024K, 16 young (16384K), 5 survivors (5120K)
 Metaspace       used 64922K, committed 65664K, reserved 491520K
  class space    used 9215K, committed 9536K, reserved 425984K
}
Event: 63.647 GC heap after
{Heap after GC invocations=43 (full 0):
 garbage-first heap   total 119808K, used 69539K [0x0000000080000000, 0x0000000100000000)
  region size 1024K, 2 young (2048K), 2 survivors (2048K)
 Metaspace       used 64922K, committed 65664K, reserved 491520K
  class space    used 9215K, committed 9536K, reserved 425984K
}
Event: 64.295 GC heap before
{Heap before GC invocations=44 (full 0):
 garbage-first heap   total 124928K, used 76707K [0x0000000080000000, 0x0000000100000000)
  region size 1024K, 8 young (8192K), 2 survivors (2048K)
 Metaspace       used 64935K, committed 65664K, reserved 491520K
  class space    used 9215K, committed 9536K, reserved 425984K
}
Event: 64.305 GC heap after
{Heap after GC invocations=45 (full 0):
 garbage-first heap   total 124928K, used 76447K [0x0000000080000000, 0x0000000100000000)
  region size 1024K, 4 young (4096K), 4 survivors (4096K)
 Metaspace       used 64935K, committed 65664K, reserved 491520K
  class space    used 9215K, committed 9536K, reserved 425984K
}
Event: 64.752 GC heap before
{Heap before GC invocations=46 (full 0):
 garbage-first heap   total 138240K, used 93855K [0x0000000080000000, 0x0000000100000000)
  region size 1024K, 20 young (20480K), 4 survivors (4096K)
 Metaspace       used 65872K, committed 66560K, reserved 491520K
  class space    used 9331K, committed 9664K, reserved 425984K
}
Event: 64.769 GC heap after
{Heap after GC invocations=47 (full 0):
 garbage-first heap   total 138240K, used 80876K [0x0000000080000000, 0x0000000100000000)
  region size 1024K, 3 young (3072K), 3 survivors (3072K)
 Metaspace       used 65872K, committed 66560K, reserved 491520K
  class space    used 9331K, committed 9664K, reserved 425984K
}
Event: 65.626 GC heap before
{Heap before GC invocations=47 (full 0):
 garbage-first heap   total 138240K, used 100332K [0x0000000080000000, 0x0000000100000000)
  region size 1024K, 23 young (23552K), 3 survivors (3072K)
 Metaspace       used 67455K, committed 68160K, reserved 491520K
  class space    used 9519K, committed 9856K, reserved 425984K
}
Event: 65.653 GC heap after
{Heap after GC invocations=48 (full 0):
 garbage-first heap   total 138240K, used 81529K [0x0000000080000000, 0x0000000100000000)
  region size 1024K, 1 young (1024K), 1 survivors (1024K)
 Metaspace       used 67455K, committed 68160K, reserved 491520K
  class space    used 9519K, committed 9856K, reserved 425984K
}
Event: 66.361 GC heap before
{Heap before GC invocations=49 (full 0):
 garbage-first heap   total 152576K, used 104057K [0x0000000080000000, 0x0000000100000000)
  region size 1024K, 23 young (23552K), 1 survivors (1024K)
 Metaspace       used 69326K, committed 70016K, reserved 491520K
  class space    used 9732K, committed 10048K, reserved 425984K
}
Event: 66.365 GC heap after
{Heap after GC invocations=50 (full 0):
 garbage-first heap   total 152576K, used 81914K [0x0000000080000000, 0x0000000100000000)
  region size 1024K, 2 young (2048K), 2 survivors (2048K)
 Metaspace       used 69326K, committed 70016K, reserved 491520K
  class space    used 9732K, committed 10048K, reserved 425984K
}
Event: 66.588 GC heap before
{Heap before GC invocations=50 (full 0):
 garbage-first heap   total 152576K, used 89082K [0x0000000080000000, 0x0000000100000000)
  region size 1024K, 10 young (10240K), 2 survivors (2048K)
 Metaspace       used 70798K, committed 71552K, reserved 491520K
  class space    used 9895K, committed 10240K, reserved 425984K
}
Event: 66.593 GC heap after
{Heap after GC invocations=51 (full 0):
 garbage-first heap   total 197632K, used 83296K [0x0000000080000000, 0x0000000100000000)
  region size 1024K, 3 young (3072K), 3 survivors (3072K)
 Metaspace       used 70798K, committed 71552K, reserved 491520K
  class space    used 9895K, committed 10240K, reserved 425984K
}

Deoptimization events (20 events):
Event: 66.583 Thread 0x00000161cab28560 Uncommon trap: trap_request=0xffffff45 fr.pc=0x00000161bc43f710 relative=0x0000000000001d70
Event: 66.583 Thread 0x00000161cab28560 Uncommon trap: reason=unstable_if action=reinterpret pc=0x00000161bc43f710 method=java.util.jar.JarFile.maybeInstantiateVerifier()V @ 4 c2
Event: 66.583 Thread 0x00000161cab28560 DEOPT PACKING pc=0x00000161bc43f710 sp=0x0000002192dedd90
Event: 66.583 Thread 0x00000161cab28560 DEOPT UNPACKING pc=0x00000161bbb623a3 sp=0x0000002192dedd58 mode 2
Event: 66.584 Thread 0x00000161cab28560 Uncommon trap: trap_request=0xffffff45 fr.pc=0x00000161bc25bb38 relative=0x00000000000012d8
Event: 66.584 Thread 0x00000161cab28560 Uncommon trap: reason=unstable_if action=reinterpret pc=0x00000161bc25bb38 method=java.security.CodeSource.matchCerts(Ljava/security/CodeSource;Z)Z @ 11 c2
Event: 66.584 Thread 0x00000161cab28560 DEOPT PACKING pc=0x00000161bc25bb38 sp=0x0000002192dedd80
Event: 66.584 Thread 0x00000161cab28560 DEOPT UNPACKING pc=0x00000161bbb623a3 sp=0x0000002192dedc00 mode 2
Event: 66.584 Thread 0x00000161cab28560 Uncommon trap: trap_request=0xffffff45 fr.pc=0x00000161bc35886c relative=0x000000000000006c
Event: 66.584 Thread 0x00000161cab28560 Uncommon trap: reason=unstable_if action=reinterpret pc=0x00000161bc35886c method=java.lang.ClassLoader.compareCerts([Ljava/security/cert/Certificate;[Ljava/security/cert/Certificate;)Z @ 2 c2
Event: 66.584 Thread 0x00000161cab28560 DEOPT PACKING pc=0x00000161bc35886c sp=0x0000002192dedc50
Event: 66.584 Thread 0x00000161cab28560 DEOPT UNPACKING pc=0x00000161bbb623a3 sp=0x0000002192dedba8 mode 2
Event: 66.584 Thread 0x00000161cab28560 Uncommon trap: trap_request=0xffffff45 fr.pc=0x00000161bc369c34 relative=0x0000000000001174
Event: 66.584 Thread 0x00000161cab28560 Uncommon trap: reason=unstable_if action=reinterpret pc=0x00000161bc369c34 method=java.security.CodeSource.getCertificates()[Ljava/security/cert/Certificate; @ 4 c2
Event: 66.584 Thread 0x00000161cab28560 DEOPT PACKING pc=0x00000161bc369c34 sp=0x0000002192dedd00
Event: 66.584 Thread 0x00000161cab28560 DEOPT UNPACKING pc=0x00000161bbb623a3 sp=0x0000002192dedc80 mode 2
Event: 66.632 Thread 0x00000161cab28560 Uncommon trap: trap_request=0xffffff45 fr.pc=0x00000161bc251a64 relative=0x00000000000002c4
Event: 66.632 Thread 0x00000161cab28560 Uncommon trap: reason=unstable_if action=reinterpret pc=0x00000161bc251a64 method=java.util.LinkedHashMap.get(Ljava/lang/Object;)Ljava/lang/Object; @ 16 c2
Event: 66.632 Thread 0x00000161cab28560 DEOPT PACKING pc=0x00000161bc251a64 sp=0x0000002192deef60
Event: 66.632 Thread 0x00000161cab28560 DEOPT UNPACKING pc=0x00000161bbb623a3 sp=0x0000002192deef18 mode 2

Classes unloaded (0 events):
No events

Classes redefined (0 events):
No events

Internal exceptions (20 events):
Event: 59.664 Thread 0x00000161cab28560 Exception <a 'java/lang/ClassNotFoundException'{0x0000000085a0e888}: org/gradle/api/internal/artifacts/dsl/dependencies/DefaultDependencyHandlerCustomizer> (0x0000000085a0e888) 
thrown [s\open\src\hotspot\share\classfile\systemDictionary.cpp, line 256]
Event: 59.669 Thread 0x00000161cab28560 Exception <a 'java/lang/ClassNotFoundException'{0x0000000085a4b798}: org/gradle/api/internal/artifacts/dsl/dependencies/DefaultDependencyHandler_DecoratedCustomizer> (0x0000000085a4b798) 
thrown [s\open\src\hotspot\share\classfile\systemDictionary.cpp, line 256]
Event: 60.901 Thread 0x00000161cab28560 Exception <a 'java/lang/NoSuchMethodError'{0x0000000086f330e8}: 'java.lang.Object java.lang.invoke.DirectMethodHandle$Holder.newInvokeSpecial(java.lang.Object, java.lang.Object, java.lang.Object, java.lang.Object, java.lang.Object, java.lang.Object, int)'> (0x0000000086f330e8) 
thrown [s\open\src\hotspot\share\interpreter\linkResolver.cpp, line 759]
Event: 60.902 Thread 0x00000161cab28560 Exception <a 'java/lang/NoSuchMethodError'{0x0000000086f39118}: 'java.lang.Object java.lang.invoke.DirectMethodHandle$Holder.invokeSpecial(java.lang.Object, java.lang.Object, java.lang.Object, java.lang.Object, java.lang.Object, java.lang.Object, java.lang.Object, int)'> (0x0000000086f39118) 
thrown [s\open\src\hotspot\share\interpreter\linkResolver.cpp, line 759]
Event: 60.902 Thread 0x00000161cab28560 Exception <a 'java/lang/NoSuchMethodError'{0x0000000086f3ed30}: 'java.lang.Object java.lang.invoke.Invokers$Holder.linkToTargetMethod(java.lang.Object, java.lang.Object, java.lang.Object, java.lang.Object, java.lang.Object, int, java.lang.Object)'> (0x0000000086f3ed30) 
thrown [s\open\src\hotspot\share\interpreter\linkResolver.cpp, line 759]
Event: 60.942 Thread 0x00000161ca829ea0 Implicit null exception at 0x00000161bc397903 to 0x00000161bc397af0
Event: 61.328 Thread 0x00000161ecc24920 Exception <a 'java/lang/NoSuchMethodError'{0x0000000086c65b40}: 'void java.lang.invoke.DirectMethodHandle$Holder.invokeSpecial(java.lang.Object, java.lang.Object, int)'> (0x0000000086c65b40) 
thrown [s\open\src\hotspot\share\interpreter\linkResolver.cpp, line 759]
Event: 61.781 Thread 0x00000161ecc27bc0 Exception <a 'java/lang/NoSuchMethodError'{0x000000008639b1f8}: 'java.lang.Object java.lang.invoke.DirectMethodHandle$Holder.newInvokeSpecial(java.lang.Object, java.lang.Object, java.lang.Object, java.lang.Object, int, java.lang.Object)'> (0x000000008639b1f8) 
thrown [s\open\src\hotspot\share\interpreter\linkResolver.cpp, line 759]
Event: 61.782 Thread 0x00000161ecc27bc0 Exception <a 'java/lang/NoSuchMethodError'{0x000000008639f808}: 'java.lang.Object java.lang.invoke.Invokers$Holder.linkToTargetMethod(java.lang.Object, java.lang.Object, java.lang.Object, int, java.lang.Object, java.lang.Object)'> (0x000000008639f808) 
thrown [s\open\src\hotspot\share\interpreter\linkResolver.cpp, line 759]
Event: 61.813 Thread 0x00000161ecc234e0 Exception <a 'java/lang/NoSuchMethodError'{0x000000008621ed40}: 'void java.lang.invoke.DirectMethodHandle$Holder.invokeInterface(java.lang.Object, java.lang.Object, java.lang.Object, java.lang.Object)'> (0x000000008621ed40) 
thrown [s\open\src\hotspot\share\interpreter\linkResolver.cpp, line 759]
Event: 61.942 Thread 0x00000161ecc234e0 Exception <a 'java/lang/NoSuchMethodError'{0x000000008601c0a8}: 'int java.lang.invoke.DirectMethodHandle$Holder.invokeSpecial(java.lang.Object, java.lang.Object, java.lang.Object, java.lang.Object, java.lang.Object)'> (0x000000008601c0a8) 
thrown [s\open\src\hotspot\share\interpreter\linkResolver.cpp, line 759]
Event: 62.503 Thread 0x00000161ecc27bc0 Exception <a 'sun/nio/fs/WindowsException'{0x0000000086214278}> (0x0000000086214278) 
thrown [s\open\src\hotspot\share\prims\jni.cpp, line 516]
Event: 62.506 Thread 0x00000161ecc27bc0 Exception <a 'sun/nio/fs/WindowsException'{0x0000000086216aa8}> (0x0000000086216aa8) 
thrown [s\open\src\hotspot\share\prims\jni.cpp, line 516]
Event: 62.510 Thread 0x00000161ecc27bc0 Exception <a 'sun/nio/fs/WindowsException'{0x000000008584b4b8}> (0x000000008584b4b8) 
thrown [s\open\src\hotspot\share\prims\jni.cpp, line 516]
Event: 62.513 Thread 0x00000161ecc27bc0 Exception <a 'sun/nio/fs/WindowsException'{0x000000008584d740}> (0x000000008584d740) 
thrown [s\open\src\hotspot\share\prims\jni.cpp, line 516]
Event: 63.465 Thread 0x00000161cab28560 Exception <a 'java/lang/ClassNotFoundException'{0x0000000086b89fb0}: build_d7h6m3fda3xynvrn777lga0byBeanInfo> (0x0000000086b89fb0) 
thrown [s\open\src\hotspot\share\classfile\systemDictionary.cpp, line 256]
Event: 63.466 Thread 0x00000161cab28560 Exception <a 'java/lang/ClassNotFoundException'{0x0000000086b95c38}: build_d7h6m3fda3xynvrn777lga0byCustomizer> (0x0000000086b95c38) 
thrown [s\open\src\hotspot\share\classfile\systemDictionary.cpp, line 256]
Event: 64.418 Thread 0x00000161cab28560 Exception <a 'java/lang/ClassNotFoundException'{0x00000000878aadb8}: build_bxkoohbqj7zrbku4kb951er62BeanInfo> (0x00000000878aadb8) 
thrown [s\open\src\hotspot\share\classfile\systemDictionary.cpp, line 256]
Event: 64.419 Thread 0x00000161cab28560 Exception <a 'java/lang/ClassNotFoundException'{0x00000000878b6180}: build_bxkoohbqj7zrbku4kb951er62Customizer> (0x00000000878b6180) 
thrown [s\open\src\hotspot\share\classfile\systemDictionary.cpp, line 256]
Event: 66.470 Thread 0x00000161cab28560 Implicit null exception at 0x00000161bc270d0c to 0x00000161bc270e42

VM Operations (20 events):
Event: 64.499 Executing VM operation: G1Concurrent
Event: 64.505 Executing VM operation: G1Concurrent done
Event: 64.589 Executing VM operation: G1Concurrent
Event: 64.589 Executing VM operation: G1Concurrent done
Event: 64.751 Executing VM operation: G1CollectForAllocation
Event: 64.770 Executing VM operation: G1CollectForAllocation done
Event: 65.625 Executing VM operation: G1CollectForAllocation
Event: 65.654 Executing VM operation: G1CollectForAllocation done
Event: 66.019 Executing VM operation: G1Concurrent
Event: 66.032 Executing VM operation: G1Concurrent done
Event: 66.125 Executing VM operation: G1Concurrent
Event: 66.125 Executing VM operation: G1Concurrent done
Event: 66.361 Executing VM operation: G1CollectForAllocation
Event: 66.366 Executing VM operation: G1CollectForAllocation done
Event: 66.421 Executing VM operation: HandshakeAllThreads
Event: 66.422 Executing VM operation: HandshakeAllThreads done
Event: 66.481 Executing VM operation: HandshakeAllThreads
Event: 66.481 Executing VM operation: HandshakeAllThreads done
Event: 66.588 Executing VM operation: G1TryInitiateConcMark
Event: 66.593 Executing VM operation: G1TryInitiateConcMark done

Events (20 events):
Event: 66.519 loading class java/security/cert/CertPathValidatorException$BasicReason
Event: 66.519 loading class java/security/cert/CertPathValidatorException$Reason
Event: 66.519 loading class java/security/cert/CertPathValidatorException$Reason done
Event: 66.519 loading class java/security/cert/CertPathValidatorException$BasicReason done
Event: 66.520 loading class java/security/SignatureException
Event: 66.520 loading class java/security/SignatureException done
Event: 66.526 loading class sun/security/rsa/RSASignature$SHA256withRSA
Event: 66.526 loading class sun/security/rsa/RSASignature$SHA256withRSA done
Event: 66.528 loading class sun/security/provider/DSA$SHA256withDSA
Event: 66.528 loading class sun/security/provider/DSA$SHA256withDSA done
Event: 66.573 loading class java/util/Base64
Event: 66.573 loading class java/util/Base64 done
Event: 66.573 loading class java/util/Base64$Decoder
Event: 66.574 loading class java/util/Base64$Decoder done
Event: 66.574 loading class java/util/Base64$Encoder
Event: 66.574 loading class java/util/Base64$Encoder done
Event: 66.576 loading class java/util/jar/JarVerifier$VerifierStream
Event: 66.577 loading class java/util/jar/JarVerifier$VerifierStream done
Event: 66.577 loading class sun/security/util/ManifestEntryVerifier$SunProviderHolder
Event: 66.577 loading class sun/security/util/ManifestEntryVerifier$SunProviderHolder done


Dynamic libraries:
0x00007ff76cdb0000 - 0x00007ff76cdc0000 	C:\Program Files\Java\jdk-17\bin\java.exe
0x00007fff1d710000 - 0x00007fff1d908000 	C:\WINDOWS\SYSTEM32\ntdll.dll
0x00007fff1d2f0000 - 0x00007fff1d3b2000 	C:\WINDOWS\System32\KERNEL32.DLL
0x00007fff1b000000 - 0x00007fff1b2ff000 	C:\WINDOWS\System32\KERNELBASE.dll
0x00007fff1af00000 - 0x00007fff1b000000 	C:\WINDOWS\System32\ucrtbase.dll
0x00007fff126f0000 - 0x00007fff1270b000 	C:\Program Files\Java\jdk-17\bin\VCRUNTIME140.dll
0x00007fff13f30000 - 0x00007fff13f49000 	C:\Program Files\Java\jdk-17\bin\jli.dll
0x00007fff1d050000 - 0x00007fff1d101000 	C:\WINDOWS\System32\ADVAPI32.dll
0x00007fff1cca0000 - 0x00007fff1cd3e000 	C:\WINDOWS\System32\msvcrt.dll
0x00007fff1bfe0000 - 0x00007fff1c07f000 	C:\WINDOWS\System32\sechost.dll
0x00007fff1d110000 - 0x00007fff1d233000 	C:\WINDOWS\System32\RPCRT4.dll
0x00007fff1ada0000 - 0x00007fff1adc7000 	C:\WINDOWS\System32\bcrypt.dll
0x00007fff1d4f0000 - 0x00007fff1d68d000 	C:\WINDOWS\System32\USER32.dll
0x00007fff0b5b0000 - 0x00007fff0b84a000 	C:\WINDOWS\WinSxS\amd64_microsoft.windows.common-controls_6595b64144ccf1df_6.0.19041.4355_none_60b8b9eb71f62e16\COMCTL32.dll
0x00007fff1d690000 - 0x00007fff1d6bb000 	C:\WINDOWS\System32\GDI32.dll
0x00007fff1b3b0000 - 0x00007fff1b3d2000 	C:\WINDOWS\System32\win32u.dll
0x00007fff1b600000 - 0x00007fff1b717000 	C:\WINDOWS\System32\gdi32full.dll
0x00007fff1ae60000 - 0x00007fff1aefd000 	C:\WINDOWS\System32\msvcp_win.dll
0x00007fff0d8d0000 - 0x00007fff0d8da000 	C:\WINDOWS\SYSTEM32\VERSION.dll
0x00007fff1bb30000 - 0x00007fff1bb5f000 	C:\WINDOWS\System32\IMM32.DLL
0x00007fff13590000 - 0x00007fff1359c000 	C:\Program Files\Java\jdk-17\bin\vcruntime140_1.dll
0x00007fff0a8e0000 - 0x00007fff0a96e000 	C:\Program Files\Java\jdk-17\bin\msvcp140.dll
0x00007ffeca7d0000 - 0x00007ffecb3af000 	C:\Program Files\Java\jdk-17\bin\server\jvm.dll
0x00007fff1d6c0000 - 0x00007fff1d6c8000 	C:\WINDOWS\System32\PSAPI.DLL
0x00007fff12ab0000 - 0x00007fff12ab9000 	C:\WINDOWS\SYSTEM32\WSOCK32.dll
0x00007fff1cfe0000 - 0x00007fff1d04b000 	C:\WINDOWS\System32\WS2_32.dll
0x00007ffef8e20000 - 0x00007ffef8e47000 	C:\WINDOWS\SYSTEM32\WINMM.dll
0x00007fff195c0000 - 0x00007fff195d2000 	C:\WINDOWS\SYSTEM32\kernel.appcore.dll
0x00007fff126e0000 - 0x00007fff126ea000 	C:\Program Files\Java\jdk-17\bin\jimage.dll
0x00007fff192f0000 - 0x00007fff194d4000 	C:\WINDOWS\SYSTEM32\DBGHELP.DLL
0x00007ffefce30000 - 0x00007ffefce64000 	C:\WINDOWS\SYSTEM32\dbgcore.DLL
0x00007fff1add0000 - 0x00007fff1ae52000 	C:\WINDOWS\System32\bcryptPrimitives.dll
0x00007fff0ac60000 - 0x00007fff0ac6e000 	C:\Program Files\Java\jdk-17\bin\instrument.dll
0x00007fff0ad00000 - 0x00007fff0ad25000 	C:\Program Files\Java\jdk-17\bin\java.dll
0x00007ffee9e50000 - 0x00007ffee9f27000 	C:\Program Files\Java\jdk-17\bin\jsvml.dll
0x00007fff1c500000 - 0x00007fff1cc6e000 	C:\WINDOWS\System32\SHELL32.dll
0x00007fff18a70000 - 0x00007fff19214000 	C:\WINDOWS\SYSTEM32\windows.storage.dll
0x00007fff1b720000 - 0x00007fff1ba75000 	C:\WINDOWS\System32\combase.dll
0x00007fff1a700000 - 0x00007fff1a72f000 	C:\WINDOWS\SYSTEM32\Wldp.dll
0x00007fff1bde0000 - 0x00007fff1bead000 	C:\WINDOWS\System32\OLEAUT32.dll
0x00007fff1ba80000 - 0x00007fff1bb2d000 	C:\WINDOWS\System32\SHCORE.dll
0x00007fff1d3d0000 - 0x00007fff1d425000 	C:\WINDOWS\System32\shlwapi.dll
0x00007fff1acd0000 - 0x00007fff1acf4000 	C:\WINDOWS\SYSTEM32\profapi.dll
0x00007fff0c0b0000 - 0x00007fff0c0c8000 	C:\Program Files\Java\jdk-17\bin\zip.dll
0x00007fff12120000 - 0x00007fff12139000 	C:\Program Files\Java\jdk-17\bin\net.dll
0x00007fff0db50000 - 0x00007fff0dc5d000 	C:\WINDOWS\SYSTEM32\WINHTTP.dll
0x00007fff1a460000 - 0x00007fff1a4ca000 	C:\WINDOWS\system32\mswsock.dll
0x00007fff10980000 - 0x00007fff10996000 	C:\Program Files\Java\jdk-17\bin\nio.dll
0x00007fff0d240000 - 0x00007fff0d250000 	C:\Program Files\Java\jdk-17\bin\verify.dll
0x00007fff0ab30000 - 0x00007fff0ab57000 	C:\Users\Lenovo\.gradle\native\68d5fa5c4cc2d200863cafc0d521ce42e7d3e7ee720ec0a83991735586a16f82\windows-amd64\native-platform.dll
0x00007ffed0c60000 - 0x00007ffed0da4000 	C:\Users\Lenovo\.gradle\native\e376f236ea51e6404a007f0833ffe2c6e607c4080706a723a18a27aeea778392\windows-amd64\native-platform-file-events.dll
0x00007fff0bc30000 - 0x00007fff0bc3a000 	C:\Program Files\Java\jdk-17\bin\management.dll
0x00007fff0acf0000 - 0x00007fff0acfb000 	C:\Program Files\Java\jdk-17\bin\management_ext.dll
0x00007fff1a660000 - 0x00007fff1a678000 	C:\WINDOWS\SYSTEM32\CRYPTSP.dll
0x00007fff19d80000 - 0x00007fff19db4000 	C:\WINDOWS\system32\rsaenh.dll
0x00007fff1ac90000 - 0x00007fff1acbe000 	C:\WINDOWS\SYSTEM32\USERENV.dll
0x00007fff1a650000 - 0x00007fff1a65c000 	C:\WINDOWS\SYSTEM32\CRYPTBASE.dll
0x00007fff1a140000 - 0x00007fff1a17b000 	C:\WINDOWS\SYSTEM32\IPHLPAPI.DLL
0x00007fff1d3c0000 - 0x00007fff1d3c8000 	C:\WINDOWS\System32\NSI.dll
0x00007fff109f0000 - 0x00007fff10a07000 	C:\WINDOWS\SYSTEM32\dhcpcsvc6.DLL
0x00007fff13be0000 - 0x00007fff13bfd000 	C:\WINDOWS\SYSTEM32\dhcpcsvc.DLL
0x00007fff1a180000 - 0x00007fff1a24a000 	C:\WINDOWS\SYSTEM32\DNSAPI.dll
0x00007fff0ab20000 - 0x00007fff0ab2e000 	C:\Program Files\Java\jdk-17\bin\sunmscapi.dll
0x00007fff1b3e0000 - 0x00007fff1b53c000 	C:\WINDOWS\System32\CRYPT32.dll
0x00007fff1a770000 - 0x00007fff1a797000 	C:\WINDOWS\SYSTEM32\ncrypt.dll
0x00007fff1a730000 - 0x00007fff1a76b000 	C:\WINDOWS\SYSTEM32\NTASN1.dll
0x00007fff0a830000 - 0x00007fff0a837000 	C:\WINDOWS\system32\wshunix.dll
0x00007ffefe260000 - 0x00007ffefe277000 	C:\WINDOWS\system32\napinsp.dll
0x00007ffefe240000 - 0x00007ffefe25b000 	C:\WINDOWS\system32\pnrpnsp.dll
0x00007ffefe220000 - 0x00007ffefe235000 	C:\WINDOWS\system32\wshbth.dll
0x00007fff15e50000 - 0x00007fff15e6d000 	C:\WINDOWS\system32\NLAapi.dll
0x00007ffefe200000 - 0x00007ffefe212000 	C:\WINDOWS\System32\winrnr.dll
0x00007fff08aa0000 - 0x00007fff08aaa000 	C:\Windows\System32\rasadhlp.dll
0x00007fff08e90000 - 0x00007fff08f10000 	C:\WINDOWS\System32\fwpuclnt.dll

dbghelp: loaded successfully - version: 4.0.5 - missing functions: none
symbol engine: initialized successfully - sym options: 0x614 - pdb path: .;C:\Program Files\Java\jdk-17\bin;C:\WINDOWS\SYSTEM32;C:\WINDOWS\WinSxS\amd64_microsoft.windows.common-controls_6595b64144ccf1df_6.0.19041.4355_none_60b8b9eb71f62e16;C:\Program Files\Java\jdk-17\bin\server;C:\Users\Lenovo\.gradle\native\68d5fa5c4cc2d200863cafc0d521ce42e7d3e7ee720ec0a83991735586a16f82\windows-amd64;C:\Users\Lenovo\.gradle\native\e376f236ea51e6404a007f0833ffe2c6e607c4080706a723a18a27aeea778392\windows-amd64

VM Arguments:
jvm_args: -XX:MaxMetaspaceSize=512m --add-opens=java.base/java.util=ALL-UNNAMED --add-opens=java.base/java.lang=ALL-UNNAMED --add-opens=java.base/java.lang.invoke=ALL-UNNAMED --add-opens=java.prefs/java.util.prefs=ALL-UNNAMED --add-opens=java.base/java.nio.charset=ALL-UNNAMED --add-opens=java.base/java.net=ALL-UNNAMED --add-opens=java.base/java.util.concurrent.atomic=ALL-UNNAMED -Xmx2048m -Dfile.encoding=windows-1252 -Duser.country=IN -Duser.language=en -Duser.variant -javaagent:C:\Users\Lenovo\.gradle\wrapper\dists\gradle-8.3-all\6en3ugtfdg5xnpx44z4qbwgas\gradle-8.3\lib\agents\gradle-instrumentation-agent-8.3.jar 
java_command: org.gradle.launcher.daemon.bootstrap.GradleDaemon 8.3
java_class_path (initial): C:\Users\Lenovo\.gradle\wrapper\dists\gradle-8.3-all\6en3ugtfdg5xnpx44z4qbwgas\gradle-8.3\lib\gradle-launcher-8.3.jar
Launcher Type: SUN_STANDARD

[Global flags]
     intx CICompilerCount                          = 3                                         {product} {ergonomic}
   size_t CompressedClassSpaceSize                 = 436207616                                 {product} {ergonomic}
     uint ConcGCThreads                            = 1                                         {product} {ergonomic}
     uint G1ConcRefinementThreads                  = 4                                         {product} {ergonomic}
   size_t G1HeapRegionSize                         = 1048576                                   {product} {ergonomic}
    uintx GCDrainStackTargetSize                   = 64                                        {product} {ergonomic}
   size_t InitialHeapSize                          = 67108864                                  {product} {ergonomic}
   size_t MarkStackSize                            = 4194304                                   {product} {ergonomic}
   size_t MaxHeapSize                              = 2147483648                                {product} {command line}
   size_t MaxMetaspaceSize                         = 536870912                                 {product} {command line}
   size_t MaxNewSize                               = 1287651328                                {product} {ergonomic}
   size_t MinHeapDeltaBytes                        = 1048576                                   {product} {ergonomic}
   size_t MinHeapSize                              = 8388608                                   {product} {ergonomic}
    uintx NonNMethodCodeHeapSize                   = 5832780                                {pd product} {ergonomic}
    uintx NonProfiledCodeHeapSize                  = 122912730                              {pd product} {ergonomic}
    uintx ProfiledCodeHeapSize                     = 122912730                              {pd product} {ergonomic}
    uintx ReservedCodeCacheSize                    = 251658240                              {pd product} {ergonomic}
     bool SegmentedCodeCache                       = true                                      {product} {ergonomic}
   size_t SoftMaxHeapSize                          = 2147483648                             {manageable} {ergonomic}
     bool UseCompressedClassPointers               = true                           {product lp64_product} {ergonomic}
     bool UseCompressedOops                        = true                           {product lp64_product} {ergonomic}
     bool UseG1GC                                  = true                                      {product} {ergonomic}
     bool UseLargePagesIndividualAllocation        = false                                  {pd product} {ergonomic}

Logging:
Log output configuration:
 #0: stdout all=warning uptime,level,tags
 #1: stderr all=off uptime,level,tags

Environment Variables:
JAVA_HOME=C:\Program Files\Java\jdk-17
CLASSPATH=C:\Users\Lenovo\IoAlumniPortal\android\\gradle\wrapper\gradle-wrapper.jar
PATH=C:\Users\Lenovo\IoAlumniPortal\node_modules\.bin;C:\Users\Lenovo\node_modules\.bin;C:\Users\node_modules\.bin;C:\node_modules\.bin;C:\Program Files\nodejs\node_modules\npm\node_modules\@npmcli\run-script\lib\node-gyp-bin;C:\Program Files\Common Files\Oracle\Java\javapath;C:\Program Files\Microsoft\jdk-11.0.18.10-hotspot\bin;C:\WINDOWS\system32;C:\WINDOWS;C:\WINDOWS\System32\Wbem;C:\WINDOWS\System32\WindowsPowerShell\v1.0\;C:\WINDOWS\System32\OpenSSH\;C:\Program Files\nodejs\;C:\Users\Lenovo\AppData\Local\Android\Sdk\platform-tools;C:\ProgramData\chocolatey\bin;C:\Users\Lenovo\AppData\Local\Android\Sdk;C:\Users\Lenovo\AppData\Roaming\npm;C:\Program Files\Git\cmd;C:\Program Files\Git\bin;C:\Program Files\PuTTY\;C:\Program Files\Java\jdk-17\bin;C:\Program Files\Common Files\Oracle\Java\javapath;C:\Program Files\Microsoft\jdk-11.0.18.10-hotspot\bin;C:\WINDOWS\system32;C:\WINDOWS;C:\WINDOWS\System32\Wbem;C:\WINDOWS\System32\WindowsPowerShell\v1.0\;C:\WINDOWS\System32\OpenSSH\;C:\Program Files\nodejs\;C:\Users\Lenovo\AppData\Local\Android\Sdk\platform-tools;C:\ProgramData\chocolatey\bin;C:\Users\Lenovo\AppData\Local\Android\Sdk;C:\Users\Lenovo\AppData\Roaming\npm;C:\Program Files\Git\cmd;C:\Program Files\Git\bin;C:\Program Files\PuTTY\;C:\Program Files\Java\jdk-17\bin;;C:\Users\Lenovo\AppData\Roaming\npm;C:\Users\Lenovo\AppData\Local\Programs\Microsoft VS Code\bin;C:\Program Files\Git\bin;C:\Users\Lenovo\AppData\Local\GitHubDesktop\bin
USERNAME=Lenovo
LANG=en_US.UTF-8
OS=Windows_NT
PROCESSOR_IDENTIFIER=Intel64 Family 6 Model 142 Stepping 10, GenuineIntel



---------------  S Y S T E M  ---------------

OS:
 Windows 10 , 64 bit Build 19041 (10.0.19041.5198)
OS uptime: 2 days 7:13 hours

CPU: total 4 (initial active 4) (2 cores per cpu, 2 threads per core) family 6 model 142 stepping 10 microcode 0xb4, cx8, cmov, fxsr, ht, mmx, 3dnowpref, sse, sse2, sse3, ssse3, sse4.1, sse4.2, popcnt, lzcnt, tsc, tscinvbit, avx, avx2, aes, erms, clmul, bmi1, bmi2, adx, fma, vzeroupper, clflush, clflushopt

Memory: 4k page, system-wide physical 4005M (210M free)
TotalPageFile size 16293M (AvailPageFile size 3M)
current process WorkingSet (physical memory assigned to process): 293M, peak: 293M
current process commit charge ("private bytes"): 435M, peak: 439M

vm_info: Java HotSpot(TM) 64-Bit Server VM (17.0.10+11-LTS-240) for windows-amd64 JRE (17.0.10+11-LTS-240), built on Dec 19 2023 21:47:25 by "mach5one" with MS VC++ 17.1 (VS2022)

END.
