#
# There is insufficient memory for the Java Runtime Environment to continue.
# Native memory allocation (mmap) failed to map 430964736 bytes for G1 virtual space
# Possible reasons:
#   The system is out of physical RAM or swap space
#   The process is running with CompressedOops enabled, and the Java Heap may be blocking the growth of the native heap
# Possible solutions:
#   Reduce memory load on the system
#   Increase physical memory or swap space
#   Check if swap backing store is full
#   Decrease Java heap size (-Xmx/-Xms)
#   Decrease number of Java threads
#   Decrease Java thread stack sizes (-Xss)
#   Set larger code cache with -XX:ReservedCodeCacheSize=
#   JVM is running with Unscaled Compressed Oops mode in which the Java heap is
#     placed in the first 4GB address space. The Java Heap base address is the
#     maximum limit for the native heap growth. Please use -XX:HeapBaseMinAddress
#     to set the Java Heap base and to place the Java Heap above 4GB virtual address.
# This output file may be truncated or incomplete.
#
#  Out of Memory Error (os_windows.cpp:3548), pid=9576, tid=12032
#
# JRE version: Java(TM) SE Runtime Environment (17.0.10+11) (build 17.0.10+11-LTS-240)
# Java VM: Java HotSpot(TM) 64-Bit Server VM (17.0.10+11-LTS-240, mixed mode, sharing, tiered, compressed oops, compressed class ptrs, g1 gc, windows-amd64)
# No core dump will be written. Minidumps are not enabled by default on client versions of Windows
#

---------------  S U M M A R Y ------------

Command Line: -XX:MaxMetaspaceSize=512m --add-opens=java.base/java.util=ALL-UNNAMED --add-opens=java.base/java.lang=ALL-UNNAMED --add-opens=java.base/java.lang.invoke=ALL-UNNAMED --add-opens=java.prefs/java.util.prefs=ALL-UNNAMED --add-opens=java.base/java.nio.charset=ALL-UNNAMED --add-opens=java.base/java.net=ALL-UNNAMED --add-opens=java.base/java.util.concurrent.atomic=ALL-UNNAMED -Xmx2048m -Dfile.encoding=windows-1252 -Duser.country=IN -Duser.language=en -Duser.variant -javaagent:C:\Users\Lenovo\.gradle\wrapper\dists\gradle-8.3-all\6en3ugtfdg5xnpx44z4qbwgas\gradle-8.3\lib\agents\gradle-instrumentation-agent-8.3.jar org.gradle.launcher.daemon.bootstrap.GradleDaemon 8.3

Host: Intel(R) Core(TM) i3-7020U CPU @ 2.30GHz, 4 cores, 3G,  Windows 10 , 64 bit Build 19041 (10.0.19041.5198)
Time: Thu Jan 23 17:22:59 2025 India Standard Time elapsed time: 126.378650 seconds (0d 0h 2m 6s)

---------------  T H R E A D  ---------------

Current thread (0x0000023a9a93bf50):  VMThread "VM Thread" [stack: 0x000000e06d600000,0x000000e06d700000] [id=12032]

Stack: [0x000000e06d600000,0x000000e06d700000]
Native frames: (J=compiled Java code, j=interpreted, Vv=VM code, C=native code)
V  [jvm.dll+0x677a5a]
V  [jvm.dll+0x7d8b2d]
V  [jvm.dll+0x7da48e]
V  [jvm.dll+0x7daaf3]
V  [jvm.dll+0x2455ff]
V  [jvm.dll+0x6749b9]
V  [jvm.dll+0x669382]
V  [jvm.dll+0x302e96]
V  [jvm.dll+0x30a416]
V  [jvm.dll+0x359cbe]
V  [jvm.dll+0x359eef]
V  [jvm.dll+0x2d9e88]
V  [jvm.dll+0x2d8295]
V  [jvm.dll+0x2d789c]
V  [jvm.dll+0x31b4b1]
V  [jvm.dll+0x7df30b]
V  [jvm.dll+0x7e0044]
V  [jvm.dll+0x7e055d]
V  [jvm.dll+0x7e0934]
V  [jvm.dll+0x7e0a00]
V  [jvm.dll+0x78888a]
V  [jvm.dll+0x676935]
C  [ucrtbase.dll+0x21bb2]
C  [KERNEL32.DLL+0x17374]
C  [ntdll.dll+0x4cc91]

VM_Operation (0x000000e06ecf3c38): G1TryInitiateConcMark, mode: safepoint, requested by thread 0x0000023abb7640a0


---------------  P R O C E S S  ---------------

Threads class SMR info:
_java_thread_list=0x0000023abc63b4b0, length=70, elements={
0x0000023afb40d200, 0x0000023a9a943ae0, 0x0000023a9a944870, 0x0000023a9a956750,
0x0000023a9a959230, 0x0000023a9a95cc20, 0x0000023a9a95d4f0, 0x0000023a9a95e1a0,
0x0000023a9a9c1260, 0x0000023a9a9d4e50, 0x0000023a9a92c0d0, 0x0000023a9ac9d020,
0x0000023abb6d4e40, 0x0000023abb6a3580, 0x0000023abace9290, 0x0000023aba857010,
0x0000023abb470400, 0x0000023abb763b90, 0x0000023abb7640a0, 0x0000023abb763170,
0x0000023abb762750, 0x0000023abb764ac0, 0x0000023abb7645b0, 0x0000023abb7654e0,
0x0000023abb763680, 0x0000023abb761d30, 0x0000023abb762240, 0x0000023abb762c60,
0x0000023abbd9f300, 0x0000023abbd9f810, 0x0000023abbd9d9b0, 0x0000023abbd9cf90,
0x0000023abbd9dec0, 0x0000023abbd9c060, 0x0000023abbd9e8e0, 0x0000023abbd9ca80,
0x0000023abbd9d4a0, 0x0000023abbd9e3d0, 0x0000023abbcf81a0, 0x0000023abbcf9af0,
0x0000023abbcf86b0, 0x0000023abbcf8bc0, 0x0000023abbcf5e30, 0x0000023abbcf6850,
0x0000023abbcf6340, 0x0000023abbcf90d0, 0x0000023abbcf7780, 0x0000023abbcf7c90,
0x0000023abbcf4f00, 0x0000023abbcf5410, 0x0000023abbcfa000, 0x0000023abbcf3fd0,
0x0000023abbcfa510, 0x0000023abbcfaa20, 0x0000023abbcfaf30, 0x0000023abbcfb440,
0x0000023abbcfb950, 0x0000023abbcf44e0, 0x0000023abbcf49f0, 0x0000023abd711810,
0x0000023abd711300, 0x0000023abd713670, 0x0000023abd70fec0, 0x0000023abd712740,
0x0000023abd70ea80, 0x0000023abd710df0, 0x0000023abd714ab0, 0x0000023abd7103d0,
0x0000023abd714fc0, 0x0000023abd70f9b0
}

Java Threads: ( => current thread )
  0x0000023afb40d200 JavaThread "main" [_thread_blocked, id=12588, stack(0x000000e06d000000,0x000000e06d100000)]
  0x0000023a9a943ae0 JavaThread "Reference Handler" daemon [_thread_blocked, id=12092, stack(0x000000e06d700000,0x000000e06d800000)]
  0x0000023a9a944870 JavaThread "Finalizer" daemon [_thread_blocked, id=1708, stack(0x000000e06d800000,0x000000e06d900000)]
  0x0000023a9a956750 JavaThread "Signal Dispatcher" daemon [_thread_blocked, id=15620, stack(0x000000e06d900000,0x000000e06da00000)]
  0x0000023a9a959230 JavaThread "Attach Listener" daemon [_thread_blocked, id=17200, stack(0x000000e06da00000,0x000000e06db00000)]
  0x0000023a9a95cc20 JavaThread "Service Thread" daemon [_thread_blocked, id=13080, stack(0x000000e06db00000,0x000000e06dc00000)]
  0x0000023a9a95d4f0 JavaThread "Monitor Deflation Thread" daemon [_thread_blocked, id=15272, stack(0x000000e06dc00000,0x000000e06dd00000)]
  0x0000023a9a95e1a0 JavaThread "C2 CompilerThread0" daemon [_thread_in_native, id=13656, stack(0x000000e06dd00000,0x000000e06de00000)]
  0x0000023a9a9c1260 JavaThread "C1 CompilerThread0" daemon [_thread_blocked, id=10388, stack(0x000000e06de00000,0x000000e06df00000)]
  0x0000023a9a9d4e50 JavaThread "Sweeper thread" daemon [_thread_blocked, id=7080, stack(0x000000e06df00000,0x000000e06e000000)]
  0x0000023a9a92c0d0 JavaThread "Common-Cleaner" daemon [_thread_blocked, id=14916, stack(0x000000e06e000000,0x000000e06e100000)]
  0x0000023a9ac9d020 JavaThread "Notification Thread" daemon [_thread_blocked, id=14584, stack(0x000000e06e100000,0x000000e06e200000)]
  0x0000023abb6d4e40 JavaThread "Daemon health stats" [_thread_blocked, id=9876, stack(0x000000e06e600000,0x000000e06e700000)]
  0x0000023abb6a3580 JavaThread "Incoming local TCP Connector on port 53494" [_thread_in_native, id=8128, stack(0x000000e06e700000,0x000000e06e800000)]
  0x0000023abace9290 JavaThread "Daemon periodic checks" [_thread_blocked, id=9436, stack(0x000000e06e800000,0x000000e06e900000)]
  0x0000023aba857010 JavaThread "Daemon" [_thread_blocked, id=16764, stack(0x000000e06e900000,0x000000e06ea00000)]
  0x0000023abb470400 JavaThread "Handler for socket connection from /127.0.0.1:53494 to /127.0.0.1:53495" [_thread_in_native, id=11280, stack(0x000000e06ea00000,0x000000e06eb00000)]
  0x0000023abb763b90 JavaThread "Cancel handler" [_thread_blocked, id=11572, stack(0x000000e06eb00000,0x000000e06ec00000)]
  0x0000023abb7640a0 JavaThread "Daemon worker" [_thread_blocked, id=11792, stack(0x000000e06ec00000,0x000000e06ed00000)]
  0x0000023abb763170 JavaThread "Asynchronous log dispatcher for DefaultDaemonConnection: socket connection from /127.0.0.1:53494 to /127.0.0.1:53495" [_thread_blocked, id=13248, stack(0x000000e06ed00000,0x000000e06ee00000)]
  0x0000023abb762750 JavaThread "Stdin handler" [_thread_blocked, id=9032, stack(0x000000e06ee00000,0x000000e06ef00000)]
  0x0000023abb764ac0 JavaThread "Daemon client event forwarder" [_thread_blocked, id=10824, stack(0x000000e06ef00000,0x000000e06f000000)]
  0x0000023abb7645b0 JavaThread "Cache worker for journal cache (C:\Users\Lenovo\.gradle\caches\journal-1)" [_thread_blocked, id=10732, stack(0x000000e06f000000,0x000000e06f100000)]
  0x0000023abb7654e0 JavaThread "File lock request listener" [_thread_in_native, id=1920, stack(0x000000e06f100000,0x000000e06f200000)]
  0x0000023abb763680 JavaThread "Cache worker for file hash cache (C:\Users\Lenovo\.gradle\caches\8.3\fileHashes)" [_thread_blocked, id=11704, stack(0x000000e06f200000,0x000000e06f300000)]
  0x0000023abb761d30 JavaThread "File watcher server" daemon [_thread_blocked, id=12352, stack(0x000000e06f300000,0x000000e06f400000)]
  0x0000023abb762240 JavaThread "File watcher consumer" daemon [_thread_blocked, id=13124, stack(0x000000e06f400000,0x000000e06f500000)]
  0x0000023abb762c60 JavaThread "Cache worker for checksums cache (C:\Users\Lenovo\IoAlumniPortal\android\.gradle\8.3\checksums)" [_thread_blocked, id=8976, stack(0x000000e06f500000,0x000000e06f600000)]
  0x0000023abbd9f300 JavaThread "Cache worker for file hash cache (C:\Users\Lenovo\IoAlumniPortal\android\.gradle\8.3\fileHashes)" [_thread_blocked, id=5336, stack(0x000000e06f600000,0x000000e06f700000)]
  0x0000023abbd9f810 JavaThread "Cache worker for cache directory md-supplier (C:\Users\Lenovo\.gradle\caches\8.3\md-supplier)" [_thread_blocked, id=11688, stack(0x000000e06f700000,0x000000e06f800000)]
  0x0000023abbd9d9b0 JavaThread "Cache worker for file content cache (C:\Users\Lenovo\.gradle\caches\8.3\fileContent)" [_thread_blocked, id=13704, stack(0x000000e06f800000,0x000000e06f900000)]
  0x0000023abbd9cf90 JavaThread "Cache worker for cache directory md-rule (C:\Users\Lenovo\.gradle\caches\8.3\md-rule)" [_thread_blocked, id=12564, stack(0x000000e06f900000,0x000000e06fa00000)]
  0x0000023abbd9dec0 JavaThread "Cache worker for execution history cache (C:\Users\Lenovo\.gradle\caches\8.3\executionHistory)" [_thread_blocked, id=13228, stack(0x000000e06fa00000,0x000000e06fb00000)]
  0x0000023abbd9c060 JavaThread "jar transforms" [_thread_blocked, id=6920, stack(0x000000e06fb00000,0x000000e06fc00000)]
  0x0000023abbd9e8e0 JavaThread "jar transforms Thread 2" [_thread_blocked, id=8756, stack(0x000000e06fc00000,0x000000e06fd00000)]
  0x0000023abbd9ca80 JavaThread "jar transforms Thread 3" [_thread_blocked, id=13096, stack(0x000000e06fd00000,0x000000e06fe00000)]
  0x0000023abbd9d4a0 JavaThread "jar transforms Thread 4" [_thread_blocked, id=1388, stack(0x000000e06fe00000,0x000000e06ff00000)]
  0x0000023abbd9e3d0 JavaThread "Cache worker for kotlin-dsl (C:\Users\Lenovo\.gradle\caches\8.3\kotlin-dsl)" [_thread_blocked, id=8784, stack(0x000000e070100000,0x000000e070200000)]
  0x0000023abbcf81a0 JavaThread "Unconstrained build operations" [_thread_blocked, id=10620, stack(0x000000e070200000,0x000000e070300000)]
  0x0000023abbcf9af0 JavaThread "Unconstrained build operations Thread 2" [_thread_blocked, id=15268, stack(0x000000e070300000,0x000000e070400000)]
  0x0000023abbcf86b0 JavaThread "Cache worker for dependencies-accessors (C:\Users\Lenovo\IoAlumniPortal\android\.gradle\8.3\dependencies-accessors)" [_thread_blocked, id=5732, stack(0x000000e070400000,0x000000e070500000)]
  0x0000023abbcf8bc0 JavaThread "Cache worker for Build Output Cleanup Cache (C:\Users\Lenovo\IoAlumniPortal\node_modules\@react-native\gradle-plugin\.gradle\buildOutputCleanup)" [_thread_blocked, id=7788, stack(0x000000e070500000,0x000000e070600000)]
  0x0000023abbcf5e30 JavaThread "Unconstrained build operations Thread 3" [_thread_blocked, id=10644, stack(0x000000e070600000,0x000000e070700000)]
  0x0000023abbcf6850 JavaThread "Unconstrained build operations Thread 4" [_thread_blocked, id=7988, stack(0x000000e070700000,0x000000e070800000)]
  0x0000023abbcf6340 JavaThread "Unconstrained build operations Thread 5" [_thread_blocked, id=4300, stack(0x000000e070800000,0x000000e070900000)]
  0x0000023abbcf90d0 JavaThread "Memory manager" [_thread_blocked, id=15248, stack(0x000000e06ce00000,0x000000e06cf00000)]
  0x0000023abbcf7780 JavaThread "Cache worker for Build Output Cleanup Cache (C:\Users\Lenovo\IoAlumniPortal\android\.gradle\buildOutputCleanup)" [_thread_blocked, id=16756, stack(0x000000e06cf00000,0x000000e06d000000)]
  0x0000023abbcf7c90 JavaThread "ForkJoinPool.commonPool-worker-1" daemon [_thread_blocked, id=7848, stack(0x000000e070900000,0x000000e070a00000)]
  0x0000023abbcf4f00 JavaThread "ForkJoinPool.commonPool-worker-2" daemon [_thread_blocked, id=2832, stack(0x000000e070a00000,0x000000e070b00000)]
  0x0000023abbcf5410 JavaThread "ForkJoinPool.commonPool-worker-3" daemon [_thread_blocked, id=14500, stack(0x000000e070b00000,0x000000e070c00000)]
  0x0000023abbcfa000 JavaThread "Exec process" [_thread_blocked, id=14732, stack(0x000000e070c00000,0x000000e070d00000)]
  0x0000023abbcf3fd0 JavaThread "Exec process Thread 2" [_thread_blocked, id=11640, stack(0x000000e070d00000,0x000000e070e00000)]
  0x0000023abbcfa510 JavaThread "Exec process Thread 3" [_thread_blocked, id=14164, stack(0x000000e070e00000,0x000000e070f00000)]
  0x0000023abbcfaa20 JavaThread "included builds" [_thread_blocked, id=15232, stack(0x000000e070f00000,0x000000e071000000)]
  0x0000023abbcfaf30 JavaThread "Execution worker" [_thread_blocked, id=5436, stack(0x000000e071000000,0x000000e071100000)]
  0x0000023abbcfb440 JavaThread "Execution worker Thread 2" [_thread_blocked, id=8972, stack(0x000000e071100000,0x000000e071200000)]
  0x0000023abbcfb950 JavaThread "Execution worker Thread 3" [_thread_blocked, id=11256, stack(0x000000e071200000,0x000000e071300000)]
  0x0000023abbcf44e0 JavaThread "Cache worker for execution history cache (C:\Users\Lenovo\IoAlumniPortal\node_modules\@react-native\gradle-plugin\.gradle\8.3\executionHistory)" [_thread_blocked, id=8296, stack(0x000000e071300000,0x000000e071400000)]
  0x0000023abbcf49f0 JavaThread "Unconstrained build operations Thread 6" [_thread_blocked, id=7412, stack(0x000000e071400000,0x000000e071500000)]
  0x0000023abd711810 JavaThread "Unconstrained build operations Thread 7" [_thread_blocked, id=9836, stack(0x000000e071500000,0x000000e071600000)]
  0x0000023abd711300 JavaThread "Unconstrained build operations Thread 8" [_thread_blocked, id=16808, stack(0x000000e071600000,0x000000e071700000)]
  0x0000023abd713670 JavaThread "Unconstrained build operations Thread 9" [_thread_blocked, id=9408, stack(0x000000e071700000,0x000000e071800000)]
  0x0000023abd70fec0 JavaThread "Unconstrained build operations Thread 10" [_thread_blocked, id=10268, stack(0x000000e071800000,0x000000e071900000)]
  0x0000023abd712740 JavaThread "Unconstrained build operations Thread 11" [_thread_blocked, id=4632, stack(0x000000e071900000,0x000000e071a00000)]
  0x0000023abd70ea80 JavaThread "Unconstrained build operations Thread 12" [_thread_blocked, id=7856, stack(0x000000e071a00000,0x000000e071b00000)]
  0x0000023abd710df0 JavaThread "Unconstrained build operations Thread 13" [_thread_blocked, id=16992, stack(0x000000e071b00000,0x000000e071c00000)]
  0x0000023abd714ab0 JavaThread "Unconstrained build operations Thread 14" [_thread_blocked, id=4704, stack(0x000000e071c00000,0x000000e071d00000)]
  0x0000023abd7103d0 JavaThread "Unconstrained build operations Thread 15" [_thread_blocked, id=7372, stack(0x000000e071d00000,0x000000e071e00000)]
  0x0000023abd714fc0 JavaThread "Unconstrained build operations Thread 16" [_thread_blocked, id=2708, stack(0x000000e071e00000,0x000000e071f00000)]
  0x0000023abd70f9b0 JavaThread "Unconstrained build operations Thread 17" [_thread_blocked, id=12348, stack(0x000000e071f00000,0x000000e072000000)]

Other Threads:
=>0x0000023a9a93bf50 VMThread "VM Thread" [stack: 0x000000e06d600000,0x000000e06d700000] [id=12032]
  0x0000023a9ac737d0 WatcherThread [stack: 0x000000e06e200000,0x000000e06e300000] [id=11924]
  0x0000023afb468ad0 GCTaskThread "GC Thread#0" [stack: 0x000000e06d100000,0x000000e06d200000] [id=2688]
  0x0000023aba2515e0 GCTaskThread "GC Thread#1" [stack: 0x000000e06e300000,0x000000e06e400000] [id=7908]
  0x0000023a9ad9a330 GCTaskThread "GC Thread#2" [stack: 0x000000e06e400000,0x000000e06e500000] [id=9596]
  0x0000023aba8274d0 GCTaskThread "GC Thread#3" [stack: 0x000000e06e500000,0x000000e06e600000] [id=12920]
  0x0000023afb479930 ConcurrentGCThread "G1 Main Marker" [stack: 0x000000e06d200000,0x000000e06d300000] [id=10188]
  0x0000023afb47a250 ConcurrentGCThread "G1 Conc#0" [stack: 0x000000e06d300000,0x000000e06d400000] [id=15904]
  0x0000023afb4c78c0 ConcurrentGCThread "G1 Refine#0" [stack: 0x000000e06d400000,0x000000e06d500000] [id=8924]
  0x0000023afb4ca210 ConcurrentGCThread "G1 Service" [stack: 0x000000e06d500000,0x000000e06d600000] [id=14324]

Threads with active compile tasks:
C2 CompilerThread0   126479 11678       4       org.gradle.internal.instantiation.generator.AbstractClassGenerator::inspectType (560 bytes)

VM state: at safepoint (normal execution)

VM Mutex/Monitor currently owned by a thread:  ([mutex/lock_event])
[0x0000023afb408a20] Threads_lock - owner thread: 0x0000023a9a93bf50
[0x0000023afb4099e0] Heap_lock - owner thread: 0x0000023abb7640a0

Heap address: 0x0000000080000000, size: 2048 MB, Compressed Oops mode: 32-bit

CDS archive(s) mapped at: [0x0000023a9b000000-0x0000023a9bbd0000-0x0000023a9bbd0000), size 12386304, SharedBaseAddress: 0x0000023a9b000000, ArchiveRelocationMode: 1.
Compressed class space mapped at: 0x0000023a9c000000-0x0000023ab6000000, reserved size: 436207616
Narrow klass base: 0x0000023a9b000000, Narrow klass shift: 0, Narrow klass range: 0x100000000

GC Precious Log:
 CPUs: 4 total, 4 available
 Memory: 4005M
 Large Page Support: Disabled
 NUMA Support: Disabled
 Compressed Oops: Enabled (32-bit)
 Heap Region Size: 1M
 Heap Min Capacity: 8M
 Heap Initial Capacity: 64M
 Heap Max Capacity: 2G
 Pre-touch: Disabled
 Parallel Workers: 4
 Concurrent Workers: 1
 Concurrent Refinement Workers: 4
 Periodic GC: Disabled

Heap:
 garbage-first heap   total 267264K, used 110810K [0x0000000080000000, 0x0000000100000000)
  region size 1024K, 10 young (10240K), 10 survivors (10240K)
 Metaspace       used 96080K, committed 97088K, reserved 557056K
  class space    used 13424K, committed 13888K, reserved 425984K

Heap Regions: E=young(eden), S=young(survivor), O=old, HS=humongous(starts), HC=humongous(continues), CS=collection set, F=free, OA=open archive, CA=closed archive, TAMS=top-at-mark-start (previous, next)
|   0|0x0000000080000000, 0x0000000080100000, 0x0000000080100000|100%| O|  |TAMS 0x0000000080100000, 0x0000000080100000| Untracked 
|   1|0x0000000080100000, 0x0000000080200000, 0x0000000080200000|100%| O|  |TAMS 0x0000000080200000, 0x0000000080200000| Untracked 
|   2|0x0000000080200000, 0x0000000080300000, 0x0000000080300000|100%|HS|  |TAMS 0x0000000080300000, 0x0000000080300000| Complete 
|   3|0x0000000080300000, 0x0000000080400000, 0x0000000080400000|100%|HC|  |TAMS 0x0000000080400000, 0x0000000080400000| Complete 
|   4|0x0000000080400000, 0x0000000080500000, 0x0000000080500000|100%|HC|  |TAMS 0x0000000080500000, 0x0000000080500000| Complete 
|   5|0x0000000080500000, 0x0000000080600000, 0x0000000080600000|100%|HC|  |TAMS 0x0000000080600000, 0x0000000080600000| Complete 
|   6|0x0000000080600000, 0x0000000080700000, 0x0000000080700000|100%| O|  |TAMS 0x0000000080700000, 0x0000000080700000| Untracked 
|   7|0x0000000080700000, 0x0000000080800000, 0x0000000080800000|100%| O|  |TAMS 0x0000000080800000, 0x0000000080800000| Untracked 
|   8|0x0000000080800000, 0x0000000080900000, 0x0000000080900000|100%| O|  |TAMS 0x0000000080900000, 0x0000000080900000| Untracked 
|   9|0x0000000080900000, 0x0000000080a00000, 0x0000000080a00000|100%| O|  |TAMS 0x0000000080a00000, 0x0000000080a00000| Untracked 
|  10|0x0000000080a00000, 0x0000000080b00000, 0x0000000080b00000|100%| O|  |TAMS 0x0000000080b00000, 0x0000000080b00000| Untracked 
|  11|0x0000000080b00000, 0x0000000080c00000, 0x0000000080c00000|100%| O|  |TAMS 0x0000000080c00000, 0x0000000080c00000| Untracked 
|  12|0x0000000080c00000, 0x0000000080d00000, 0x0000000080d00000|100%| O|  |TAMS 0x0000000080d00000, 0x0000000080d00000| Untracked 
|  13|0x0000000080d00000, 0x0000000080e00000, 0x0000000080e00000|100%| O|  |TAMS 0x0000000080e00000, 0x0000000080e00000| Untracked 
|  14|0x0000000080e00000, 0x0000000080f00000, 0x0000000080f00000|100%| O|  |TAMS 0x0000000080f00000, 0x0000000080f00000| Untracked 
|  15|0x0000000080f00000, 0x0000000081000000, 0x0000000081000000|100%| O|  |TAMS 0x0000000081000000, 0x0000000081000000| Untracked 
|  16|0x0000000081000000, 0x0000000081100000, 0x0000000081100000|100%| O|  |TAMS 0x0000000081100000, 0x0000000081100000| Untracked 
|  17|0x0000000081100000, 0x0000000081200000, 0x0000000081200000|100%| O|  |TAMS 0x0000000081200000, 0x0000000081200000| Untracked 
|  18|0x0000000081200000, 0x0000000081300000, 0x0000000081300000|100%| O|  |TAMS 0x0000000081300000, 0x0000000081300000| Untracked 
|  19|0x0000000081300000, 0x0000000081400000, 0x0000000081400000|100%| O|  |TAMS 0x0000000081400000, 0x0000000081400000| Untracked 
|  20|0x0000000081400000, 0x0000000081500000, 0x0000000081500000|100%| O|  |TAMS 0x0000000081500000, 0x0000000081500000| Untracked 
|  21|0x0000000081500000, 0x0000000081600000, 0x0000000081600000|100%| O|  |TAMS 0x0000000081600000, 0x0000000081600000| Untracked 
|  22|0x0000000081600000, 0x0000000081700000, 0x0000000081700000|100%| O|  |TAMS 0x0000000081600000, 0x0000000081700000| Untracked 
|  23|0x0000000081700000, 0x0000000081800000, 0x0000000081800000|100%| O|  |TAMS 0x0000000081800000, 0x0000000081800000| Untracked 
|  24|0x0000000081800000, 0x0000000081900000, 0x0000000081900000|100%| O|  |TAMS 0x0000000081900000, 0x0000000081900000| Untracked 
|  25|0x0000000081900000, 0x0000000081a00000, 0x0000000081a00000|100%| O|  |TAMS 0x0000000081a00000, 0x0000000081a00000| Untracked 
|  26|0x0000000081a00000, 0x0000000081b00000, 0x0000000081b00000|100%| O|  |TAMS 0x0000000081b00000, 0x0000000081b00000| Untracked 
|  27|0x0000000081b00000, 0x0000000081c00000, 0x0000000081c00000|100%| O|  |TAMS 0x0000000081c00000, 0x0000000081c00000| Untracked 
|  28|0x0000000081c00000, 0x0000000081d00000, 0x0000000081d00000|100%| O|  |TAMS 0x0000000081d00000, 0x0000000081d00000| Untracked 
|  29|0x0000000081d00000, 0x0000000081e00000, 0x0000000081e00000|100%| O|  |TAMS 0x0000000081e00000, 0x0000000081e00000| Untracked 
|  30|0x0000000081e00000, 0x0000000081f00000, 0x0000000081f00000|100%| O|  |TAMS 0x0000000081f00000, 0x0000000081f00000| Untracked 
|  31|0x0000000081f00000, 0x0000000082000000, 0x0000000082000000|100%| O|  |TAMS 0x0000000082000000, 0x0000000082000000| Untracked 
|  32|0x0000000082000000, 0x0000000082100000, 0x0000000082100000|100%| O|  |TAMS 0x0000000082100000, 0x0000000082100000| Untracked 
|  33|0x0000000082100000, 0x0000000082200000, 0x0000000082200000|100%| O|  |TAMS 0x0000000082200000, 0x0000000082200000| Untracked 
|  34|0x0000000082200000, 0x0000000082300000, 0x0000000082300000|100%| O|  |TAMS 0x0000000082300000, 0x0000000082300000| Untracked 
|  35|0x0000000082300000, 0x0000000082400000, 0x0000000082400000|100%| O|  |TAMS 0x0000000082400000, 0x0000000082400000| Untracked 
|  36|0x0000000082400000, 0x0000000082500000, 0x0000000082500000|100%| O|  |TAMS 0x0000000082500000, 0x0000000082500000| Untracked 
|  37|0x0000000082500000, 0x0000000082600000, 0x0000000082600000|100%| O|  |TAMS 0x0000000082600000, 0x0000000082600000| Untracked 
|  38|0x0000000082600000, 0x0000000082700000, 0x0000000082700000|100%| O|  |TAMS 0x0000000082700000, 0x0000000082700000| Untracked 
|  39|0x0000000082700000, 0x0000000082800000, 0x0000000082800000|100%| O|  |TAMS 0x0000000082800000, 0x0000000082800000| Untracked 
|  40|0x0000000082800000, 0x0000000082900000, 0x0000000082900000|100%|HS|  |TAMS 0x0000000082900000, 0x0000000082900000| Complete 
|  41|0x0000000082900000, 0x0000000082900000, 0x0000000082a00000|  0%| F|  |TAMS 0x0000000082900000, 0x0000000082900000| Untracked 
|  42|0x0000000082a00000, 0x0000000082b00000, 0x0000000082b00000|100%| O|  |TAMS 0x0000000082b00000, 0x0000000082b00000| Untracked 
|  43|0x0000000082b00000, 0x0000000082c00000, 0x0000000082c00000|100%| O|  |TAMS 0x0000000082c00000, 0x0000000082c00000| Untracked 
|  44|0x0000000082c00000, 0x0000000082d00000, 0x0000000082d00000|100%|HS|  |TAMS 0x0000000082d00000, 0x0000000082d00000| Complete 
|  45|0x0000000082d00000, 0x0000000082e00000, 0x0000000082e00000|100%|HC|  |TAMS 0x0000000082e00000, 0x0000000082e00000| Complete 
|  46|0x0000000082e00000, 0x0000000082f00000, 0x0000000082f00000|100%|HS|  |TAMS 0x0000000082f00000, 0x0000000082f00000| Complete 
|  47|0x0000000082f00000, 0x0000000083000000, 0x0000000083000000|100%|HC|  |TAMS 0x0000000083000000, 0x0000000083000000| Complete 
|  48|0x0000000083000000, 0x0000000083100000, 0x0000000083100000|100%|HS|  |TAMS 0x0000000083100000, 0x0000000083100000| Complete 
|  49|0x0000000083100000, 0x0000000083200000, 0x0000000083200000|100%|HC|  |TAMS 0x0000000083200000, 0x0000000083200000| Complete 
|  50|0x0000000083200000, 0x0000000083300000, 0x0000000083300000|100%|HC|  |TAMS 0x0000000083300000, 0x0000000083300000| Complete 
|  51|0x0000000083300000, 0x0000000083400000, 0x0000000083400000|100%|HC|  |TAMS 0x0000000083400000, 0x0000000083400000| Complete 
|  52|0x0000000083400000, 0x0000000083500000, 0x0000000083500000|100%| O|  |TAMS 0x0000000083500000, 0x0000000083500000| Untracked 
|  53|0x0000000083500000, 0x0000000083600000, 0x0000000083600000|100%| O|  |TAMS 0x0000000083600000, 0x0000000083600000| Untracked 
|  54|0x0000000083600000, 0x0000000083700000, 0x0000000083700000|100%| O|  |TAMS 0x0000000083700000, 0x0000000083700000| Untracked 
|  55|0x0000000083700000, 0x0000000083800000, 0x0000000083800000|100%| O|  |TAMS 0x0000000083800000, 0x0000000083800000| Untracked 
|  56|0x0000000083800000, 0x0000000083900000, 0x0000000083900000|100%| O|  |TAMS 0x0000000083900000, 0x0000000083900000| Untracked 
|  57|0x0000000083900000, 0x0000000083a00000, 0x0000000083a00000|100%| O|  |TAMS 0x0000000083a00000, 0x0000000083a00000| Untracked 
|  58|0x0000000083a00000, 0x0000000083b00000, 0x0000000083b00000|100%|HS|  |TAMS 0x0000000083b00000, 0x0000000083b00000| Complete 
|  59|0x0000000083b00000, 0x0000000083c00000, 0x0000000083c00000|100%|HC|  |TAMS 0x0000000083c00000, 0x0000000083c00000| Complete 
|  60|0x0000000083c00000, 0x0000000083d00000, 0x0000000083d00000|100%|HC|  |TAMS 0x0000000083d00000, 0x0000000083d00000| Complete 
|  61|0x0000000083d00000, 0x0000000083e00000, 0x0000000083e00000|100%|HC|  |TAMS 0x0000000083e00000, 0x0000000083e00000| Complete 
|  62|0x0000000083e00000, 0x0000000083f00000, 0x0000000083f00000|100%| O|  |TAMS 0x0000000083f00000, 0x0000000083f00000| Untracked 
|  63|0x0000000083f00000, 0x0000000084000000, 0x0000000084000000|100%| O|  |TAMS 0x0000000084000000, 0x0000000084000000| Untracked 
|  64|0x0000000084000000, 0x0000000084100000, 0x0000000084100000|100%|HS|  |TAMS 0x0000000084100000, 0x0000000084100000| Complete 
|  65|0x0000000084100000, 0x0000000084200000, 0x0000000084200000|100%|HS|  |TAMS 0x0000000084200000, 0x0000000084200000| Complete 
|  66|0x0000000084200000, 0x0000000084300000, 0x0000000084300000|100%| O|  |TAMS 0x0000000084300000, 0x0000000084300000| Untracked 
|  67|0x0000000084300000, 0x0000000084400000, 0x0000000084400000|100%|HS|  |TAMS 0x0000000084400000, 0x0000000084400000| Complete 
|  68|0x0000000084400000, 0x0000000084500000, 0x0000000084500000|100%| O|  |TAMS 0x0000000084500000, 0x0000000084500000| Untracked 
|  69|0x0000000084500000, 0x0000000084600000, 0x0000000084600000|100%| O|  |TAMS 0x0000000084600000, 0x0000000084600000| Untracked 
|  70|0x0000000084600000, 0x0000000084700000, 0x0000000084700000|100%| O|  |TAMS 0x0000000084700000, 0x0000000084700000| Untracked 
|  71|0x0000000084700000, 0x0000000084800000, 0x0000000084800000|100%| O|  |TAMS 0x0000000084800000, 0x0000000084800000| Untracked 
|  72|0x0000000084800000, 0x0000000084900000, 0x0000000084900000|100%| O|  |TAMS 0x0000000084900000, 0x0000000084900000| Untracked 
|  73|0x0000000084900000, 0x0000000084a00000, 0x0000000084a00000|100%| O|  |TAMS 0x0000000084a00000, 0x0000000084a00000| Untracked 
|  74|0x0000000084a00000, 0x0000000084b00000, 0x0000000084b00000|100%| O|  |TAMS 0x0000000084b00000, 0x0000000084b00000| Untracked 
|  75|0x0000000084b00000, 0x0000000084c00000, 0x0000000084c00000|100%| O|  |TAMS 0x0000000084c00000, 0x0000000084c00000| Untracked 
|  76|0x0000000084c00000, 0x0000000084d00000, 0x0000000084d00000|100%| O|  |TAMS 0x0000000084d00000, 0x0000000084d00000| Untracked 
|  77|0x0000000084d00000, 0x0000000084e00000, 0x0000000084e00000|100%| O|  |TAMS 0x0000000084e00000, 0x0000000084e00000| Untracked 
|  78|0x0000000084e00000, 0x0000000084f00000, 0x0000000084f00000|100%| O|  |TAMS 0x0000000084f00000, 0x0000000084f00000| Untracked 
|  79|0x0000000084f00000, 0x0000000085000000, 0x0000000085000000|100%| O|  |TAMS 0x0000000085000000, 0x0000000085000000| Untracked 
|  80|0x0000000085000000, 0x0000000085100000, 0x0000000085100000|100%| O|  |TAMS 0x0000000085100000, 0x0000000085100000| Untracked 
|  81|0x0000000085100000, 0x0000000085200000, 0x0000000085200000|100%| O|  |TAMS 0x0000000085200000, 0x0000000085200000| Untracked 
|  82|0x0000000085200000, 0x0000000085300000, 0x0000000085300000|100%| O|  |TAMS 0x000000008524f600, 0x0000000085300000| Untracked 
|  83|0x0000000085300000, 0x0000000085400000, 0x0000000085400000|100%| O|  |TAMS 0x0000000085300000, 0x0000000085400000| Untracked 
|  84|0x0000000085400000, 0x0000000085500000, 0x0000000085500000|100%| O|  |TAMS 0x0000000085400000, 0x0000000085500000| Untracked 
|  85|0x0000000085500000, 0x0000000085600000, 0x0000000085600000|100%| O|  |TAMS 0x0000000085500000, 0x0000000085600000| Untracked 
|  86|0x0000000085600000, 0x0000000085700000, 0x0000000085700000|100%| O|  |TAMS 0x0000000085600000, 0x0000000085700000| Untracked 
|  87|0x0000000085700000, 0x0000000085800000, 0x0000000085800000|100%| O|  |TAMS 0x0000000085700000, 0x0000000085800000| Untracked 
|  88|0x0000000085800000, 0x0000000085900000, 0x0000000085900000|100%| O|  |TAMS 0x0000000085800000, 0x0000000085900000| Untracked 
|  89|0x0000000085900000, 0x0000000085a00000, 0x0000000085a00000|100%| O|  |TAMS 0x0000000085900000, 0x0000000085a00000| Untracked 
|  90|0x0000000085a00000, 0x0000000085b00000, 0x0000000085b00000|100%| O|  |TAMS 0x0000000085a00000, 0x0000000085b00000| Untracked 
|  91|0x0000000085b00000, 0x0000000085b00000, 0x0000000085c00000|  0%| F|  |TAMS 0x0000000085b00000, 0x0000000085b00000| Untracked 
|  92|0x0000000085c00000, 0x0000000085d00000, 0x0000000085d00000|100%| O|  |TAMS 0x0000000085d00000, 0x0000000085d00000| Untracked 
|  93|0x0000000085d00000, 0x0000000085e00000, 0x0000000085e00000|100%| O|  |TAMS 0x0000000085e00000, 0x0000000085e00000| Untracked 
|  94|0x0000000085e00000, 0x0000000085f00000, 0x0000000085f00000|100%| O|  |TAMS 0x0000000085f00000, 0x0000000085f00000| Untracked 
|  95|0x0000000085f00000, 0x0000000086000000, 0x0000000086000000|100%| O|  |TAMS 0x0000000086000000, 0x0000000086000000| Untracked 
|  96|0x0000000086000000, 0x0000000086100000, 0x0000000086100000|100%| O|  |TAMS 0x0000000086100000, 0x0000000086100000| Untracked 
|  97|0x0000000086100000, 0x0000000086200000, 0x0000000086200000|100%| O|  |TAMS 0x0000000086200000, 0x0000000086200000| Untracked 
|  98|0x0000000086200000, 0x0000000086300000, 0x0000000086300000|100%| O|  |TAMS 0x0000000086300000, 0x0000000086300000| Untracked 
|  99|0x0000000086300000, 0x0000000086400000, 0x0000000086400000|100%| O|  |TAMS 0x0000000086400000, 0x0000000086400000| Untracked 
| 100|0x0000000086400000, 0x0000000086500000, 0x0000000086500000|100%| O|  |TAMS 0x0000000086500000, 0x0000000086500000| Untracked 
| 101|0x0000000086500000, 0x0000000086500000, 0x0000000086600000|  0%| F|  |TAMS 0x0000000086500000, 0x0000000086500000| Untracked 
| 102|0x0000000086600000, 0x0000000086600000, 0x0000000086700000|  0%| F|  |TAMS 0x0000000086600000, 0x0000000086600000| Untracked 
| 103|0x0000000086700000, 0x0000000086700000, 0x0000000086800000|  0%| F|  |TAMS 0x0000000086700000, 0x0000000086700000| Untracked 
| 104|0x0000000086800000, 0x0000000086800000, 0x0000000086900000|  0%| F|  |TAMS 0x0000000086800000, 0x0000000086800000| Untracked 
| 105|0x0000000086900000, 0x0000000086900000, 0x0000000086a00000|  0%| F|  |TAMS 0x0000000086900000, 0x0000000086900000| Untracked 
| 106|0x0000000086a00000, 0x0000000086a00000, 0x0000000086b00000|  0%| F|  |TAMS 0x0000000086a00000, 0x0000000086a00000| Untracked 
| 107|0x0000000086b00000, 0x0000000086b00000, 0x0000000086c00000|  0%| F|  |TAMS 0x0000000086b00000, 0x0000000086b00000| Untracked 
| 108|0x0000000086c00000, 0x0000000086c00000, 0x0000000086d00000|  0%| F|  |TAMS 0x0000000086c00000, 0x0000000086c00000| Untracked 
| 109|0x0000000086d00000, 0x0000000086d00000, 0x0000000086e00000|  0%| F|  |TAMS 0x0000000086d00000, 0x0000000086d00000| Untracked 
| 110|0x0000000086e00000, 0x0000000086e00000, 0x0000000086f00000|  0%| F|  |TAMS 0x0000000086e00000, 0x0000000086e00000| Untracked 
| 111|0x0000000086f00000, 0x0000000086f00000, 0x0000000087000000|  0%| F|  |TAMS 0x0000000086f00000, 0x0000000086f00000| Untracked 
| 112|0x0000000087000000, 0x0000000087000000, 0x0000000087100000|  0%| F|  |TAMS 0x0000000087000000, 0x0000000087000000| Untracked 
| 113|0x0000000087100000, 0x0000000087100000, 0x0000000087200000|  0%| F|  |TAMS 0x0000000087100000, 0x0000000087100000| Untracked 
| 114|0x0000000087200000, 0x0000000087200000, 0x0000000087300000|  0%| F|  |TAMS 0x0000000087200000, 0x0000000087200000| Untracked 
| 115|0x0000000087300000, 0x0000000087300000, 0x0000000087400000|  0%| F|  |TAMS 0x0000000087300000, 0x0000000087300000| Untracked 
| 116|0x0000000087400000, 0x0000000087400000, 0x0000000087500000|  0%| F|  |TAMS 0x0000000087400000, 0x0000000087400000| Untracked 
| 117|0x0000000087500000, 0x0000000087500000, 0x0000000087600000|  0%| F|  |TAMS 0x0000000087500000, 0x0000000087500000| Untracked 
| 118|0x0000000087600000, 0x0000000087600000, 0x0000000087700000|  0%| F|  |TAMS 0x0000000087600000, 0x0000000087600000| Untracked 
| 119|0x0000000087700000, 0x0000000087700000, 0x0000000087800000|  0%| F|  |TAMS 0x0000000087700000, 0x0000000087700000| Untracked 
| 120|0x0000000087800000, 0x0000000087800000, 0x0000000087900000|  0%| F|  |TAMS 0x0000000087800000, 0x0000000087800000| Untracked 
| 121|0x0000000087900000, 0x0000000087900000, 0x0000000087a00000|  0%| F|  |TAMS 0x0000000087900000, 0x0000000087900000| Untracked 
| 122|0x0000000087a00000, 0x0000000087a00000, 0x0000000087b00000|  0%| F|  |TAMS 0x0000000087a00000, 0x0000000087a00000| Untracked 
| 123|0x0000000087b00000, 0x0000000087b00000, 0x0000000087c00000|  0%| F|  |TAMS 0x0000000087b00000, 0x0000000087b00000| Untracked 
| 124|0x0000000087c00000, 0x0000000087c00000, 0x0000000087d00000|  0%| F|  |TAMS 0x0000000087c00000, 0x0000000087c00000| Untracked 
| 125|0x0000000087d00000, 0x0000000087d00000, 0x0000000087e00000|  0%| F|  |TAMS 0x0000000087d00000, 0x0000000087d00000| Untracked 
| 126|0x0000000087e00000, 0x0000000087e00000, 0x0000000087f00000|  0%| F|  |TAMS 0x0000000087e00000, 0x0000000087e00000| Untracked 
| 127|0x0000000087f00000, 0x0000000087f00000, 0x0000000088000000|  0%| F|  |TAMS 0x0000000087f00000, 0x0000000087f00000| Untracked 
| 128|0x0000000088000000, 0x0000000088000000, 0x0000000088100000|  0%| F|  |TAMS 0x0000000088000000, 0x0000000088000000| Untracked 
| 129|0x0000000088100000, 0x0000000088100000, 0x0000000088200000|  0%| F|  |TAMS 0x0000000088100000, 0x0000000088100000| Untracked 
| 130|0x0000000088200000, 0x0000000088200000, 0x0000000088300000|  0%| F|  |TAMS 0x0000000088200000, 0x0000000088200000| Untracked 
| 131|0x0000000088300000, 0x0000000088300000, 0x0000000088400000|  0%| F|  |TAMS 0x0000000088300000, 0x0000000088300000| Untracked 
| 132|0x0000000088400000, 0x0000000088400000, 0x0000000088500000|  0%| F|  |TAMS 0x0000000088400000, 0x0000000088400000| Untracked 
| 133|0x0000000088500000, 0x0000000088500000, 0x0000000088600000|  0%| F|  |TAMS 0x0000000088500000, 0x0000000088500000| Untracked 
| 134|0x0000000088600000, 0x0000000088636a40, 0x0000000088700000| 21%| S|CS|TAMS 0x0000000088600000, 0x0000000088600000| Complete 
| 135|0x0000000088700000, 0x0000000088800000, 0x0000000088800000|100%| S|CS|TAMS 0x0000000088700000, 0x0000000088700000| Complete 
| 136|0x0000000088800000, 0x0000000088900000, 0x0000000088900000|100%| S|CS|TAMS 0x0000000088800000, 0x0000000088800000| Complete 
| 137|0x0000000088900000, 0x0000000088a00000, 0x0000000088a00000|100%| S|CS|TAMS 0x0000000088900000, 0x0000000088900000| Complete 
| 138|0x0000000088a00000, 0x0000000088b00000, 0x0000000088b00000|100%| S|CS|TAMS 0x0000000088a00000, 0x0000000088a00000| Complete 
| 139|0x0000000088b00000, 0x0000000088c00000, 0x0000000088c00000|100%| S|CS|TAMS 0x0000000088b00000, 0x0000000088b00000| Complete 
| 140|0x0000000088c00000, 0x0000000088d00000, 0x0000000088d00000|100%| S|CS|TAMS 0x0000000088c00000, 0x0000000088c00000| Complete 
| 141|0x0000000088d00000, 0x0000000088e00000, 0x0000000088e00000|100%| S|CS|TAMS 0x0000000088d00000, 0x0000000088d00000| Complete 
| 142|0x0000000088e00000, 0x0000000088f00000, 0x0000000088f00000|100%| S|CS|TAMS 0x0000000088e00000, 0x0000000088e00000| Complete 
| 143|0x0000000088f00000, 0x0000000089000000, 0x0000000089000000|100%| S|CS|TAMS 0x0000000088f00000, 0x0000000088f00000| Complete 
| 144|0x0000000089000000, 0x0000000089000000, 0x0000000089100000|  0%| F|  |TAMS 0x0000000089000000, 0x0000000089000000| Untracked 
| 145|0x0000000089100000, 0x0000000089100000, 0x0000000089200000|  0%| F|  |TAMS 0x0000000089100000, 0x0000000089100000| Untracked 
| 146|0x0000000089200000, 0x0000000089200000, 0x0000000089300000|  0%| F|  |TAMS 0x0000000089200000, 0x0000000089200000| Untracked 
| 147|0x0000000089300000, 0x0000000089300000, 0x0000000089400000|  0%| F|  |TAMS 0x0000000089300000, 0x0000000089300000| Untracked 
| 148|0x0000000089400000, 0x0000000089400000, 0x0000000089500000|  0%| F|  |TAMS 0x0000000089400000, 0x0000000089400000| Untracked 
| 149|0x0000000089500000, 0x0000000089500000, 0x0000000089600000|  0%| F|  |TAMS 0x0000000089500000, 0x0000000089500000| Untracked 
| 150|0x0000000089600000, 0x0000000089600000, 0x0000000089700000|  0%| F|  |TAMS 0x0000000089600000, 0x0000000089600000| Untracked 
| 151|0x0000000089700000, 0x0000000089700000, 0x0000000089800000|  0%| F|  |TAMS 0x0000000089700000, 0x0000000089700000| Untracked 
| 152|0x0000000089800000, 0x0000000089800000, 0x0000000089900000|  0%| F|  |TAMS 0x0000000089800000, 0x0000000089800000| Untracked 
| 153|0x0000000089900000, 0x0000000089900000, 0x0000000089a00000|  0%| F|  |TAMS 0x0000000089900000, 0x0000000089900000| Untracked 
| 154|0x0000000089a00000, 0x0000000089a00000, 0x0000000089b00000|  0%| F|  |TAMS 0x0000000089a00000, 0x0000000089a00000| Untracked 
| 155|0x0000000089b00000, 0x0000000089b00000, 0x0000000089c00000|  0%| F|  |TAMS 0x0000000089b00000, 0x0000000089b00000| Untracked 
| 156|0x0000000089c00000, 0x0000000089c00000, 0x0000000089d00000|  0%| F|  |TAMS 0x0000000089c00000, 0x0000000089c00000| Untracked 
| 157|0x0000000089d00000, 0x0000000089d00000, 0x0000000089e00000|  0%| F|  |TAMS 0x0000000089d00000, 0x0000000089d00000| Untracked 
| 158|0x0000000089e00000, 0x0000000089e00000, 0x0000000089f00000|  0%| F|  |TAMS 0x0000000089e00000, 0x0000000089e00000| Untracked 
| 159|0x0000000089f00000, 0x0000000089f00000, 0x000000008a000000|  0%| F|  |TAMS 0x0000000089f00000, 0x0000000089f00000| Untracked 
| 160|0x000000008a000000, 0x000000008a000000, 0x000000008a100000|  0%| F|  |TAMS 0x000000008a000000, 0x000000008a000000| Untracked 
| 161|0x000000008a100000, 0x000000008a100000, 0x000000008a200000|  0%| F|  |TAMS 0x000000008a100000, 0x000000008a100000| Untracked 
| 162|0x000000008a200000, 0x000000008a200000, 0x000000008a300000|  0%| F|  |TAMS 0x000000008a200000, 0x000000008a200000| Untracked 
| 163|0x000000008a300000, 0x000000008a300000, 0x000000008a400000|  0%| F|  |TAMS 0x000000008a300000, 0x000000008a300000| Untracked 
| 164|0x000000008a400000, 0x000000008a400000, 0x000000008a500000|  0%| F|  |TAMS 0x000000008a400000, 0x000000008a400000| Untracked 
| 165|0x000000008a500000, 0x000000008a500000, 0x000000008a600000|  0%| F|  |TAMS 0x000000008a500000, 0x000000008a500000| Untracked 
| 166|0x000000008a600000, 0x000000008a600000, 0x000000008a700000|  0%| F|  |TAMS 0x000000008a600000, 0x000000008a600000| Untracked 
| 167|0x000000008a700000, 0x000000008a700000, 0x000000008a800000|  0%| F|  |TAMS 0x000000008a700000, 0x000000008a700000| Untracked 
| 168|0x000000008a800000, 0x000000008a800000, 0x000000008a900000|  0%| F|  |TAMS 0x000000008a800000, 0x000000008a800000| Untracked 
| 169|0x000000008a900000, 0x000000008a900000, 0x000000008aa00000|  0%| F|  |TAMS 0x000000008a900000, 0x000000008a900000| Untracked 
| 170|0x000000008aa00000, 0x000000008aa00000, 0x000000008ab00000|  0%| F|  |TAMS 0x000000008aa00000, 0x000000008aa00000| Untracked 
| 171|0x000000008ab00000, 0x000000008ab00000, 0x000000008ac00000|  0%| F|  |TAMS 0x000000008ab00000, 0x000000008ab00000| Untracked 
| 172|0x000000008ac00000, 0x000000008ac00000, 0x000000008ad00000|  0%| F|  |TAMS 0x000000008ac00000, 0x000000008ac00000| Untracked 
| 173|0x000000008ad00000, 0x000000008ad00000, 0x000000008ae00000|  0%| F|  |TAMS 0x000000008ad00000, 0x000000008ad00000| Untracked 
| 174|0x000000008ae00000, 0x000000008ae00000, 0x000000008af00000|  0%| F|  |TAMS 0x000000008ae00000, 0x000000008ae00000| Untracked 
| 175|0x000000008af00000, 0x000000008af00000, 0x000000008b000000|  0%| F|  |TAMS 0x000000008af00000, 0x000000008af00000| Untracked 
| 176|0x000000008b000000, 0x000000008b000000, 0x000000008b100000|  0%| F|  |TAMS 0x000000008b000000, 0x000000008b000000| Untracked 
| 177|0x000000008b100000, 0x000000008b100000, 0x000000008b200000|  0%| F|  |TAMS 0x000000008b100000, 0x000000008b100000| Untracked 
| 178|0x000000008b200000, 0x000000008b200000, 0x000000008b300000|  0%| F|  |TAMS 0x000000008b200000, 0x000000008b200000| Untracked 
| 179|0x000000008b300000, 0x000000008b300000, 0x000000008b400000|  0%| F|  |TAMS 0x000000008b300000, 0x000000008b300000| Untracked 
| 180|0x000000008b400000, 0x000000008b400000, 0x000000008b500000|  0%| F|  |TAMS 0x000000008b400000, 0x000000008b400000| Untracked 
| 181|0x000000008b500000, 0x000000008b500000, 0x000000008b600000|  0%| F|  |TAMS 0x000000008b500000, 0x000000008b500000| Untracked 
| 182|0x000000008b600000, 0x000000008b600000, 0x000000008b700000|  0%| F|  |TAMS 0x000000008b600000, 0x000000008b600000| Untracked 
| 183|0x000000008b700000, 0x000000008b700000, 0x000000008b800000|  0%| F|  |TAMS 0x000000008b700000, 0x000000008b700000| Untracked 
| 184|0x000000008b800000, 0x000000008b800000, 0x000000008b900000|  0%| F|  |TAMS 0x000000008b800000, 0x000000008b800000| Untracked 
| 185|0x000000008b900000, 0x000000008b900000, 0x000000008ba00000|  0%| F|  |TAMS 0x000000008b900000, 0x000000008b900000| Untracked 
| 186|0x000000008ba00000, 0x000000008ba00000, 0x000000008bb00000|  0%| F|  |TAMS 0x000000008ba00000, 0x000000008ba00000| Untracked 
| 187|0x000000008bb00000, 0x000000008bb00000, 0x000000008bc00000|  0%| F|  |TAMS 0x000000008bb00000, 0x000000008bb00000| Untracked 
| 188|0x000000008bc00000, 0x000000008bc00000, 0x000000008bd00000|  0%| F|  |TAMS 0x000000008bc00000, 0x000000008bc00000| Untracked 
| 189|0x000000008bd00000, 0x000000008bd00000, 0x000000008be00000|  0%| F|  |TAMS 0x000000008bd00000, 0x000000008bd00000| Untracked 
| 190|0x000000008be00000, 0x000000008be00000, 0x000000008bf00000|  0%| F|  |TAMS 0x000000008be00000, 0x000000008be00000| Untracked 
| 191|0x000000008bf00000, 0x000000008bf00000, 0x000000008c000000|  0%| F|  |TAMS 0x000000008bf00000, 0x000000008bf00000| Untracked 
| 192|0x000000008c000000, 0x000000008c000000, 0x000000008c100000|  0%| F|  |TAMS 0x000000008c000000, 0x000000008c000000| Untracked 
| 193|0x000000008c100000, 0x000000008c100000, 0x000000008c200000|  0%| F|  |TAMS 0x000000008c100000, 0x000000008c100000| Untracked 
| 194|0x000000008c200000, 0x000000008c200000, 0x000000008c300000|  0%| F|  |TAMS 0x000000008c200000, 0x000000008c200000| Untracked 
| 195|0x000000008c300000, 0x000000008c300000, 0x000000008c400000|  0%| F|  |TAMS 0x000000008c300000, 0x000000008c300000| Untracked 
| 196|0x000000008c400000, 0x000000008c400000, 0x000000008c500000|  0%| F|  |TAMS 0x000000008c400000, 0x000000008c400000| Untracked 
| 197|0x000000008c500000, 0x000000008c500000, 0x000000008c600000|  0%| F|  |TAMS 0x000000008c500000, 0x000000008c500000| Untracked 
| 198|0x000000008c600000, 0x000000008c600000, 0x000000008c700000|  0%| F|  |TAMS 0x000000008c600000, 0x000000008c600000| Untracked 
| 199|0x000000008c700000, 0x000000008c700000, 0x000000008c800000|  0%| F|  |TAMS 0x000000008c700000, 0x000000008c700000| Untracked 
| 200|0x000000008c800000, 0x000000008c800000, 0x000000008c900000|  0%| F|  |TAMS 0x000000008c800000, 0x000000008c800000| Untracked 
| 201|0x000000008c900000, 0x000000008c900000, 0x000000008ca00000|  0%| F|  |TAMS 0x000000008c900000, 0x000000008c900000| Untracked 
| 202|0x000000008ca00000, 0x000000008ca00000, 0x000000008cb00000|  0%| F|  |TAMS 0x000000008ca00000, 0x000000008ca00000| Untracked 
| 203|0x000000008cb00000, 0x000000008cb00000, 0x000000008cc00000|  0%| F|  |TAMS 0x000000008cb00000, 0x000000008cb00000| Untracked 
| 204|0x000000008cc00000, 0x000000008cc00000, 0x000000008cd00000|  0%| F|  |TAMS 0x000000008cc00000, 0x000000008cc00000| Untracked 
| 205|0x000000008cd00000, 0x000000008cd00000, 0x000000008ce00000|  0%| F|  |TAMS 0x000000008cd00000, 0x000000008cd00000| Untracked 
| 206|0x000000008ce00000, 0x000000008ce00000, 0x000000008cf00000|  0%| F|  |TAMS 0x000000008ce00000, 0x000000008ce00000| Untracked 
| 207|0x000000008cf00000, 0x000000008cf00000, 0x000000008d000000|  0%| F|  |TAMS 0x000000008cf00000, 0x000000008cf00000| Untracked 
| 208|0x000000008d000000, 0x000000008d000000, 0x000000008d100000|  0%| F|  |TAMS 0x000000008d000000, 0x000000008d000000| Untracked 
| 209|0x000000008d100000, 0x000000008d100000, 0x000000008d200000|  0%| F|  |TAMS 0x000000008d100000, 0x000000008d100000| Untracked 
| 210|0x000000008d200000, 0x000000008d200000, 0x000000008d300000|  0%| F|  |TAMS 0x000000008d200000, 0x000000008d200000| Untracked 
| 211|0x000000008d300000, 0x000000008d300000, 0x000000008d400000|  0%| F|  |TAMS 0x000000008d300000, 0x000000008d300000| Untracked 
| 212|0x000000008d400000, 0x000000008d400000, 0x000000008d500000|  0%| F|  |TAMS 0x000000008d400000, 0x000000008d400000| Untracked 
| 213|0x000000008d500000, 0x000000008d500000, 0x000000008d600000|  0%| F|  |TAMS 0x000000008d500000, 0x000000008d500000| Untracked 
| 214|0x000000008d600000, 0x000000008d600000, 0x000000008d700000|  0%| F|  |TAMS 0x000000008d600000, 0x000000008d600000| Untracked 
| 215|0x000000008d700000, 0x000000008d700000, 0x000000008d800000|  0%| F|  |TAMS 0x000000008d700000, 0x000000008d700000| Untracked 
| 216|0x000000008d800000, 0x000000008d800000, 0x000000008d900000|  0%| F|  |TAMS 0x000000008d800000, 0x000000008d800000| Untracked 
| 217|0x000000008d900000, 0x000000008d900000, 0x000000008da00000|  0%| F|  |TAMS 0x000000008d900000, 0x000000008d900000| Untracked 
| 218|0x000000008da00000, 0x000000008da00000, 0x000000008db00000|  0%| F|  |TAMS 0x000000008da00000, 0x000000008da00000| Untracked 
| 219|0x000000008db00000, 0x000000008db00000, 0x000000008dc00000|  0%| F|  |TAMS 0x000000008db00000, 0x000000008db00000| Untracked 
| 220|0x000000008dc00000, 0x000000008dc00000, 0x000000008dd00000|  0%| F|  |TAMS 0x000000008dc00000, 0x000000008dc00000| Untracked 
| 221|0x000000008dd00000, 0x000000008dd00000, 0x000000008de00000|  0%| F|  |TAMS 0x000000008dd00000, 0x000000008dd00000| Untracked 
| 222|0x000000008de00000, 0x000000008de00000, 0x000000008df00000|  0%| F|  |TAMS 0x000000008de00000, 0x000000008de00000| Untracked 
| 223|0x000000008df00000, 0x000000008df00000, 0x000000008e000000|  0%| F|  |TAMS 0x000000008df00000, 0x000000008df00000| Untracked 
| 224|0x000000008e000000, 0x000000008e000000, 0x000000008e100000|  0%| F|  |TAMS 0x000000008e000000, 0x000000008e000000| Untracked 
| 225|0x000000008e100000, 0x000000008e100000, 0x000000008e200000|  0%| F|  |TAMS 0x000000008e100000, 0x000000008e100000| Untracked 
| 226|0x000000008e200000, 0x000000008e200000, 0x000000008e300000|  0%| F|  |TAMS 0x000000008e200000, 0x000000008e200000| Untracked 
| 227|0x000000008e300000, 0x000000008e300000, 0x000000008e400000|  0%| F|  |TAMS 0x000000008e300000, 0x000000008e300000| Untracked 
| 228|0x000000008e400000, 0x000000008e400000, 0x000000008e500000|  0%| F|  |TAMS 0x000000008e400000, 0x000000008e400000| Untracked 
| 229|0x000000008e500000, 0x000000008e500000, 0x000000008e600000|  0%| F|  |TAMS 0x000000008e500000, 0x000000008e500000| Untracked 
| 230|0x000000008e600000, 0x000000008e600000, 0x000000008e700000|  0%| F|  |TAMS 0x000000008e600000, 0x000000008e600000| Untracked 
| 231|0x000000008e700000, 0x000000008e700000, 0x000000008e800000|  0%| F|  |TAMS 0x000000008e700000, 0x000000008e700000| Untracked 
| 232|0x000000008e800000, 0x000000008e800000, 0x000000008e900000|  0%| F|  |TAMS 0x000000008e800000, 0x000000008e800000| Untracked 
| 233|0x000000008e900000, 0x000000008e900000, 0x000000008ea00000|  0%| F|  |TAMS 0x000000008e900000, 0x000000008e900000| Untracked 
| 234|0x000000008ea00000, 0x000000008ea00000, 0x000000008eb00000|  0%| F|  |TAMS 0x000000008ea00000, 0x000000008ea00000| Untracked 
| 235|0x000000008eb00000, 0x000000008eb00000, 0x000000008ec00000|  0%| F|  |TAMS 0x000000008eb00000, 0x000000008eb00000| Untracked 
| 236|0x000000008ec00000, 0x000000008ec00000, 0x000000008ed00000|  0%| F|  |TAMS 0x000000008ec00000, 0x000000008ec00000| Untracked 
| 237|0x000000008ed00000, 0x000000008ed00000, 0x000000008ee00000|  0%| F|  |TAMS 0x000000008ed00000, 0x000000008ed00000| Untracked 
| 238|0x000000008ee00000, 0x000000008ee00000, 0x000000008ef00000|  0%| F|  |TAMS 0x000000008ee00000, 0x000000008ee00000| Untracked 
| 239|0x000000008ef00000, 0x000000008ef00000, 0x000000008f000000|  0%| F|  |TAMS 0x000000008ef00000, 0x000000008ef00000| Untracked 
| 240|0x000000008f000000, 0x000000008f000000, 0x000000008f100000|  0%| F|  |TAMS 0x000000008f000000, 0x000000008f000000| Untracked 
| 241|0x000000008f100000, 0x000000008f100000, 0x000000008f200000|  0%| F|  |TAMS 0x000000008f100000, 0x000000008f100000| Untracked 
| 242|0x000000008f200000, 0x000000008f200000, 0x000000008f300000|  0%| F|  |TAMS 0x000000008f200000, 0x000000008f200000| Untracked 
| 243|0x000000008f300000, 0x000000008f300000, 0x000000008f400000|  0%| F|  |TAMS 0x000000008f300000, 0x000000008f300000| Untracked 
| 244|0x000000008f400000, 0x000000008f400000, 0x000000008f500000|  0%| F|  |TAMS 0x000000008f400000, 0x000000008f400000| Untracked 
| 245|0x000000008f500000, 0x000000008f500000, 0x000000008f600000|  0%| F|  |TAMS 0x000000008f500000, 0x000000008f500000| Untracked 
| 246|0x000000008f600000, 0x000000008f600000, 0x000000008f700000|  0%| F|  |TAMS 0x000000008f600000, 0x000000008f600000| Untracked 
| 247|0x000000008f700000, 0x000000008f700000, 0x000000008f800000|  0%| F|  |TAMS 0x000000008f700000, 0x000000008f700000| Untracked 
| 248|0x000000008f800000, 0x000000008f800000, 0x000000008f900000|  0%| F|  |TAMS 0x000000008f800000, 0x000000008f800000| Untracked 
| 249|0x000000008f900000, 0x000000008f900000, 0x000000008fa00000|  0%| F|  |TAMS 0x000000008f900000, 0x000000008f900000| Untracked 
| 250|0x000000008fa00000, 0x000000008fa00000, 0x000000008fb00000|  0%| F|  |TAMS 0x000000008fa00000, 0x000000008fa00000| Untracked 
| 251|0x000000008fb00000, 0x000000008fb00000, 0x000000008fc00000|  0%| F|  |TAMS 0x000000008fb00000, 0x000000008fb00000| Untracked 
| 252|0x000000008fc00000, 0x000000008fc00000, 0x000000008fd00000|  0%| F|  |TAMS 0x000000008fc00000, 0x000000008fc00000| Untracked 
| 253|0x000000008fd00000, 0x000000008fd00000, 0x000000008fe00000|  0%| F|  |TAMS 0x000000008fd00000, 0x000000008fd00000| Untracked 
| 254|0x000000008fe00000, 0x000000008fe00000, 0x000000008ff00000|  0%| F|  |TAMS 0x000000008fe00000, 0x000000008fe00000| Untracked 
| 255|0x000000008ff00000, 0x000000008ff00000, 0x0000000090000000|  0%| F|  |TAMS 0x000000008ff00000, 0x000000008ff00000| Untracked 
| 256|0x0000000090000000, 0x0000000090000000, 0x0000000090100000|  0%| F|  |TAMS 0x0000000090000000, 0x0000000090000000| Untracked 
| 257|0x0000000090100000, 0x0000000090100000, 0x0000000090200000|  0%| F|  |TAMS 0x0000000090100000, 0x0000000090100000| Untracked 
| 258|0x0000000090200000, 0x0000000090200000, 0x0000000090300000|  0%| F|  |TAMS 0x0000000090200000, 0x0000000090200000| Untracked 
| 259|0x0000000090300000, 0x0000000090300000, 0x0000000090400000|  0%| F|  |TAMS 0x0000000090300000, 0x0000000090300000| Untracked 
| 260|0x0000000090400000, 0x0000000090400000, 0x0000000090500000|  0%| F|  |TAMS 0x0000000090400000, 0x0000000090400000| Untracked 

Card table byte_map: [0x0000023afb8e0000,0x0000023afbce0000] _byte_map_base: 0x0000023afb4e0000

Marking Bits (Prev, Next): (CMBitMap*) 0x0000023afb469040, (CMBitMap*) 0x0000023afb469000
 Prev Bits: [0x0000023a967e0000, 0x0000023a987e0000)
 Next Bits: [0x0000023afc0e0000, 0x0000023afe0e0000)

Polling page: 0x0000023af9300000

Metaspace:

Usage:
  Non-class:     80.72 MB used.
      Class:     13.11 MB used.
       Both:     93.83 MB used.

Virtual space:
  Non-class space:      128.00 MB reserved,      81.25 MB ( 63%) committed,  2 nodes.
      Class space:      416.00 MB reserved,      13.56 MB (  3%) committed,  1 nodes.
             Both:      544.00 MB reserved,      94.81 MB ( 17%) committed. 

Chunk freelists:
   Non-Class:  13.98 MB
       Class:  2.29 MB
        Both:  16.26 MB

MaxMetaspaceSize: 512.00 MB
CompressedClassSpaceSize: 416.00 MB
Initial GC threshold: 21.00 MB
Current GC threshold: 146.56 MB
CDS: on
MetaspaceReclaimPolicy: balanced
 - commit_granule_bytes: 65536.
 - commit_granule_words: 8192.
 - virtual_space_node_default_size: 8388608.
 - enlarge_chunks_in_place: 1.
 - new_chunks_are_fully_committed: 0.
 - uncommit_free_chunks: 1.
 - use_allocation_guard: 0.
 - handle_deallocations: 1.


Internal statistics:

num_allocs_failed_limit: 3.
num_arena_births: 1146.
num_arena_deaths: 0.
num_vsnodes_births: 3.
num_vsnodes_deaths: 0.
num_space_committed: 1517.
num_space_uncommitted: 0.
num_chunks_returned_to_freelist: 3.
num_chunks_taken_from_freelist: 5216.
num_chunk_merges: 3.
num_chunk_splits: 3471.
num_chunks_enlarged: 2289.
num_inconsistent_stats: 0.

CodeHeap 'non-profiled nmethods': size=120000Kb used=5591Kb max_used=5591Kb free=114408Kb
 bounds [0x0000023a8f2b0000, 0x0000023a8f830000, 0x0000023a967e0000]
CodeHeap 'profiled nmethods': size=120000Kb used=20389Kb max_used=20389Kb free=99610Kb
 bounds [0x0000023a877e0000, 0x0000023a88bd0000, 0x0000023a8ed10000]
CodeHeap 'non-nmethods': size=5760Kb used=2395Kb max_used=2474Kb free=3364Kb
 bounds [0x0000023a8ed10000, 0x0000023a8efa0000, 0x0000023a8f2b0000]
 total_blobs=11116 nmethods=10186 adapters=842
 compilation: enabled
              stopped_count=0, restarted_count=0
 full_count=0

Compilation events (20 events):
Event: 126.331 Thread 0x0000023a9a9c1260 11872       3       org.gradle.api.internal.artifacts.ivyservice.resolutionstrategy.DefaultComponentSelectionRules::<init> (40 bytes)
Event: 126.331 Thread 0x0000023a9a9c1260 nmethod 11872 0x0000023a88bbb490 code [0x0000023a88bbb6a0, 0x0000023a88bbbbf8]
Event: 126.331 Thread 0x0000023a9a9c1260 11873       3       org.gradle.api.internal.artifacts.ivyservice.resolutionstrategy.DefaultResolutionStrategy::getCachePolicy (5 bytes)
Event: 126.331 Thread 0x0000023a9a9c1260 nmethod 11873 0x0000023a88bbbe10 code [0x0000023a88bbbfc0, 0x0000023a88bbc188]
Event: 126.331 Thread 0x0000023a9a9c1260 11874       3       org.gradle.api.internal.artifacts.ivyservice.resolutionstrategy.DefaultResolutionStrategy_Decorated::getCachePolicy (39 bytes)
Event: 126.332 Thread 0x0000023a9a9c1260 nmethod 11874 0x0000023a88bbc210 code [0x0000023a88bbc3e0, 0x0000023a88bbc758]
Event: 126.332 Thread 0x0000023a9a9c1260 11877       3       com.facebook.react.utils.DependencyUtils$configureDependencies$1$1::invoke (153 bytes)
Event: 126.340 Thread 0x0000023a9a9c1260 nmethod 11877 0x0000023a88bbc890 code [0x0000023a88bbd240, 0x0000023a88bc4468]
Event: 126.340 Thread 0x0000023a9a9c1260 11878       3       com.facebook.react.utils.DependencyUtils$configureDependencies$1$1$1::<init> (16 bytes)
Event: 126.340 Thread 0x0000023a9a9c1260 nmethod 11878 0x0000023a88bc6690 code [0x0000023a88bc6840, 0x0000023a88bc6ad8]
Event: 126.340 Thread 0x0000023a9a9c1260 11879       3       com.facebook.react.utils.DependencyUtils$configureDependencies$1$1$$Lambda$1932/0x0000023a9cd08240::<init> (10 bytes)
Event: 126.340 Thread 0x0000023a9a9c1260 nmethod 11879 0x0000023a88bc6c10 code [0x0000023a88bc6da0, 0x0000023a88bc6f58]
Event: 126.340 Thread 0x0000023a9a9c1260 11880       3       org.gradle.api.internal.artifacts.ivyservice.resolutionstrategy.DefaultResolutionStrategy::dependencySubstitution (12 bytes)
Event: 126.340 Thread 0x0000023a9a9c1260 nmethod 11880 0x0000023a88bc7010 code [0x0000023a88bc71c0, 0x0000023a88bc73a8]
Event: 126.340 Thread 0x0000023a9a9c1260 11881       3       org.gradle.api.internal.artifacts.ivyservice.resolutionstrategy.DefaultCapabilitiesResolution::<init> (34 bytes)
Event: 126.341 Thread 0x0000023a9a9c1260 nmethod 11881 0x0000023a88bc7490 code [0x0000023a88bc7680, 0x0000023a88bc7cd8]
Event: 126.341 Thread 0x0000023a9a9c1260 11882       3       org.gradle.api.internal.artifacts.ivyservice.dependencysubstitution.DefaultDependencySubstitutions_Decorated::<init> (20 bytes)
Event: 126.342 Thread 0x0000023a9a9c1260 nmethod 11882 0x0000023a88bc7f10 code [0x0000023a88bc8200, 0x0000023a88bc9318]
Event: 126.342 Thread 0x0000023a9a9c1260 11883       3       org.gradle.api.internal.artifacts.ivyservice.resolutionstrategy.DefaultResolutionStrategy_Decorated::<init> (22 bytes)
Event: 126.344 Thread 0x0000023a9a9c1260 nmethod 11883 0x0000023a88bc9810 code [0x0000023a88bc9b00, 0x0000023a88bcac38]

GC Heap History (20 events):
Event: 64.094 GC heap after
{Heap after GC invocations=41 (full 0):
 garbage-first heap   total 116736K, used 64328K [0x0000000080000000, 0x0000000100000000)
  region size 1024K, 1 young (1024K), 1 survivors (1024K)
 Metaspace       used 63926K, committed 64576K, reserved 491520K
  class space    used 8895K, committed 9216K, reserved 425984K
}
Event: 65.923 GC heap before
{Heap before GC invocations=41 (full 0):
 garbage-first heap   total 116736K, used 95048K [0x0000000080000000, 0x0000000100000000)
  region size 1024K, 32 young (32768K), 1 survivors (1024K)
 Metaspace       used 66858K, committed 67520K, reserved 491520K
  class space    used 9254K, committed 9536K, reserved 425984K
}
Event: 65.935 GC heap after
{Heap after GC invocations=42 (full 0):
 garbage-first heap   total 267264K, used 65803K [0x0000000080000000, 0x0000000100000000)
  region size 1024K, 2 young (2048K), 2 survivors (2048K)
 Metaspace       used 66858K, committed 67520K, reserved 491520K
  class space    used 9254K, committed 9536K, reserved 425984K
}
Event: 88.166 GC heap before
{Heap before GC invocations=43 (full 0):
 garbage-first heap   total 229376K, used 205067K [0x0000000080000000, 0x0000000100000000)
  region size 1024K, 134 young (137216K), 2 survivors (2048K)
 Metaspace       used 74390K, committed 75072K, reserved 491520K
  class space    used 10366K, committed 10688K, reserved 425984K
}
Event: 88.511 GC heap after
{Heap after GC invocations=44 (full 0):
 garbage-first heap   total 229376K, used 85542K [0x0000000080000000, 0x0000000100000000)
  region size 1024K, 17 young (17408K), 17 survivors (17408K)
 Metaspace       used 74390K, committed 75072K, reserved 491520K
  class space    used 10366K, committed 10688K, reserved 425984K
}
Event: 88.665 GC heap before
{Heap before GC invocations=44 (full 0):
 garbage-first heap   total 229376K, used 86566K [0x0000000080000000, 0x0000000100000000)
  region size 1024K, 18 young (18432K), 17 survivors (17408K)
 Metaspace       used 74476K, committed 75136K, reserved 491520K
  class space    used 10376K, committed 10688K, reserved 425984K
}
Event: 88.778 GC heap after
{Heap after GC invocations=45 (full 0):
 garbage-first heap   total 229376K, used 86292K [0x0000000080000000, 0x0000000100000000)
  region size 1024K, 2 young (2048K), 2 survivors (2048K)
 Metaspace       used 74476K, committed 75136K, reserved 491520K
  class space    used 10376K, committed 10688K, reserved 425984K
}
Event: 95.107 GC heap before
{Heap before GC invocations=45 (full 0):
 garbage-first heap   total 229376K, used 131348K [0x0000000080000000, 0x0000000100000000)
  region size 1024K, 47 young (48128K), 2 survivors (2048K)
 Metaspace       used 79038K, committed 79808K, reserved 557056K
  class space    used 10885K, committed 11200K, reserved 425984K
}
Event: 95.132 GC heap after
{Heap after GC invocations=46 (full 0):
 garbage-first heap   total 229376K, used 87442K [0x0000000080000000, 0x0000000100000000)
  region size 1024K, 3 young (3072K), 3 survivors (3072K)
 Metaspace       used 79038K, committed 79808K, reserved 557056K
  class space    used 10885K, committed 11200K, reserved 425984K
}
Event: 98.945 GC heap before
{Heap before GC invocations=47 (full 0):
 garbage-first heap   total 229376K, used 182674K [0x0000000080000000, 0x0000000100000000)
  region size 1024K, 90 young (92160K), 3 survivors (3072K)
 Metaspace       used 84677K, committed 85504K, reserved 557056K
  class space    used 11622K, committed 11968K, reserved 425984K
}
Event: 98.988 GC heap after
{Heap after GC invocations=48 (full 0):
 garbage-first heap   total 229376K, used 93010K [0x0000000080000000, 0x0000000100000000)
  region size 1024K, 8 young (8192K), 8 survivors (8192K)
 Metaspace       used 84677K, committed 85504K, reserved 557056K
  class space    used 11622K, committed 11968K, reserved 425984K
}
Event: 99.125 GC heap before
{Heap before GC invocations=48 (full 0):
 garbage-first heap   total 229376K, used 95058K [0x0000000080000000, 0x0000000100000000)
  region size 1024K, 11 young (11264K), 8 survivors (8192K)
 Metaspace       used 84835K, committed 85632K, reserved 557056K
  class space    used 11643K, committed 11968K, reserved 425984K
}
Event: 99.196 GC heap after
{Heap after GC invocations=49 (full 0):
 garbage-first heap   total 229376K, used 93501K [0x0000000080000000, 0x0000000100000000)
  region size 1024K, 1 young (1024K), 1 survivors (1024K)
 Metaspace       used 84835K, committed 85632K, reserved 557056K
  class space    used 11643K, committed 11968K, reserved 425984K
}
Event: 120.981 GC heap before
{Heap before GC invocations=49 (full 0):
 garbage-first heap   total 229376K, used 180541K [0x0000000080000000, 0x0000000100000000)
  region size 1024K, 86 young (88064K), 1 survivors (1024K)
 Metaspace       used 87907K, committed 88640K, reserved 557056K
  class space    used 12108K, committed 12416K, reserved 425984K
}
Event: 121.095 GC heap after
{Heap after GC invocations=50 (full 0):
 garbage-first heap   total 229376K, used 98555K [0x0000000080000000, 0x0000000100000000)
  region size 1024K, 6 young (6144K), 6 survivors (6144K)
 Metaspace       used 87907K, committed 88640K, reserved 557056K
  class space    used 12108K, committed 12416K, reserved 425984K
}
Event: 124.393 GC heap before
{Heap before GC invocations=51 (full 0):
 garbage-first heap   total 229376K, used 183547K [0x0000000080000000, 0x0000000100000000)
  region size 1024K, 89 young (91136K), 6 survivors (6144K)
 Metaspace       used 93539K, committed 94336K, reserved 557056K
  class space    used 13044K, committed 13376K, reserved 425984K
}
Event: 124.431 GC heap after
{Heap after GC invocations=52 (full 0):
 garbage-first heap   total 229376K, used 102407K [0x0000000080000000, 0x0000000100000000)
  region size 1024K, 10 young (10240K), 10 survivors (10240K)
 Metaspace       used 93539K, committed 94336K, reserved 557056K
  class space    used 13044K, committed 13376K, reserved 425984K
}
Event: 124.486 GC heap before
{Heap before GC invocations=52 (full 0):
 garbage-first heap   total 229376K, used 103431K [0x0000000080000000, 0x0000000100000000)
  region size 1024K, 11 young (11264K), 10 survivors (10240K)
 Metaspace       used 93614K, committed 94464K, reserved 557056K
  class space    used 13059K, committed 13440K, reserved 425984K
}
Event: 124.587 GC heap after
{Heap after GC invocations=53 (full 0):
 garbage-first heap   total 229376K, used 102801K [0x0000000080000000, 0x0000000100000000)
  region size 1024K, 2 young (2048K), 2 survivors (2048K)
 Metaspace       used 93614K, committed 94464K, reserved 557056K
  class space    used 13059K, committed 13440K, reserved 425984K
}
Event: 126.344 GC heap before
{Heap before GC invocations=53 (full 0):
 garbage-first heap   total 229376K, used 180625K [0x0000000080000000, 0x0000000100000000)
  region size 1024K, 80 young (81920K), 2 survivors (2048K)
 Metaspace       used 96080K, committed 97088K, reserved 557056K
  class space    used 13424K, committed 13888K, reserved 425984K
}

Deoptimization events (20 events):
Event: 125.508 Thread 0x0000023abb7640a0 DEOPT PACKING pc=0x0000023a878fdff1 sp=0x000000e06ecf7a40
Event: 125.508 Thread 0x0000023abb7640a0 DEOPT UNPACKING pc=0x0000023a8ed62b43 sp=0x000000e06ecf6ea0 mode 0
Event: 125.644 Thread 0x0000023abb7640a0 Uncommon trap: trap_request=0xffffff45 fr.pc=0x0000023a8f46df98 relative=0x00000000000008d8
Event: 125.644 Thread 0x0000023abb7640a0 Uncommon trap: reason=unstable_if action=reinterpret pc=0x0000023a8f46df98 method=java.util.WeakHashMap.matchesKey(Ljava/util/WeakHashMap$Entry;Ljava/lang/Object;)Z @ 5 c2
Event: 125.644 Thread 0x0000023abb7640a0 DEOPT PACKING pc=0x0000023a8f46df98 sp=0x000000e06ecf4510
Event: 125.644 Thread 0x0000023abb7640a0 DEOPT UNPACKING pc=0x0000023a8ed623a3 sp=0x000000e06ecf4478 mode 2
Event: 125.705 Thread 0x0000023abb7640a0 DEOPT PACKING pc=0x0000023a889fd844 sp=0x000000e06ecf8d50
Event: 125.705 Thread 0x0000023abb7640a0 DEOPT UNPACKING pc=0x0000023a8ed62b43 sp=0x000000e06ecf8280 mode 0
Event: 125.856 Thread 0x0000023abb7640a0 DEOPT PACKING pc=0x0000023a889d5fbb sp=0x000000e06ecf8ae0
Event: 125.856 Thread 0x0000023abb7640a0 DEOPT UNPACKING pc=0x0000023a8ed62b43 sp=0x000000e06ecf8080 mode 0
Event: 126.247 Thread 0x0000023abbd9d4a0 Uncommon trap: trap_request=0xffffff45 fr.pc=0x0000023a8f7c9fe8 relative=0x0000000000002288
Event: 126.247 Thread 0x0000023abbd9d4a0 Uncommon trap: reason=unstable_if action=reinterpret pc=0x0000023a8f7c9fe8 method=java.util.concurrent.locks.AbstractQueuedSynchronizer.acquire(Ljava/util/concurrent/locks/AbstractQueuedSynchronizer$Node;IZZZJ)I @ 271 c2
Event: 126.247 Thread 0x0000023abbd9d4a0 DEOPT PACKING pc=0x0000023a8f7c9fe8 sp=0x000000e06fefea40
Event: 126.247 Thread 0x0000023abbd9d4a0 DEOPT UNPACKING pc=0x0000023a8ed623a3 sp=0x000000e06fefea30 mode 2
Event: 126.276 Thread 0x0000023abb7640a0 DEOPT PACKING pc=0x0000023a880f2609 sp=0x000000e06ecf8fa0
Event: 126.276 Thread 0x0000023abb7640a0 DEOPT UNPACKING pc=0x0000023a8ed62b43 sp=0x000000e06ecf8498 mode 0
Event: 126.300 Thread 0x0000023abb7640a0 DEOPT PACKING pc=0x0000023a878fdff1 sp=0x000000e06ecf8c10
Event: 126.300 Thread 0x0000023abb7640a0 DEOPT UNPACKING pc=0x0000023a8ed62b43 sp=0x000000e06ecf8070 mode 0
Event: 126.324 Thread 0x0000023abb7640a0 DEOPT PACKING pc=0x0000023a889fd844 sp=0x000000e06ecf72d0
Event: 126.324 Thread 0x0000023abb7640a0 DEOPT UNPACKING pc=0x0000023a8ed62b43 sp=0x000000e06ecf6800 mode 0

Classes unloaded (0 events):
No events

Classes redefined (0 events):
No events

Internal exceptions (20 events):
Event: 125.632 Thread 0x0000023abb7640a0 Exception <a 'java/lang/ClassNotFoundException'{0x000000008abf21a8}: org/gradle/api/internal/artifacts/repositories/AbstractAuthenticationSupportedRepositoryBeanInfo> (0x000000008abf21a8) 
thrown [s\open\src\hotspot\share\classfile\systemDictionary.cpp, line 256]
Event: 125.634 Thread 0x0000023abb7640a0 Exception <a 'java/lang/ClassNotFoundException'{0x000000008aa11798}: org/gradle/api/internal/artifacts/repositories/AbstractResolutionAwareArtifactRepositoryBeanInfo> (0x000000008aa11798) 
thrown [s\open\src\hotspot\share\classfile\systemDictionary.cpp, line 256]
Event: 125.636 Thread 0x0000023abb7640a0 Exception <a 'java/lang/ClassNotFoundException'{0x000000008aa2d828}: org/gradle/api/internal/artifacts/repositories/AbstractArtifactRepositoryBeanInfo> (0x000000008aa2d828) 
thrown [s\open\src\hotspot\share\classfile\systemDictionary.cpp, line 256]
Event: 125.638 Thread 0x0000023abb7640a0 Exception <a 'java/lang/ClassNotFoundException'{0x000000008aa49368}: org/gradle/api/internal/artifacts/repositories/AbstractArtifactRepositoryCustomizer> (0x000000008aa49368) 
thrown [s\open\src\hotspot\share\classfile\systemDictionary.cpp, line 256]
Event: 125.644 Thread 0x0000023abb7640a0 Exception <a 'java/lang/ClassNotFoundException'{0x000000008aa7ff00}: org/gradle/api/internal/artifacts/repositories/AbstractResolutionAwareArtifactRepositoryCustomizer> (0x000000008aa7ff00) 
thrown [s\open\src\hotspot\share\classfile\systemDictionary.cpp, line 256]
Event: 125.647 Thread 0x0000023abb7640a0 Exception <a 'java/lang/ClassNotFoundException'{0x000000008aaa4a50}: org/gradle/api/internal/artifacts/repositories/AbstractAuthenticationSupportedRepositoryCustomizer> (0x000000008aaa4a50) 
thrown [s\open\src\hotspot\share\classfile\systemDictionary.cpp, line 256]
Event: 125.649 Thread 0x0000023abb7640a0 Exception <a 'java/lang/ClassNotFoundException'{0x000000008aad2970}: org/gradle/api/internal/artifacts/repositories/DefaultMavenArtifactRepositoryCustomizer> (0x000000008aad2970) 
thrown [s\open\src\hotspot\share\classfile\systemDictionary.cpp, line 256]
Event: 125.651 Thread 0x0000023abb7640a0 Exception <a 'java/lang/ClassNotFoundException'{0x000000008a9069d8}: org/gradle/api/internal/artifacts/repositories/DefaultMavenArtifactRepository_DecoratedCustomizer> (0x000000008a9069d8) 
thrown [s\open\src\hotspot\share\classfile\systemDictionary.cpp, line 256]
Event: 125.657 Thread 0x0000023abb7640a0 Exception <a 'java/lang/ClassNotFoundException'{0x000000008a9fcf18}: sun/nio/fs/WindowsPathBeanInfo> (0x000000008a9fcf18) 
thrown [s\open\src\hotspot\share\classfile\systemDictionary.cpp, line 256]
Event: 125.658 Thread 0x0000023abb7640a0 Exception <a 'java/lang/ClassNotFoundException'{0x000000008a808210}: sun/nio/fs/WindowsPathCustomizer> (0x000000008a808210) 
thrown [s\open\src\hotspot\share\classfile\systemDictionary.cpp, line 256]
Event: 125.663 Thread 0x0000023abb7640a0 Exception <a 'java/lang/ClassNotFoundException'{0x000000008a871590}: java/nio/file/PathsBeanInfo> (0x000000008a871590) 
thrown [s\open\src\hotspot\share\classfile\systemDictionary.cpp, line 256]
Event: 125.664 Thread 0x0000023abb7640a0 Exception <a 'java/lang/ClassNotFoundException'{0x000000008a87c2a8}: java/nio/file/PathsCustomizer> (0x000000008a87c2a8) 
thrown [s\open\src\hotspot\share\classfile\systemDictionary.cpp, line 256]
Event: 125.868 Thread 0x0000023abb7640a0 Exception <a 'java/lang/ClassNotFoundException'{0x0000000089e9a4b8}: com/android/build/gradle/internal/api/LibraryVariantOutputImpl_DecoratedBeanInfo> (0x0000000089e9a4b8) 
thrown [s\open\src\hotspot\share\classfile\systemDictionary.cpp, line 256]
Event: 125.868 Thread 0x0000023abb7640a0 Exception <a 'java/lang/ClassNotFoundException'{0x0000000089ea7340}: com/android/build/gradle/internal/api/LibraryVariantOutputImplBeanInfo> (0x0000000089ea7340) 
thrown [s\open\src\hotspot\share\classfile\systemDictionary.cpp, line 256]
Event: 125.869 Thread 0x0000023abb7640a0 Exception <a 'java/lang/ClassNotFoundException'{0x0000000089eb41f8}: com/android/build/gradle/internal/api/LibraryVariantOutputImplCustomizer> (0x0000000089eb41f8) 
thrown [s\open\src\hotspot\share\classfile\systemDictionary.cpp, line 256]
Event: 125.869 Thread 0x0000023abb7640a0 Exception <a 'java/lang/ClassNotFoundException'{0x0000000089ec8ec8}: com/android/build/gradle/internal/api/LibraryVariantOutputImpl_DecoratedCustomizer> (0x0000000089ec8ec8) 
thrown [s\open\src\hotspot\share\classfile\systemDictionary.cpp, line 256]
Event: 125.893 Thread 0x0000023abb7640a0 Exception <a 'java/lang/ClassNotFoundException'{0x0000000089db5b30}: build_b14oxj3cfwptdeb3mhm2nior8BeanInfo> (0x0000000089db5b30) 
thrown [s\open\src\hotspot\share\classfile\systemDictionary.cpp, line 256]
Event: 125.893 Thread 0x0000023abb7640a0 Exception <a 'java/lang/ClassNotFoundException'{0x0000000089dbc570}: build_b14oxj3cfwptdeb3mhm2nior8Customizer> (0x0000000089dbc570) 
thrown [s\open\src\hotspot\share\classfile\systemDictionary.cpp, line 256]
Event: 126.302 Thread 0x0000023abb7640a0 Exception <a 'java/lang/ClassNotFoundException'{0x000000008910d0e0}: build_b14oxj3cfwptdeb3mhm2nior8BeanInfo> (0x000000008910d0e0) 
thrown [s\open\src\hotspot\share\classfile\systemDictionary.cpp, line 256]
Event: 126.302 Thread 0x0000023abb7640a0 Exception <a 'java/lang/ClassNotFoundException'{0x0000000089113ac0}: build_b14oxj3cfwptdeb3mhm2nior8Customizer> (0x0000000089113ac0) 
thrown [s\open\src\hotspot\share\classfile\systemDictionary.cpp, line 256]

VM Operations (20 events):
Event: 121.097 Executing VM operation: G1CollectForAllocation done
Event: 122.107 Executing VM operation: Cleanup
Event: 122.108 Executing VM operation: Cleanup done
Event: 122.176 Executing VM operation: G1Concurrent
Event: 122.305 Executing VM operation: G1Concurrent done
Event: 122.511 Executing VM operation: G1Concurrent
Event: 122.511 Executing VM operation: G1Concurrent done
Event: 123.512 Executing VM operation: Cleanup
Event: 123.513 Executing VM operation: Cleanup done
Event: 124.392 Executing VM operation: G1CollectForAllocation
Event: 124.432 Executing VM operation: G1CollectForAllocation done
Event: 124.486 Executing VM operation: G1CollectForAllocation
Event: 124.587 Executing VM operation: G1CollectForAllocation done
Event: 124.634 Executing VM operation: HandshakeAllThreads
Event: 124.634 Executing VM operation: HandshakeAllThreads done
Event: 125.288 Executing VM operation: ICBufferFull
Event: 125.288 Executing VM operation: ICBufferFull done
Event: 126.294 Executing VM operation: Cleanup
Event: 126.295 Executing VM operation: Cleanup done
Event: 126.344 Executing VM operation: G1TryInitiateConcMark

Events (20 events):
Event: 125.656 loading class sun/nio/fs/WindowsPathBeanInfo done
Event: 125.657 loading class sun/nio/fs/WindowsPathBeanInfo
Event: 125.657 loading class sun/nio/fs/WindowsPathBeanInfo done
Event: 125.657 loading class sun/nio/fs/WindowsPathCustomizer
Event: 125.657 loading class sun/nio/fs/WindowsPathCustomizer done
Event: 125.657 loading class sun/nio/fs/WindowsPathCustomizer
Event: 125.657 loading class sun/nio/fs/WindowsPathCustomizer done
Event: 125.659 loading class java/nio/file/WatchEvent
Event: 125.660 loading class java/nio/file/WatchEvent done
Event: 125.663 loading class java/nio/file/PathsBeanInfo
Event: 125.663 loading class java/nio/file/PathsBeanInfo done
Event: 125.663 loading class java/nio/file/PathsBeanInfo
Event: 125.663 loading class java/nio/file/PathsBeanInfo done
Event: 125.664 loading class java/nio/file/PathsCustomizer
Event: 125.664 loading class java/nio/file/PathsCustomizer done
Event: 125.664 loading class java/nio/file/PathsCustomizer
Event: 125.664 loading class java/nio/file/PathsCustomizer done
Event: 126.120 Thread 0x0000023abd7103d0 Thread added: 0x0000023abd7103d0
Event: 126.121 Thread 0x0000023abd714fc0 Thread added: 0x0000023abd714fc0
Event: 126.121 Thread 0x0000023abd70f9b0 Thread added: 0x0000023abd70f9b0


Dynamic libraries:
0x00007ff7834b0000 - 0x00007ff7834c0000 	C:\Program Files\Java\jdk-17\bin\java.exe
0x00007fff1d710000 - 0x00007fff1d908000 	C:\WINDOWS\SYSTEM32\ntdll.dll
0x00007fff1d2f0000 - 0x00007fff1d3b2000 	C:\WINDOWS\System32\KERNEL32.DLL
0x00007fff1b000000 - 0x00007fff1b2ff000 	C:\WINDOWS\System32\KERNELBASE.dll
0x00007fff1af00000 - 0x00007fff1b000000 	C:\WINDOWS\System32\ucrtbase.dll
0x00007fff12120000 - 0x00007fff12139000 	C:\Program Files\Java\jdk-17\bin\jli.dll
0x00007fff1d050000 - 0x00007fff1d101000 	C:\WINDOWS\System32\ADVAPI32.dll
0x00007fff1cca0000 - 0x00007fff1cd3e000 	C:\WINDOWS\System32\msvcrt.dll
0x00007fff1bfe0000 - 0x00007fff1c07f000 	C:\WINDOWS\System32\sechost.dll
0x00007fff1d110000 - 0x00007fff1d233000 	C:\WINDOWS\System32\RPCRT4.dll
0x00007fff1ada0000 - 0x00007fff1adc7000 	C:\WINDOWS\System32\bcrypt.dll
0x00007fff1d4f0000 - 0x00007fff1d68d000 	C:\WINDOWS\System32\USER32.dll
0x00007fff1b3b0000 - 0x00007fff1b3d2000 	C:\WINDOWS\System32\win32u.dll
0x00007fff1d690000 - 0x00007fff1d6bb000 	C:\WINDOWS\System32\GDI32.dll
0x00007fff1b600000 - 0x00007fff1b717000 	C:\WINDOWS\System32\gdi32full.dll
0x00007fff1ae60000 - 0x00007fff1aefd000 	C:\WINDOWS\System32\msvcp_win.dll
0x00007fff10980000 - 0x00007fff1099b000 	C:\Program Files\Java\jdk-17\bin\VCRUNTIME140.dll
0x00007fff0b5b0000 - 0x00007fff0b84a000 	C:\WINDOWS\WinSxS\amd64_microsoft.windows.common-controls_6595b64144ccf1df_6.0.19041.4355_none_60b8b9eb71f62e16\COMCTL32.dll
0x00007fff0d8d0000 - 0x00007fff0d8da000 	C:\WINDOWS\SYSTEM32\VERSION.dll
0x00007fff1bb30000 - 0x00007fff1bb5f000 	C:\WINDOWS\System32\IMM32.DLL
0x00007fff128f0000 - 0x00007fff128fc000 	C:\Program Files\Java\jdk-17\bin\vcruntime140_1.dll
0x00007fff0a8e0000 - 0x00007fff0a96e000 	C:\Program Files\Java\jdk-17\bin\msvcp140.dll
0x00007ffeca7d0000 - 0x00007ffecb3af000 	C:\Program Files\Java\jdk-17\bin\server\jvm.dll
0x00007fff1d6c0000 - 0x00007fff1d6c8000 	C:\WINDOWS\System32\PSAPI.DLL
0x00007fff126e0000 - 0x00007fff126e9000 	C:\WINDOWS\SYSTEM32\WSOCK32.dll
0x00007fff1cfe0000 - 0x00007fff1d04b000 	C:\WINDOWS\System32\WS2_32.dll
0x00007ffef8e20000 - 0x00007ffef8e47000 	C:\WINDOWS\SYSTEM32\WINMM.dll
0x00007fff195c0000 - 0x00007fff195d2000 	C:\WINDOWS\SYSTEM32\kernel.appcore.dll
0x00007fff0d240000 - 0x00007fff0d24a000 	C:\Program Files\Java\jdk-17\bin\jimage.dll
0x00007fff192f0000 - 0x00007fff194d4000 	C:\WINDOWS\SYSTEM32\DBGHELP.DLL
0x00007ffefce30000 - 0x00007ffefce64000 	C:\WINDOWS\SYSTEM32\dbgcore.DLL
0x00007fff1add0000 - 0x00007fff1ae52000 	C:\WINDOWS\System32\bcryptPrimitives.dll
0x00007fff0a8c0000 - 0x00007fff0a8ce000 	C:\Program Files\Java\jdk-17\bin\instrument.dll
0x00007fff0ad00000 - 0x00007fff0ad25000 	C:\Program Files\Java\jdk-17\bin\java.dll
0x00007ffee9e50000 - 0x00007ffee9f27000 	C:\Program Files\Java\jdk-17\bin\jsvml.dll
0x00007fff1c500000 - 0x00007fff1cc6e000 	C:\WINDOWS\System32\SHELL32.dll
0x00007fff18a70000 - 0x00007fff19214000 	C:\WINDOWS\SYSTEM32\windows.storage.dll
0x00007fff1b720000 - 0x00007fff1ba75000 	C:\WINDOWS\System32\combase.dll
0x00007fff1a700000 - 0x00007fff1a72f000 	C:\WINDOWS\SYSTEM32\Wldp.dll
0x00007fff1bde0000 - 0x00007fff1bead000 	C:\WINDOWS\System32\OLEAUT32.dll
0x00007fff1ba80000 - 0x00007fff1bb2d000 	C:\WINDOWS\System32\SHCORE.dll
0x00007fff1d3d0000 - 0x00007fff1d425000 	C:\WINDOWS\System32\shlwapi.dll
0x00007fff1acd0000 - 0x00007fff1acf4000 	C:\WINDOWS\SYSTEM32\profapi.dll
0x00007fff0b850000 - 0x00007fff0b868000 	C:\Program Files\Java\jdk-17\bin\zip.dll
0x00007fff0cf80000 - 0x00007fff0cf99000 	C:\Program Files\Java\jdk-17\bin\net.dll
0x00007fff0db50000 - 0x00007fff0dc5d000 	C:\WINDOWS\SYSTEM32\WINHTTP.dll
0x00007fff1a460000 - 0x00007fff1a4ca000 	C:\WINDOWS\system32\mswsock.dll
0x00007fff0c0b0000 - 0x00007fff0c0c6000 	C:\Program Files\Java\jdk-17\bin\nio.dll
0x00007fff0ca90000 - 0x00007fff0caa0000 	C:\Program Files\Java\jdk-17\bin\verify.dll
0x00007fff0acd0000 - 0x00007fff0acf7000 	C:\Users\Lenovo\.gradle\native\68d5fa5c4cc2d200863cafc0d521ce42e7d3e7ee720ec0a83991735586a16f82\windows-amd64\native-platform.dll
0x00007ffee4a40000 - 0x00007ffee4b84000 	C:\Users\Lenovo\.gradle\native\e376f236ea51e6404a007f0833ffe2c6e607c4080706a723a18a27aeea778392\windows-amd64\native-platform-file-events.dll
0x00007fff0ab50000 - 0x00007fff0ab5a000 	C:\Program Files\Java\jdk-17\bin\management.dll
0x00007fff0a8d0000 - 0x00007fff0a8db000 	C:\Program Files\Java\jdk-17\bin\management_ext.dll
0x00007fff1a660000 - 0x00007fff1a678000 	C:\WINDOWS\SYSTEM32\CRYPTSP.dll
0x00007fff19d80000 - 0x00007fff19db4000 	C:\WINDOWS\system32\rsaenh.dll
0x00007fff1ac90000 - 0x00007fff1acbe000 	C:\WINDOWS\SYSTEM32\USERENV.dll
0x00007fff1a650000 - 0x00007fff1a65c000 	C:\WINDOWS\SYSTEM32\CRYPTBASE.dll
0x00007fff1a140000 - 0x00007fff1a17b000 	C:\WINDOWS\SYSTEM32\IPHLPAPI.DLL
0x00007fff1d3c0000 - 0x00007fff1d3c8000 	C:\WINDOWS\System32\NSI.dll
0x00007fff109f0000 - 0x00007fff10a07000 	C:\WINDOWS\SYSTEM32\dhcpcsvc6.DLL
0x00007fff13be0000 - 0x00007fff13bfd000 	C:\WINDOWS\SYSTEM32\dhcpcsvc.DLL
0x00007fff1a180000 - 0x00007fff1a24a000 	C:\WINDOWS\SYSTEM32\DNSAPI.dll
0x00007fff13f40000 - 0x00007fff13f4e000 	C:\Program Files\Java\jdk-17\bin\sunmscapi.dll
0x00007fff1b3e0000 - 0x00007fff1b53c000 	C:\WINDOWS\System32\CRYPT32.dll
0x00007fff1a770000 - 0x00007fff1a797000 	C:\WINDOWS\SYSTEM32\ncrypt.dll
0x00007fff1a730000 - 0x00007fff1a76b000 	C:\WINDOWS\SYSTEM32\NTASN1.dll
0x00007fff13f30000 - 0x00007fff13f37000 	C:\WINDOWS\system32\wshunix.dll
0x00007ffefe260000 - 0x00007ffefe277000 	C:\WINDOWS\system32\napinsp.dll
0x00007ffefe240000 - 0x00007ffefe25b000 	C:\WINDOWS\system32\pnrpnsp.dll
0x00007ffefe220000 - 0x00007ffefe235000 	C:\WINDOWS\system32\wshbth.dll
0x00007fff15e50000 - 0x00007fff15e6d000 	C:\WINDOWS\system32\NLAapi.dll
0x00007ffefe200000 - 0x00007ffefe212000 	C:\WINDOWS\System32\winrnr.dll
0x00007fff08aa0000 - 0x00007fff08aaa000 	C:\Windows\System32\rasadhlp.dll
0x00007fff08e90000 - 0x00007fff08f10000 	C:\WINDOWS\System32\fwpuclnt.dll

dbghelp: loaded successfully - version: 4.0.5 - missing functions: none
symbol engine: initialized successfully - sym options: 0x614 - pdb path: .;C:\Program Files\Java\jdk-17\bin;C:\WINDOWS\SYSTEM32;C:\WINDOWS\WinSxS\amd64_microsoft.windows.common-controls_6595b64144ccf1df_6.0.19041.4355_none_60b8b9eb71f62e16;C:\Program Files\Java\jdk-17\bin\server;C:\Users\Lenovo\.gradle\native\68d5fa5c4cc2d200863cafc0d521ce42e7d3e7ee720ec0a83991735586a16f82\windows-amd64;C:\Users\Lenovo\.gradle\native\e376f236ea51e6404a007f0833ffe2c6e607c4080706a723a18a27aeea778392\windows-amd64

VM Arguments:
jvm_args: -XX:MaxMetaspaceSize=512m --add-opens=java.base/java.util=ALL-UNNAMED --add-opens=java.base/java.lang=ALL-UNNAMED --add-opens=java.base/java.lang.invoke=ALL-UNNAMED --add-opens=java.prefs/java.util.prefs=ALL-UNNAMED --add-opens=java.base/java.nio.charset=ALL-UNNAMED --add-opens=java.base/java.net=ALL-UNNAMED --add-opens=java.base/java.util.concurrent.atomic=ALL-UNNAMED -Xmx2048m -Dfile.encoding=windows-1252 -Duser.country=IN -Duser.language=en -Duser.variant -javaagent:C:\Users\Lenovo\.gradle\wrapper\dists\gradle-8.3-all\6en3ugtfdg5xnpx44z4qbwgas\gradle-8.3\lib\agents\gradle-instrumentation-agent-8.3.jar 
java_command: org.gradle.launcher.daemon.bootstrap.GradleDaemon 8.3
java_class_path (initial): C:\Users\Lenovo\.gradle\wrapper\dists\gradle-8.3-all\6en3ugtfdg5xnpx44z4qbwgas\gradle-8.3\lib\gradle-launcher-8.3.jar
Launcher Type: SUN_STANDARD

[Global flags]
     intx CICompilerCount                          = 3                                         {product} {ergonomic}
   size_t CompressedClassSpaceSize                 = 436207616                                 {product} {ergonomic}
     uint ConcGCThreads                            = 1                                         {product} {ergonomic}
     uint G1ConcRefinementThreads                  = 4                                         {product} {ergonomic}
   size_t G1HeapRegionSize                         = 1048576                                   {product} {ergonomic}
    uintx GCDrainStackTargetSize                   = 64                                        {product} {ergonomic}
   size_t InitialHeapSize                          = 67108864                                  {product} {ergonomic}
   size_t MarkStackSize                            = 4194304                                   {product} {ergonomic}
   size_t MaxHeapSize                              = 2147483648                                {product} {command line}
   size_t MaxMetaspaceSize                         = 536870912                                 {product} {command line}
   size_t MaxNewSize                               = 1287651328                                {product} {ergonomic}
   size_t MinHeapDeltaBytes                        = 1048576                                   {product} {ergonomic}
   size_t MinHeapSize                              = 8388608                                   {product} {ergonomic}
    uintx NonNMethodCodeHeapSize                   = 5832780                                {pd product} {ergonomic}
    uintx NonProfiledCodeHeapSize                  = 122912730                              {pd product} {ergonomic}
    uintx ProfiledCodeHeapSize                     = 122912730                              {pd product} {ergonomic}
    uintx ReservedCodeCacheSize                    = 251658240                              {pd product} {ergonomic}
     bool SegmentedCodeCache                       = true                                      {product} {ergonomic}
   size_t SoftMaxHeapSize                          = 2147483648                             {manageable} {ergonomic}
     bool UseCompressedClassPointers               = true                           {product lp64_product} {ergonomic}
     bool UseCompressedOops                        = true                           {product lp64_product} {ergonomic}
     bool UseG1GC                                  = true                                      {product} {ergonomic}
     bool UseLargePagesIndividualAllocation        = false                                  {pd product} {ergonomic}

Logging:
Log output configuration:
 #0: stdout all=warning uptime,level,tags
 #1: stderr all=off uptime,level,tags

Environment Variables:
JAVA_HOME=C:\Program Files\Java\jdk-17
CLASSPATH=C:\Users\Lenovo\IoAlumniPortal\android\\gradle\wrapper\gradle-wrapper.jar
PATH=C:\Users\Lenovo\IoAlumniPortal\node_modules\.bin;C:\Users\Lenovo\node_modules\.bin;C:\Users\node_modules\.bin;C:\node_modules\.bin;C:\Program Files\nodejs\node_modules\npm\node_modules\@npmcli\run-script\lib\node-gyp-bin;C:\Program Files\Common Files\Oracle\Java\javapath;C:\Program Files\Microsoft\jdk-11.0.18.10-hotspot\bin;C:\WINDOWS\system32;C:\WINDOWS;C:\WINDOWS\System32\Wbem;C:\WINDOWS\System32\WindowsPowerShell\v1.0\;C:\WINDOWS\System32\OpenSSH\;C:\Program Files\nodejs\;C:\Users\Lenovo\AppData\Local\Android\Sdk\platform-tools;C:\ProgramData\chocolatey\bin;C:\Users\Lenovo\AppData\Local\Android\Sdk;C:\Users\Lenovo\AppData\Roaming\npm;C:\Program Files\Git\cmd;C:\Program Files\Git\bin;C:\Program Files\PuTTY\;C:\Program Files\Java\jdk-17\bin;C:\Program Files\Common Files\Oracle\Java\javapath;C:\Program Files\Microsoft\jdk-11.0.18.10-hotspot\bin;C:\WINDOWS\system32;C:\WINDOWS;C:\WINDOWS\System32\Wbem;C:\WINDOWS\System32\WindowsPowerShell\v1.0\;C:\WINDOWS\System32\OpenSSH\;C:\Program Files\nodejs\;C:\Users\Lenovo\AppData\Local\Android\Sdk\platform-tools;C:\ProgramData\chocolatey\bin;C:\Users\Lenovo\AppData\Local\Android\Sdk;C:\Users\Lenovo\AppData\Roaming\npm;C:\Program Files\Git\cmd;C:\Program Files\Git\bin;C:\Program Files\PuTTY\;C:\Program Files\Java\jdk-17\bin;;C:\Users\Lenovo\AppData\Roaming\npm;C:\Users\Lenovo\AppData\Local\Programs\Microsoft VS Code\bin;C:\Program Files\Git\bin;C:\Users\Lenovo\AppData\Local\GitHubDesktop\bin
USERNAME=Lenovo
LANG=en_US.UTF-8
OS=Windows_NT
PROCESSOR_IDENTIFIER=Intel64 Family 6 Model 142 Stepping 10, GenuineIntel



---------------  S Y S T E M  ---------------

OS:
 Windows 10 , 64 bit Build 19041 (10.0.19041.5198)
OS uptime: 2 days 7:05 hours

CPU: total 4 (initial active 4) (2 cores per cpu, 2 threads per core) family 6 model 142 stepping 10 microcode 0xb4, cx8, cmov, fxsr, ht, mmx, 3dnowpref, sse, sse2, sse3, ssse3, sse4.1, sse4.2, popcnt, lzcnt, tsc, tscinvbit, avx, avx2, aes, erms, clmul, bmi1, bmi2, adx, fma, vzeroupper, clflush, clflushopt

Memory: 4k page, system-wide physical 4005M (69M free)
TotalPageFile size 16293M (AvailPageFile size 152M)
current process WorkingSet (physical memory assigned to process): 349M, peak: 349M
current process commit charge ("private bytes"): 556M, peak: 967M

vm_info: Java HotSpot(TM) 64-Bit Server VM (17.0.10+11-LTS-240) for windows-amd64 JRE (17.0.10+11-LTS-240), built on Dec 19 2023 21:47:25 by "mach5one" with MS VC++ 17.1 (VS2022)

END.
